<?xml version="1.0" encoding="utf-8" standalone="yes"?>
<Events><Event xmlns='http://schemas.microsoft.com/win/2004/08/events/event'><System><Provider Name='Microsoft-Windows-Sysmon' Guid='{5770385f-c22a-43e0-bf4c-06f5698ffbd9}'/><EventID>1</EventID><Version>5</Version><Level>4</Level><Task>1</Task><Opcode>0</Opcode><Keywords>0x8000000000000000</Keywords><TimeCreated SystemTime='2023-04-19T09:53:52.0372002Z'/><EventRecordID>4970</EventRecordID><Correlation/><Execution ProcessID='9012' ThreadID='1992'/><Channel>Microsoft-Windows-Sysmon/Operational</Channel><Computer>ThinkPad-Win10</Computer><Security UserID='S-1-5-18'/></System><EventData><Data Name='RuleName'>-</Data><Data Name='UtcTime'>2023-04-19 09:53:52.017</Data><Data Name='ProcessGuid'>{1255fde1-ba30-643f-0703-00000000ee00}</Data><Data Name='ProcessId'>7232</Data><Data Name='Image'>C:\Windows\System32\taskhostw.exe</Data><Data Name='FileVersion'>10.0.19041.1865 (WinBuild.160101.0800)</Data><Data Name='Description'>Host Process for Windows Tasks</Data><Data Name='Product'>Microsoft® Windows® Operating System</Data><Data Name='Company'>Microsoft Corporation</Data><Data Name='OriginalFileName'>taskhostw.exe</Data><Data Name='CommandLine'>taskhostw.exe</Data><Data Name='CurrentDirectory'>C:\Windows\system32\</Data><Data Name='User'>NT AUTHORITY\SYSTEM</Data><Data Name='LogonGuid'>{1255fde1-9095-643f-e703-000000000000}</Data><Data Name='LogonId'>0x3e7</Data><Data Name='TerminalSessionId'>0</Data><Data Name='IntegrityLevel'>System</Data><Data Name='Hashes'>MD5=A00BF82660835224CD6606A248321C5D,SHA256=E63709209D09BC0247E785F075DDB28A98C348206109E2B8BA321AD958402728,IMPHASH=3A0C6863CDE566AF997DB2DEFFF9D924</Data><Data Name='ParentProcessGuid'>{1255fde1-9099-643f-2300-00000000ee00}</Data><Data Name='ParentProcessId'>1712</Data><Data Name='ParentImage'>C:\Windows\System32\svchost.exe</Data><Data Name='ParentCommandLine'>C:\Windows\system32\svchost.exe -k netsvcs -p -s Schedule</Data><Data Name='ParentUser'>NT AUTHORITY\SYSTEM</Data></EventData></Event><Event xmlns='http://schemas.microsoft.com/win/2004/08/events/event'><System><Provider Name='Microsoft-Windows-Sysmon' Guid='{5770385f-c22a-43e0-bf4c-06f5698ffbd9}'/><EventID>1</EventID><Version>5</Version><Level>4</Level><Task>1</Task><Opcode>0</Opcode><Keywords>0x8000000000000000</Keywords><TimeCreated SystemTime='2023-04-19T09:49:43.4221323Z'/><EventRecordID>4969</EventRecordID><Correlation/><Execution ProcessID='9012' ThreadID='1992'/><Channel>Microsoft-Windows-Sysmon/Operational</Channel><Computer>ThinkPad-Win10</Computer><Security UserID='S-1-5-18'/></System><EventData><Data Name='RuleName'>-</Data><Data Name='UtcTime'>2023-04-19 09:49:43.382</Data><Data Name='ProcessGuid'>{1255fde1-b937-643f-0603-00000000ee00}</Data><Data Name='ProcessId'>1440</Data><Data Name='Image'>C:\Users\smith\Desktop\Emergency Response\SysmonView.exe</Data><Data Name='FileVersion'>3.2.0.0</Data><Data Name='Description'>SysmonView (Sysmon log view utility)</Data><Data Name='Product'>SysmonView</Data><Data Name='Company'>nosecurecode.com</Data><Data Name='OriginalFileName'>SysmonView</Data><Data Name='CommandLine'>"C:\Users\smith\Desktop\Emergency Response\SysmonView.exe" </Data><Data Name='CurrentDirectory'>C:\Users\smith\Desktop\Emergency Response\</Data><Data Name='User'>THINKPAD-WIN10\smith</Data><Data Name='LogonGuid'>{1255fde1-90a0-643f-d9c3-020000000000}</Data><Data Name='LogonId'>0x2c3d9</Data><Data Name='TerminalSessionId'>1</Data><Data Name='IntegrityLevel'>Medium</Data><Data Name='Hashes'>MD5=31E5E61CA54CD052CED8BA0E801C65F1,SHA256=9E630F07D78A3401362053435BF20BDBC36AE52DA781B6E2C73647CE4CF88943,IMPHASH=49A66563C2735A53AD475F53FCDC6E30</Data><Data Name='ParentProcessGuid'>{1255fde1-90be-643f-9300-00000000ee00}</Data><Data Name='ParentProcessId'>7828</Data><Data Name='ParentImage'>C:\Windows\explorer.exe</Data><Data Name='ParentCommandLine'>C:\Windows\Explorer.EXE</Data><Data Name='ParentUser'>THINKPAD-WIN10\smith</Data></EventData></Event><Event xmlns='http://schemas.microsoft.com/win/2004/08/events/event'><System><Provider Name='Microsoft-Windows-Sysmon' Guid='{5770385f-c22a-43e0-bf4c-06f5698ffbd9}'/><EventID>13</EventID><Version>2</Version><Level>4</Level><Task>13</Task><Opcode>0</Opcode><Keywords>0x8000000000000000</Keywords><TimeCreated SystemTime='2023-04-19T09:49:36.3737647Z'/><EventRecordID>4968</EventRecordID><Correlation/><Execution ProcessID='9012' ThreadID='1992'/><Channel>Microsoft-Windows-Sysmon/Operational</Channel><Computer>ThinkPad-Win10</Computer><Security UserID='S-1-5-18'/></System><EventData><Data Name='RuleName'>InvDB</Data><Data Name='EventType'>SetValue</Data><Data Name='UtcTime'>2023-04-19 09:49:36.371</Data><Data Name='ProcessGuid'>{1255fde1-959a-643f-2202-00000000ee00}</Data><Data Name='ProcessId'>4944</Data><Data Name='Image'>C:\Windows\system32\svchost.exe</Data><Data Name='TargetObject'>HKU\S-1-5-21-3737481589-311315860-1775043708-1000\SOFTWARE\Microsoft\Windows NT\CurrentVersion\AppCompatFlags\Compatibility Assistant\Store\C:\Users\smith\Desktop\Emergency Response\SysmonView.exe</Data><Data Name='Details'>Binary Data</Data><Data Name='User'>NT AUTHORITY\SYSTEM</Data></EventData></Event><Event xmlns='http://schemas.microsoft.com/win/2004/08/events/event'><System><Provider Name='Microsoft-Windows-Sysmon' Guid='{5770385f-c22a-43e0-bf4c-06f5698ffbd9}'/><EventID>5</EventID><Version>3</Version><Level>4</Level><Task>5</Task><Opcode>0</Opcode><Keywords>0x8000000000000000</Keywords><TimeCreated SystemTime='2023-04-19T09:49:34.3748264Z'/><EventRecordID>4967</EventRecordID><Correlation/><Execution ProcessID='9012' ThreadID='1992'/><Channel>Microsoft-Windows-Sysmon/Operational</Channel><Computer>ThinkPad-Win10</Computer><Security UserID='S-1-5-18'/></System><EventData><Data Name='RuleName'>-</Data><Data Name='UtcTime'>2023-04-19 09:49:34.371</Data><Data Name='ProcessGuid'>{1255fde1-b8bc-643f-fe02-00000000ee00}</Data><Data Name='ProcessId'>3980</Data><Data Name='Image'>C:\Users\smith\Desktop\Emergency Response\SysmonView.exe</Data><Data Name='User'>THINKPAD-WIN10\smith</Data></EventData></Event><Event xmlns='http://schemas.microsoft.com/win/2004/08/events/event'><System><Provider Name='Microsoft-Windows-Sysmon' Guid='{5770385f-c22a-43e0-bf4c-06f5698ffbd9}'/><EventID>3</EventID><Version>5</Version><Level>4</Level><Task>3</Task><Opcode>0</Opcode><Keywords>0x8000000000000000</Keywords><TimeCreated SystemTime='2023-04-19T09:49:17.4434447Z'/><EventRecordID>4966</EventRecordID><Correlation/><Execution ProcessID='9012' ThreadID='6464'/><Channel>Microsoft-Windows-Sysmon/Operational</Channel><Computer>ThinkPad-Win10</Computer><Security UserID='S-1-5-18'/></System><EventData><Data Name='RuleName'>RDP</Data><Data Name='UtcTime'>2023-04-19 09:49:16.134</Data><Data Name='ProcessGuid'>{1255fde1-b919-643f-0303-00000000ee00}</Data><Data Name='ProcessId'>6632</Data><Data Name='Image'>C:\Windows\System32\mstsc.exe</Data><Data Name='User'>THINKPAD-WIN10\smith</Data><Data Name='Protocol'>udp</Data><Data Name='Initiated'>true</Data><Data Name='SourceIsIpv6'>false</Data><Data Name='SourceIp'>172.16.80.3</Data><Data Name='SourceHostname'>ThinkPad-Win10.localdomain</Data><Data Name='SourcePort'>49944</Data><Data Name='SourcePortName'>-</Data><Data Name='DestinationIsIpv6'>false</Data><Data Name='DestinationIp'>172.16.80.13</Data><Data Name='DestinationHostname'>qax.shared</Data><Data Name='DestinationPort'>3389</Data><Data Name='DestinationPortName'>ms-wbt-server</Data></EventData></Event><Event xmlns='http://schemas.microsoft.com/win/2004/08/events/event'><System><Provider Name='Microsoft-Windows-Sysmon' Guid='{5770385f-c22a-43e0-bf4c-06f5698ffbd9}'/><EventID>3</EventID><Version>5</Version><Level>4</Level><Task>3</Task><Opcode>0</Opcode><Keywords>0x8000000000000000</Keywords><TimeCreated SystemTime='2023-04-19T09:49:17.4434162Z'/><EventRecordID>4965</EventRecordID><Correlation/><Execution ProcessID='9012' ThreadID='6464'/><Channel>Microsoft-Windows-Sysmon/Operational</Channel><Computer>ThinkPad-Win10</Computer><Security UserID='S-1-5-18'/></System><EventData><Data Name='RuleName'>RDP</Data><Data Name='UtcTime'>2023-04-19 09:49:16.029</Data><Data Name='ProcessGuid'>{1255fde1-b919-643f-0303-00000000ee00}</Data><Data Name='ProcessId'>6632</Data><Data Name='Image'>C:\Windows\System32\mstsc.exe</Data><Data Name='User'>THINKPAD-WIN10\smith</Data><Data Name='Protocol'>tcp</Data><Data Name='Initiated'>true</Data><Data Name='SourceIsIpv6'>false</Data><Data Name='SourceIp'>172.16.80.3</Data><Data Name='SourceHostname'>ThinkPad-Win10.localdomain</Data><Data Name='SourcePort'>1342</Data><Data Name='SourcePortName'>-</Data><Data Name='DestinationIsIpv6'>false</Data><Data Name='DestinationIp'>172.16.80.13</Data><Data Name='DestinationHostname'>qax.shared</Data><Data Name='DestinationPort'>3389</Data><Data Name='DestinationPortName'>ms-wbt-server</Data></EventData></Event><Event xmlns='http://schemas.microsoft.com/win/2004/08/events/event'><System><Provider Name='Microsoft-Windows-Sysmon' Guid='{5770385f-c22a-43e0-bf4c-06f5698ffbd9}'/><EventID>3</EventID><Version>5</Version><Level>4</Level><Task>3</Task><Opcode>0</Opcode><Keywords>0x8000000000000000</Keywords><TimeCreated SystemTime='2023-04-19T09:49:17.4433713Z'/><EventRecordID>4964</EventRecordID><Correlation/><Execution ProcessID='9012' ThreadID='6464'/><Channel>Microsoft-Windows-Sysmon/Operational</Channel><Computer>ThinkPad-Win10</Computer><Security UserID='S-1-5-18'/></System><EventData><Data Name='RuleName'>RDP</Data><Data Name='UtcTime'>2023-04-19 09:49:15.937</Data><Data Name='ProcessGuid'>{1255fde1-b919-643f-0303-00000000ee00}</Data><Data Name='ProcessId'>6632</Data><Data Name='Image'>C:\Windows\System32\mstsc.exe</Data><Data Name='User'>THINKPAD-WIN10\smith</Data><Data Name='Protocol'>tcp</Data><Data Name='Initiated'>true</Data><Data Name='SourceIsIpv6'>false</Data><Data Name='SourceIp'>172.16.80.3</Data><Data Name='SourceHostname'>ThinkPad-Win10.localdomain</Data><Data Name='SourcePort'>1341</Data><Data Name='SourcePortName'>-</Data><Data Name='DestinationIsIpv6'>false</Data><Data Name='DestinationIp'>172.16.80.13</Data><Data Name='DestinationHostname'>qax.shared</Data><Data Name='DestinationPort'>3389</Data><Data Name='DestinationPortName'>ms-wbt-server</Data></EventData></Event><Event xmlns='http://schemas.microsoft.com/win/2004/08/events/event'><System><Provider Name='Microsoft-Windows-Sysmon' Guid='{5770385f-c22a-43e0-bf4c-06f5698ffbd9}'/><EventID>1</EventID><Version>5</Version><Level>4</Level><Task>1</Task><Opcode>0</Opcode><Keywords>0x8000000000000000</Keywords><TimeCreated SystemTime='2023-04-19T09:49:13.4834914Z'/><EventRecordID>4963</EventRecordID><Correlation/><Execution ProcessID='9012' ThreadID='1992'/><Channel>Microsoft-Windows-Sysmon/Operational</Channel><Computer>ThinkPad-Win10</Computer><Security UserID='S-1-5-18'/></System><EventData><Data Name='RuleName'>-</Data><Data Name='UtcTime'>2023-04-19 09:49:13.475</Data><Data Name='ProcessGuid'>{1255fde1-b919-643f-0303-00000000ee00}</Data><Data Name='ProcessId'>6632</Data><Data Name='Image'>C:\Windows\System32\mstsc.exe</Data><Data Name='FileVersion'>10.0.19041.2075 (WinBuild.160101.0800)</Data><Data Name='Description'>Remote Desktop Connection</Data><Data Name='Product'>Microsoft® Windows® Operating System</Data><Data Name='Company'>Microsoft Corporation</Data><Data Name='OriginalFileName'>mstsc.exe</Data><Data Name='CommandLine'>"C:\Windows\system32\mstsc.exe" </Data><Data Name='CurrentDirectory'>C:\Users\smith\</Data><Data Name='User'>THINKPAD-WIN10\smith</Data><Data Name='LogonGuid'>{1255fde1-90a0-643f-d9c3-020000000000}</Data><Data Name='LogonId'>0x2c3d9</Data><Data Name='TerminalSessionId'>1</Data><Data Name='IntegrityLevel'>Medium</Data><Data Name='Hashes'>MD5=7FFAE462B1C5A51C720D428237FEBD97,SHA256=355CA834BE29C148D27F973299FAC1C434BCEC5B7B319A47C7D98EB1C96DA1EB,IMPHASH=99B06736BAC471E734697B244C114480</Data><Data Name='ParentProcessGuid'>{1255fde1-90be-643f-9300-00000000ee00}</Data><Data Name='ParentProcessId'>7828</Data><Data Name='ParentImage'>C:\Windows\explorer.exe</Data><Data Name='ParentCommandLine'>C:\Windows\Explorer.EXE</Data><Data Name='ParentUser'>THINKPAD-WIN10\smith</Data></EventData></Event><Event xmlns='http://schemas.microsoft.com/win/2004/08/events/event'><System><Provider Name='Microsoft-Windows-Sysmon' Guid='{5770385f-c22a-43e0-bf4c-06f5698ffbd9}'/><EventID>1</EventID><Version>5</Version><Level>4</Level><Task>1</Task><Opcode>0</Opcode><Keywords>0x8000000000000000</Keywords><TimeCreated SystemTime='2023-04-19T09:48:17.8090653Z'/><EventRecordID>4962</EventRecordID><Correlation/><Execution ProcessID='9012' ThreadID='1992'/><Channel>Microsoft-Windows-Sysmon/Operational</Channel><Computer>ThinkPad-Win10</Computer><Security UserID='S-1-5-18'/></System><EventData><Data Name='RuleName'>-</Data><Data Name='UtcTime'>2023-04-19 09:48:17.805</Data><Data Name='ProcessGuid'>{1255fde1-b8e1-643f-0203-00000000ee00}</Data><Data Name='ProcessId'>2444</Data><Data Name='Image'>C:\Windows\SysWOW64\net1.exe</Data><Data Name='FileVersion'>10.0.19041.1466 (WinBuild.160101.0800)</Data><Data Name='Description'>Net Command</Data><Data Name='Product'>Microsoft® Windows® Operating System</Data><Data Name='Company'>Microsoft Corporation</Data><Data Name='OriginalFileName'>net1.exe</Data><Data Name='CommandLine'>C:\Windows\system32\net1  stop WemeetUpdateSvc</Data><Data Name='CurrentDirectory'>C:\Windows\system32\</Data><Data Name='User'>NT AUTHORITY\SYSTEM</Data><Data Name='LogonGuid'>{1255fde1-9095-643f-e703-000000000000}</Data><Data Name='LogonId'>0x3e7</Data><Data Name='TerminalSessionId'>0</Data><Data Name='IntegrityLevel'>System</Data><Data Name='Hashes'>MD5=2EFE6ED4C294AB8A39EB59C80813FEC1,SHA256=AF471EB89C25CF2DA61FF962D3D8F6DCA3F7A804CF5EB0C473DB1A16888B4CC3,IMPHASH=D45C7E138CFAD11059C95018C99B7C96</Data><Data Name='ParentProcessGuid'>{1255fde1-b8e1-643f-0103-00000000ee00}</Data><Data Name='ParentProcessId'>9748</Data><Data Name='ParentImage'>C:\Windows\SysWOW64\net.exe</Data><Data Name='ParentCommandLine'>net  stop WemeetUpdateSvc</Data><Data Name='ParentUser'>NT AUTHORITY\SYSTEM</Data></EventData></Event><Event xmlns='http://schemas.microsoft.com/win/2004/08/events/event'><System><Provider Name='Microsoft-Windows-Sysmon' Guid='{5770385f-c22a-43e0-bf4c-06f5698ffbd9}'/><EventID>1</EventID><Version>5</Version><Level>4</Level><Task>1</Task><Opcode>0</Opcode><Keywords>0x8000000000000000</Keywords><TimeCreated SystemTime='2023-04-19T09:48:17.7889539Z'/><EventRecordID>4961</EventRecordID><Correlation/><Execution ProcessID='9012' ThreadID='1992'/><Channel>Microsoft-Windows-Sysmon/Operational</Channel><Computer>ThinkPad-Win10</Computer><Security UserID='S-1-5-18'/></System><EventData><Data Name='RuleName'>-</Data><Data Name='UtcTime'>2023-04-19 09:48:17.786</Data><Data Name='ProcessGuid'>{1255fde1-b8e1-643f-0103-00000000ee00}</Data><Data Name='ProcessId'>9748</Data><Data Name='Image'>C:\Windows\SysWOW64\net.exe</Data><Data Name='FileVersion'>10.0.19041.1 (WinBuild.160101.0800)</Data><Data Name='Description'>Net Command</Data><Data Name='Product'>Microsoft® Windows® Operating System</Data><Data Name='Company'>Microsoft Corporation</Data><Data Name='OriginalFileName'>net.exe</Data><Data Name='CommandLine'>net  stop WemeetUpdateSvc</Data><Data Name='CurrentDirectory'>C:\Windows\system32\</Data><Data Name='User'>NT AUTHORITY\SYSTEM</Data><Data Name='LogonGuid'>{1255fde1-9095-643f-e703-000000000000}</Data><Data Name='LogonId'>0x3e7</Data><Data Name='TerminalSessionId'>0</Data><Data Name='IntegrityLevel'>System</Data><Data Name='Hashes'>MD5=31890A7DE89936F922D44D677F681A7F,SHA256=7C4C7725E266F12ABA8C50FD1598D4001201BCA0E7ACA901508307E365AFFF42,IMPHASH=AC592B83B5CAEB41A6F6DF7DB53F9076</Data><Data Name='ParentProcessGuid'>{1255fde1-b8e1-643f-ff02-00000000ee00}</Data><Data Name='ParentProcessId'>10112</Data><Data Name='ParentImage'>C:\Windows\SysWOW64\cmd.exe</Data><Data Name='ParentCommandLine'>"C:\Windows\System32\cmd.exe" /c net stop WemeetUpdateSvc</Data><Data Name='ParentUser'>NT AUTHORITY\SYSTEM</Data></EventData></Event><Event xmlns='http://schemas.microsoft.com/win/2004/08/events/event'><System><Provider Name='Microsoft-Windows-Sysmon' Guid='{5770385f-c22a-43e0-bf4c-06f5698ffbd9}'/><EventID>1</EventID><Version>5</Version><Level>4</Level><Task>1</Task><Opcode>0</Opcode><Keywords>0x8000000000000000</Keywords><TimeCreated SystemTime='2023-04-19T09:48:17.7385267Z'/><EventRecordID>4960</EventRecordID><Correlation/><Execution ProcessID='9012' ThreadID='1992'/><Channel>Microsoft-Windows-Sysmon/Operational</Channel><Computer>ThinkPad-Win10</Computer><Security UserID='S-1-5-18'/></System><EventData><Data Name='RuleName'>-</Data><Data Name='UtcTime'>2023-04-19 09:48:17.733</Data><Data Name='ProcessGuid'>{1255fde1-b8e1-643f-ff02-00000000ee00}</Data><Data Name='ProcessId'>10112</Data><Data Name='Image'>C:\Windows\SysWOW64\cmd.exe</Data><Data Name='FileVersion'>10.0.19041.746 (WinBuild.160101.0800)</Data><Data Name='Description'>Windows Command Processor</Data><Data Name='Product'>Microsoft® Windows® Operating System</Data><Data Name='Company'>Microsoft Corporation</Data><Data Name='OriginalFileName'>Cmd.Exe</Data><Data Name='CommandLine'>"C:\Windows\System32\cmd.exe" /c net stop WemeetUpdateSvc</Data><Data Name='CurrentDirectory'>C:\Windows\system32\</Data><Data Name='User'>NT AUTHORITY\SYSTEM</Data><Data Name='LogonGuid'>{1255fde1-9095-643f-e703-000000000000}</Data><Data Name='LogonId'>0x3e7</Data><Data Name='TerminalSessionId'>0</Data><Data Name='IntegrityLevel'>System</Data><Data Name='Hashes'>MD5=D0FCE3AFA6AA1D58CE9FA336CC2B675B,SHA256=4D89FC34D5F0F9BABD022271C585A9477BF41E834E46B991DEAA0530FDB25E22,IMPHASH=392B4D61B1D1DADC1F06444DF258188A</Data><Data Name='ParentProcessGuid'>{1255fde1-b7b5-643f-d402-00000000ee00}</Data><Data Name='ParentProcessId'>3356</Data><Data Name='ParentImage'>C:\Program Files (x86)\Tencent\UpdateSvr\WemeetUpdateSvc.exe</Data><Data Name='ParentCommandLine'>"C:\Program Files (x86)\Tencent\UpdateSvr\WemeetUpdateSvc.exe"</Data><Data Name='ParentUser'>NT AUTHORITY\SYSTEM</Data></EventData></Event><Event xmlns='http://schemas.microsoft.com/win/2004/08/events/event'><System><Provider Name='Microsoft-Windows-Sysmon' Guid='{5770385f-c22a-43e0-bf4c-06f5698ffbd9}'/><EventID>13</EventID><Version>2</Version><Level>4</Level><Task>13</Task><Opcode>0</Opcode><Keywords>0x8000000000000000</Keywords><TimeCreated SystemTime='2023-04-19T09:47:40.5792288Z'/><EventRecordID>4959</EventRecordID><Correlation/><Execution ProcessID='9012' ThreadID='1992'/><Channel>Microsoft-Windows-Sysmon/Operational</Channel><Computer>ThinkPad-Win10</Computer><Security UserID='S-1-5-18'/></System><EventData><Data Name='RuleName'>InvDB</Data><Data Name='EventType'>SetValue</Data><Data Name='UtcTime'>2023-04-19 09:47:40.574</Data><Data Name='ProcessGuid'>{1255fde1-959a-643f-2202-00000000ee00}</Data><Data Name='ProcessId'>4944</Data><Data Name='Image'>C:\Windows\system32\svchost.exe</Data><Data Name='TargetObject'>HKU\S-1-5-21-3737481589-311315860-1775043708-1000\SOFTWARE\Microsoft\Windows NT\CurrentVersion\AppCompatFlags\Compatibility Assistant\Store\C:\Users\smith\Desktop\Emergency Response\SysmonView.exe</Data><Data Name='Details'>Binary Data</Data><Data Name='User'>NT AUTHORITY\SYSTEM</Data></EventData></Event><Event xmlns='http://schemas.microsoft.com/win/2004/08/events/event'><System><Provider Name='Microsoft-Windows-Sysmon' Guid='{5770385f-c22a-43e0-bf4c-06f5698ffbd9}'/><EventID>1</EventID><Version>5</Version><Level>4</Level><Task>1</Task><Opcode>0</Opcode><Keywords>0x8000000000000000</Keywords><TimeCreated SystemTime='2023-04-19T09:47:40.3770151Z'/><EventRecordID>4958</EventRecordID><Correlation/><Execution ProcessID='9012' ThreadID='1992'/><Channel>Microsoft-Windows-Sysmon/Operational</Channel><Computer>ThinkPad-Win10</Computer><Security UserID='S-1-5-18'/></System><EventData><Data Name='RuleName'>-</Data><Data Name='UtcTime'>2023-04-19 09:47:40.263</Data><Data Name='ProcessGuid'>{1255fde1-b8bc-643f-fe02-00000000ee00}</Data><Data Name='ProcessId'>3980</Data><Data Name='Image'>C:\Users\smith\Desktop\Emergency Response\SysmonView.exe</Data><Data Name='FileVersion'>3.2.0.0</Data><Data Name='Description'>SysmonView (Sysmon log view utility)</Data><Data Name='Product'>SysmonView</Data><Data Name='Company'>nosecurecode.com</Data><Data Name='OriginalFileName'>SysmonView</Data><Data Name='CommandLine'>"C:\Users\smith\Desktop\Emergency Response\SysmonView.exe" </Data><Data Name='CurrentDirectory'>C:\Users\smith\Desktop\Emergency Response\</Data><Data Name='User'>THINKPAD-WIN10\smith</Data><Data Name='LogonGuid'>{1255fde1-90a0-643f-d9c3-020000000000}</Data><Data Name='LogonId'>0x2c3d9</Data><Data Name='TerminalSessionId'>1</Data><Data Name='IntegrityLevel'>Medium</Data><Data Name='Hashes'>MD5=31E5E61CA54CD052CED8BA0E801C65F1,SHA256=9E630F07D78A3401362053435BF20BDBC36AE52DA781B6E2C73647CE4CF88943,IMPHASH=49A66563C2735A53AD475F53FCDC6E30</Data><Data Name='ParentProcessGuid'>{1255fde1-90be-643f-9300-00000000ee00}</Data><Data Name='ParentProcessId'>7828</Data><Data Name='ParentImage'>C:\Windows\explorer.exe</Data><Data Name='ParentCommandLine'>C:\Windows\Explorer.EXE</Data><Data Name='ParentUser'>THINKPAD-WIN10\smith</Data></EventData></Event><Event xmlns='http://schemas.microsoft.com/win/2004/08/events/event'><System><Provider Name='Microsoft-Windows-Sysmon' Guid='{5770385f-c22a-43e0-bf4c-06f5698ffbd9}'/><EventID>5</EventID><Version>3</Version><Level>4</Level><Task>5</Task><Opcode>0</Opcode><Keywords>0x8000000000000000</Keywords><TimeCreated SystemTime='2023-04-19T09:47:38.5707228Z'/><EventRecordID>4957</EventRecordID><Correlation/><Execution ProcessID='9012' ThreadID='1992'/><Channel>Microsoft-Windows-Sysmon/Operational</Channel><Computer>ThinkPad-Win10</Computer><Security UserID='S-1-5-18'/></System><EventData><Data Name='RuleName'>-</Data><Data Name='UtcTime'>2023-04-19 09:47:38.558</Data><Data Name='ProcessGuid'>{1255fde1-b849-643f-f502-00000000ee00}</Data><Data Name='ProcessId'>8244</Data><Data Name='Image'>C:\Users\smith\Desktop\Emergency Response\SysmonView.exe</Data><Data Name='User'>THINKPAD-WIN10\smith</Data></EventData></Event><Event xmlns='http://schemas.microsoft.com/win/2004/08/events/event'><System><Provider Name='Microsoft-Windows-Sysmon' Guid='{5770385f-c22a-43e0-bf4c-06f5698ffbd9}'/><EventID>3</EventID><Version>5</Version><Level>4</Level><Task>3</Task><Opcode>0</Opcode><Keywords>0x8000000000000000</Keywords><TimeCreated SystemTime='2023-04-19T09:47:03.3300317Z'/><EventRecordID>4956</EventRecordID><Correlation/><Execution ProcessID='9012' ThreadID='6464'/><Channel>Microsoft-Windows-Sysmon/Operational</Channel><Computer>ThinkPad-Win10</Computer><Security UserID='S-1-5-18'/></System><EventData><Data Name='RuleName'>RDP</Data><Data Name='UtcTime'>2023-04-19 09:47:01.235</Data><Data Name='ProcessGuid'>{1255fde1-b892-643f-fb02-00000000ee00}</Data><Data Name='ProcessId'>6068</Data><Data Name='Image'>C:\Windows\System32\mstsc.exe</Data><Data Name='User'>THINKPAD-WIN10\smith</Data><Data Name='Protocol'>udp</Data><Data Name='Initiated'>true</Data><Data Name='SourceIsIpv6'>false</Data><Data Name='SourceIp'>172.16.80.3</Data><Data Name='SourceHostname'>ThinkPad-Win10.localdomain</Data><Data Name='SourcePort'>49943</Data><Data Name='SourcePortName'>-</Data><Data Name='DestinationIsIpv6'>false</Data><Data Name='DestinationIp'>172.16.80.13</Data><Data Name='DestinationHostname'>qax.shared</Data><Data Name='DestinationPort'>3389</Data><Data Name='DestinationPortName'>ms-wbt-server</Data></EventData></Event><Event xmlns='http://schemas.microsoft.com/win/2004/08/events/event'><System><Provider Name='Microsoft-Windows-Sysmon' Guid='{5770385f-c22a-43e0-bf4c-06f5698ffbd9}'/><EventID>3</EventID><Version>5</Version><Level>4</Level><Task>3</Task><Opcode>0</Opcode><Keywords>0x8000000000000000</Keywords><TimeCreated SystemTime='2023-04-19T09:47:03.3300216Z'/><EventRecordID>4955</EventRecordID><Correlation/><Execution ProcessID='9012' ThreadID='6464'/><Channel>Microsoft-Windows-Sysmon/Operational</Channel><Computer>ThinkPad-Win10</Computer><Security UserID='S-1-5-18'/></System><EventData><Data Name='RuleName'>RDP</Data><Data Name='UtcTime'>2023-04-19 09:47:01.132</Data><Data Name='ProcessGuid'>{1255fde1-b892-643f-fb02-00000000ee00}</Data><Data Name='ProcessId'>6068</Data><Data Name='Image'>C:\Windows\System32\mstsc.exe</Data><Data Name='User'>THINKPAD-WIN10\smith</Data><Data Name='Protocol'>tcp</Data><Data Name='Initiated'>true</Data><Data Name='SourceIsIpv6'>false</Data><Data Name='SourceIp'>172.16.80.3</Data><Data Name='SourceHostname'>ThinkPad-Win10.localdomain</Data><Data Name='SourcePort'>1340</Data><Data Name='SourcePortName'>-</Data><Data Name='DestinationIsIpv6'>false</Data><Data Name='DestinationIp'>172.16.80.13</Data><Data Name='DestinationHostname'>qax.shared</Data><Data Name='DestinationPort'>3389</Data><Data Name='DestinationPortName'>ms-wbt-server</Data></EventData></Event><Event xmlns='http://schemas.microsoft.com/win/2004/08/events/event'><System><Provider Name='Microsoft-Windows-Sysmon' Guid='{5770385f-c22a-43e0-bf4c-06f5698ffbd9}'/><EventID>3</EventID><Version>5</Version><Level>4</Level><Task>3</Task><Opcode>0</Opcode><Keywords>0x8000000000000000</Keywords><TimeCreated SystemTime='2023-04-19T09:47:03.3300031Z'/><EventRecordID>4954</EventRecordID><Correlation/><Execution ProcessID='9012' ThreadID='6464'/><Channel>Microsoft-Windows-Sysmon/Operational</Channel><Computer>ThinkPad-Win10</Computer><Security UserID='S-1-5-18'/></System><EventData><Data Name='RuleName'>RDP</Data><Data Name='UtcTime'>2023-04-19 09:47:01.041</Data><Data Name='ProcessGuid'>{1255fde1-b892-643f-fb02-00000000ee00}</Data><Data Name='ProcessId'>6068</Data><Data Name='Image'>C:\Windows\System32\mstsc.exe</Data><Data Name='User'>THINKPAD-WIN10\smith</Data><Data Name='Protocol'>tcp</Data><Data Name='Initiated'>true</Data><Data Name='SourceIsIpv6'>false</Data><Data Name='SourceIp'>172.16.80.3</Data><Data Name='SourceHostname'>ThinkPad-Win10.localdomain</Data><Data Name='SourcePort'>1339</Data><Data Name='SourcePortName'>-</Data><Data Name='DestinationIsIpv6'>false</Data><Data Name='DestinationIp'>172.16.80.13</Data><Data Name='DestinationHostname'>qax.shared</Data><Data Name='DestinationPort'>3389</Data><Data Name='DestinationPortName'>ms-wbt-server</Data></EventData></Event><Event xmlns='http://schemas.microsoft.com/win/2004/08/events/event'><System><Provider Name='Microsoft-Windows-Sysmon' Guid='{5770385f-c22a-43e0-bf4c-06f5698ffbd9}'/><EventID>1</EventID><Version>5</Version><Level>4</Level><Task>1</Task><Opcode>0</Opcode><Keywords>0x8000000000000000</Keywords><TimeCreated SystemTime='2023-04-19T09:46:58.8385800Z'/><EventRecordID>4953</EventRecordID><Correlation/><Execution ProcessID='9012' ThreadID='1992'/><Channel>Microsoft-Windows-Sysmon/Operational</Channel><Computer>ThinkPad-Win10</Computer><Security UserID='S-1-5-18'/></System><EventData><Data Name='RuleName'>-</Data><Data Name='UtcTime'>2023-04-19 09:46:58.831</Data><Data Name='ProcessGuid'>{1255fde1-b892-643f-fb02-00000000ee00}</Data><Data Name='ProcessId'>6068</Data><Data Name='Image'>C:\Windows\System32\mstsc.exe</Data><Data Name='FileVersion'>10.0.19041.2075 (WinBuild.160101.0800)</Data><Data Name='Description'>Remote Desktop Connection</Data><Data Name='Product'>Microsoft® Windows® Operating System</Data><Data Name='Company'>Microsoft Corporation</Data><Data Name='OriginalFileName'>mstsc.exe</Data><Data Name='CommandLine'>"C:\Windows\system32\mstsc.exe"</Data><Data Name='CurrentDirectory'>C:\Users\smith\</Data><Data Name='User'>THINKPAD-WIN10\smith</Data><Data Name='LogonGuid'>{1255fde1-90a0-643f-d9c3-020000000000}</Data><Data Name='LogonId'>0x2c3d9</Data><Data Name='TerminalSessionId'>1</Data><Data Name='IntegrityLevel'>Medium</Data><Data Name='Hashes'>MD5=7FFAE462B1C5A51C720D428237FEBD97,SHA256=355CA834BE29C148D27F973299FAC1C434BCEC5B7B319A47C7D98EB1C96DA1EB,IMPHASH=99B06736BAC471E734697B244C114480</Data><Data Name='ParentProcessGuid'>{1255fde1-b887-643f-f802-00000000ee00}</Data><Data Name='ParentProcessId'>2492</Data><Data Name='ParentImage'>C:\Windows\System32\WindowsPowerShell\v1.0\powershell.exe</Data><Data Name='ParentCommandLine'>"C:\Windows\system32\WindowsPowerShell\v1.0\PowerShell.exe" </Data><Data Name='ParentUser'>THINKPAD-WIN10\smith</Data></EventData></Event><Event xmlns='http://schemas.microsoft.com/win/2004/08/events/event'><System><Provider Name='Microsoft-Windows-Sysmon' Guid='{5770385f-c22a-43e0-bf4c-06f5698ffbd9}'/><EventID>1</EventID><Version>5</Version><Level>4</Level><Task>1</Task><Opcode>0</Opcode><Keywords>0x8000000000000000</Keywords><TimeCreated SystemTime='2023-04-19T09:46:53.0576310Z'/><EventRecordID>4952</EventRecordID><Correlation/><Execution ProcessID='9012' ThreadID='1992'/><Channel>Microsoft-Windows-Sysmon/Operational</Channel><Computer>ThinkPad-Win10</Computer><Security UserID='S-1-5-18'/></System><EventData><Data Name='RuleName'>-</Data><Data Name='UtcTime'>2023-04-19 09:46:53.048</Data><Data Name='ProcessGuid'>{1255fde1-b88d-643f-fa02-00000000ee00}</Data><Data Name='ProcessId'>4504</Data><Data Name='Image'>C:\Windows\System32\mstsc.exe</Data><Data Name='FileVersion'>10.0.19041.2075 (WinBuild.160101.0800)</Data><Data Name='Description'>Remote Desktop Connection</Data><Data Name='Product'>Microsoft® Windows® Operating System</Data><Data Name='Company'>Microsoft Corporation</Data><Data Name='OriginalFileName'>mstsc.exe</Data><Data Name='CommandLine'>"C:\Windows\system32\mstsc.exe"</Data><Data Name='CurrentDirectory'>C:\Users\smith\</Data><Data Name='User'>THINKPAD-WIN10\smith</Data><Data Name='LogonGuid'>{1255fde1-90a0-643f-d9c3-020000000000}</Data><Data Name='LogonId'>0x2c3d9</Data><Data Name='TerminalSessionId'>1</Data><Data Name='IntegrityLevel'>Medium</Data><Data Name='Hashes'>MD5=7FFAE462B1C5A51C720D428237FEBD97,SHA256=355CA834BE29C148D27F973299FAC1C434BCEC5B7B319A47C7D98EB1C96DA1EB,IMPHASH=99B06736BAC471E734697B244C114480</Data><Data Name='ParentProcessGuid'>{1255fde1-b887-643f-f802-00000000ee00}</Data><Data Name='ParentProcessId'>2492</Data><Data Name='ParentImage'>C:\Windows\System32\WindowsPowerShell\v1.0\powershell.exe</Data><Data Name='ParentCommandLine'>"C:\Windows\system32\WindowsPowerShell\v1.0\PowerShell.exe" </Data><Data Name='ParentUser'>THINKPAD-WIN10\smith</Data></EventData></Event><Event xmlns='http://schemas.microsoft.com/win/2004/08/events/event'><System><Provider Name='Microsoft-Windows-Sysmon' Guid='{5770385f-c22a-43e0-bf4c-06f5698ffbd9}'/><EventID>11</EventID><Version>2</Version><Level>4</Level><Task>11</Task><Opcode>0</Opcode><Keywords>0x8000000000000000</Keywords><TimeCreated SystemTime='2023-04-19T09:46:47.7789323Z'/><EventRecordID>4951</EventRecordID><Correlation/><Execution ProcessID='9012' ThreadID='1992'/><Channel>Microsoft-Windows-Sysmon/Operational</Channel><Computer>ThinkPad-Win10</Computer><Security UserID='S-1-5-18'/></System><EventData><Data Name='RuleName'>-</Data><Data Name='UtcTime'>2023-04-19 09:46:47.778</Data><Data Name='ProcessGuid'>{1255fde1-b887-643f-f802-00000000ee00}</Data><Data Name='ProcessId'>2492</Data><Data Name='Image'>C:\Windows\system32\WindowsPowerShell\v1.0\PowerShell.exe</Data><Data Name='TargetFilename'>C:\Users\smith\AppData\Local\Temp\__PSScriptPolicyTest_cbgeutgx.0uc.ps1</Data><Data Name='CreationUtcTime'>2023-04-19 09:46:47.777</Data><Data Name='User'>THINKPAD-WIN10\smith</Data></EventData></Event><Event xmlns='http://schemas.microsoft.com/win/2004/08/events/event'><System><Provider Name='Microsoft-Windows-Sysmon' Guid='{5770385f-c22a-43e0-bf4c-06f5698ffbd9}'/><EventID>1</EventID><Version>5</Version><Level>4</Level><Task>1</Task><Opcode>0</Opcode><Keywords>0x8000000000000000</Keywords><TimeCreated SystemTime='2023-04-19T09:46:47.3794780Z'/><EventRecordID>4950</EventRecordID><Correlation/><Execution ProcessID='9012' ThreadID='1992'/><Channel>Microsoft-Windows-Sysmon/Operational</Channel><Computer>ThinkPad-Win10</Computer><Security UserID='S-1-5-18'/></System><EventData><Data Name='RuleName'>-</Data><Data Name='UtcTime'>2023-04-19 09:46:47.372</Data><Data Name='ProcessGuid'>{1255fde1-b887-643f-f802-00000000ee00}</Data><Data Name='ProcessId'>2492</Data><Data Name='Image'>C:\Windows\System32\WindowsPowerShell\v1.0\powershell.exe</Data><Data Name='FileVersion'>10.0.19041.546 (WinBuild.160101.0800)</Data><Data Name='Description'>Windows PowerShell</Data><Data Name='Product'>Microsoft® Windows® Operating System</Data><Data Name='Company'>Microsoft Corporation</Data><Data Name='OriginalFileName'>PowerShell.EXE</Data><Data Name='CommandLine'>"C:\Windows\system32\WindowsPowerShell\v1.0\PowerShell.exe" </Data><Data Name='CurrentDirectory'>C:\Users\smith\</Data><Data Name='User'>THINKPAD-WIN10\smith</Data><Data Name='LogonGuid'>{1255fde1-90a0-643f-d9c3-020000000000}</Data><Data Name='LogonId'>0x2c3d9</Data><Data Name='TerminalSessionId'>1</Data><Data Name='IntegrityLevel'>Medium</Data><Data Name='Hashes'>MD5=04029E121A0CFA5991749937DD22A1D9,SHA256=9F914D42706FE215501044ACD85A32D58AAEF1419D404FDDFA5D3B48F66CCD9F,IMPHASH=7C955A0ABC747F57CCC4324480737EF7</Data><Data Name='ParentProcessGuid'>{1255fde1-90be-643f-9300-00000000ee00}</Data><Data Name='ParentProcessId'>7828</Data><Data Name='ParentImage'>C:\Windows\explorer.exe</Data><Data Name='ParentCommandLine'>C:\Windows\Explorer.EXE</Data><Data Name='ParentUser'>THINKPAD-WIN10\smith</Data></EventData></Event><Event xmlns='http://schemas.microsoft.com/win/2004/08/events/event'><System><Provider Name='Microsoft-Windows-Sysmon' Guid='{5770385f-c22a-43e0-bf4c-06f5698ffbd9}'/><EventID>1</EventID><Version>5</Version><Level>4</Level><Task>1</Task><Opcode>0</Opcode><Keywords>0x8000000000000000</Keywords><TimeCreated SystemTime='2023-04-19T09:46:30.7467029Z'/><EventRecordID>4949</EventRecordID><Correlation/><Execution ProcessID='9012' ThreadID='1992'/><Channel>Microsoft-Windows-Sysmon/Operational</Channel><Computer>ThinkPad-Win10</Computer><Security UserID='S-1-5-18'/></System><EventData><Data Name='RuleName'>-</Data><Data Name='UtcTime'>2023-04-19 09:46:30.743</Data><Data Name='ProcessGuid'>{1255fde1-b876-643f-f602-00000000ee00}</Data><Data Name='ProcessId'>2736</Data><Data Name='Image'>C:\Windows\System32\cmd.exe</Data><Data Name='FileVersion'>10.0.19041.746 (WinBuild.160101.0800)</Data><Data Name='Description'>Windows Command Processor</Data><Data Name='Product'>Microsoft® Windows® Operating System</Data><Data Name='Company'>Microsoft Corporation</Data><Data Name='OriginalFileName'>Cmd.Exe</Data><Data Name='CommandLine'>"C:\Windows\system32\cmd.exe" </Data><Data Name='CurrentDirectory'>C:\Users\smith\</Data><Data Name='User'>THINKPAD-WIN10\smith</Data><Data Name='LogonGuid'>{1255fde1-90a0-643f-d9c3-020000000000}</Data><Data Name='LogonId'>0x2c3d9</Data><Data Name='TerminalSessionId'>1</Data><Data Name='IntegrityLevel'>Medium</Data><Data Name='Hashes'>MD5=8A2122E8162DBEF04694B9C3E0B6CDEE,SHA256=B99D61D874728EDC0918CA0EB10EAB93D381E7367E377406E65963366C874450,IMPHASH=272245E2988E1E430500B852C4FB5E18</Data><Data Name='ParentProcessGuid'>{1255fde1-90be-643f-9300-00000000ee00}</Data><Data Name='ParentProcessId'>7828</Data><Data Name='ParentImage'>C:\Windows\explorer.exe</Data><Data Name='ParentCommandLine'>C:\Windows\Explorer.EXE</Data><Data Name='ParentUser'>THINKPAD-WIN10\smith</Data></EventData></Event><Event xmlns='http://schemas.microsoft.com/win/2004/08/events/event'><System><Provider Name='Microsoft-Windows-Sysmon' Guid='{5770385f-c22a-43e0-bf4c-06f5698ffbd9}'/><EventID>1</EventID><Version>5</Version><Level>4</Level><Task>1</Task><Opcode>0</Opcode><Keywords>0x8000000000000000</Keywords><TimeCreated SystemTime='2023-04-19T09:45:45.9385984Z'/><EventRecordID>4948</EventRecordID><Correlation/><Execution ProcessID='9012' ThreadID='1992'/><Channel>Microsoft-Windows-Sysmon/Operational</Channel><Computer>ThinkPad-Win10</Computer><Security UserID='S-1-5-18'/></System><EventData><Data Name='RuleName'>-</Data><Data Name='UtcTime'>2023-04-19 09:45:45.892</Data><Data Name='ProcessGuid'>{1255fde1-b849-643f-f502-00000000ee00}</Data><Data Name='ProcessId'>8244</Data><Data Name='Image'>C:\Users\smith\Desktop\Emergency Response\SysmonView.exe</Data><Data Name='FileVersion'>3.2.0.0</Data><Data Name='Description'>SysmonView (Sysmon log view utility)</Data><Data Name='Product'>SysmonView</Data><Data Name='Company'>nosecurecode.com</Data><Data Name='OriginalFileName'>SysmonView</Data><Data Name='CommandLine'>"C:\Users\smith\Desktop\Emergency Response\SysmonView.exe" </Data><Data Name='CurrentDirectory'>C:\Users\smith\Desktop\Emergency Response\</Data><Data Name='User'>THINKPAD-WIN10\smith</Data><Data Name='LogonGuid'>{1255fde1-90a0-643f-d9c3-020000000000}</Data><Data Name='LogonId'>0x2c3d9</Data><Data Name='TerminalSessionId'>1</Data><Data Name='IntegrityLevel'>Medium</Data><Data Name='Hashes'>MD5=31E5E61CA54CD052CED8BA0E801C65F1,SHA256=9E630F07D78A3401362053435BF20BDBC36AE52DA781B6E2C73647CE4CF88943,IMPHASH=49A66563C2735A53AD475F53FCDC6E30</Data><Data Name='ParentProcessGuid'>{1255fde1-90be-643f-9300-00000000ee00}</Data><Data Name='ParentProcessId'>7828</Data><Data Name='ParentImage'>C:\Windows\explorer.exe</Data><Data Name='ParentCommandLine'>C:\Windows\Explorer.EXE</Data><Data Name='ParentUser'>THINKPAD-WIN10\smith</Data></EventData></Event><Event xmlns='http://schemas.microsoft.com/win/2004/08/events/event'><System><Provider Name='Microsoft-Windows-Sysmon' Guid='{5770385f-c22a-43e0-bf4c-06f5698ffbd9}'/><EventID>3</EventID><Version>5</Version><Level>4</Level><Task>3</Task><Opcode>0</Opcode><Keywords>0x8000000000000000</Keywords><TimeCreated SystemTime='2023-04-19T09:45:21.5222928Z'/><EventRecordID>4947</EventRecordID><Correlation/><Execution ProcessID='9012' ThreadID='6464'/><Channel>Microsoft-Windows-Sysmon/Operational</Channel><Computer>ThinkPad-Win10</Computer><Security UserID='S-1-5-18'/></System><EventData><Data Name='RuleName'>RDP</Data><Data Name='UtcTime'>2023-04-19 09:45:19.988</Data><Data Name='ProcessGuid'>{1255fde1-b828-643f-f202-00000000ee00}</Data><Data Name='ProcessId'>4476</Data><Data Name='Image'>C:\Windows\System32\mstsc.exe</Data><Data Name='User'>THINKPAD-WIN10\smith</Data><Data Name='Protocol'>udp</Data><Data Name='Initiated'>true</Data><Data Name='SourceIsIpv6'>false</Data><Data Name='SourceIp'>172.16.80.3</Data><Data Name='SourceHostname'>ThinkPad-Win10.localdomain</Data><Data Name='SourcePort'>49942</Data><Data Name='SourcePortName'>-</Data><Data Name='DestinationIsIpv6'>false</Data><Data Name='DestinationIp'>172.16.80.13</Data><Data Name='DestinationHostname'>qax.shared</Data><Data Name='DestinationPort'>3389</Data><Data Name='DestinationPortName'>ms-wbt-server</Data></EventData></Event><Event xmlns='http://schemas.microsoft.com/win/2004/08/events/event'><System><Provider Name='Microsoft-Windows-Sysmon' Guid='{5770385f-c22a-43e0-bf4c-06f5698ffbd9}'/><EventID>3</EventID><Version>5</Version><Level>4</Level><Task>3</Task><Opcode>0</Opcode><Keywords>0x8000000000000000</Keywords><TimeCreated SystemTime='2023-04-19T09:45:21.5222824Z'/><EventRecordID>4946</EventRecordID><Correlation/><Execution ProcessID='9012' ThreadID='6464'/><Channel>Microsoft-Windows-Sysmon/Operational</Channel><Computer>ThinkPad-Win10</Computer><Security UserID='S-1-5-18'/></System><EventData><Data Name='RuleName'>RDP</Data><Data Name='UtcTime'>2023-04-19 09:45:19.809</Data><Data Name='ProcessGuid'>{1255fde1-b828-643f-f202-00000000ee00}</Data><Data Name='ProcessId'>4476</Data><Data Name='Image'>C:\Windows\System32\mstsc.exe</Data><Data Name='User'>THINKPAD-WIN10\smith</Data><Data Name='Protocol'>tcp</Data><Data Name='Initiated'>true</Data><Data Name='SourceIsIpv6'>false</Data><Data Name='SourceIp'>172.16.80.3</Data><Data Name='SourceHostname'>ThinkPad-Win10.localdomain</Data><Data Name='SourcePort'>1338</Data><Data Name='SourcePortName'>-</Data><Data Name='DestinationIsIpv6'>false</Data><Data Name='DestinationIp'>172.16.80.13</Data><Data Name='DestinationHostname'>qax.shared</Data><Data Name='DestinationPort'>3389</Data><Data Name='DestinationPortName'>ms-wbt-server</Data></EventData></Event><Event xmlns='http://schemas.microsoft.com/win/2004/08/events/event'><System><Provider Name='Microsoft-Windows-Sysmon' Guid='{5770385f-c22a-43e0-bf4c-06f5698ffbd9}'/><EventID>3</EventID><Version>5</Version><Level>4</Level><Task>3</Task><Opcode>0</Opcode><Keywords>0x8000000000000000</Keywords><TimeCreated SystemTime='2023-04-19T09:45:21.5222612Z'/><EventRecordID>4945</EventRecordID><Correlation/><Execution ProcessID='9012' ThreadID='6464'/><Channel>Microsoft-Windows-Sysmon/Operational</Channel><Computer>ThinkPad-Win10</Computer><Security UserID='S-1-5-18'/></System><EventData><Data Name='RuleName'>RDP</Data><Data Name='UtcTime'>2023-04-19 09:45:19.701</Data><Data Name='ProcessGuid'>{1255fde1-b828-643f-f202-00000000ee00}</Data><Data Name='ProcessId'>4476</Data><Data Name='Image'>C:\Windows\System32\mstsc.exe</Data><Data Name='User'>THINKPAD-WIN10\smith</Data><Data Name='Protocol'>tcp</Data><Data Name='Initiated'>true</Data><Data Name='SourceIsIpv6'>false</Data><Data Name='SourceIp'>172.16.80.3</Data><Data Name='SourceHostname'>ThinkPad-Win10.localdomain</Data><Data Name='SourcePort'>1337</Data><Data Name='SourcePortName'>-</Data><Data Name='DestinationIsIpv6'>false</Data><Data Name='DestinationIp'>172.16.80.13</Data><Data Name='DestinationHostname'>qax.shared</Data><Data Name='DestinationPort'>3389</Data><Data Name='DestinationPortName'>ms-wbt-server</Data></EventData></Event><Event xmlns='http://schemas.microsoft.com/win/2004/08/events/event'><System><Provider Name='Microsoft-Windows-Sysmon' Guid='{5770385f-c22a-43e0-bf4c-06f5698ffbd9}'/><EventID>1</EventID><Version>5</Version><Level>4</Level><Task>1</Task><Opcode>0</Opcode><Keywords>0x8000000000000000</Keywords><TimeCreated SystemTime='2023-04-19T09:45:12.1078830Z'/><EventRecordID>4944</EventRecordID><Correlation/><Execution ProcessID='9012' ThreadID='1992'/><Channel>Microsoft-Windows-Sysmon/Operational</Channel><Computer>ThinkPad-Win10</Computer><Security UserID='S-1-5-18'/></System><EventData><Data Name='RuleName'>-</Data><Data Name='UtcTime'>2023-04-19 09:45:12.090</Data><Data Name='ProcessGuid'>{1255fde1-b828-643f-f202-00000000ee00}</Data><Data Name='ProcessId'>4476</Data><Data Name='Image'>C:\Windows\System32\mstsc.exe</Data><Data Name='FileVersion'>10.0.19041.2075 (WinBuild.160101.0800)</Data><Data Name='Description'>Remote Desktop Connection</Data><Data Name='Product'>Microsoft® Windows® Operating System</Data><Data Name='Company'>Microsoft Corporation</Data><Data Name='OriginalFileName'>mstsc.exe</Data><Data Name='CommandLine'>"C:\Windows\system32\mstsc.exe" </Data><Data Name='CurrentDirectory'>C:\Windows\system32\</Data><Data Name='User'>THINKPAD-WIN10\smith</Data><Data Name='LogonGuid'>{1255fde1-90a0-643f-d9c3-020000000000}</Data><Data Name='LogonId'>0x2c3d9</Data><Data Name='TerminalSessionId'>1</Data><Data Name='IntegrityLevel'>Medium</Data><Data Name='Hashes'>MD5=7FFAE462B1C5A51C720D428237FEBD97,SHA256=355CA834BE29C148D27F973299FAC1C434BCEC5B7B319A47C7D98EB1C96DA1EB,IMPHASH=99B06736BAC471E734697B244C114480</Data><Data Name='ParentProcessGuid'>{1255fde1-90be-643f-9300-00000000ee00}</Data><Data Name='ParentProcessId'>7828</Data><Data Name='ParentImage'>C:\Windows\explorer.exe</Data><Data Name='ParentCommandLine'>C:\Windows\Explorer.EXE</Data><Data Name='ParentUser'>THINKPAD-WIN10\smith</Data></EventData></Event><Event xmlns='http://schemas.microsoft.com/win/2004/08/events/event'><System><Provider Name='Microsoft-Windows-Sysmon' Guid='{5770385f-c22a-43e0-bf4c-06f5698ffbd9}'/><EventID>13</EventID><Version>2</Version><Level>4</Level><Task>13</Task><Opcode>0</Opcode><Keywords>0x8000000000000000</Keywords><TimeCreated SystemTime='2023-04-19T09:45:06.4913885Z'/><EventRecordID>4943</EventRecordID><Correlation/><Execution ProcessID='9012' ThreadID='1992'/><Channel>Microsoft-Windows-Sysmon/Operational</Channel><Computer>ThinkPad-Win10</Computer><Security UserID='S-1-5-18'/></System><EventData><Data Name='RuleName'>InvDB</Data><Data Name='EventType'>SetValue</Data><Data Name='UtcTime'>2023-04-19 09:45:06.489</Data><Data Name='ProcessGuid'>{1255fde1-959a-643f-2202-00000000ee00}</Data><Data Name='ProcessId'>4944</Data><Data Name='Image'>C:\Windows\system32\svchost.exe</Data><Data Name='TargetObject'>HKU\S-1-5-21-3737481589-311315860-1775043708-1000\SOFTWARE\Microsoft\Windows NT\CurrentVersion\AppCompatFlags\Compatibility Assistant\Store\C:\Program Files\Google\Chrome\Application\chrome.exe</Data><Data Name='Details'>Binary Data</Data><Data Name='User'>NT AUTHORITY\SYSTEM</Data></EventData></Event><Event xmlns='http://schemas.microsoft.com/win/2004/08/events/event'><System><Provider Name='Microsoft-Windows-Sysmon' Guid='{5770385f-c22a-43e0-bf4c-06f5698ffbd9}'/><EventID>13</EventID><Version>2</Version><Level>4</Level><Task>13</Task><Opcode>0</Opcode><Keywords>0x8000000000000000</Keywords><TimeCreated SystemTime='2023-04-19T09:44:57.4673766Z'/><EventRecordID>4942</EventRecordID><Correlation/><Execution ProcessID='9012' ThreadID='1992'/><Channel>Microsoft-Windows-Sysmon/Operational</Channel><Computer>ThinkPad-Win10</Computer><Security UserID='S-1-5-18'/></System><EventData><Data Name='RuleName'>InvDB</Data><Data Name='EventType'>SetValue</Data><Data Name='UtcTime'>2023-04-19 09:44:57.466</Data><Data Name='ProcessGuid'>{1255fde1-959a-643f-2202-00000000ee00}</Data><Data Name='ProcessId'>4944</Data><Data Name='Image'>C:\Windows\system32\svchost.exe</Data><Data Name='TargetObject'>HKU\S-1-5-21-3737481589-311315860-1775043708-1000\SOFTWARE\Microsoft\Windows NT\CurrentVersion\AppCompatFlags\Compatibility Assistant\Store\C:\Users\smith\Desktop\Emergency Response\SysmonView.exe</Data><Data Name='Details'>Binary Data</Data><Data Name='User'>NT AUTHORITY\SYSTEM</Data></EventData></Event><Event xmlns='http://schemas.microsoft.com/win/2004/08/events/event'><System><Provider Name='Microsoft-Windows-Sysmon' Guid='{5770385f-c22a-43e0-bf4c-06f5698ffbd9}'/><EventID>5</EventID><Version>3</Version><Level>4</Level><Task>5</Task><Opcode>0</Opcode><Keywords>0x8000000000000000</Keywords><TimeCreated SystemTime='2023-04-19T09:44:55.4721565Z'/><EventRecordID>4941</EventRecordID><Correlation/><Execution ProcessID='9012' ThreadID='1992'/><Channel>Microsoft-Windows-Sysmon/Operational</Channel><Computer>ThinkPad-Win10</Computer><Security UserID='S-1-5-18'/></System><EventData><Data Name='RuleName'>-</Data><Data Name='UtcTime'>2023-04-19 09:44:55.461</Data><Data Name='ProcessGuid'>{1255fde1-b7ef-643f-f102-00000000ee00}</Data><Data Name='ProcessId'>8736</Data><Data Name='Image'>C:\Users\smith\Desktop\Emergency Response\SysmonView.exe</Data><Data Name='User'>THINKPAD-WIN10\smith</Data></EventData></Event><Event xmlns='http://schemas.microsoft.com/win/2004/08/events/event'><System><Provider Name='Microsoft-Windows-Sysmon' Guid='{5770385f-c22a-43e0-bf4c-06f5698ffbd9}'/><EventID>13</EventID><Version>2</Version><Level>4</Level><Task>13</Task><Opcode>0</Opcode><Keywords>0x8000000000000000</Keywords><TimeCreated SystemTime='2023-04-19T09:44:16.9664558Z'/><EventRecordID>4940</EventRecordID><Correlation/><Execution ProcessID='9012' ThreadID='1992'/><Channel>Microsoft-Windows-Sysmon/Operational</Channel><Computer>ThinkPad-Win10</Computer><Security UserID='S-1-5-18'/></System><EventData><Data Name='RuleName'>InvDB</Data><Data Name='EventType'>SetValue</Data><Data Name='UtcTime'>2023-04-19 09:44:16.965</Data><Data Name='ProcessGuid'>{1255fde1-959a-643f-2202-00000000ee00}</Data><Data Name='ProcessId'>4944</Data><Data Name='Image'>C:\Windows\system32\svchost.exe</Data><Data Name='TargetObject'>HKU\S-1-5-21-3737481589-311315860-1775043708-1000\SOFTWARE\Microsoft\Windows NT\CurrentVersion\AppCompatFlags\Compatibility Assistant\Store\C:\phpstudy_pro\COM\phpstudy_pro.exe</Data><Data Name='Details'>Binary Data</Data><Data Name='User'>NT AUTHORITY\SYSTEM</Data></EventData></Event><Event xmlns='http://schemas.microsoft.com/win/2004/08/events/event'><System><Provider Name='Microsoft-Windows-Sysmon' Guid='{5770385f-c22a-43e0-bf4c-06f5698ffbd9}'/><EventID>1</EventID><Version>5</Version><Level>4</Level><Task>1</Task><Opcode>0</Opcode><Keywords>0x8000000000000000</Keywords><TimeCreated SystemTime='2023-04-19T09:44:15.7054226Z'/><EventRecordID>4939</EventRecordID><Correlation/><Execution ProcessID='9012' ThreadID='1992'/><Channel>Microsoft-Windows-Sysmon/Operational</Channel><Computer>ThinkPad-Win10</Computer><Security UserID='S-1-5-18'/></System><EventData><Data Name='RuleName'>-</Data><Data Name='UtcTime'>2023-04-19 09:44:15.667</Data><Data Name='ProcessGuid'>{1255fde1-b7ef-643f-f102-00000000ee00}</Data><Data Name='ProcessId'>8736</Data><Data Name='Image'>C:\Users\smith\Desktop\Emergency Response\SysmonView.exe</Data><Data Name='FileVersion'>3.2.0.0</Data><Data Name='Description'>SysmonView (Sysmon log view utility)</Data><Data Name='Product'>SysmonView</Data><Data Name='Company'>nosecurecode.com</Data><Data Name='OriginalFileName'>SysmonView</Data><Data Name='CommandLine'>"C:\Users\smith\Desktop\Emergency Response\SysmonView.exe" </Data><Data Name='CurrentDirectory'>C:\Users\smith\Desktop\Emergency Response\</Data><Data Name='User'>THINKPAD-WIN10\smith</Data><Data Name='LogonGuid'>{1255fde1-90a0-643f-d9c3-020000000000}</Data><Data Name='LogonId'>0x2c3d9</Data><Data Name='TerminalSessionId'>1</Data><Data Name='IntegrityLevel'>Medium</Data><Data Name='Hashes'>MD5=31E5E61CA54CD052CED8BA0E801C65F1,SHA256=9E630F07D78A3401362053435BF20BDBC36AE52DA781B6E2C73647CE4CF88943,IMPHASH=49A66563C2735A53AD475F53FCDC6E30</Data><Data Name='ParentProcessGuid'>{1255fde1-90be-643f-9300-00000000ee00}</Data><Data Name='ParentProcessId'>7828</Data><Data Name='ParentImage'>C:\Windows\explorer.exe</Data><Data Name='ParentCommandLine'>C:\Windows\Explorer.EXE</Data><Data Name='ParentUser'>THINKPAD-WIN10\smith</Data></EventData></Event>