<Event xmlns='http://schemas.microsoft.com/win/2004/08/events/event'><System><Provider Name='Microsoft-Windows-Sysmon' Guid='{5770385f-c22a-43e0-bf4c-06f5698ffbd9}'/><EventID>1</EventID><Version>5</Version><Level>4</Level><Task>1</Task><Opcode>0</Opcode><Keywords>0x8000000000000000</Keywords><TimeCreated SystemTime='2023-04-19T09:43:17.6510404Z'/><EventRecordID>4908</EventRecordID><Correlation/><Execution ProcessID='9012' ThreadID='1992'/><Channel>Microsoft-Windows-Sysmon/Operational</Channel><Computer>ThinkPad-Win10</Computer><Security UserID='S-1-5-18'/></System><EventData><Data Name='RuleName'>-</Data><Data Name='UtcTime'>2023-04-19 09:43:17.638</Data><Data Name='ProcessGuid'>{1255fde1-b7b5-643f-d502-00000000ee00}</Data><Data Name='ProcessId'>10184</Data><Data Name='Image'>C:\Windows\SysWOW64\config\SYSTEM~1\AppData\Local\tencent\wemeet\temp\{4BF11864-A7CA-475A-AF44-B03FABC4D8D9}\WemeetRepair.exe</Data><Data Name='FileVersion'>10.0.1.978</Data><Data Name='Description'>腾讯会议</Data><Data Name='Product'>WemeetRepair</Data><Data Name='Company'>Tencent</Data><Data Name='OriginalFileName'>-</Data><Data Name='CommandLine'>C:\Windows\System32\config\SYSTEM~1\AppData\Local\tencent\wemeet\temp\{4BF11864-A7CA-475A-AF44-B03FABC4D8D9}\WemeetRepair.exe /WemeetPath=C:\Program Files (x86)\Tencent\WeMeet /WemeetRepairPath=C:\Program Files (x86)\Tencent\WeMeet\3.14.10.401\WemeetRepair.exe</Data><Data Name='CurrentDirectory'>C:\Windows\system32\</Data><Data Name='User'>THINKPAD-WIN10\smith</Data><Data Name='LogonGuid'>{1255fde1-909f-643f-3ac3-020000000000}</Data><Data Name='LogonId'>0x2c33a</Data><Data Name='TerminalSessionId'>1</Data><Data Name='IntegrityLevel'>High</Data><Data Name='Hashes'>MD5=DEE926A8C3238824D34CFD90B096B2C3,SHA256=A54DB1481FE57F5746AC5E0F7E0C2E9050ECCF3FE1AC7ED73EFDFA5473E780A4,IMPHASH=B34F154EC913D2D2C435CBD644E91687</Data><Data Name='ParentProcessGuid'>{1255fde1-b7b5-643f-d402-00000000ee00}</Data><Data Name='ParentProcessId'>3356</Data><Data Name='ParentImage'>C:\Program Files (x86)\Tencent\UpdateSvr\WemeetUpdateSvc.exe</Data><Data Name='ParentCommandLine'>"C:\Program Files (x86)\Tencent\UpdateSvr\WemeetUpdateSvc.exe"</Data><Data Name='ParentUser'>NT AUTHORITY\SYSTEM</Data></EventData></Event><Event xmlns='http://schemas.microsoft.com/win/2004/08/events/event'><System><Provider Name='Microsoft-Windows-Sysmon' Guid='{5770385f-c22a-43e0-bf4c-06f5698ffbd9}'/><EventID>11</EventID><Version>2</Version><Level>4</Level><Task>11</Task><Opcode>0</Opcode><Keywords>0x8000000000000000</Keywords><TimeCreated SystemTime='2023-04-19T09:43:17.5450308Z'/><EventRecordID>4907</EventRecordID><Correlation/><Execution ProcessID='9012' ThreadID='1992'/><Channel>Microsoft-Windows-Sysmon/Operational</Channel><Computer>ThinkPad-Win10</Computer><Security UserID='S-1-5-18'/></System><EventData><Data Name='RuleName'>EXE</Data><Data Name='UtcTime'>2023-04-19 09:43:17.544</Data><Data Name='ProcessGuid'>{1255fde1-b7b5-643f-d402-00000000ee00}</Data><Data Name='ProcessId'>3356</Data><Data Name='Image'>C:\Program Files (x86)\Tencent\UpdateSvr\WemeetUpdateSvc.exe</Data><Data Name='TargetFilename'>C:\Windows\SysWOW64\config\SYSTEM~1\AppData\Local\tencent\wemeet\temp\{4BF11864-A7CA-475A-AF44-B03FABC4D8D9}\WemeetRepair.exe</Data><Data Name='CreationUtcTime'>2023-04-19 09:43:17.544</Data><Data Name='User'>NT AUTHORITY\SYSTEM</Data></EventData></Event><Event xmlns='http://schemas.microsoft.com/win/2004/08/events/event'><System><Provider Name='Microsoft-Windows-Sysmon' Guid='{5770385f-c22a-43e0-bf4c-06f5698ffbd9}'/><EventID>1</EventID><Version>5</Version><Level>4</Level><Task>1</Task><Opcode>0</Opcode><Keywords>0x8000000000000000</Keywords><TimeCreated SystemTime='2023-04-19T09:43:17.1896077Z'/><EventRecordID>4906</EventRecordID><Correlation/><Execution ProcessID='9012' ThreadID='1992'/><Channel>Microsoft-Windows-Sysmon/Operational</Channel><Computer>ThinkPad-Win10</Computer><Security UserID='S-1-5-18'/></System><EventData><Data Name='RuleName'>-</Data><Data Name='UtcTime'>2023-04-19 09:43:17.182</Data><Data Name='ProcessGuid'>{1255fde1-b7b5-643f-d402-00000000ee00}</Data><Data Name='ProcessId'>3356</Data><Data Name='Image'>C:\Program Files (x86)\Tencent\UpdateSvr\WemeetUpdateSvc.exe</Data><Data Name='FileVersion'>3.13.6.465</Data><Data Name='Description'>腾讯会议</Data><Data Name='Product'>腾讯会议</Data><Data Name='Company'>-</Data><Data Name='OriginalFileName'>-</Data><Data Name='CommandLine'>"C:\Program Files (x86)\Tencent\UpdateSvr\WemeetUpdateSvc.exe"</Data><Data Name='CurrentDirectory'>C:\Windows\system32\</Data><Data Name='User'>NT AUTHORITY\SYSTEM</Data><Data Name='LogonGuid'>{1255fde1-9095-643f-e703-000000000000}</Data><Data Name='LogonId'>0x3e7</Data><Data Name='TerminalSessionId'>0</Data><Data Name='IntegrityLevel'>System</Data><Data Name='Hashes'>MD5=6B63441FFAF7A2ACC8F56522E96388C6,SHA256=B64D1A18A9C9112B03794EEFB0F4ED186573CEACF31D153E5AADCE579C8C8FAD,IMPHASH=BF13B55FD6599EF2F1C7615F4903FC7B</Data><Data Name='ParentProcessGuid'>{00000000-0000-0000-0000-000000000000}</Data><Data Name='ParentProcessId'>776</Data><Data Name='ParentImage'>-</Data><Data Name='ParentCommandLine'>-</Data><Data Name='ParentUser'>-</Data></EventData></Event><Event xmlns='http://schemas.microsoft.com/win/2004/08/events/event'><System><Provider Name='Microsoft-Windows-Sysmon' Guid='{5770385f-c22a-43e0-bf4c-06f5698ffbd9}'/><EventID>22</EventID><Version>5</Version><Level>4</Level><Task>22</Task><Opcode>0</Opcode><Keywords>0x8000000000000000</Keywords><TimeCreated SystemTime='2023-04-19T09:43:17.0254180Z'/><EventRecordID>4905</EventRecordID><Correlation/><Execution ProcessID='9012' ThreadID='388'/><Channel>Microsoft-Windows-Sysmon/Operational</Channel><Computer>ThinkPad-Win10</Computer><Security UserID='S-1-5-18'/></System><EventData><Data Name='RuleName'>-</Data><Data Name='UtcTime'>2023-04-19 09:43:15.618</Data><Data Name='ProcessGuid'>{1255fde1-b7ab-643f-cf02-00000000ee00}</Data><Data Name='ProcessId'>9588</Data><Data Name='QueryName'>quic.conn.wemeet.qq.com</Data><Data Name='QueryStatus'>0</Data><Data Name='QueryResults'>120.53.74.170;120.53.97.228;</Data><Data Name='Image'>C:\Program Files (x86)\Tencent\WeMeet\wemeetapp.exe</Data><Data Name='User'>THINKPAD-WIN10\smith</Data></EventData></Event><Event xmlns='http://schemas.microsoft.com/win/2004/08/events/event'><System><Provider Name='Microsoft-Windows-Sysmon' Guid='{5770385f-c22a-43e0-bf4c-06f5698ffbd9}'/><EventID>22</EventID><Version>5</Version><Level>4</Level><Task>22</Task><Opcode>0</Opcode><Keywords>0x8000000000000000</Keywords><TimeCreated SystemTime='2023-04-19T09:43:17.0253206Z'/><EventRecordID>4904</EventRecordID><Correlation/><Execution ProcessID='9012' ThreadID='388'/><Channel>Microsoft-Windows-Sysmon/Operational</Channel><Computer>ThinkPad-Win10</Computer><Security UserID='S-1-5-18'/></System><EventData><Data Name='RuleName'>-</Data><Data Name='UtcTime'>2023-04-19 09:43:15.612</Data><Data Name='ProcessGuid'>{1255fde1-b7ab-643f-cf02-00000000ee00}</Data><Data Name='ProcessId'>9588</Data><Data Name='QueryName'>work.medialab.qq.com</Data><Data Name='QueryStatus'>0</Data><Data Name='QueryResults'>42.194.252.235;106.55.117.11;175.178.30.203;</Data><Data Name='Image'>C:\Program Files (x86)\Tencent\WeMeet\wemeetapp.exe</Data><Data Name='User'>THINKPAD-WIN10\smith</Data></EventData></Event><Event xmlns='http://schemas.microsoft.com/win/2004/08/events/event'><System><Provider Name='Microsoft-Windows-Sysmon' Guid='{5770385f-c22a-43e0-bf4c-06f5698ffbd9}'/><EventID>1</EventID><Version>5</Version><Level>4</Level><Task>1</Task><Opcode>0</Opcode><Keywords>0x8000000000000000</Keywords><TimeCreated SystemTime='2023-04-19T09:43:16.6006776Z'/><EventRecordID>4903</EventRecordID><Correlation/><Execution ProcessID='9012' ThreadID='1992'/><Channel>Microsoft-Windows-Sysmon/Operational</Channel><Computer>ThinkPad-Win10</Computer><Security UserID='S-1-5-18'/></System><EventData><Data Name='RuleName'>-</Data><Data Name='UtcTime'>2023-04-19 09:43:16.594</Data><Data Name='ProcessGuid'>{1255fde1-b7b4-643f-d302-00000000ee00}</Data><Data Name='ProcessId'>2960</Data><Data Name='Image'>C:\Program Files (x86)\Tencent\WeMeet\wemeetapp.exe</Data><Data Name='FileVersion'>3.14.10.401</Data><Data Name='Description'>腾讯会议</Data><Data Name='Product'>腾讯会议</Data><Data Name='Company'>-</Data><Data Name='OriginalFileName'>-</Data><Data Name='CommandLine'>"--module=C:\Program Files (x86)\Tencent\WeMeet\3.14.10.401\package_update.dll" "--target=C:\Program Files (x86)\Tencent\WeMeet\3.14.10.401\package_update.dll" --anrtimeout=50000 --detach=0 --channel_token=6f692ec3aa3b5d689cb2ebc6 --pipename=a66e4_740AA3E2CC28 --pid= --originalcmd=--start_by=wemeetapp "--shell=C:\Program Files (x86)\Tencent\WeMeet\wemeetapp.exe" --start_by_launcher=1 --process_model=standard --ppid=launcher --command=startup</Data><Data Name='CurrentDirectory'>C:\Program Files (x86)\Tencent\WeMeet\3.14.10.401\</Data><Data Name='User'>THINKPAD-WIN10\smith</Data><Data Name='LogonGuid'>{1255fde1-90a0-643f-d9c3-020000000000}</Data><Data Name='LogonId'>0x2c3d9</Data><Data Name='TerminalSessionId'>1</Data><Data Name='IntegrityLevel'>Medium</Data><Data Name='Hashes'>MD5=815EA0F4437060C8D5813F412CC1D2BB,SHA256=FC0B86DEA195DDCDD95587697756762B70E9F19F1C371B1C0098E66D85C92191,IMPHASH=829F8E735865ED01C9AD675C398F67E1</Data><Data Name='ParentProcessGuid'>{1255fde1-b7ab-643f-ce02-00000000ee00}</Data><Data Name='ParentProcessId'>5956</Data><Data Name='ParentImage'>C:\Program Files (x86)\Tencent\WeMeet\wemeetapp.exe</Data><Data Name='ParentCommandLine'>"C:\Program Files (x86)\Tencent\WeMeet\wemeetapp.exe" </Data><Data Name='ParentUser'>THINKPAD-WIN10\smith</Data></EventData></Event><Event xmlns='http://schemas.microsoft.com/win/2004/08/events/event'><System><Provider Name='Microsoft-Windows-Sysmon' Guid='{5770385f-c22a-43e0-bf4c-06f5698ffbd9}'/><EventID>22</EventID><Version>5</Version><Level>4</Level><Task>22</Task><Opcode>0</Opcode><Keywords>0x8000000000000000</Keywords><TimeCreated SystemTime='2023-04-19T09:43:12.9997316Z'/><EventRecordID>4902</EventRecordID><Correlation/><Execution ProcessID='9012' ThreadID='388'/><Channel>Microsoft-Windows-Sysmon/Operational</Channel><Computer>ThinkPad-Win10</Computer><Security UserID='S-1-5-18'/></System><EventData><Data Name='RuleName'>-</Data><Data Name='UtcTime'>2023-04-19 09:43:11.504</Data><Data Name='ProcessGuid'>{1255fde1-b7ab-643f-cf02-00000000ee00}</Data><Data Name='ProcessId'>9588</Data><Data Name='QueryName'>down.qq.com</Data><Data Name='QueryStatus'>0</Data><Data Name='QueryResults'>type:  5 down.qq.com.tcdn.qq.com;type:  5 down.qq.mid.dcloudstc.com;type:  5 down.qq.com.legodlied1.sched.dcloudstc.com;::ffff:119.84.242.244;::ffff:36.104.150.77;::ffff:221.228.254.95;</Data><Data Name='Image'>C:\Program Files (x86)\Tencent\WeMeet\wemeetapp.exe</Data><Data Name='User'>THINKPAD-WIN10\smith</Data></EventData></Event><Event xmlns='http://schemas.microsoft.com/win/2004/08/events/event'><System><Provider Name='Microsoft-Windows-Sysmon' Guid='{5770385f-c22a-43e0-bf4c-06f5698ffbd9}'/><EventID>22</EventID><Version>5</Version><Level>4</Level><Task>22</Task><Opcode>0</Opcode><Keywords>0x8000000000000000</Keywords><TimeCreated SystemTime='2023-04-19T09:43:12.9997110Z'/><EventRecordID>4901</EventRecordID><Correlation/><Execution ProcessID='9012' ThreadID='388'/><Channel>Microsoft-Windows-Sysmon/Operational</Channel><Computer>ThinkPad-Win10</Computer><Security UserID='S-1-5-18'/></System><EventData><Data Name='RuleName'>-</Data><Data Name='UtcTime'>2023-04-19 09:43:11.477</Data><Data Name='ProcessGuid'>{1255fde1-b7ab-643f-cf02-00000000ee00}</Data><Data Name='ProcessId'>9588</Data><Data Name='QueryName'>ten.sngapm.qq.com</Data><Data Name='QueryStatus'>0</Data><Data Name='QueryResults'>119.29.48.48;</Data><Data Name='Image'>C:\Program Files (x86)\Tencent\WeMeet\wemeetapp.exe</Data><Data Name='User'>THINKPAD-WIN10\smith</Data></EventData></Event><Event xmlns='http://schemas.microsoft.com/win/2004/08/events/event'><System><Provider Name='Microsoft-Windows-Sysmon' Guid='{5770385f-c22a-43e0-bf4c-06f5698ffbd9}'/><EventID>22</EventID><Version>5</Version><Level>4</Level><Task>22</Task><Opcode>0</Opcode><Keywords>0x8000000000000000</Keywords><TimeCreated SystemTime='2023-04-19T09:43:12.9996922Z'/><EventRecordID>4900</EventRecordID><Correlation/><Execution ProcessID='9012' ThreadID='388'/><Channel>Microsoft-Windows-Sysmon/Operational</Channel><Computer>ThinkPad-Win10</Computer><Security UserID='S-1-5-18'/></System><EventData><Data Name='RuleName'>-</Data><Data Name='UtcTime'>2023-04-19 09:43:11.236</Data><Data Name='ProcessGuid'>{1255fde1-b7ab-643f-cf02-00000000ee00}</Data><Data Name='ProcessId'>9588</Data><Data Name='QueryName'>down-30005.sz.gfp.tencent-cloud.com</Data><Data Name='QueryStatus'>0</Data><Data Name='QueryResults'>::ffff:183.47.120.45;::ffff:183.47.120.52;::ffff:183.47.120.87;::ffff:183.47.120.125;::ffff:183.47.120.41;::ffff:183.2.144.13;</Data><Data Name='Image'>C:\Program Files (x86)\Tencent\WeMeet\wemeetapp.exe</Data><Data Name='User'>THINKPAD-WIN10\smith</Data></EventData></Event><Event xmlns='http://schemas.microsoft.com/win/2004/08/events/event'><System><Provider Name='Microsoft-Windows-Sysmon' Guid='{5770385f-c22a-43e0-bf4c-06f5698ffbd9}'/><EventID>22</EventID><Version>5</Version><Level>4</Level><Task>22</Task><Opcode>0</Opcode><Keywords>0x8000000000000000</Keywords><TimeCreated SystemTime='2023-04-19T09:43:12.9996659Z'/><EventRecordID>4899</EventRecordID><Correlation/><Execution ProcessID='9012' ThreadID='388'/><Channel>Microsoft-Windows-Sysmon/Operational</Channel><Computer>ThinkPad-Win10</Computer><Security UserID='S-1-5-18'/></System><EventData><Data Name='RuleName'>-</Data><Data Name='UtcTime'>2023-04-19 09:43:11.009</Data><Data Name='ProcessGuid'>{1255fde1-b7ab-643f-cf02-00000000ee00}</Data><Data Name='ProcessId'>9588</Data><Data Name='QueryName'>report.meeting.tencent.com</Data><Data Name='QueryStatus'>0</Data><Data Name='QueryResults'>type:  5 xabtrqssgdrw.igtm-b101.com;124.223.121.87;81.69.54.143;81.69.87.57;</Data><Data Name='Image'>C:\Program Files (x86)\Tencent\WeMeet\wemeetapp.exe</Data><Data Name='User'>THINKPAD-WIN10\smith</Data></EventData></Event><Event xmlns='http://schemas.microsoft.com/win/2004/08/events/event'><System><Provider Name='Microsoft-Windows-Sysmon' Guid='{5770385f-c22a-43e0-bf4c-06f5698ffbd9}'/><EventID>1</EventID><Version>5</Version><Level>4</Level><Task>1</Task><Opcode>0</Opcode><Keywords>0x8000000000000000</Keywords><TimeCreated SystemTime='2023-04-19T09:43:12.5411545Z'/><EventRecordID>4898</EventRecordID><Correlation/><Execution ProcessID='9012' ThreadID='1992'/><Channel>Microsoft-Windows-Sysmon/Operational</Channel><Computer>ThinkPad-Win10</Computer><Security UserID='S-1-5-18'/></System><EventData><Data Name='RuleName'>-</Data><Data Name='UtcTime'>2023-04-19 09:43:12.533</Data><Data Name='ProcessGuid'>{1255fde1-b7b0-643f-d202-00000000ee00}</Data><Data Name='ProcessId'>868</Data><Data Name='Image'>C:\Program Files (x86)\Tencent\WeMeet\wemeetapp.exe</Data><Data Name='FileVersion'>3.14.10.401</Data><Data Name='Description'>腾讯会议</Data><Data Name='Product'>腾讯会议</Data><Data Name='Company'>-</Data><Data Name='OriginalFileName'>-</Data><Data Name='CommandLine'>"--module=C:\Program Files (x86)\Tencent\WeMeet\3.14.10.401\codecloader.dll" "--xcast_dir=C:\Program Files (x86)\Tencent\WeMeet\3.14.10.401" --uid=</Data><Data Name='CurrentDirectory'>C:\Program Files (x86)\Tencent\WeMeet\3.14.10.401\</Data><Data Name='User'>THINKPAD-WIN10\smith</Data><Data Name='LogonGuid'>{1255fde1-90a0-643f-d9c3-020000000000}</Data><Data Name='LogonId'>0x2c3d9</Data><Data Name='TerminalSessionId'>1</Data><Data Name='IntegrityLevel'>Medium</Data><Data Name='Hashes'>MD5=815EA0F4437060C8D5813F412CC1D2BB,SHA256=FC0B86DEA195DDCDD95587697756762B70E9F19F1C371B1C0098E66D85C92191,IMPHASH=829F8E735865ED01C9AD675C398F67E1</Data><Data Name='ParentProcessGuid'>{1255fde1-b7ab-643f-cf02-00000000ee00}</Data><Data Name='ParentProcessId'>9588</Data><Data Name='ParentImage'>C:\Program Files (x86)\Tencent\WeMeet\wemeetapp.exe</Data><Data Name='ParentCommandLine'>"--module=C:\Program Files (x86)\Tencent\WeMeet\3.14.10.401\wemeet.dll" "--target=C:\Program Files (x86)\Tencent\WeMeet\3.14.10.401\wemeet.dll" --anrtimeout=50000 --command=startup --ppid=launcher --creation_time=10023368 --channel_token=45cd79846240e1d981beb2c9 --detach=0 "--shell=C:\Program Files (x86)\Tencent\WeMeet\wemeetapp.exe" --main_start_time=10023368 --process_model=standard --pipename=a66e4_740AA3E2CC28 --start_by_launcher=1</Data><Data Name='ParentUser'>THINKPAD-WIN10\smith</Data></EventData></Event><Event xmlns='http://schemas.microsoft.com/win/2004/08/events/event'><System><Provider Name='Microsoft-Windows-Sysmon' Guid='{5770385f-c22a-43e0-bf4c-06f5698ffbd9}'/><EventID>1</EventID><Version>5</Version><Level>4</Level><Task>1</Task><Opcode>0</Opcode><Keywords>0x8000000000000000</Keywords><TimeCreated SystemTime='2023-04-19T09:43:12.5316525Z'/><EventRecordID>4897</EventRecordID><Correlation/><Execution ProcessID='9012' ThreadID='1992'/><Channel>Microsoft-Windows-Sysmon/Operational</Channel><Computer>ThinkPad-Win10</Computer><Security UserID='S-1-5-18'/></System><EventData><Data Name='RuleName'>-</Data><Data Name='UtcTime'>2023-04-19 09:43:12.524</Data><Data Name='ProcessGuid'>{1255fde1-b7b0-643f-d102-00000000ee00}</Data><Data Name='ProcessId'>2860</Data><Data Name='Image'>C:\Program Files (x86)\Tencent\WeMeet\wemeetapp.exe</Data><Data Name='FileVersion'>3.14.10.401</Data><Data Name='Description'>腾讯会议</Data><Data Name='Product'>腾讯会议</Data><Data Name='Company'>-</Data><Data Name='OriginalFileName'>-</Data><Data Name='CommandLine'>"--module=C:\Program Files (x86)\Tencent\WeMeet\3.14.10.401\codecloader.dll" "--xcast_dir=C:\Program Files (x86)\Tencent\WeMeet\3.14.10.401" --uid=</Data><Data Name='CurrentDirectory'>C:\Program Files (x86)\Tencent\WeMeet\3.14.10.401\</Data><Data Name='User'>THINKPAD-WIN10\smith</Data><Data Name='LogonGuid'>{1255fde1-90a0-643f-d9c3-020000000000}</Data><Data Name='LogonId'>0x2c3d9</Data><Data Name='TerminalSessionId'>1</Data><Data Name='IntegrityLevel'>Medium</Data><Data Name='Hashes'>MD5=815EA0F4437060C8D5813F412CC1D2BB,SHA256=FC0B86DEA195DDCDD95587697756762B70E9F19F1C371B1C0098E66D85C92191,IMPHASH=829F8E735865ED01C9AD675C398F67E1</Data><Data Name='ParentProcessGuid'>{1255fde1-b7ab-643f-cf02-00000000ee00}</Data><Data Name='ParentProcessId'>9588</Data><Data Name='ParentImage'>C:\Program Files (x86)\Tencent\WeMeet\wemeetapp.exe</Data><Data Name='ParentCommandLine'>"--module=C:\Program Files (x86)\Tencent\WeMeet\3.14.10.401\wemeet.dll" "--target=C:\Program Files (x86)\Tencent\WeMeet\3.14.10.401\wemeet.dll" --anrtimeout=50000 --command=startup --ppid=launcher --creation_time=10023368 --channel_token=45cd79846240e1d981beb2c9 --detach=0 "--shell=C:\Program Files (x86)\Tencent\WeMeet\wemeetapp.exe" --main_start_time=10023368 --process_model=standard --pipename=a66e4_740AA3E2CC28 --start_by_launcher=1</Data><Data Name='ParentUser'>THINKPAD-WIN10\smith</Data></EventData></Event><Event xmlns='http://schemas.microsoft.com/win/2004/08/events/event'><System><Provider Name='Microsoft-Windows-Sysmon' Guid='{5770385f-c22a-43e0-bf4c-06f5698ffbd9}'/><EventID>1</EventID><Version>5</Version><Level>4</Level><Task>1</Task><Opcode>0</Opcode><Keywords>0x8000000000000000</Keywords><TimeCreated SystemTime='2023-04-19T09:43:09.6339319Z'/><EventRecordID>4896</EventRecordID><Correlation/><Execution ProcessID='9012' ThreadID='1992'/><Channel>Microsoft-Windows-Sysmon/Operational</Channel><Computer>ThinkPad-Win10</Computer><Security UserID='S-1-5-18'/></System><EventData><Data Name='RuleName'>-</Data><Data Name='UtcTime'>2023-04-19 09:43:09.625</Data><Data Name='ProcessGuid'>{1255fde1-b7ad-643f-d002-00000000ee00}</Data><Data Name='ProcessId'>2096</Data><Data Name='Image'>C:\Program Files (x86)\Tencent\WeMeet\3.14.10.401\xnnexternal.exe</Data><Data Name='FileVersion'>1.0.0.2751</Data><Data Name='Description'>腾讯会议</Data><Data Name='Product'>XNN</Data><Data Name='Company'>-</Data><Data Name='OriginalFileName'>-</Data><Data Name='CommandLine'>xnnexternal.exe --check_d3d=1 --gpu_block_list="2"</Data><Data Name='CurrentDirectory'>C:\Program Files (x86)\Tencent\WeMeet\3.14.10.401\</Data><Data Name='User'>THINKPAD-WIN10\smith</Data><Data Name='LogonGuid'>{1255fde1-90a0-643f-d9c3-020000000000}</Data><Data Name='LogonId'>0x2c3d9</Data><Data Name='TerminalSessionId'>1</Data><Data Name='IntegrityLevel'>Medium</Data><Data Name='Hashes'>MD5=6D4472ACBF9EE1E187DED7C42E47E104,SHA256=4D06ABBB457B7C97B62A80DECF5F9EA61071A00CA279A70BFC853CE6FC76BE42,IMPHASH=5CE361B446D98A5D1AADBAB7A2D0C38A</Data><Data Name='ParentProcessGuid'>{1255fde1-b7ab-643f-cf02-00000000ee00}</Data><Data Name='ParentProcessId'>9588</Data><Data Name='ParentImage'>C:\Program Files (x86)\Tencent\WeMeet\wemeetapp.exe</Data><Data Name='ParentCommandLine'>"--module=C:\Program Files (x86)\Tencent\WeMeet\3.14.10.401\wemeet.dll" "--target=C:\Program Files (x86)\Tencent\WeMeet\3.14.10.401\wemeet.dll" --anrtimeout=50000 --command=startup --ppid=launcher --creation_time=10023368 --channel_token=45cd79846240e1d981beb2c9 --detach=0 "--shell=C:\Program Files (x86)\Tencent\WeMeet\wemeetapp.exe" --main_start_time=10023368 --process_model=standard --pipename=a66e4_740AA3E2CC28 --start_by_launcher=1</Data><Data Name='ParentUser'>THINKPAD-WIN10\smith</Data></EventData></Event><Event xmlns='http://schemas.microsoft.com/win/2004/08/events/event'><System><Provider Name='Microsoft-Windows-Sysmon' Guid='{5770385f-c22a-43e0-bf4c-06f5698ffbd9}'/><EventID>1</EventID><Version>5</Version><Level>4</Level><Task>1</Task><Opcode>0</Opcode><Keywords>0x8000000000000000</Keywords><TimeCreated SystemTime='2023-04-19T09:43:07.8530113Z'/><EventRecordID>4895</EventRecordID><Correlation/><Execution ProcessID='9012' ThreadID='1992'/><Channel>Microsoft-Windows-Sysmon/Operational</Channel><Computer>ThinkPad-Win10</Computer><Security UserID='S-1-5-18'/></System><EventData><Data Name='RuleName'>-</Data><Data Name='UtcTime'>2023-04-19 09:43:07.847</Data><Data Name='ProcessGuid'>{1255fde1-b7ab-643f-cf02-00000000ee00}</Data><Data Name='ProcessId'>9588</Data><Data Name='Image'>C:\Program Files (x86)\Tencent\WeMeet\wemeetapp.exe</Data><Data Name='FileVersion'>3.14.10.401</Data><Data Name='Description'>腾讯会议</Data><Data Name='Product'>腾讯会议</Data><Data Name='Company'>-</Data><Data Name='OriginalFileName'>-</Data><Data Name='CommandLine'>"--module=C:\Program Files (x86)\Tencent\WeMeet\3.14.10.401\wemeet.dll" "--target=C:\Program Files (x86)\Tencent\WeMeet\3.14.10.401\wemeet.dll" --anrtimeout=50000 --command=startup --ppid=launcher --creation_time=10023368 --channel_token=45cd79846240e1d981beb2c9 --detach=0 "--shell=C:\Program Files (x86)\Tencent\WeMeet\wemeetapp.exe" --main_start_time=10023368 --process_model=standard --pipename=a66e4_740AA3E2CC28 --start_by_launcher=1</Data><Data Name='CurrentDirectory'>C:\Program Files (x86)\Tencent\WeMeet\3.14.10.401\</Data><Data Name='User'>THINKPAD-WIN10\smith</Data><Data Name='LogonGuid'>{1255fde1-90a0-643f-d9c3-020000000000}</Data><Data Name='LogonId'>0x2c3d9</Data><Data Name='TerminalSessionId'>1</Data><Data Name='IntegrityLevel'>Medium</Data><Data Name='Hashes'>MD5=815EA0F4437060C8D5813F412CC1D2BB,SHA256=FC0B86DEA195DDCDD95587697756762B70E9F19F1C371B1C0098E66D85C92191,IMPHASH=829F8E735865ED01C9AD675C398F67E1</Data><Data Name='ParentProcessGuid'>{1255fde1-b7ab-643f-ce02-00000000ee00}</Data><Data Name='ParentProcessId'>5956</Data><Data Name='ParentImage'>C:\Program Files (x86)\Tencent\WeMeet\wemeetapp.exe</Data><Data Name='ParentCommandLine'>"C:\Program Files (x86)\Tencent\WeMeet\wemeetapp.exe" </Data><Data Name='ParentUser'>THINKPAD-WIN10\smith</Data></EventData></Event><Event xmlns='http://schemas.microsoft.com/win/2004/08/events/event'><System><Provider Name='Microsoft-Windows-Sysmon' Guid='{5770385f-c22a-43e0-bf4c-06f5698ffbd9}'/><EventID>1</EventID><Version>5</Version><Level>4</Level><Task>1</Task><Opcode>0</Opcode><Keywords>0x8000000000000000</Keywords><TimeCreated SystemTime='2023-04-19T09:43:07.0285764Z'/><EventRecordID>4894</EventRecordID><Correlation/><Execution ProcessID='9012' ThreadID='1992'/><Channel>Microsoft-Windows-Sysmon/Operational</Channel><Computer>ThinkPad-Win10</Computer><Security UserID='S-1-5-18'/></System><EventData><Data Name='RuleName'>-</Data><Data Name='UtcTime'>2023-04-19 09:43:07.014</Data><Data Name='ProcessGuid'>{1255fde1-b7ab-643f-ce02-00000000ee00}</Data><Data Name='ProcessId'>5956</Data><Data Name='Image'>C:\Program Files (x86)\Tencent\WeMeet\wemeetapp.exe</Data><Data Name='FileVersion'>3.14.10.401</Data><Data Name='Description'>腾讯会议</Data><Data Name='Product'>腾讯会议</Data><Data Name='Company'>-</Data><Data Name='OriginalFileName'>-</Data><Data Name='CommandLine'>"C:\Program Files (x86)\Tencent\WeMeet\wemeetapp.exe" </Data><Data Name='CurrentDirectory'>C:\Program Files (x86)\Tencent\WeMeet\</Data><Data Name='User'>THINKPAD-WIN10\smith</Data><Data Name='LogonGuid'>{1255fde1-90a0-643f-d9c3-020000000000}</Data><Data Name='LogonId'>0x2c3d9</Data><Data Name='TerminalSessionId'>1</Data><Data Name='IntegrityLevel'>Medium</Data><Data Name='Hashes'>MD5=815EA0F4437060C8D5813F412CC1D2BB,SHA256=FC0B86DEA195DDCDD95587697756762B70E9F19F1C371B1C0098E66D85C92191,IMPHASH=829F8E735865ED01C9AD675C398F67E1</Data><Data Name='ParentProcessGuid'>{1255fde1-90be-643f-9300-00000000ee00}</Data><Data Name='ParentProcessId'>7828</Data><Data Name='ParentImage'>C:\Windows\explorer.exe</Data><Data Name='ParentCommandLine'>C:\Windows\Explorer.EXE</Data><Data Name='ParentUser'>THINKPAD-WIN10\smith</Data></EventData></Event><Event xmlns='http://schemas.microsoft.com/win/2004/08/events/event'><System><Provider Name='Microsoft-Windows-Sysmon' Guid='{5770385f-c22a-43e0-bf4c-06f5698ffbd9}'/><EventID>1</EventID><Version>5</Version><Level>4</Level><Task>1</Task><Opcode>0</Opcode><Keywords>0x8000000000000000</Keywords><TimeCreated SystemTime='2023-04-19T09:42:03.0733452Z'/><EventRecordID>4893</EventRecordID><Correlation/><Execution ProcessID='9012' ThreadID='1992'/><Channel>Microsoft-Windows-Sysmon/Operational</Channel><Computer>ThinkPad-Win10</Computer><Security UserID='S-1-5-18'/></System><EventData><Data Name='RuleName'>-</Data><Data Name='UtcTime'>2023-04-19 09:42:03.029</Data><Data Name='ProcessGuid'>{1255fde1-b76b-643f-cd02-00000000ee00}</Data><Data Name='ProcessId'>3692</Data><Data Name='Image'>C:\Users\smith\Desktop\Emergency Response\SysmonView.exe</Data><Data Name='FileVersion'>3.2.0.0</Data><Data Name='Description'>SysmonView (Sysmon log view utility)</Data><Data Name='Product'>SysmonView</Data><Data Name='Company'>nosecurecode.com</Data><Data Name='OriginalFileName'>SysmonView</Data><Data Name='CommandLine'>"C:\Users\smith\Desktop\Emergency Response\SysmonView.exe" </Data><Data Name='CurrentDirectory'>C:\Users\smith\Desktop\Emergency Response\</Data><Data Name='User'>THINKPAD-WIN10\smith</Data><Data Name='LogonGuid'>{1255fde1-90a0-643f-d9c3-020000000000}</Data><Data Name='LogonId'>0x2c3d9</Data><Data Name='TerminalSessionId'>1</Data><Data Name='IntegrityLevel'>Medium</Data><Data Name='Hashes'>MD5=31E5E61CA54CD052CED8BA0E801C65F1,SHA256=9E630F07D78A3401362053435BF20BDBC36AE52DA781B6E2C73647CE4CF88943,IMPHASH=49A66563C2735A53AD475F53FCDC6E30</Data><Data Name='ParentProcessGuid'>{1255fde1-90be-643f-9300-00000000ee00}</Data><Data Name='ParentProcessId'>7828</Data><Data Name='ParentImage'>C:\Windows\explorer.exe</Data><Data Name='ParentCommandLine'>C:\Windows\Explorer.EXE</Data><Data Name='ParentUser'>THINKPAD-WIN10\smith</Data></EventData></Event><Event xmlns='http://schemas.microsoft.com/win/2004/08/events/event'><System><Provider Name='Microsoft-Windows-Sysmon' Guid='{5770385f-c22a-43e0-bf4c-06f5698ffbd9}'/><EventID>1</EventID><Version>5</Version><Level>4</Level><Task>1</Task><Opcode>0</Opcode><Keywords>0x8000000000000000</Keywords><TimeCreated SystemTime='2023-04-19T09:41:32.9870173Z'/><EventRecordID>4892</EventRecordID><Correlation/><Execution ProcessID='9012' ThreadID='1992'/><Channel>Microsoft-Windows-Sysmon/Operational</Channel><Computer>ThinkPad-Win10</Computer><Security UserID='S-1-5-18'/></System><EventData><Data Name='RuleName'>-</Data><Data Name='UtcTime'>2023-04-19 09:41:32.966</Data><Data Name='ProcessGuid'>{1255fde1-b74c-643f-be02-00000000ee00}</Data><Data Name='ProcessId'>8316</Data><Data Name='Image'>C:\Program Files\Google\Chrome\Application\111.0.5563.147\elevation_service.exe</Data><Data Name='FileVersion'>111.0.5563.147</Data><Data Name='Description'>Google Chrome</Data><Data Name='Product'>Google Chrome</Data><Data Name='Company'>Google LLC</Data><Data Name='OriginalFileName'>elevation_service.exe</Data><Data Name='CommandLine'>"C:\Program Files\Google\Chrome\Application\111.0.5563.147\elevation_service.exe"</Data><Data Name='CurrentDirectory'>C:\Windows\system32\</Data><Data Name='User'>NT AUTHORITY\SYSTEM</Data><Data Name='LogonGuid'>{1255fde1-9095-643f-e703-000000000000}</Data><Data Name='LogonId'>0x3e7</Data><Data Name='TerminalSessionId'>0</Data><Data Name='IntegrityLevel'>System</Data><Data Name='Hashes'>MD5=B560973EDEA3405DFA78C4BDD6935175,SHA256=4F2FD92AEB793B12338903C43D1624B7152916C57D5DEDB088C60CD9A29F4977,IMPHASH=0B70530F21759AC4E744EF0DCF1051FF</Data><Data Name='ParentProcessGuid'>{00000000-0000-0000-0000-000000000000}</Data><Data Name='ParentProcessId'>776</Data><Data Name='ParentImage'>-</Data><Data Name='ParentCommandLine'>-</Data><Data Name='ParentUser'>-</Data></EventData></Event><Event xmlns='http://schemas.microsoft.com/win/2004/08/events/event'><System><Provider Name='Microsoft-Windows-Sysmon' Guid='{5770385f-c22a-43e0-bf4c-06f5698ffbd9}'/><EventID>1</EventID><Version>5</Version><Level>4</Level><Task>1</Task><Opcode>0</Opcode><Keywords>0x8000000000000000</Keywords><TimeCreated SystemTime='2023-04-19T09:41:32.4090960Z'/><EventRecordID>4891</EventRecordID><Correlation/><Execution ProcessID='9012' ThreadID='1992'/><Channel>Microsoft-Windows-Sysmon/Operational</Channel><Computer>ThinkPad-Win10</Computer><Security UserID='S-1-5-18'/></System><EventData><Data Name='RuleName'>-</Data><Data Name='UtcTime'>2023-04-19 09:41:32.374</Data><Data Name='ProcessGuid'>{1255fde1-b74c-643f-b702-00000000ee00}</Data><Data Name='ProcessId'>6108</Data><Data Name='Image'>C:\Program Files\Google\Chrome\Application\chrome.exe</Data><Data Name='FileVersion'>111.0.5563.147</Data><Data Name='Description'>Google Chrome</Data><Data Name='Product'>Google Chrome</Data><Data Name='Company'>Google LLC</Data><Data Name='OriginalFileName'>chrome.exe</Data><Data Name='CommandLine'>"C:\Program Files\Google\Chrome\Application\chrome.exe" </Data><Data Name='CurrentDirectory'>C:\Program Files\Google\Chrome\Application\</Data><Data Name='User'>THINKPAD-WIN10\smith</Data><Data Name='LogonGuid'>{1255fde1-90a0-643f-d9c3-020000000000}</Data><Data Name='LogonId'>0x2c3d9</Data><Data Name='TerminalSessionId'>1</Data><Data Name='IntegrityLevel'>Medium</Data><Data Name='Hashes'>MD5=43A43C601F1B1584CDCFC1452CDCB165,SHA256=C0C9B49DFDFEB829001924231ED9A1CDAF1C239CFB5F0810E2367DD2959A9F0E,IMPHASH=7EB2BE60FBEDE4E53B219E57D79B88B0</Data><Data Name='ParentProcessGuid'>{1255fde1-90be-643f-9300-00000000ee00}</Data><Data Name='ParentProcessId'>7828</Data><Data Name='ParentImage'>C:\Windows\explorer.exe</Data><Data Name='ParentCommandLine'>C:\Windows\Explorer.EXE</Data><Data Name='ParentUser'>THINKPAD-WIN10\smith</Data></EventData></Event><Event xmlns='http://schemas.microsoft.com/win/2004/08/events/event'><System><Provider Name='Microsoft-Windows-Sysmon' Guid='{5770385f-c22a-43e0-bf4c-06f5698ffbd9}'/><EventID>13</EventID><Version>2</Version><Level>4</Level><Task>13</Task><Opcode>0</Opcode><Keywords>0x8000000000000000</Keywords><TimeCreated SystemTime='2023-04-19T09:41:32.0639578Z'/><EventRecordID>4890</EventRecordID><Correlation/><Execution ProcessID='9012' ThreadID='1992'/><Channel>Microsoft-Windows-Sysmon/Operational</Channel><Computer>ThinkPad-Win10</Computer><Security UserID='S-1-5-18'/></System><EventData><Data Name='RuleName'>InvDB</Data><Data Name='EventType'>SetValue</Data><Data Name='UtcTime'>2023-04-19 09:41:32.063</Data><Data Name='ProcessGuid'>{1255fde1-959a-643f-2202-00000000ee00}</Data><Data Name='ProcessId'>4944</Data><Data Name='Image'>C:\Windows\system32\svchost.exe</Data><Data Name='TargetObject'>HKU\S-1-5-21-3737481589-311315860-1775043708-1000\SOFTWARE\Microsoft\Windows NT\CurrentVersion\AppCompatFlags\Compatibility Assistant\Store\C:\Users\smith\Desktop\Emergency Response\SysmonView.exe</Data><Data Name='Details'>Binary Data</Data><Data Name='User'>NT AUTHORITY\SYSTEM</Data></EventData></Event><Event xmlns='http://schemas.microsoft.com/win/2004/08/events/event'><System><Provider Name='Microsoft-Windows-Sysmon' Guid='{5770385f-c22a-43e0-bf4c-06f5698ffbd9}'/><EventID>5</EventID><Version>3</Version><Level>4</Level><Task>5</Task><Opcode>0</Opcode><Keywords>0x8000000000000000</Keywords><TimeCreated SystemTime='2023-04-19T09:41:30.0751837Z'/><EventRecordID>4889</EventRecordID><Correlation/><Execution ProcessID='9012' ThreadID='1992'/><Channel>Microsoft-Windows-Sysmon/Operational</Channel><Computer>ThinkPad-Win10</Computer><Security UserID='S-1-5-18'/></System><EventData><Data Name='RuleName'>-</Data><Data Name='UtcTime'>2023-04-19 09:41:30.062</Data><Data Name='ProcessGuid'>{1255fde1-b72c-643f-b602-00000000ee00}</Data><Data Name='ProcessId'>2948</Data><Data Name='Image'>C:\Users\smith\Desktop\Emergency Response\SysmonView.exe</Data><Data Name='User'>THINKPAD-WIN10\smith</Data></EventData></Event><Event xmlns='http://schemas.microsoft.com/win/2004/08/events/event'><System><Provider Name='Microsoft-Windows-Sysmon' Guid='{5770385f-c22a-43e0-bf4c-06f5698ffbd9}'/><EventID>2</EventID><Version>5</Version><Level>4</Level><Task>2</Task><Opcode>0</Opcode><Keywords>0x8000000000000000</Keywords><TimeCreated SystemTime='2023-04-19T09:41:10.1708505Z'/><EventRecordID>4888</EventRecordID><Correlation/><Execution ProcessID='9012' ThreadID='1992'/><Channel>Microsoft-Windows-Sysmon/Operational</Channel><Computer>ThinkPad-Win10</Computer><Security UserID='S-1-5-18'/></System><EventData><Data Name='RuleName'>T1099</Data><Data Name='UtcTime'>2023-04-19 09:41:10.169</Data><Data Name='ProcessGuid'>{1255fde1-b72c-643f-b602-00000000ee00}</Data><Data Name='ProcessId'>2948</Data><Data Name='Image'>C:\Users\smith\Desktop\Emergency Response\SysmonView.exe</Data><Data Name='TargetFilename'>C:\Users\smith\AppData\Local\Microsoft\Windows\Explorer\iconcache_custom_stream.db</Data><Data Name='CreationUtcTime'>2023-01-28 06:56:53.024</Data><Data Name='PreviousCreationUtcTime'>2023-01-28 06:56:53.024</Data><Data Name='User'>THINKPAD-WIN10\smith</Data></EventData></Event><Event xmlns='http://schemas.microsoft.com/win/2004/08/events/event'><System><Provider Name='Microsoft-Windows-Sysmon' Guid='{5770385f-c22a-43e0-bf4c-06f5698ffbd9}'/><EventID>2</EventID><Version>5</Version><Level>4</Level><Task>2</Task><Opcode>0</Opcode><Keywords>0x8000000000000000</Keywords><TimeCreated SystemTime='2023-04-19T09:41:10.1701305Z'/><EventRecordID>4887</EventRecordID><Correlation/><Execution ProcessID='9012' ThreadID='1992'/><Channel>Microsoft-Windows-Sysmon/Operational</Channel><Computer>ThinkPad-Win10</Computer><Security UserID='S-1-5-18'/></System><EventData><Data Name='RuleName'>T1099</Data><Data Name='UtcTime'>2023-04-19 09:41:10.169</Data><Data Name='ProcessGuid'>{1255fde1-b72c-643f-b602-00000000ee00}</Data><Data Name='ProcessId'>2948</Data><Data Name='Image'>C:\Users\smith\Desktop\Emergency Response\SysmonView.exe</Data><Data Name='TargetFilename'>C:\Users\smith\AppData\Local\Microsoft\Windows\Explorer\iconcache_wide_alternate.db</Data><Data Name='CreationUtcTime'>2023-01-28 06:56:53.024</Data><Data Name='PreviousCreationUtcTime'>2023-01-28 06:56:53.024</Data><Data Name='User'>THINKPAD-WIN10\smith</Data></EventData></Event><Event xmlns='http://schemas.microsoft.com/win/2004/08/events/event'><System><Provider Name='Microsoft-Windows-Sysmon' Guid='{5770385f-c22a-43e0-bf4c-06f5698ffbd9}'/><EventID>2</EventID><Version>5</Version><Level>4</Level><Task>2</Task><Opcode>0</Opcode><Keywords>0x8000000000000000</Keywords><TimeCreated SystemTime='2023-04-19T09:41:10.1693369Z'/><EventRecordID>4886</EventRecordID><Correlation/><Execution ProcessID='9012' ThreadID='1992'/><Channel>Microsoft-Windows-Sysmon/Operational</Channel><Computer>ThinkPad-Win10</Computer><Security UserID='S-1-5-18'/></System><EventData><Data Name='RuleName'>T1099</Data><Data Name='UtcTime'>2023-04-19 09:41:10.168</Data><Data Name='ProcessGuid'>{1255fde1-b72c-643f-b602-00000000ee00}</Data><Data Name='ProcessId'>2948</Data><Data Name='Image'>C:\Users\smith\Desktop\Emergency Response\SysmonView.exe</Data><Data Name='TargetFilename'>C:\Users\smith\AppData\Local\Microsoft\Windows\Explorer\iconcache_exif.db</Data><Data Name='CreationUtcTime'>2023-01-28 06:56:53.024</Data><Data Name='PreviousCreationUtcTime'>2023-01-28 06:56:53.024</Data><Data Name='User'>THINKPAD-WIN10\smith</Data></EventData></Event><Event xmlns='http://schemas.microsoft.com/win/2004/08/events/event'><System><Provider Name='Microsoft-Windows-Sysmon' Guid='{5770385f-c22a-43e0-bf4c-06f5698ffbd9}'/><EventID>2</EventID><Version>5</Version><Level>4</Level><Task>2</Task><Opcode>0</Opcode><Keywords>0x8000000000000000</Keywords><TimeCreated SystemTime='2023-04-19T09:41:10.1685456Z'/><EventRecordID>4885</EventRecordID><Correlation/><Execution ProcessID='9012' ThreadID='1992'/><Channel>Microsoft-Windows-Sysmon/Operational</Channel><Computer>ThinkPad-Win10</Computer><Security UserID='S-1-5-18'/></System><EventData><Data Name='RuleName'>T1099</Data><Data Name='UtcTime'>2023-04-19 09:41:10.167</Data><Data Name='ProcessGuid'>{1255fde1-b72c-643f-b602-00000000ee00}</Data><Data Name='ProcessId'>2948</Data><Data Name='Image'>C:\Users\smith\Desktop\Emergency Response\SysmonView.exe</Data><Data Name='TargetFilename'>C:\Users\smith\AppData\Local\Microsoft\Windows\Explorer\iconcache_wide.db</Data><Data Name='CreationUtcTime'>2023-01-28 06:56:53.024</Data><Data Name='PreviousCreationUtcTime'>2023-01-28 06:56:53.024</Data><Data Name='User'>THINKPAD-WIN10\smith</Data></EventData></Event><Event xmlns='http://schemas.microsoft.com/win/2004/08/events/event'><System><Provider Name='Microsoft-Windows-Sysmon' Guid='{5770385f-c22a-43e0-bf4c-06f5698ffbd9}'/><EventID>2</EventID><Version>5</Version><Level>4</Level><Task>2</Task><Opcode>0</Opcode><Keywords>0x8000000000000000</Keywords><TimeCreated SystemTime='2023-04-19T09:41:10.1678363Z'/><EventRecordID>4884</EventRecordID><Correlation/><Execution ProcessID='9012' ThreadID='1992'/><Channel>Microsoft-Windows-Sysmon/Operational</Channel><Computer>ThinkPad-Win10</Computer><Security UserID='S-1-5-18'/></System><EventData><Data Name='RuleName'>T1099</Data><Data Name='UtcTime'>2023-04-19 09:41:10.166</Data><Data Name='ProcessGuid'>{1255fde1-b72c-643f-b602-00000000ee00}</Data><Data Name='ProcessId'>2948</Data><Data Name='Image'>C:\Users\smith\Desktop\Emergency Response\SysmonView.exe</Data><Data Name='TargetFilename'>C:\Users\smith\AppData\Local\Microsoft\Windows\Explorer\iconcache_sr.db</Data><Data Name='CreationUtcTime'>2023-01-28 06:56:53.024</Data><Data Name='PreviousCreationUtcTime'>2023-01-28 06:56:53.024</Data><Data Name='User'>THINKPAD-WIN10\smith</Data></EventData></Event><Event xmlns='http://schemas.microsoft.com/win/2004/08/events/event'><System><Provider Name='Microsoft-Windows-Sysmon' Guid='{5770385f-c22a-43e0-bf4c-06f5698ffbd9}'/><EventID>2</EventID><Version>5</Version><Level>4</Level><Task>2</Task><Opcode>0</Opcode><Keywords>0x8000000000000000</Keywords><TimeCreated SystemTime='2023-04-19T09:41:10.1671290Z'/><EventRecordID>4883</EventRecordID><Correlation/><Execution ProcessID='9012' ThreadID='1992'/><Channel>Microsoft-Windows-Sysmon/Operational</Channel><Computer>ThinkPad-Win10</Computer><Security UserID='S-1-5-18'/></System><EventData><Data Name='RuleName'>T1099</Data><Data Name='UtcTime'>2023-04-19 09:41:10.166</Data><Data Name='ProcessGuid'>{1255fde1-b72c-643f-b602-00000000ee00}</Data><Data Name='ProcessId'>2948</Data><Data Name='Image'>C:\Users\smith\Desktop\Emergency Response\SysmonView.exe</Data><Data Name='TargetFilename'>C:\Users\smith\AppData\Local\Microsoft\Windows\Explorer\iconcache_2560.db</Data><Data Name='CreationUtcTime'>2023-01-28 06:56:53.009</Data><Data Name='PreviousCreationUtcTime'>2023-01-28 06:56:53.009</Data><Data Name='User'>THINKPAD-WIN10\smith</Data></EventData></Event><Event xmlns='http://schemas.microsoft.com/win/2004/08/events/event'><System><Provider Name='Microsoft-Windows-Sysmon' Guid='{5770385f-c22a-43e0-bf4c-06f5698ffbd9}'/><EventID>2</EventID><Version>5</Version><Level>4</Level><Task>2</Task><Opcode>0</Opcode><Keywords>0x8000000000000000</Keywords><TimeCreated SystemTime='2023-04-19T09:41:10.1658538Z'/><EventRecordID>4882</EventRecordID><Correlation/><Execution ProcessID='9012' ThreadID='1992'/><Channel>Microsoft-Windows-Sysmon/Operational</Channel><Computer>ThinkPad-Win10</Computer><Security UserID='S-1-5-18'/></System><EventData><Data Name='RuleName'>T1099</Data><Data Name='UtcTime'>2023-04-19 09:41:10.164</Data><Data Name='ProcessGuid'>{1255fde1-b72c-643f-b602-00000000ee00}</Data><Data Name='ProcessId'>2948</Data><Data Name='Image'>C:\Users\smith\Desktop\Emergency Response\SysmonView.exe</Data><Data Name='TargetFilename'>C:\Users\smith\AppData\Local\Microsoft\Windows\Explorer\iconcache_1920.db</Data><Data Name='CreationUtcTime'>2023-01-28 06:56:52.995</Data><Data Name='PreviousCreationUtcTime'>2023-01-28 06:56:52.995</Data><Data Name='User'>THINKPAD-WIN10\smith</Data></EventData></Event><Event xmlns='http://schemas.microsoft.com/win/2004/08/events/event'><System><Provider Name='Microsoft-Windows-Sysmon' Guid='{5770385f-c22a-43e0-bf4c-06f5698ffbd9}'/><EventID>2</EventID><Version>5</Version><Level>4</Level><Task>2</Task><Opcode>0</Opcode><Keywords>0x8000000000000000</Keywords><TimeCreated SystemTime='2023-04-19T09:41:10.1651565Z'/><EventRecordID>4881</EventRecordID><Correlation/><Execution ProcessID='9012' ThreadID='1992'/><Channel>Microsoft-Windows-Sysmon/Operational</Channel><Computer>ThinkPad-Win10</Computer><Security UserID='S-1-5-18'/></System><EventData><Data Name='RuleName'>T1099</Data><Data Name='UtcTime'>2023-04-19 09:41:10.164</Data><Data Name='ProcessGuid'>{1255fde1-b72c-643f-b602-00000000ee00}</Data><Data Name='ProcessId'>2948</Data><Data Name='Image'>C:\Users\smith\Desktop\Emergency Response\SysmonView.exe</Data><Data Name='TargetFilename'>C:\Users\smith\AppData\Local\Microsoft\Windows\Explorer\iconcache_1280.db</Data><Data Name='CreationUtcTime'>2023-01-28 06:56:52.995</Data><Data Name='PreviousCreationUtcTime'>2023-01-28 06:56:52.995</Data><Data Name='User'>THINKPAD-WIN10\smith</Data></EventData></Event><Event xmlns='http://schemas.microsoft.com/win/2004/08/events/event'><System><Provider Name='Microsoft-Windows-Sysmon' Guid='{5770385f-c22a-43e0-bf4c-06f5698ffbd9}'/><EventID>2</EventID><Version>5</Version><Level>4</Level><Task>2</Task><Opcode>0</Opcode><Keywords>0x8000000000000000</Keywords><TimeCreated SystemTime='2023-04-19T09:41:10.1643707Z'/><EventRecordID>4880</EventRecordID><Correlation/><Execution ProcessID='9012' ThreadID='1992'/><Channel>Microsoft-Windows-Sysmon/Operational</Channel><Computer>ThinkPad-Win10</Computer><Security UserID='S-1-5-18'/></System><EventData><Data Name='RuleName'>T1099</Data><Data Name='UtcTime'>2023-04-19 09:41:10.163</Data><Data Name='ProcessGuid'>{1255fde1-b72c-643f-b602-00000000ee00}</Data><Data Name='ProcessId'>2948</Data><Data Name='Image'>C:\Users\smith\Desktop\Emergency Response\SysmonView.exe</Data><Data Name='TargetFilename'>C:\Users\smith\AppData\Local\Microsoft\Windows\Explorer\iconcache_768.db</Data><Data Name='CreationUtcTime'>2023-01-28 06:56:52.995</Data><Data Name='PreviousCreationUtcTime'>2023-01-28 06:56:52.995</Data><Data Name='User'>THINKPAD-WIN10\smith</Data></EventData></Event><Event xmlns='http://schemas.microsoft.com/win/2004/08/events/event'><System><Provider Name='Microsoft-Windows-Sysmon' Guid='{5770385f-c22a-43e0-bf4c-06f5698ffbd9}'/><EventID>2</EventID><Version>5</Version><Level>4</Level><Task>2</Task><Opcode>0</Opcode><Keywords>0x8000000000000000</Keywords><TimeCreated SystemTime='2023-04-19T09:41:10.1636998Z'/><EventRecordID>4879</EventRecordID><Correlation/><Execution ProcessID='9012' ThreadID='1992'/><Channel>Microsoft-Windows-Sysmon/Operational</Channel><Computer>ThinkPad-Win10</Computer><Security UserID='S-1-5-18'/></System><EventData><Data Name='RuleName'>T1099</Data><Data Name='UtcTime'>2023-04-19 09:41:10.162</Data><Data Name='ProcessGuid'>{1255fde1-b72c-643f-b602-00000000ee00}</Data><Data Name='ProcessId'>2948</Data><Data Name='Image'>C:\Users\smith\Desktop\Emergency Response\SysmonView.exe</Data><Data Name='TargetFilename'>C:\Users\smith\AppData\Local\Microsoft\Windows\Explorer\iconcache_256.db</Data><Data Name='CreationUtcTime'>2023-01-28 06:56:52.995</Data><Data Name='PreviousCreationUtcTime'>2023-01-28 06:56:52.995</Data><Data Name='User'>THINKPAD-WIN10\smith</Data></EventData></Event><Event xmlns='http://schemas.microsoft.com/win/2004/08/events/event'><System><Provider Name='Microsoft-Windows-Sysmon' Guid='{5770385f-c22a-43e0-bf4c-06f5698ffbd9}'/><EventID>2</EventID><Version>5</Version><Level>4</Level><Task>2</Task><Opcode>0</Opcode><Keywords>0x8000000000000000</Keywords><TimeCreated SystemTime='2023-04-19T09:41:10.1621066Z'/><EventRecordID>4878</EventRecordID><Correlation/><Execution ProcessID='9012' ThreadID='1992'/><Channel>Microsoft-Windows-Sysmon/Operational</Channel><Computer>ThinkPad-Win10</Computer><Security UserID='S-1-5-18'/></System><EventData><Data Name='RuleName'>T1099</Data><Data Name='UtcTime'>2023-04-19 09:41:10.161</Data><Data Name='ProcessGuid'>{1255fde1-b72c-643f-b602-00000000ee00}</Data><Data Name='ProcessId'>2948</Data><Data Name='Image'>C:\Users\smith\Desktop\Emergency Response\SysmonView.exe</Data><Data Name='TargetFilename'>C:\Users\smith\AppData\Local\Microsoft\Windows\Explorer\iconcache_96.db</Data><Data Name='CreationUtcTime'>2023-01-28 06:56:52.978</Data><Data Name='PreviousCreationUtcTime'>2023-01-28 06:56:52.978</Data><Data Name='User'>THINKPAD-WIN10\smith</Data></EventData></Event><Event xmlns='http://schemas.microsoft.com/win/2004/08/events/event'><System><Provider Name='Microsoft-Windows-Sysmon' Guid='{5770385f-c22a-43e0-bf4c-06f5698ffbd9}'/><EventID>2</EventID><Version>5</Version><Level>4</Level><Task>2</Task><Opcode>0</Opcode><Keywords>0x8000000000000000</Keywords><TimeCreated SystemTime='2023-04-19T09:41:10.1614042Z'/><EventRecordID>4877</EventRecordID><Correlation/><Execution ProcessID='9012' ThreadID='1992'/><Channel>Microsoft-Windows-Sysmon/Operational</Channel><Computer>ThinkPad-Win10</Computer><Security UserID='S-1-5-18'/></System><EventData><Data Name='RuleName'>T1099</Data><Data Name='UtcTime'>2023-04-19 09:41:10.160</Data><Data Name='ProcessGuid'>{1255fde1-b72c-643f-b602-00000000ee00}</Data><Data Name='ProcessId'>2948</Data><Data Name='Image'>C:\Users\smith\Desktop\Emergency Response\SysmonView.exe</Data><Data Name='TargetFilename'>C:\Users\smith\AppData\Local\Microsoft\Windows\Explorer\iconcache_48.db</Data><Data Name='CreationUtcTime'>2023-01-28 06:56:52.978</Data><Data Name='PreviousCreationUtcTime'>2023-01-28 06:56:52.978</Data><Data Name='User'>THINKPAD-WIN10\smith</Data></EventData></Event><Event xmlns='http://schemas.microsoft.com/win/2004/08/events/event'><System><Provider Name='Microsoft-Windows-Sysmon' Guid='{5770385f-c22a-43e0-bf4c-06f5698ffbd9}'/><EventID>2</EventID><Version>5</Version><Level>4</Level><Task>2</Task><Opcode>0</Opcode><Keywords>0x8000000000000000</Keywords><TimeCreated SystemTime='2023-04-19T09:41:10.1607052Z'/><EventRecordID>4876</EventRecordID><Correlation/><Execution ProcessID='9012' ThreadID='1992'/><Channel>Microsoft-Windows-Sysmon/Operational</Channel><Computer>ThinkPad-Win10</Computer><Security UserID='S-1-5-18'/></System><EventData><Data Name='RuleName'>T1099</Data><Data Name='UtcTime'>2023-04-19 09:41:10.159</Data><Data Name='ProcessGuid'>{1255fde1-b72c-643f-b602-00000000ee00}</Data><Data Name='ProcessId'>2948</Data><Data Name='Image'>C:\Users\smith\Desktop\Emergency Response\SysmonView.exe</Data><Data Name='TargetFilename'>C:\Users\smith\AppData\Local\Microsoft\Windows\Explorer\iconcache_32.db</Data><Data Name='CreationUtcTime'>2021-11-24 05:52:57.419</Data><Data Name='PreviousCreationUtcTime'>2021-11-24 05:52:57.419</Data><Data Name='User'>THINKPAD-WIN10\smith</Data></EventData></Event><Event xmlns='http://schemas.microsoft.com/win/2004/08/events/event'><System><Provider Name='Microsoft-Windows-Sysmon' Guid='{5770385f-c22a-43e0-bf4c-06f5698ffbd9}'/><EventID>2</EventID><Version>5</Version><Level>4</Level><Task>2</Task><Opcode>0</Opcode><Keywords>0x8000000000000000</Keywords><TimeCreated SystemTime='2023-04-19T09:41:10.1599891Z'/><EventRecordID>4875</EventRecordID><Correlation/><Execution ProcessID='9012' ThreadID='1992'/><Channel>Microsoft-Windows-Sysmon/Operational</Channel><Computer>ThinkPad-Win10</Computer><Security UserID='S-1-5-18'/></System><EventData><Data Name='RuleName'>T1099</Data><Data Name='UtcTime'>2023-04-19 09:41:10.159</Data><Data Name='ProcessGuid'>{1255fde1-b72c-643f-b602-00000000ee00}</Data><Data Name='ProcessId'>2948</Data><Data Name='Image'>C:\Users\smith\Desktop\Emergency Response\SysmonView.exe</Data><Data Name='TargetFilename'>C:\Users\smith\AppData\Local\Microsoft\Windows\Explorer\iconcache_16.db</Data><Data Name='CreationUtcTime'>2021-11-24 05:52:57.419</Data><Data Name='PreviousCreationUtcTime'>2021-11-24 05:52:57.419</Data><Data Name='User'>THINKPAD-WIN10\smith</Data></EventData></Event>