<Event xmlns='http://schemas.microsoft.com/win/2004/08/events/event'><System><Provider Name='Microsoft-Windows-Sysmon' Guid='{5770385f-c22a-43e0-bf4c-06f5698ffbd9}'/><EventID>10</EventID><Version>3</Version><Level>4</Level><Task>10</Task><Opcode>0</Opcode><Keywords>0x8000000000000000</Keywords><TimeCreated SystemTime='2023-04-19T09:10:54.6048275Z'/><EventRecordID>3971</EventRecordID><Correlation/><Execution ProcessID='3388' ThreadID='5444'/><Channel>Microsoft-Windows-Sysmon/Operational</Channel><Computer>ThinkPad-Win10</Computer><Security UserID='S-1-5-18'/></System><EventData><Data Name='RuleName'>-</Data><Data Name='UtcTime'>2023-04-19 09:10:54.604</Data><Data Name='SourceProcessGUID'>{1255fde1-90a2-643f-6700-00000000ee00}</Data><Data Name='SourceProcessId'>4620</Data><Data Name='SourceThreadId'>9028</Data><Data Name='SourceImage'>C:\Program Files\Parallels\Parallels Tools\Services\prl_tools.exe</Data><Data Name='TargetProcessGUID'>{1255fde1-affd-643f-7a02-00000000ee00}</Data><Data Name='TargetProcessId'>6136</Data><Data Name='TargetImage'>C:\Users\smith\Desktop\Emergency Response\SysmonView.exe</Data><Data Name='GrantedAccess'>0x1410</Data><Data Name='CallTrace'>C:\Windows\SYSTEM32\ntdll.dll+9d524|C:\Windows\System32\KERNELBASE.dll+3053e|C:\Program Files\Parallels\Parallels Tools\Services\Plugins\UserInputEmulation.dll+d8ae|C:\Program Files\Parallels\Parallels Tools\Services\Plugins\UserInputEmulation.dll+e623|C:\Program Files\Parallels\Parallels Tools\Services\Plugins\UserInputEmulation.dll+e3d8|C:\Program Files\Parallels\Parallels Tools\Services\Plugins\UserInputEmulation.dll+eafe|C:\Windows\System32\msvcrt.dll+3af5a|C:\Windows\System32\msvcrt.dll+3b02c|C:\Windows\System32\KERNEL32.DLL+17604|C:\Windows\SYSTEM32\ntdll.dll+526a1</Data><Data Name='SourceUser'>NT AUTHORITY\SYSTEM</Data><Data Name='TargetUser'>THINKPAD-WIN10\smith</Data></EventData></Event><Event xmlns='http://schemas.microsoft.com/win/2004/08/events/event'><System><Provider Name='Microsoft-Windows-Sysmon' Guid='{5770385f-c22a-43e0-bf4c-06f5698ffbd9}'/><EventID>10</EventID><Version>3</Version><Level>4</Level><Task>10</Task><Opcode>0</Opcode><Keywords>0x8000000000000000</Keywords><TimeCreated SystemTime='2023-04-19T09:10:54.5889241Z'/><EventRecordID>3970</EventRecordID><Correlation/><Execution ProcessID='3388' ThreadID='5444'/><Channel>Microsoft-Windows-Sysmon/Operational</Channel><Computer>ThinkPad-Win10</Computer><Security UserID='S-1-5-18'/></System><EventData><Data Name='RuleName'>-</Data><Data Name='UtcTime'>2023-04-19 09:10:54.588</Data><Data Name='SourceProcessGUID'>{1255fde1-90a2-643f-6700-00000000ee00}</Data><Data Name='SourceProcessId'>4620</Data><Data Name='SourceThreadId'>9028</Data><Data Name='SourceImage'>C:\Program Files\Parallels\Parallels Tools\Services\prl_tools.exe</Data><Data Name='TargetProcessGUID'>{1255fde1-affd-643f-7a02-00000000ee00}</Data><Data Name='TargetProcessId'>6136</Data><Data Name='TargetImage'>C:\Users\smith\Desktop\Emergency Response\SysmonView.exe</Data><Data Name='GrantedAccess'>0x1410</Data><Data Name='CallTrace'>C:\Windows\SYSTEM32\ntdll.dll+9d524|C:\Windows\System32\KERNELBASE.dll+3053e|C:\Program Files\Parallels\Parallels Tools\Services\Plugins\UserInputEmulation.dll+d8ae|C:\Program Files\Parallels\Parallels Tools\Services\Plugins\UserInputEmulation.dll+e623|C:\Program Files\Parallels\Parallels Tools\Services\Plugins\UserInputEmulation.dll+e3d8|C:\Program Files\Parallels\Parallels Tools\Services\Plugins\UserInputEmulation.dll+eafe|C:\Windows\System32\msvcrt.dll+3af5a|C:\Windows\System32\msvcrt.dll+3b02c|C:\Windows\System32\KERNEL32.DLL+17604|C:\Windows\SYSTEM32\ntdll.dll+526a1</Data><Data Name='SourceUser'>NT AUTHORITY\SYSTEM</Data><Data Name='TargetUser'>THINKPAD-WIN10\smith</Data></EventData></Event><Event xmlns='http://schemas.microsoft.com/win/2004/08/events/event'><System><Provider Name='Microsoft-Windows-Sysmon' Guid='{5770385f-c22a-43e0-bf4c-06f5698ffbd9}'/><EventID>10</EventID><Version>3</Version><Level>4</Level><Task>10</Task><Opcode>0</Opcode><Keywords>0x8000000000000000</Keywords><TimeCreated SystemTime='2023-04-19T09:10:54.5880765Z'/><EventRecordID>3969</EventRecordID><Correlation/><Execution ProcessID='3388' ThreadID='5444'/><Channel>Microsoft-Windows-Sysmon/Operational</Channel><Computer>ThinkPad-Win10</Computer><Security UserID='S-1-5-18'/></System><EventData><Data Name='RuleName'>-</Data><Data Name='UtcTime'>2023-04-19 09:10:54.587</Data><Data Name='SourceProcessGUID'>{1255fde1-90a2-643f-6700-00000000ee00}</Data><Data Name='SourceProcessId'>4620</Data><Data Name='SourceThreadId'>9028</Data><Data Name='SourceImage'>C:\Program Files\Parallels\Parallels Tools\Services\prl_tools.exe</Data><Data Name='TargetProcessGUID'>{1255fde1-affd-643f-7a02-00000000ee00}</Data><Data Name='TargetProcessId'>6136</Data><Data Name='TargetImage'>C:\Users\smith\Desktop\Emergency Response\SysmonView.exe</Data><Data Name='GrantedAccess'>0x1410</Data><Data Name='CallTrace'>C:\Windows\SYSTEM32\ntdll.dll+9d524|C:\Windows\System32\KERNELBASE.dll+3053e|C:\Program Files\Parallels\Parallels Tools\Services\Plugins\UserInputEmulation.dll+d8ae|C:\Program Files\Parallels\Parallels Tools\Services\Plugins\UserInputEmulation.dll+e623|C:\Program Files\Parallels\Parallels Tools\Services\Plugins\UserInputEmulation.dll+e3d8|C:\Program Files\Parallels\Parallels Tools\Services\Plugins\UserInputEmulation.dll+eafe|C:\Windows\System32\msvcrt.dll+3af5a|C:\Windows\System32\msvcrt.dll+3b02c|C:\Windows\System32\KERNEL32.DLL+17604|C:\Windows\SYSTEM32\ntdll.dll+526a1</Data><Data Name='SourceUser'>NT AUTHORITY\SYSTEM</Data><Data Name='TargetUser'>THINKPAD-WIN10\smith</Data></EventData></Event><Event xmlns='http://schemas.microsoft.com/win/2004/08/events/event'><System><Provider Name='Microsoft-Windows-Sysmon' Guid='{5770385f-c22a-43e0-bf4c-06f5698ffbd9}'/><EventID>10</EventID><Version>3</Version><Level>4</Level><Task>10</Task><Opcode>0</Opcode><Keywords>0x8000000000000000</Keywords><TimeCreated SystemTime='2023-04-19T09:10:52.3807476Z'/><EventRecordID>3968</EventRecordID><Correlation/><Execution ProcessID='3388' ThreadID='5444'/><Channel>Microsoft-Windows-Sysmon/Operational</Channel><Computer>ThinkPad-Win10</Computer><Security UserID='S-1-5-18'/></System><EventData><Data Name='RuleName'>-</Data><Data Name='UtcTime'>2023-04-19 09:10:52.380</Data><Data Name='SourceProcessGUID'>{1255fde1-909e-643f-3f00-00000000ee00}</Data><Data Name='SourceProcessId'>2580</Data><Data Name='SourceThreadId'>2968</Data><Data Name='SourceImage'>C:\Windows\system32\svchost.exe</Data><Data Name='TargetProcessGUID'>{1255fde1-affd-643f-7a02-00000000ee00}</Data><Data Name='TargetProcessId'>6136</Data><Data Name='TargetImage'>C:\Users\smith\Desktop\Emergency Response\SysmonView.exe</Data><Data Name='GrantedAccess'>0x3000</Data><Data Name='CallTrace'>C:\Windows\SYSTEM32\ntdll.dll+9d524|C:\Windows\System32\KERNELBASE.dll+3053e|c:\windows\system32\sysmain.dll+4737d|c:\windows\system32\sysmain.dll+471fc|c:\windows\system32\sysmain.dll+2a6d4|c:\windows\system32\sysmain.dll+2a331|c:\windows\system32\sysmain.dll+66cf1|c:\windows\system32\sysmain.dll+7b59e|c:\windows\system32\sysmain.dll+67ecf|C:\Windows\system32\svchost.exe+4340|C:\Windows\System32\sechost.dll+dfd8|C:\Windows\System32\KERNEL32.DLL+17604|C:\Windows\SYSTEM32\ntdll.dll+526a1</Data><Data Name='SourceUser'>NT AUTHORITY\SYSTEM</Data><Data Name='TargetUser'>THINKPAD-WIN10\smith</Data></EventData></Event><Event xmlns='http://schemas.microsoft.com/win/2004/08/events/event'><System><Provider Name='Microsoft-Windows-Sysmon' Guid='{5770385f-c22a-43e0-bf4c-06f5698ffbd9}'/><EventID>10</EventID><Version>3</Version><Level>4</Level><Task>10</Task><Opcode>0</Opcode><Keywords>0x8000000000000000</Keywords><TimeCreated SystemTime='2023-04-19T09:10:51.0777108Z'/><EventRecordID>3967</EventRecordID><Correlation/><Execution ProcessID='3388' ThreadID='5444'/><Channel>Microsoft-Windows-Sysmon/Operational</Channel><Computer>ThinkPad-Win10</Computer><Security UserID='S-1-5-18'/></System><EventData><Data Name='RuleName'>-</Data><Data Name='UtcTime'>2023-04-19 09:10:51.076</Data><Data Name='SourceProcessGUID'>{1255fde1-90bc-643f-8c00-00000000ee00}</Data><Data Name='SourceProcessId'>2228</Data><Data Name='SourceThreadId'>7188</Data><Data Name='SourceImage'>C:\Program Files (x86)\Huorong\Sysdiag\bin\PopBlock.exe</Data><Data Name='TargetProcessGUID'>{1255fde1-affd-643f-7a02-00000000ee00}</Data><Data Name='TargetProcessId'>6136</Data><Data Name='TargetImage'>C:\Users\smith\Desktop\Emergency Response\SysmonView.exe</Data><Data Name='GrantedAccess'>0x1410</Data><Data Name='CallTrace'>C:\Windows\SYSTEM32\ntdll.dll+9d524|C:\Windows\System32\wow64.dll+10955|C:\Windows\System32\wow64.dll+901a|C:\Windows\System32\wow64cpu.dll+17c3|C:\Windows\System32\wow64cpu.dll+11b9|C:\Windows\System32\wow64.dll+38c9|C:\Windows\System32\wow64.dll+32bd|C:\Windows\SYSTEM32\ntdll.dll+75089|C:\Windows\SYSTEM32\ntdll.dll+74c73|C:\Windows\SYSTEM32\ntdll.dll+74c1e|C:\Windows\SYSTEM32\ntdll.dll+72d1c(wow64)|C:\Windows\System32\KERNELBASE.dll+112bc8(wow64)|C:\Program Files (x86)\Huorong\Sysdiag\bin\POPBLKENG.dll+18730(wow64)|C:\Program Files (x86)\Huorong\Sysdiag\bin\POPBLKENG.dll+7572(wow64)|C:\Program Files (x86)\Huorong\Sysdiag\bin\POPBLKENG.dll+7cf0(wow64)|C:\Program Files (x86)\Huorong\Sysdiag\bin\POPBLKENG.dll+7426(wow64)|C:\Windows\System32\KERNEL32.DLL+20099(wow64)|C:\Windows\SYSTEM32\ntdll.dll+67b6e(wow64)|C:\Windows\SYSTEM32\ntdll.dll+67b3e(wow64)</Data><Data Name='SourceUser'>THINKPAD-WIN10\smith</Data><Data Name='TargetUser'>THINKPAD-WIN10\smith</Data></EventData></Event><Event xmlns='http://schemas.microsoft.com/win/2004/08/events/event'><System><Provider Name='Microsoft-Windows-Sysmon' Guid='{5770385f-c22a-43e0-bf4c-06f5698ffbd9}'/><EventID>10</EventID><Version>3</Version><Level>4</Level><Task>10</Task><Opcode>0</Opcode><Keywords>0x8000000000000000</Keywords><TimeCreated SystemTime='2023-04-19T09:10:45.9862643Z'/><EventRecordID>3966</EventRecordID><Correlation/><Execution ProcessID='3388' ThreadID='5444'/><Channel>Microsoft-Windows-Sysmon/Operational</Channel><Computer>ThinkPad-Win10</Computer><Security UserID='S-1-5-18'/></System><EventData><Data Name='RuleName'>-</Data><Data Name='UtcTime'>2023-04-19 09:10:45.985</Data><Data Name='SourceProcessGUID'>{1255fde1-90bc-643f-8c00-00000000ee00}</Data><Data Name='SourceProcessId'>2228</Data><Data Name='SourceThreadId'>7188</Data><Data Name='SourceImage'>C:\Program Files (x86)\Huorong\Sysdiag\bin\PopBlock.exe</Data><Data Name='TargetProcessGUID'>{1255fde1-affd-643f-7a02-00000000ee00}</Data><Data Name='TargetProcessId'>6136</Data><Data Name='TargetImage'>C:\Users\smith\Desktop\Emergency Response\SysmonView.exe</Data><Data Name='GrantedAccess'>0x1410</Data><Data Name='CallTrace'>C:\Windows\SYSTEM32\ntdll.dll+9d524|C:\Windows\System32\wow64.dll+10955|C:\Windows\System32\wow64.dll+901a|C:\Windows\System32\wow64cpu.dll+17c3|C:\Windows\System32\wow64cpu.dll+11b9|C:\Windows\System32\wow64.dll+38c9|C:\Windows\System32\wow64.dll+32bd|C:\Windows\SYSTEM32\ntdll.dll+75089|C:\Windows\SYSTEM32\ntdll.dll+74c73|C:\Windows\SYSTEM32\ntdll.dll+74c1e|C:\Windows\SYSTEM32\ntdll.dll+72d1c(wow64)|C:\Windows\System32\KERNELBASE.dll+112bc8(wow64)|C:\Program Files (x86)\Huorong\Sysdiag\bin\POPBLKENG.dll+18730(wow64)|C:\Program Files (x86)\Huorong\Sysdiag\bin\POPBLKENG.dll+7572(wow64)|C:\Program Files (x86)\Huorong\Sysdiag\bin\POPBLKENG.dll+7cf0(wow64)|C:\Program Files (x86)\Huorong\Sysdiag\bin\POPBLKENG.dll+7426(wow64)|C:\Windows\System32\KERNEL32.DLL+20099(wow64)|C:\Windows\SYSTEM32\ntdll.dll+67b6e(wow64)|C:\Windows\SYSTEM32\ntdll.dll+67b3e(wow64)</Data><Data Name='SourceUser'>THINKPAD-WIN10\smith</Data><Data Name='TargetUser'>THINKPAD-WIN10\smith</Data></EventData></Event><Event xmlns='http://schemas.microsoft.com/win/2004/08/events/event'><System><Provider Name='Microsoft-Windows-Sysmon' Guid='{5770385f-c22a-43e0-bf4c-06f5698ffbd9}'/><EventID>10</EventID><Version>3</Version><Level>4</Level><Task>10</Task><Opcode>0</Opcode><Keywords>0x8000000000000000</Keywords><TimeCreated SystemTime='2023-04-19T09:10:45.0774734Z'/><EventRecordID>3965</EventRecordID><Correlation/><Execution ProcessID='3388' ThreadID='5444'/><Channel>Microsoft-Windows-Sysmon/Operational</Channel><Computer>ThinkPad-Win10</Computer><Security UserID='S-1-5-18'/></System><EventData><Data Name='RuleName'>-</Data><Data Name='UtcTime'>2023-04-19 09:10:45.076</Data><Data Name='SourceProcessGUID'>{1255fde1-90be-643f-9300-00000000ee00}</Data><Data Name='SourceProcessId'>7828</Data><Data Name='SourceThreadId'>9040</Data><Data Name='SourceImage'>C:\Windows\Explorer.EXE</Data><Data Name='TargetProcessGUID'>{1255fde1-affd-643f-7a02-00000000ee00}</Data><Data Name='TargetProcessId'>6136</Data><Data Name='TargetImage'>C:\Users\smith\Desktop\Emergency Response\SysmonView.exe</Data><Data Name='GrantedAccess'>0x2000</Data><Data Name='CallTrace'>C:\Windows\SYSTEM32\ntdll.dll+9d524|C:\Windows\System32\KERNELBASE.dll+3053e|C:\Windows\system32\twinui.dll+331cb|C:\Windows\SYSTEM32\ntdll.dll+71719|C:\Windows\SYSTEM32\ntdll.dll+531aa|C:\Windows\System32\KERNEL32.DLL+17604|C:\Windows\SYSTEM32\ntdll.dll+526a1</Data><Data Name='SourceUser'>THINKPAD-WIN10\smith</Data><Data Name='TargetUser'>THINKPAD-WIN10\smith</Data></EventData></Event><Event xmlns='http://schemas.microsoft.com/win/2004/08/events/event'><System><Provider Name='Microsoft-Windows-Sysmon' Guid='{5770385f-c22a-43e0-bf4c-06f5698ffbd9}'/><EventID>10</EventID><Version>3</Version><Level>4</Level><Task>10</Task><Opcode>0</Opcode><Keywords>0x8000000000000000</Keywords><TimeCreated SystemTime='2023-04-19T09:10:42.4718232Z'/><EventRecordID>3964</EventRecordID><Correlation/><Execution ProcessID='3388' ThreadID='5444'/><Channel>Microsoft-Windows-Sysmon/Operational</Channel><Computer>ThinkPad-Win10</Computer><Security UserID='S-1-5-18'/></System><EventData><Data Name='RuleName'>-</Data><Data Name='UtcTime'>2023-04-19 09:10:42.471</Data><Data Name='SourceProcessGUID'>{1255fde1-90a2-643f-6700-00000000ee00}</Data><Data Name='SourceProcessId'>4620</Data><Data Name='SourceThreadId'>9028</Data><Data Name='SourceImage'>C:\Program Files\Parallels\Parallels Tools\Services\prl_tools.exe</Data><Data Name='TargetProcessGUID'>{1255fde1-affd-643f-7a02-00000000ee00}</Data><Data Name='TargetProcessId'>6136</Data><Data Name='TargetImage'>C:\Users\smith\Desktop\Emergency Response\SysmonView.exe</Data><Data Name='GrantedAccess'>0x1410</Data><Data Name='CallTrace'>C:\Windows\SYSTEM32\ntdll.dll+9d524|C:\Windows\System32\KERNELBASE.dll+3053e|C:\Program Files\Parallels\Parallels Tools\Services\Plugins\UserInputEmulation.dll+d8ae|C:\Program Files\Parallels\Parallels Tools\Services\Plugins\UserInputEmulation.dll+e623|C:\Program Files\Parallels\Parallels Tools\Services\Plugins\UserInputEmulation.dll+e3d8|C:\Program Files\Parallels\Parallels Tools\Services\Plugins\UserInputEmulation.dll+eafe|C:\Windows\System32\msvcrt.dll+3af5a|C:\Windows\System32\msvcrt.dll+3b02c|C:\Windows\System32\KERNEL32.DLL+17604|C:\Windows\SYSTEM32\ntdll.dll+526a1</Data><Data Name='SourceUser'>NT AUTHORITY\SYSTEM</Data><Data Name='TargetUser'>THINKPAD-WIN10\smith</Data></EventData></Event><Event xmlns='http://schemas.microsoft.com/win/2004/08/events/event'><System><Provider Name='Microsoft-Windows-Sysmon' Guid='{5770385f-c22a-43e0-bf4c-06f5698ffbd9}'/><EventID>10</EventID><Version>3</Version><Level>4</Level><Task>10</Task><Opcode>0</Opcode><Keywords>0x8000000000000000</Keywords><TimeCreated SystemTime='2023-04-19T09:10:42.4713783Z'/><EventRecordID>3963</EventRecordID><Correlation/><Execution ProcessID='3388' ThreadID='5444'/><Channel>Microsoft-Windows-Sysmon/Operational</Channel><Computer>ThinkPad-Win10</Computer><Security UserID='S-1-5-18'/></System><EventData><Data Name='RuleName'>-</Data><Data Name='UtcTime'>2023-04-19 09:10:42.470</Data><Data Name='SourceProcessGUID'>{1255fde1-90a2-643f-6700-00000000ee00}</Data><Data Name='SourceProcessId'>4620</Data><Data Name='SourceThreadId'>9028</Data><Data Name='SourceImage'>C:\Program Files\Parallels\Parallels Tools\Services\prl_tools.exe</Data><Data Name='TargetProcessGUID'>{1255fde1-affd-643f-7a02-00000000ee00}</Data><Data Name='TargetProcessId'>6136</Data><Data Name='TargetImage'>C:\Users\smith\Desktop\Emergency Response\SysmonView.exe</Data><Data Name='GrantedAccess'>0x1410</Data><Data Name='CallTrace'>C:\Windows\SYSTEM32\ntdll.dll+9d524|C:\Windows\System32\KERNELBASE.dll+3053e|C:\Program Files\Parallels\Parallels Tools\Services\Plugins\UserInputEmulation.dll+d8ae|C:\Program Files\Parallels\Parallels Tools\Services\Plugins\UserInputEmulation.dll+e623|C:\Program Files\Parallels\Parallels Tools\Services\Plugins\UserInputEmulation.dll+e3d8|C:\Program Files\Parallels\Parallels Tools\Services\Plugins\UserInputEmulation.dll+eafe|C:\Windows\System32\msvcrt.dll+3af5a|C:\Windows\System32\msvcrt.dll+3b02c|C:\Windows\System32\KERNEL32.DLL+17604|C:\Windows\SYSTEM32\ntdll.dll+526a1</Data><Data Name='SourceUser'>NT AUTHORITY\SYSTEM</Data><Data Name='TargetUser'>THINKPAD-WIN10\smith</Data></EventData></Event><Event xmlns='http://schemas.microsoft.com/win/2004/08/events/event'><System><Provider Name='Microsoft-Windows-Sysmon' Guid='{5770385f-c22a-43e0-bf4c-06f5698ffbd9}'/><EventID>10</EventID><Version>3</Version><Level>4</Level><Task>10</Task><Opcode>0</Opcode><Keywords>0x8000000000000000</Keywords><TimeCreated SystemTime='2023-04-19T09:10:42.4557891Z'/><EventRecordID>3962</EventRecordID><Correlation/><Execution ProcessID='3388' ThreadID='5444'/><Channel>Microsoft-Windows-Sysmon/Operational</Channel><Computer>ThinkPad-Win10</Computer><Security UserID='S-1-5-18'/></System><EventData><Data Name='RuleName'>-</Data><Data Name='UtcTime'>2023-04-19 09:10:42.455</Data><Data Name='SourceProcessGUID'>{1255fde1-90a2-643f-6700-00000000ee00}</Data><Data Name='SourceProcessId'>4620</Data><Data Name='SourceThreadId'>9028</Data><Data Name='SourceImage'>C:\Program Files\Parallels\Parallels Tools\Services\prl_tools.exe</Data><Data Name='TargetProcessGUID'>{1255fde1-affd-643f-7a02-00000000ee00}</Data><Data Name='TargetProcessId'>6136</Data><Data Name='TargetImage'>C:\Users\smith\Desktop\Emergency Response\SysmonView.exe</Data><Data Name='GrantedAccess'>0x1410</Data><Data Name='CallTrace'>C:\Windows\SYSTEM32\ntdll.dll+9d524|C:\Windows\System32\KERNELBASE.dll+3053e|C:\Program Files\Parallels\Parallels Tools\Services\Plugins\UserInputEmulation.dll+d8ae|C:\Program Files\Parallels\Parallels Tools\Services\Plugins\UserInputEmulation.dll+e623|C:\Program Files\Parallels\Parallels Tools\Services\Plugins\UserInputEmulation.dll+e3d8|C:\Program Files\Parallels\Parallels Tools\Services\Plugins\UserInputEmulation.dll+eafe|C:\Windows\System32\msvcrt.dll+3af5a|C:\Windows\System32\msvcrt.dll+3b02c|C:\Windows\System32\KERNEL32.DLL+17604|C:\Windows\SYSTEM32\ntdll.dll+526a1</Data><Data Name='SourceUser'>NT AUTHORITY\SYSTEM</Data><Data Name='TargetUser'>THINKPAD-WIN10\smith</Data></EventData></Event><Event xmlns='http://schemas.microsoft.com/win/2004/08/events/event'><System><Provider Name='Microsoft-Windows-Sysmon' Guid='{5770385f-c22a-43e0-bf4c-06f5698ffbd9}'/><EventID>10</EventID><Version>3</Version><Level>4</Level><Task>10</Task><Opcode>0</Opcode><Keywords>0x8000000000000000</Keywords><TimeCreated SystemTime='2023-04-19T09:10:42.4548200Z'/><EventRecordID>3961</EventRecordID><Correlation/><Execution ProcessID='3388' ThreadID='5444'/><Channel>Microsoft-Windows-Sysmon/Operational</Channel><Computer>ThinkPad-Win10</Computer><Security UserID='S-1-5-18'/></System><EventData><Data Name='RuleName'>-</Data><Data Name='UtcTime'>2023-04-19 09:10:42.454</Data><Data Name='SourceProcessGUID'>{1255fde1-90a2-643f-6700-00000000ee00}</Data><Data Name='SourceProcessId'>4620</Data><Data Name='SourceThreadId'>9028</Data><Data Name='SourceImage'>C:\Program Files\Parallels\Parallels Tools\Services\prl_tools.exe</Data><Data Name='TargetProcessGUID'>{1255fde1-affd-643f-7a02-00000000ee00}</Data><Data Name='TargetProcessId'>6136</Data><Data Name='TargetImage'>C:\Users\smith\Desktop\Emergency Response\SysmonView.exe</Data><Data Name='GrantedAccess'>0x1410</Data><Data Name='CallTrace'>C:\Windows\SYSTEM32\ntdll.dll+9d524|C:\Windows\System32\KERNELBASE.dll+3053e|C:\Program Files\Parallels\Parallels Tools\Services\Plugins\UserInputEmulation.dll+d8ae|C:\Program Files\Parallels\Parallels Tools\Services\Plugins\UserInputEmulation.dll+e623|C:\Program Files\Parallels\Parallels Tools\Services\Plugins\UserInputEmulation.dll+e3d8|C:\Program Files\Parallels\Parallels Tools\Services\Plugins\UserInputEmulation.dll+eafe|C:\Windows\System32\msvcrt.dll+3af5a|C:\Windows\System32\msvcrt.dll+3b02c|C:\Windows\System32\KERNEL32.DLL+17604|C:\Windows\SYSTEM32\ntdll.dll+526a1</Data><Data Name='SourceUser'>NT AUTHORITY\SYSTEM</Data><Data Name='TargetUser'>THINKPAD-WIN10\smith</Data></EventData></Event><Event xmlns='http://schemas.microsoft.com/win/2004/08/events/event'><System><Provider Name='Microsoft-Windows-Sysmon' Guid='{5770385f-c22a-43e0-bf4c-06f5698ffbd9}'/><EventID>10</EventID><Version>3</Version><Level>4</Level><Task>10</Task><Opcode>0</Opcode><Keywords>0x8000000000000000</Keywords><TimeCreated SystemTime='2023-04-19T09:10:42.4392256Z'/><EventRecordID>3960</EventRecordID><Correlation/><Execution ProcessID='3388' ThreadID='5444'/><Channel>Microsoft-Windows-Sysmon/Operational</Channel><Computer>ThinkPad-Win10</Computer><Security UserID='S-1-5-18'/></System><EventData><Data Name='RuleName'>-</Data><Data Name='UtcTime'>2023-04-19 09:10:42.438</Data><Data Name='SourceProcessGUID'>{1255fde1-90a2-643f-6700-00000000ee00}</Data><Data Name='SourceProcessId'>4620</Data><Data Name='SourceThreadId'>9028</Data><Data Name='SourceImage'>C:\Program Files\Parallels\Parallels Tools\Services\prl_tools.exe</Data><Data Name='TargetProcessGUID'>{1255fde1-affd-643f-7a02-00000000ee00}</Data><Data Name='TargetProcessId'>6136</Data><Data Name='TargetImage'>C:\Users\smith\Desktop\Emergency Response\SysmonView.exe</Data><Data Name='GrantedAccess'>0x1410</Data><Data Name='CallTrace'>C:\Windows\SYSTEM32\ntdll.dll+9d524|C:\Windows\System32\KERNELBASE.dll+3053e|C:\Program Files\Parallels\Parallels Tools\Services\Plugins\UserInputEmulation.dll+d8ae|C:\Program Files\Parallels\Parallels Tools\Services\Plugins\UserInputEmulation.dll+e623|C:\Program Files\Parallels\Parallels Tools\Services\Plugins\UserInputEmulation.dll+e3d8|C:\Program Files\Parallels\Parallels Tools\Services\Plugins\UserInputEmulation.dll+eafe|C:\Windows\System32\msvcrt.dll+3af5a|C:\Windows\System32\msvcrt.dll+3b02c|C:\Windows\System32\KERNEL32.DLL+17604|C:\Windows\SYSTEM32\ntdll.dll+526a1</Data><Data Name='SourceUser'>NT AUTHORITY\SYSTEM</Data><Data Name='TargetUser'>THINKPAD-WIN10\smith</Data></EventData></Event><Event xmlns='http://schemas.microsoft.com/win/2004/08/events/event'><System><Provider Name='Microsoft-Windows-Sysmon' Guid='{5770385f-c22a-43e0-bf4c-06f5698ffbd9}'/><EventID>10</EventID><Version>3</Version><Level>4</Level><Task>10</Task><Opcode>0</Opcode><Keywords>0x8000000000000000</Keywords><TimeCreated SystemTime='2023-04-19T09:10:42.4380944Z'/><EventRecordID>3959</EventRecordID><Correlation/><Execution ProcessID='3388' ThreadID='5444'/><Channel>Microsoft-Windows-Sysmon/Operational</Channel><Computer>ThinkPad-Win10</Computer><Security UserID='S-1-5-18'/></System><EventData><Data Name='RuleName'>-</Data><Data Name='UtcTime'>2023-04-19 09:10:42.437</Data><Data Name='SourceProcessGUID'>{1255fde1-90a2-643f-6700-00000000ee00}</Data><Data Name='SourceProcessId'>4620</Data><Data Name='SourceThreadId'>9028</Data><Data Name='SourceImage'>C:\Program Files\Parallels\Parallels Tools\Services\prl_tools.exe</Data><Data Name='TargetProcessGUID'>{1255fde1-affd-643f-7a02-00000000ee00}</Data><Data Name='TargetProcessId'>6136</Data><Data Name='TargetImage'>C:\Users\smith\Desktop\Emergency Response\SysmonView.exe</Data><Data Name='GrantedAccess'>0x1410</Data><Data Name='CallTrace'>C:\Windows\SYSTEM32\ntdll.dll+9d524|C:\Windows\System32\KERNELBASE.dll+3053e|C:\Program Files\Parallels\Parallels Tools\Services\Plugins\UserInputEmulation.dll+d8ae|C:\Program Files\Parallels\Parallels Tools\Services\Plugins\UserInputEmulation.dll+e623|C:\Program Files\Parallels\Parallels Tools\Services\Plugins\UserInputEmulation.dll+e3d8|C:\Program Files\Parallels\Parallels Tools\Services\Plugins\UserInputEmulation.dll+eafe|C:\Windows\System32\msvcrt.dll+3af5a|C:\Windows\System32\msvcrt.dll+3b02c|C:\Windows\System32\KERNEL32.DLL+17604|C:\Windows\SYSTEM32\ntdll.dll+526a1</Data><Data Name='SourceUser'>NT AUTHORITY\SYSTEM</Data><Data Name='TargetUser'>THINKPAD-WIN10\smith</Data></EventData></Event><Event xmlns='http://schemas.microsoft.com/win/2004/08/events/event'><System><Provider Name='Microsoft-Windows-Sysmon' Guid='{5770385f-c22a-43e0-bf4c-06f5698ffbd9}'/><EventID>10</EventID><Version>3</Version><Level>4</Level><Task>10</Task><Opcode>0</Opcode><Keywords>0x8000000000000000</Keywords><TimeCreated SystemTime='2023-04-19T09:10:42.4231118Z'/><EventRecordID>3958</EventRecordID><Correlation/><Execution ProcessID='3388' ThreadID='5444'/><Channel>Microsoft-Windows-Sysmon/Operational</Channel><Computer>ThinkPad-Win10</Computer><Security UserID='S-1-5-18'/></System><EventData><Data Name='RuleName'>-</Data><Data Name='UtcTime'>2023-04-19 09:10:42.422</Data><Data Name='SourceProcessGUID'>{1255fde1-90a2-643f-6700-00000000ee00}</Data><Data Name='SourceProcessId'>4620</Data><Data Name='SourceThreadId'>9028</Data><Data Name='SourceImage'>C:\Program Files\Parallels\Parallels Tools\Services\prl_tools.exe</Data><Data Name='TargetProcessGUID'>{1255fde1-affd-643f-7a02-00000000ee00}</Data><Data Name='TargetProcessId'>6136</Data><Data Name='TargetImage'>C:\Users\smith\Desktop\Emergency Response\SysmonView.exe</Data><Data Name='GrantedAccess'>0x1410</Data><Data Name='CallTrace'>C:\Windows\SYSTEM32\ntdll.dll+9d524|C:\Windows\System32\KERNELBASE.dll+3053e|C:\Program Files\Parallels\Parallels Tools\Services\Plugins\UserInputEmulation.dll+d8ae|C:\Program Files\Parallels\Parallels Tools\Services\Plugins\UserInputEmulation.dll+e623|C:\Program Files\Parallels\Parallels Tools\Services\Plugins\UserInputEmulation.dll+e3d8|C:\Program Files\Parallels\Parallels Tools\Services\Plugins\UserInputEmulation.dll+eafe|C:\Windows\System32\msvcrt.dll+3af5a|C:\Windows\System32\msvcrt.dll+3b02c|C:\Windows\System32\KERNEL32.DLL+17604|C:\Windows\SYSTEM32\ntdll.dll+526a1</Data><Data Name='SourceUser'>NT AUTHORITY\SYSTEM</Data><Data Name='TargetUser'>THINKPAD-WIN10\smith</Data></EventData></Event><Event xmlns='http://schemas.microsoft.com/win/2004/08/events/event'><System><Provider Name='Microsoft-Windows-Sysmon' Guid='{5770385f-c22a-43e0-bf4c-06f5698ffbd9}'/><EventID>10</EventID><Version>3</Version><Level>4</Level><Task>10</Task><Opcode>0</Opcode><Keywords>0x8000000000000000</Keywords><TimeCreated SystemTime='2023-04-19T09:10:42.4220452Z'/><EventRecordID>3957</EventRecordID><Correlation/><Execution ProcessID='3388' ThreadID='5444'/><Channel>Microsoft-Windows-Sysmon/Operational</Channel><Computer>ThinkPad-Win10</Computer><Security UserID='S-1-5-18'/></System><EventData><Data Name='RuleName'>-</Data><Data Name='UtcTime'>2023-04-19 09:10:42.421</Data><Data Name='SourceProcessGUID'>{1255fde1-90a2-643f-6700-00000000ee00}</Data><Data Name='SourceProcessId'>4620</Data><Data Name='SourceThreadId'>9028</Data><Data Name='SourceImage'>C:\Program Files\Parallels\Parallels Tools\Services\prl_tools.exe</Data><Data Name='TargetProcessGUID'>{1255fde1-affd-643f-7a02-00000000ee00}</Data><Data Name='TargetProcessId'>6136</Data><Data Name='TargetImage'>C:\Users\smith\Desktop\Emergency Response\SysmonView.exe</Data><Data Name='GrantedAccess'>0x1410</Data><Data Name='CallTrace'>C:\Windows\SYSTEM32\ntdll.dll+9d524|C:\Windows\System32\KERNELBASE.dll+3053e|C:\Program Files\Parallels\Parallels Tools\Services\Plugins\UserInputEmulation.dll+d8ae|C:\Program Files\Parallels\Parallels Tools\Services\Plugins\UserInputEmulation.dll+e623|C:\Program Files\Parallels\Parallels Tools\Services\Plugins\UserInputEmulation.dll+e3d8|C:\Program Files\Parallels\Parallels Tools\Services\Plugins\UserInputEmulation.dll+eafe|C:\Windows\System32\msvcrt.dll+3af5a|C:\Windows\System32\msvcrt.dll+3b02c|C:\Windows\System32\KERNEL32.DLL+17604|C:\Windows\SYSTEM32\ntdll.dll+526a1</Data><Data Name='SourceUser'>NT AUTHORITY\SYSTEM</Data><Data Name='TargetUser'>THINKPAD-WIN10\smith</Data></EventData></Event><Event xmlns='http://schemas.microsoft.com/win/2004/08/events/event'><System><Provider Name='Microsoft-Windows-Sysmon' Guid='{5770385f-c22a-43e0-bf4c-06f5698ffbd9}'/><EventID>10</EventID><Version>3</Version><Level>4</Level><Task>10</Task><Opcode>0</Opcode><Keywords>0x8000000000000000</Keywords><TimeCreated SystemTime='2023-04-19T09:10:42.3215900Z'/><EventRecordID>3956</EventRecordID><Correlation/><Execution ProcessID='3388' ThreadID='5444'/><Channel>Microsoft-Windows-Sysmon/Operational</Channel><Computer>ThinkPad-Win10</Computer><Security UserID='S-1-5-18'/></System><EventData><Data Name='RuleName'>-</Data><Data Name='UtcTime'>2023-04-19 09:10:42.320</Data><Data Name='SourceProcessGUID'>{1255fde1-90a2-643f-6700-00000000ee00}</Data><Data Name='SourceProcessId'>4620</Data><Data Name='SourceThreadId'>9028</Data><Data Name='SourceImage'>C:\Program Files\Parallels\Parallels Tools\Services\prl_tools.exe</Data><Data Name='TargetProcessGUID'>{1255fde1-affd-643f-7a02-00000000ee00}</Data><Data Name='TargetProcessId'>6136</Data><Data Name='TargetImage'>C:\Users\smith\Desktop\Emergency Response\SysmonView.exe</Data><Data Name='GrantedAccess'>0x1410</Data><Data Name='CallTrace'>C:\Windows\SYSTEM32\ntdll.dll+9d524|C:\Windows\System32\KERNELBASE.dll+3053e|C:\Program Files\Parallels\Parallels Tools\Services\Plugins\UserInputEmulation.dll+d8ae|C:\Program Files\Parallels\Parallels Tools\Services\Plugins\UserInputEmulation.dll+e623|C:\Program Files\Parallels\Parallels Tools\Services\Plugins\UserInputEmulation.dll+e3d8|C:\Program Files\Parallels\Parallels Tools\Services\Plugins\UserInputEmulation.dll+eafe|C:\Windows\System32\msvcrt.dll+3af5a|C:\Windows\System32\msvcrt.dll+3b02c|C:\Windows\System32\KERNEL32.DLL+17604|C:\Windows\SYSTEM32\ntdll.dll+526a1</Data><Data Name='SourceUser'>NT AUTHORITY\SYSTEM</Data><Data Name='TargetUser'>THINKPAD-WIN10\smith</Data></EventData></Event><Event xmlns='http://schemas.microsoft.com/win/2004/08/events/event'><System><Provider Name='Microsoft-Windows-Sysmon' Guid='{5770385f-c22a-43e0-bf4c-06f5698ffbd9}'/><EventID>10</EventID><Version>3</Version><Level>4</Level><Task>10</Task><Opcode>0</Opcode><Keywords>0x8000000000000000</Keywords><TimeCreated SystemTime='2023-04-19T09:10:42.3199323Z'/><EventRecordID>3955</EventRecordID><Correlation/><Execution ProcessID='3388' ThreadID='5444'/><Channel>Microsoft-Windows-Sysmon/Operational</Channel><Computer>ThinkPad-Win10</Computer><Security UserID='S-1-5-18'/></System><EventData><Data Name='RuleName'>-</Data><Data Name='UtcTime'>2023-04-19 09:10:42.318</Data><Data Name='SourceProcessGUID'>{1255fde1-90a2-643f-6700-00000000ee00}</Data><Data Name='SourceProcessId'>4620</Data><Data Name='SourceThreadId'>9028</Data><Data Name='SourceImage'>C:\Program Files\Parallels\Parallels Tools\Services\prl_tools.exe</Data><Data Name='TargetProcessGUID'>{1255fde1-affd-643f-7a02-00000000ee00}</Data><Data Name='TargetProcessId'>6136</Data><Data Name='TargetImage'>C:\Users\smith\Desktop\Emergency Response\SysmonView.exe</Data><Data Name='GrantedAccess'>0x1410</Data><Data Name='CallTrace'>C:\Windows\SYSTEM32\ntdll.dll+9d524|C:\Windows\System32\KERNELBASE.dll+3053e|C:\Program Files\Parallels\Parallels Tools\Services\Plugins\UserInputEmulation.dll+d8ae|C:\Program Files\Parallels\Parallels Tools\Services\Plugins\UserInputEmulation.dll+e623|C:\Program Files\Parallels\Parallels Tools\Services\Plugins\UserInputEmulation.dll+e3d8|C:\Program Files\Parallels\Parallels Tools\Services\Plugins\UserInputEmulation.dll+eafe|C:\Windows\System32\msvcrt.dll+3af5a|C:\Windows\System32\msvcrt.dll+3b02c|C:\Windows\System32\KERNEL32.DLL+17604|C:\Windows\SYSTEM32\ntdll.dll+526a1</Data><Data Name='SourceUser'>NT AUTHORITY\SYSTEM</Data><Data Name='TargetUser'>THINKPAD-WIN10\smith</Data></EventData></Event><Event xmlns='http://schemas.microsoft.com/win/2004/08/events/event'><System><Provider Name='Microsoft-Windows-Sysmon' Guid='{5770385f-c22a-43e0-bf4c-06f5698ffbd9}'/><EventID>10</EventID><Version>3</Version><Level>4</Level><Task>10</Task><Opcode>0</Opcode><Keywords>0x8000000000000000</Keywords><TimeCreated SystemTime='2023-04-19T09:10:42.3066933Z'/><EventRecordID>3954</EventRecordID><Correlation/><Execution ProcessID='3388' ThreadID='5444'/><Channel>Microsoft-Windows-Sysmon/Operational</Channel><Computer>ThinkPad-Win10</Computer><Security UserID='S-1-5-18'/></System><EventData><Data Name='RuleName'>-</Data><Data Name='UtcTime'>2023-04-19 09:10:42.305</Data><Data Name='SourceProcessGUID'>{1255fde1-90a2-643f-6700-00000000ee00}</Data><Data Name='SourceProcessId'>4620</Data><Data Name='SourceThreadId'>9028</Data><Data Name='SourceImage'>C:\Program Files\Parallels\Parallels Tools\Services\prl_tools.exe</Data><Data Name='TargetProcessGUID'>{1255fde1-affd-643f-7a02-00000000ee00}</Data><Data Name='TargetProcessId'>6136</Data><Data Name='TargetImage'>C:\Users\smith\Desktop\Emergency Response\SysmonView.exe</Data><Data Name='GrantedAccess'>0x1410</Data><Data Name='CallTrace'>C:\Windows\SYSTEM32\ntdll.dll+9d524|C:\Windows\System32\KERNELBASE.dll+3053e|C:\Program Files\Parallels\Parallels Tools\Services\Plugins\UserInputEmulation.dll+d8ae|C:\Program Files\Parallels\Parallels Tools\Services\Plugins\UserInputEmulation.dll+e623|C:\Program Files\Parallels\Parallels Tools\Services\Plugins\UserInputEmulation.dll+e3d8|C:\Program Files\Parallels\Parallels Tools\Services\Plugins\UserInputEmulation.dll+eafe|C:\Windows\System32\msvcrt.dll+3af5a|C:\Windows\System32\msvcrt.dll+3b02c|C:\Windows\System32\KERNEL32.DLL+17604|C:\Windows\SYSTEM32\ntdll.dll+526a1</Data><Data Name='SourceUser'>NT AUTHORITY\SYSTEM</Data><Data Name='TargetUser'>THINKPAD-WIN10\smith</Data></EventData></Event><Event xmlns='http://schemas.microsoft.com/win/2004/08/events/event'><System><Provider Name='Microsoft-Windows-Sysmon' Guid='{5770385f-c22a-43e0-bf4c-06f5698ffbd9}'/><EventID>10</EventID><Version>3</Version><Level>4</Level><Task>10</Task><Opcode>0</Opcode><Keywords>0x8000000000000000</Keywords><TimeCreated SystemTime='2023-04-19T09:10:42.3061295Z'/><EventRecordID>3953</EventRecordID><Correlation/><Execution ProcessID='3388' ThreadID='5444'/><Channel>Microsoft-Windows-Sysmon/Operational</Channel><Computer>ThinkPad-Win10</Computer><Security UserID='S-1-5-18'/></System><EventData><Data Name='RuleName'>-</Data><Data Name='UtcTime'>2023-04-19 09:10:42.305</Data><Data Name='SourceProcessGUID'>{1255fde1-90a2-643f-6700-00000000ee00}</Data><Data Name='SourceProcessId'>4620</Data><Data Name='SourceThreadId'>9028</Data><Data Name='SourceImage'>C:\Program Files\Parallels\Parallels Tools\Services\prl_tools.exe</Data><Data Name='TargetProcessGUID'>{1255fde1-affd-643f-7a02-00000000ee00}</Data><Data Name='TargetProcessId'>6136</Data><Data Name='TargetImage'>C:\Users\smith\Desktop\Emergency Response\SysmonView.exe</Data><Data Name='GrantedAccess'>0x1410</Data><Data Name='CallTrace'>C:\Windows\SYSTEM32\ntdll.dll+9d524|C:\Windows\System32\KERNELBASE.dll+3053e|C:\Program Files\Parallels\Parallels Tools\Services\Plugins\UserInputEmulation.dll+d8ae|C:\Program Files\Parallels\Parallels Tools\Services\Plugins\UserInputEmulation.dll+e623|C:\Program Files\Parallels\Parallels Tools\Services\Plugins\UserInputEmulation.dll+e3d8|C:\Program Files\Parallels\Parallels Tools\Services\Plugins\UserInputEmulation.dll+eafe|C:\Windows\System32\msvcrt.dll+3af5a|C:\Windows\System32\msvcrt.dll+3b02c|C:\Windows\System32\KERNEL32.DLL+17604|C:\Windows\SYSTEM32\ntdll.dll+526a1</Data><Data Name='SourceUser'>NT AUTHORITY\SYSTEM</Data><Data Name='TargetUser'>THINKPAD-WIN10\smith</Data></EventData></Event><Event xmlns='http://schemas.microsoft.com/win/2004/08/events/event'><System><Provider Name='Microsoft-Windows-Sysmon' Guid='{5770385f-c22a-43e0-bf4c-06f5698ffbd9}'/><EventID>10</EventID><Version>3</Version><Level>4</Level><Task>10</Task><Opcode>0</Opcode><Keywords>0x8000000000000000</Keywords><TimeCreated SystemTime='2023-04-19T09:10:42.2891868Z'/><EventRecordID>3952</EventRecordID><Correlation/><Execution ProcessID='3388' ThreadID='5444'/><Channel>Microsoft-Windows-Sysmon/Operational</Channel><Computer>ThinkPad-Win10</Computer><Security UserID='S-1-5-18'/></System><EventData><Data Name='RuleName'>-</Data><Data Name='UtcTime'>2023-04-19 09:10:42.288</Data><Data Name='SourceProcessGUID'>{1255fde1-90a2-643f-6700-00000000ee00}</Data><Data Name='SourceProcessId'>4620</Data><Data Name='SourceThreadId'>9028</Data><Data Name='SourceImage'>C:\Program Files\Parallels\Parallels Tools\Services\prl_tools.exe</Data><Data Name='TargetProcessGUID'>{1255fde1-affd-643f-7a02-00000000ee00}</Data><Data Name='TargetProcessId'>6136</Data><Data Name='TargetImage'>C:\Users\smith\Desktop\Emergency Response\SysmonView.exe</Data><Data Name='GrantedAccess'>0x1410</Data><Data Name='CallTrace'>C:\Windows\SYSTEM32\ntdll.dll+9d524|C:\Windows\System32\KERNELBASE.dll+3053e|C:\Program Files\Parallels\Parallels Tools\Services\Plugins\UserInputEmulation.dll+d8ae|C:\Program Files\Parallels\Parallels Tools\Services\Plugins\UserInputEmulation.dll+e623|C:\Program Files\Parallels\Parallels Tools\Services\Plugins\UserInputEmulation.dll+e3d8|C:\Program Files\Parallels\Parallels Tools\Services\Plugins\UserInputEmulation.dll+eafe|C:\Windows\System32\msvcrt.dll+3af5a|C:\Windows\System32\msvcrt.dll+3b02c|C:\Windows\System32\KERNEL32.DLL+17604|C:\Windows\SYSTEM32\ntdll.dll+526a1</Data><Data Name='SourceUser'>NT AUTHORITY\SYSTEM</Data><Data Name='TargetUser'>THINKPAD-WIN10\smith</Data></EventData></Event><Event xmlns='http://schemas.microsoft.com/win/2004/08/events/event'><System><Provider Name='Microsoft-Windows-Sysmon' Guid='{5770385f-c22a-43e0-bf4c-06f5698ffbd9}'/><EventID>10</EventID><Version>3</Version><Level>4</Level><Task>10</Task><Opcode>0</Opcode><Keywords>0x8000000000000000</Keywords><TimeCreated SystemTime='2023-04-19T09:10:42.2875818Z'/><EventRecordID>3951</EventRecordID><Correlation/><Execution ProcessID='3388' ThreadID='5444'/><Channel>Microsoft-Windows-Sysmon/Operational</Channel><Computer>ThinkPad-Win10</Computer><Security UserID='S-1-5-18'/></System><EventData><Data Name='RuleName'>-</Data><Data Name='UtcTime'>2023-04-19 09:10:42.286</Data><Data Name='SourceProcessGUID'>{1255fde1-90a2-643f-6700-00000000ee00}</Data><Data Name='SourceProcessId'>4620</Data><Data Name='SourceThreadId'>9028</Data><Data Name='SourceImage'>C:\Program Files\Parallels\Parallels Tools\Services\prl_tools.exe</Data><Data Name='TargetProcessGUID'>{1255fde1-affd-643f-7a02-00000000ee00}</Data><Data Name='TargetProcessId'>6136</Data><Data Name='TargetImage'>C:\Users\smith\Desktop\Emergency Response\SysmonView.exe</Data><Data Name='GrantedAccess'>0x1410</Data><Data Name='CallTrace'>C:\Windows\SYSTEM32\ntdll.dll+9d524|C:\Windows\System32\KERNELBASE.dll+3053e|C:\Program Files\Parallels\Parallels Tools\Services\Plugins\UserInputEmulation.dll+d8ae|C:\Program Files\Parallels\Parallels Tools\Services\Plugins\UserInputEmulation.dll+e623|C:\Program Files\Parallels\Parallels Tools\Services\Plugins\UserInputEmulation.dll+e3d8|C:\Program Files\Parallels\Parallels Tools\Services\Plugins\UserInputEmulation.dll+eafe|C:\Windows\System32\msvcrt.dll+3af5a|C:\Windows\System32\msvcrt.dll+3b02c|C:\Windows\System32\KERNEL32.DLL+17604|C:\Windows\SYSTEM32\ntdll.dll+526a1</Data><Data Name='SourceUser'>NT AUTHORITY\SYSTEM</Data><Data Name='TargetUser'>THINKPAD-WIN10\smith</Data></EventData></Event><Event xmlns='http://schemas.microsoft.com/win/2004/08/events/event'><System><Provider Name='Microsoft-Windows-Sysmon' Guid='{5770385f-c22a-43e0-bf4c-06f5698ffbd9}'/><EventID>10</EventID><Version>3</Version><Level>4</Level><Task>10</Task><Opcode>0</Opcode><Keywords>0x8000000000000000</Keywords><TimeCreated SystemTime='2023-04-19T09:10:42.2730904Z'/><EventRecordID>3950</EventRecordID><Correlation/><Execution ProcessID='3388' ThreadID='5444'/><Channel>Microsoft-Windows-Sysmon/Operational</Channel><Computer>ThinkPad-Win10</Computer><Security UserID='S-1-5-18'/></System><EventData><Data Name='RuleName'>-</Data><Data Name='UtcTime'>2023-04-19 09:10:42.272</Data><Data Name='SourceProcessGUID'>{1255fde1-90a2-643f-6700-00000000ee00}</Data><Data Name='SourceProcessId'>4620</Data><Data Name='SourceThreadId'>9028</Data><Data Name='SourceImage'>C:\Program Files\Parallels\Parallels Tools\Services\prl_tools.exe</Data><Data Name='TargetProcessGUID'>{1255fde1-affd-643f-7a02-00000000ee00}</Data><Data Name='TargetProcessId'>6136</Data><Data Name='TargetImage'>C:\Users\smith\Desktop\Emergency Response\SysmonView.exe</Data><Data Name='GrantedAccess'>0x1410</Data><Data Name='CallTrace'>C:\Windows\SYSTEM32\ntdll.dll+9d524|C:\Windows\System32\KERNELBASE.dll+3053e|C:\Program Files\Parallels\Parallels Tools\Services\Plugins\UserInputEmulation.dll+d8ae|C:\Program Files\Parallels\Parallels Tools\Services\Plugins\UserInputEmulation.dll+e623|C:\Program Files\Parallels\Parallels Tools\Services\Plugins\UserInputEmulation.dll+e3d8|C:\Program Files\Parallels\Parallels Tools\Services\Plugins\UserInputEmulation.dll+eafe|C:\Windows\System32\msvcrt.dll+3af5a|C:\Windows\System32\msvcrt.dll+3b02c|C:\Windows\System32\KERNEL32.DLL+17604|C:\Windows\SYSTEM32\ntdll.dll+526a1</Data><Data Name='SourceUser'>NT AUTHORITY\SYSTEM</Data><Data Name='TargetUser'>THINKPAD-WIN10\smith</Data></EventData></Event><Event xmlns='http://schemas.microsoft.com/win/2004/08/events/event'><System><Provider Name='Microsoft-Windows-Sysmon' Guid='{5770385f-c22a-43e0-bf4c-06f5698ffbd9}'/><EventID>10</EventID><Version>3</Version><Level>4</Level><Task>10</Task><Opcode>0</Opcode><Keywords>0x8000000000000000</Keywords><TimeCreated SystemTime='2023-04-19T09:10:42.2711936Z'/><EventRecordID>3949</EventRecordID><Correlation/><Execution ProcessID='3388' ThreadID='5444'/><Channel>Microsoft-Windows-Sysmon/Operational</Channel><Computer>ThinkPad-Win10</Computer><Security UserID='S-1-5-18'/></System><EventData><Data Name='RuleName'>-</Data><Data Name='UtcTime'>2023-04-19 09:10:42.270</Data><Data Name='SourceProcessGUID'>{1255fde1-90a2-643f-6700-00000000ee00}</Data><Data Name='SourceProcessId'>4620</Data><Data Name='SourceThreadId'>9028</Data><Data Name='SourceImage'>C:\Program Files\Parallels\Parallels Tools\Services\prl_tools.exe</Data><Data Name='TargetProcessGUID'>{1255fde1-affd-643f-7a02-00000000ee00}</Data><Data Name='TargetProcessId'>6136</Data><Data Name='TargetImage'>C:\Users\smith\Desktop\Emergency Response\SysmonView.exe</Data><Data Name='GrantedAccess'>0x1410</Data><Data Name='CallTrace'>C:\Windows\SYSTEM32\ntdll.dll+9d524|C:\Windows\System32\KERNELBASE.dll+3053e|C:\Program Files\Parallels\Parallels Tools\Services\Plugins\UserInputEmulation.dll+d8ae|C:\Program Files\Parallels\Parallels Tools\Services\Plugins\UserInputEmulation.dll+e623|C:\Program Files\Parallels\Parallels Tools\Services\Plugins\UserInputEmulation.dll+e3d8|C:\Program Files\Parallels\Parallels Tools\Services\Plugins\UserInputEmulation.dll+eafe|C:\Windows\System32\msvcrt.dll+3af5a|C:\Windows\System32\msvcrt.dll+3b02c|C:\Windows\System32\KERNEL32.DLL+17604|C:\Windows\SYSTEM32\ntdll.dll+526a1</Data><Data Name='SourceUser'>NT AUTHORITY\SYSTEM</Data><Data Name='TargetUser'>THINKPAD-WIN10\smith</Data></EventData></Event><Event xmlns='http://schemas.microsoft.com/win/2004/08/events/event'><System><Provider Name='Microsoft-Windows-Sysmon' Guid='{5770385f-c22a-43e0-bf4c-06f5698ffbd9}'/><EventID>10</EventID><Version>3</Version><Level>4</Level><Task>10</Task><Opcode>0</Opcode><Keywords>0x8000000000000000</Keywords><TimeCreated SystemTime='2023-04-19T09:10:42.2555268Z'/><EventRecordID>3948</EventRecordID><Correlation/><Execution ProcessID='3388' ThreadID='5444'/><Channel>Microsoft-Windows-Sysmon/Operational</Channel><Computer>ThinkPad-Win10</Computer><Security UserID='S-1-5-18'/></System><EventData><Data Name='RuleName'>-</Data><Data Name='UtcTime'>2023-04-19 09:10:42.255</Data><Data Name='SourceProcessGUID'>{1255fde1-90a2-643f-6700-00000000ee00}</Data><Data Name='SourceProcessId'>4620</Data><Data Name='SourceThreadId'>9028</Data><Data Name='SourceImage'>C:\Program Files\Parallels\Parallels Tools\Services\prl_tools.exe</Data><Data Name='TargetProcessGUID'>{1255fde1-affd-643f-7a02-00000000ee00}</Data><Data Name='TargetProcessId'>6136</Data><Data Name='TargetImage'>C:\Users\smith\Desktop\Emergency Response\SysmonView.exe</Data><Data Name='GrantedAccess'>0x1410</Data><Data Name='CallTrace'>C:\Windows\SYSTEM32\ntdll.dll+9d524|C:\Windows\System32\KERNELBASE.dll+3053e|C:\Program Files\Parallels\Parallels Tools\Services\Plugins\UserInputEmulation.dll+d8ae|C:\Program Files\Parallels\Parallels Tools\Services\Plugins\UserInputEmulation.dll+e623|C:\Program Files\Parallels\Parallels Tools\Services\Plugins\UserInputEmulation.dll+e3d8|C:\Program Files\Parallels\Parallels Tools\Services\Plugins\UserInputEmulation.dll+eafe|C:\Windows\System32\msvcrt.dll+3af5a|C:\Windows\System32\msvcrt.dll+3b02c|C:\Windows\System32\KERNEL32.DLL+17604|C:\Windows\SYSTEM32\ntdll.dll+526a1</Data><Data Name='SourceUser'>NT AUTHORITY\SYSTEM</Data><Data Name='TargetUser'>THINKPAD-WIN10\smith</Data></EventData></Event><Event xmlns='http://schemas.microsoft.com/win/2004/08/events/event'><System><Provider Name='Microsoft-Windows-Sysmon' Guid='{5770385f-c22a-43e0-bf4c-06f5698ffbd9}'/><EventID>10</EventID><Version>3</Version><Level>4</Level><Task>10</Task><Opcode>0</Opcode><Keywords>0x8000000000000000</Keywords><TimeCreated SystemTime='2023-04-19T09:10:42.2546440Z'/><EventRecordID>3947</EventRecordID><Correlation/><Execution ProcessID='3388' ThreadID='5444'/><Channel>Microsoft-Windows-Sysmon/Operational</Channel><Computer>ThinkPad-Win10</Computer><Security UserID='S-1-5-18'/></System><EventData><Data Name='RuleName'>-</Data><Data Name='UtcTime'>2023-04-19 09:10:42.254</Data><Data Name='SourceProcessGUID'>{1255fde1-90a2-643f-6700-00000000ee00}</Data><Data Name='SourceProcessId'>4620</Data><Data Name='SourceThreadId'>9028</Data><Data Name='SourceImage'>C:\Program Files\Parallels\Parallels Tools\Services\prl_tools.exe</Data><Data Name='TargetProcessGUID'>{1255fde1-affd-643f-7a02-00000000ee00}</Data><Data Name='TargetProcessId'>6136</Data><Data Name='TargetImage'>C:\Users\smith\Desktop\Emergency Response\SysmonView.exe</Data><Data Name='GrantedAccess'>0x1410</Data><Data Name='CallTrace'>C:\Windows\SYSTEM32\ntdll.dll+9d524|C:\Windows\System32\KERNELBASE.dll+3053e|C:\Program Files\Parallels\Parallels Tools\Services\Plugins\UserInputEmulation.dll+d8ae|C:\Program Files\Parallels\Parallels Tools\Services\Plugins\UserInputEmulation.dll+e623|C:\Program Files\Parallels\Parallels Tools\Services\Plugins\UserInputEmulation.dll+e3d8|C:\Program Files\Parallels\Parallels Tools\Services\Plugins\UserInputEmulation.dll+eafe|C:\Windows\System32\msvcrt.dll+3af5a|C:\Windows\System32\msvcrt.dll+3b02c|C:\Windows\System32\KERNEL32.DLL+17604|C:\Windows\SYSTEM32\ntdll.dll+526a1</Data><Data Name='SourceUser'>NT AUTHORITY\SYSTEM</Data><Data Name='TargetUser'>THINKPAD-WIN10\smith</Data></EventData></Event><Event xmlns='http://schemas.microsoft.com/win/2004/08/events/event'><System><Provider Name='Microsoft-Windows-Sysmon' Guid='{5770385f-c22a-43e0-bf4c-06f5698ffbd9}'/><EventID>10</EventID><Version>3</Version><Level>4</Level><Task>10</Task><Opcode>0</Opcode><Keywords>0x8000000000000000</Keywords><TimeCreated SystemTime='2023-04-19T09:10:42.2396143Z'/><EventRecordID>3946</EventRecordID><Correlation/><Execution ProcessID='3388' ThreadID='5444'/><Channel>Microsoft-Windows-Sysmon/Operational</Channel><Computer>ThinkPad-Win10</Computer><Security UserID='S-1-5-18'/></System><EventData><Data Name='RuleName'>-</Data><Data Name='UtcTime'>2023-04-19 09:10:42.239</Data><Data Name='SourceProcessGUID'>{1255fde1-90a2-643f-6700-00000000ee00}</Data><Data Name='SourceProcessId'>4620</Data><Data Name='SourceThreadId'>9028</Data><Data Name='SourceImage'>C:\Program Files\Parallels\Parallels Tools\Services\prl_tools.exe</Data><Data Name='TargetProcessGUID'>{1255fde1-affd-643f-7a02-00000000ee00}</Data><Data Name='TargetProcessId'>6136</Data><Data Name='TargetImage'>C:\Users\smith\Desktop\Emergency Response\SysmonView.exe</Data><Data Name='GrantedAccess'>0x1410</Data><Data Name='CallTrace'>C:\Windows\SYSTEM32\ntdll.dll+9d524|C:\Windows\System32\KERNELBASE.dll+3053e|C:\Program Files\Parallels\Parallels Tools\Services\Plugins\UserInputEmulation.dll+d8ae|C:\Program Files\Parallels\Parallels Tools\Services\Plugins\UserInputEmulation.dll+e623|C:\Program Files\Parallels\Parallels Tools\Services\Plugins\UserInputEmulation.dll+e3d8|C:\Program Files\Parallels\Parallels Tools\Services\Plugins\UserInputEmulation.dll+eafe|C:\Windows\System32\msvcrt.dll+3af5a|C:\Windows\System32\msvcrt.dll+3b02c|C:\Windows\System32\KERNEL32.DLL+17604|C:\Windows\SYSTEM32\ntdll.dll+526a1</Data><Data Name='SourceUser'>NT AUTHORITY\SYSTEM</Data><Data Name='TargetUser'>THINKPAD-WIN10\smith</Data></EventData></Event>