<Event xmlns='http://schemas.microsoft.com/win/2004/08/events/event'><System><Provider Name='Microsoft-Windows-Sysmon' Guid='{5770385f-c22a-43e0-bf4c-06f5698ffbd9}'/><EventID>2</EventID><Version>5</Version><Level>4</Level><Task>2</Task><Opcode>0</Opcode><Keywords>0x8000000000000000</Keywords><TimeCreated SystemTime='2023-04-19T09:41:10.1589527Z'/><EventRecordID>4874</EventRecordID><Correlation/><Execution ProcessID='9012' ThreadID='1992'/><Channel>Microsoft-Windows-Sysmon/Operational</Channel><Computer>ThinkPad-Win10</Computer><Security UserID='S-1-5-18'/></System><EventData><Data Name='RuleName'>T1099</Data><Data Name='UtcTime'>2023-04-19 09:41:10.158</Data><Data Name='ProcessGuid'>{1255fde1-b72c-643f-b602-00000000ee00}</Data><Data Name='ProcessId'>2948</Data><Data Name='Image'>C:\Users\smith\Desktop\Emergency Response\SysmonView.exe</Data><Data Name='TargetFilename'>C:\Users\smith\AppData\Local\Microsoft\Windows\Explorer\iconcache_idx.db</Data><Data Name='CreationUtcTime'>2021-11-24 05:52:57.419</Data><Data Name='PreviousCreationUtcTime'>2021-11-24 05:52:57.419</Data><Data Name='User'>THINKPAD-WIN10\smith</Data></EventData></Event><Event xmlns='http://schemas.microsoft.com/win/2004/08/events/event'><System><Provider Name='Microsoft-Windows-Sysmon' Guid='{5770385f-c22a-43e0-bf4c-06f5698ffbd9}'/><EventID>1</EventID><Version>5</Version><Level>4</Level><Task>1</Task><Opcode>0</Opcode><Keywords>0x8000000000000000</Keywords><TimeCreated SystemTime='2023-04-19T09:41:00.9244730Z'/><EventRecordID>4873</EventRecordID><Correlation/><Execution ProcessID='9012' ThreadID='1992'/><Channel>Microsoft-Windows-Sysmon/Operational</Channel><Computer>ThinkPad-Win10</Computer><Security UserID='S-1-5-18'/></System><EventData><Data Name='RuleName'>-</Data><Data Name='UtcTime'>2023-04-19 09:41:00.874</Data><Data Name='ProcessGuid'>{1255fde1-b72c-643f-b602-00000000ee00}</Data><Data Name='ProcessId'>2948</Data><Data Name='Image'>C:\Users\smith\Desktop\Emergency Response\SysmonView.exe</Data><Data Name='FileVersion'>3.2.0.0</Data><Data Name='Description'>SysmonView (Sysmon log view utility)</Data><Data Name='Product'>SysmonView</Data><Data Name='Company'>nosecurecode.com</Data><Data Name='OriginalFileName'>SysmonView</Data><Data Name='CommandLine'>"C:\Users\smith\Desktop\Emergency Response\SysmonView.exe" </Data><Data Name='CurrentDirectory'>C:\Users\smith\Desktop\Emergency Response\</Data><Data Name='User'>THINKPAD-WIN10\smith</Data><Data Name='LogonGuid'>{1255fde1-90a0-643f-d9c3-020000000000}</Data><Data Name='LogonId'>0x2c3d9</Data><Data Name='TerminalSessionId'>1</Data><Data Name='IntegrityLevel'>Medium</Data><Data Name='Hashes'>MD5=31E5E61CA54CD052CED8BA0E801C65F1,SHA256=9E630F07D78A3401362053435BF20BDBC36AE52DA781B6E2C73647CE4CF88943,IMPHASH=49A66563C2735A53AD475F53FCDC6E30</Data><Data Name='ParentProcessGuid'>{1255fde1-90be-643f-9300-00000000ee00}</Data><Data Name='ParentProcessId'>7828</Data><Data Name='ParentImage'>C:\Windows\explorer.exe</Data><Data Name='ParentCommandLine'>C:\Windows\Explorer.EXE</Data><Data Name='ParentUser'>THINKPAD-WIN10\smith</Data></EventData></Event><Event xmlns='http://schemas.microsoft.com/win/2004/08/events/event'><System><Provider Name='Microsoft-Windows-Sysmon' Guid='{5770385f-c22a-43e0-bf4c-06f5698ffbd9}'/><EventID>22</EventID><Version>5</Version><Level>4</Level><Task>22</Task><Opcode>0</Opcode><Keywords>0x8000000000000000</Keywords><TimeCreated SystemTime='2023-04-19T09:38:00.9985147Z'/><EventRecordID>4872</EventRecordID><Correlation/><Execution ProcessID='9012' ThreadID='388'/><Channel>Microsoft-Windows-Sysmon/Operational</Channel><Computer>ThinkPad-Win10</Computer><Security UserID='S-1-5-18'/></System><EventData><Data Name='RuleName'>-</Data><Data Name='UtcTime'>2023-04-19 09:37:59.031</Data><Data Name='ProcessGuid'>{1255fde1-90ca-643f-bd00-00000000ee00}</Data><Data Name='ProcessId'>8708</Data><Data Name='QueryName'>odinvzc.azureedge.net</Data><Data Name='QueryStatus'>0</Data><Data Name='QueryResults'>type:  5 odinvzc.ec.azureedge.net;type:  5 cs9.wpc.v0cdn.net;::ffff:117.18.232.200;</Data><Data Name='Image'>C:\Windows\SystemApps\Microsoft.Windows.Search_cw5n1h2txyewy\SearchApp.exe</Data><Data Name='User'>THINKPAD-WIN10\smith</Data></EventData></Event><Event xmlns='http://schemas.microsoft.com/win/2004/08/events/event'><System><Provider Name='Microsoft-Windows-Sysmon' Guid='{5770385f-c22a-43e0-bf4c-06f5698ffbd9}'/><EventID>1</EventID><Version>5</Version><Level>4</Level><Task>1</Task><Opcode>0</Opcode><Keywords>0x8000000000000000</Keywords><TimeCreated SystemTime='2023-04-19T09:37:59.6041676Z'/><EventRecordID>4871</EventRecordID><Correlation/><Execution ProcessID='9012' ThreadID='1992'/><Channel>Microsoft-Windows-Sysmon/Operational</Channel><Computer>ThinkPad-Win10</Computer><Security UserID='S-1-5-18'/></System><EventData><Data Name='RuleName'>-</Data><Data Name='UtcTime'>2023-04-19 09:37:59.593</Data><Data Name='ProcessGuid'>{1255fde1-b677-643f-b302-00000000ee00}</Data><Data Name='ProcessId'>3612</Data><Data Name='Image'>C:\Windows\System32\mmc.exe</Data><Data Name='FileVersion'>10.0.19041.2604 (WinBuild.160101.0800)</Data><Data Name='Description'>Microsoft Management Console</Data><Data Name='Product'>Microsoft® Windows® Operating System</Data><Data Name='Company'>Microsoft Corporation</Data><Data Name='OriginalFileName'>mmc.exe</Data><Data Name='CommandLine'>"C:\Windows\system32\mmc.exe" "C:\Windows\system32\eventvwr.msc" /s</Data><Data Name='CurrentDirectory'>C:\Windows\system32\</Data><Data Name='User'>THINKPAD-WIN10\smith</Data><Data Name='LogonGuid'>{1255fde1-909f-643f-3ac3-020000000000}</Data><Data Name='LogonId'>0x2c33a</Data><Data Name='TerminalSessionId'>1</Data><Data Name='IntegrityLevel'>High</Data><Data Name='Hashes'>MD5=CDBAE87D50068565CF2ED20E99246A2E,SHA256=3519DB09C7D58615C5A5A8EF508E163E63ECB428F113021E0E3CD47FB7F39C9E,IMPHASH=5AEF584EA4BCED674B66847FE9D61F23</Data><Data Name='ParentProcessGuid'>{1255fde1-90be-643f-9300-00000000ee00}</Data><Data Name='ParentProcessId'>7828</Data><Data Name='ParentImage'>C:\Windows\explorer.exe</Data><Data Name='ParentCommandLine'>C:\Windows\Explorer.EXE</Data><Data Name='ParentUser'>THINKPAD-WIN10\smith</Data></EventData></Event><Event xmlns='http://schemas.microsoft.com/win/2004/08/events/event'><System><Provider Name='Microsoft-Windows-Sysmon' Guid='{5770385f-c22a-43e0-bf4c-06f5698ffbd9}'/><EventID>1</EventID><Version>5</Version><Level>4</Level><Task>1</Task><Opcode>0</Opcode><Keywords>0x8000000000000000</Keywords><TimeCreated SystemTime='2023-04-19T09:37:59.4328981Z'/><EventRecordID>4870</EventRecordID><Correlation/><Execution ProcessID='9012' ThreadID='1992'/><Channel>Microsoft-Windows-Sysmon/Operational</Channel><Computer>ThinkPad-Win10</Computer><Security UserID='S-1-5-18'/></System><EventData><Data Name='RuleName'>-</Data><Data Name='UtcTime'>2023-04-19 09:37:59.430</Data><Data Name='ProcessGuid'>{1255fde1-b677-643f-b202-00000000ee00}</Data><Data Name='ProcessId'>3228</Data><Data Name='Image'>C:\Windows\System32\consent.exe</Data><Data Name='FileVersion'>10.0.19041.1865 (WinBuild.160101.0800)</Data><Data Name='Description'>Consent UI for administrative applications</Data><Data Name='Product'>Microsoft® Windows® Operating System</Data><Data Name='Company'>Microsoft Corporation</Data><Data Name='OriginalFileName'>consent.exe</Data><Data Name='CommandLine'>consent.exe 8088 426 00000164026DE280</Data><Data Name='CurrentDirectory'>C:\Windows\system32\</Data><Data Name='User'>NT AUTHORITY\SYSTEM</Data><Data Name='LogonGuid'>{1255fde1-9095-643f-e703-000000000000}</Data><Data Name='LogonId'>0x3e7</Data><Data Name='TerminalSessionId'>1</Data><Data Name='IntegrityLevel'>System</Data><Data Name='Hashes'>MD5=DD5032EF160209E470E2612A8A3D5F59,SHA256=7FF00DE6D57E83E0A3D566935C7557F11F9B12270529582987FF14EE65502EA6,IMPHASH=7001337914CFB426620F508E54CDF72F</Data><Data Name='ParentProcessGuid'>{1255fde1-a35a-643f-3302-00000000ee00}</Data><Data Name='ParentProcessId'>8088</Data><Data Name='ParentImage'>C:\Windows\System32\svchost.exe</Data><Data Name='ParentCommandLine'>C:\Windows\system32\svchost.exe -k netsvcs -p -s Appinfo</Data><Data Name='ParentUser'>NT AUTHORITY\SYSTEM</Data></EventData></Event><Event xmlns='http://schemas.microsoft.com/win/2004/08/events/event'><System><Provider Name='Microsoft-Windows-Sysmon' Guid='{5770385f-c22a-43e0-bf4c-06f5698ffbd9}'/><EventID>1</EventID><Version>5</Version><Level>4</Level><Task>1</Task><Opcode>0</Opcode><Keywords>0x8000000000000000</Keywords><TimeCreated SystemTime='2023-04-19T09:37:59.3812554Z'/><EventRecordID>4869</EventRecordID><Correlation/><Execution ProcessID='9012' ThreadID='1992'/><Channel>Microsoft-Windows-Sysmon/Operational</Channel><Computer>ThinkPad-Win10</Computer><Security UserID='S-1-5-18'/></System><EventData><Data Name='RuleName'>-</Data><Data Name='UtcTime'>2023-04-19 09:37:59.369</Data><Data Name='ProcessGuid'>{1255fde1-b677-643f-b102-00000000ee00}</Data><Data Name='ProcessId'>164</Data><Data Name='Image'>C:\Windows\System32\mmc.exe</Data><Data Name='FileVersion'>10.0.19041.2604 (WinBuild.160101.0800)</Data><Data Name='Description'>Microsoft Management Console</Data><Data Name='Product'>Microsoft® Windows® Operating System</Data><Data Name='Company'>Microsoft Corporation</Data><Data Name='OriginalFileName'>mmc.exe</Data><Data Name='CommandLine'>"C:\Windows\system32\mmc.exe" "C:\Windows\system32\eventvwr.msc" /s</Data><Data Name='CurrentDirectory'>C:\Windows\system32\</Data><Data Name='User'>THINKPAD-WIN10\smith</Data><Data Name='LogonGuid'>{1255fde1-90a0-643f-d9c3-020000000000}</Data><Data Name='LogonId'>0x2c3d9</Data><Data Name='TerminalSessionId'>1</Data><Data Name='IntegrityLevel'>Medium</Data><Data Name='Hashes'>MD5=CDBAE87D50068565CF2ED20E99246A2E,SHA256=3519DB09C7D58615C5A5A8EF508E163E63ECB428F113021E0E3CD47FB7F39C9E,IMPHASH=5AEF584EA4BCED674B66847FE9D61F23</Data><Data Name='ParentProcessGuid'>{1255fde1-90be-643f-9300-00000000ee00}</Data><Data Name='ParentProcessId'>7828</Data><Data Name='ParentImage'>C:\Windows\explorer.exe</Data><Data Name='ParentCommandLine'>C:\Windows\Explorer.EXE</Data><Data Name='ParentUser'>THINKPAD-WIN10\smith</Data></EventData></Event><Event xmlns='http://schemas.microsoft.com/win/2004/08/events/event'><System><Provider Name='Microsoft-Windows-Sysmon' Guid='{5770385f-c22a-43e0-bf4c-06f5698ffbd9}'/><EventID>1</EventID><Version>5</Version><Level>4</Level><Task>1</Task><Opcode>0</Opcode><Keywords>0x8000000000000000</Keywords><TimeCreated SystemTime='2023-04-19T09:37:59.2759003Z'/><EventRecordID>4868</EventRecordID><Correlation/><Execution ProcessID='9012' ThreadID='1992'/><Channel>Microsoft-Windows-Sysmon/Operational</Channel><Computer>ThinkPad-Win10</Computer><Security UserID='S-1-5-18'/></System><EventData><Data Name='RuleName'>-</Data><Data Name='UtcTime'>2023-04-19 09:37:59.251</Data><Data Name='ProcessGuid'>{1255fde1-b677-643f-b002-00000000ee00}</Data><Data Name='ProcessId'>3432</Data><Data Name='Image'>C:\Windows\System32\smartscreen.exe</Data><Data Name='FileVersion'>10.0.19041.2788 (WinBuild.160101.0800)</Data><Data Name='Description'>Windows Defender SmartScreen</Data><Data Name='Product'>Microsoft® Windows® Operating System</Data><Data Name='Company'>Microsoft Corporation</Data><Data Name='OriginalFileName'>smartscreen.exe</Data><Data Name='CommandLine'>C:\Windows\System32\smartscreen.exe -Embedding</Data><Data Name='CurrentDirectory'>C:\Windows\system32\</Data><Data Name='User'>THINKPAD-WIN10\smith</Data><Data Name='LogonGuid'>{1255fde1-90a0-643f-d9c3-020000000000}</Data><Data Name='LogonId'>0x2c3d9</Data><Data Name='TerminalSessionId'>1</Data><Data Name='IntegrityLevel'>Medium</Data><Data Name='Hashes'>MD5=1B32584C8A8936D5A02C345E2DB65B93,SHA256=9E8F5353960507D99A0F00FC5DDC553936AD8D47A952AE7A493B2DB44936D347,IMPHASH=3198144220BF18551FB10AC902B2BACF</Data><Data Name='ParentProcessGuid'>{00000000-0000-0000-0000-000000000000}</Data><Data Name='ParentProcessId'>1004</Data><Data Name='ParentImage'>-</Data><Data Name='ParentCommandLine'>-</Data><Data Name='ParentUser'>-</Data></EventData></Event><Event xmlns='http://schemas.microsoft.com/win/2004/08/events/event'><System><Provider Name='Microsoft-Windows-Sysmon' Guid='{5770385f-c22a-43e0-bf4c-06f5698ffbd9}'/><EventID>1</EventID><Version>5</Version><Level>4</Level><Task>1</Task><Opcode>0</Opcode><Keywords>0x8000000000000000</Keywords><TimeCreated SystemTime='2023-04-19T09:32:02.0593242Z'/><EventRecordID>4867</EventRecordID><Correlation/><Execution ProcessID='9012' ThreadID='1992'/><Channel>Microsoft-Windows-Sysmon/Operational</Channel><Computer>ThinkPad-Win10</Computer><Security UserID='S-1-5-18'/></System><EventData><Data Name='RuleName'>-</Data><Data Name='UtcTime'>2023-04-19 09:32:02.011</Data><Data Name='ProcessGuid'>{1255fde1-b512-643f-ae02-00000000ee00}</Data><Data Name='ProcessId'>172</Data><Data Name='Image'>C:\Windows\System32\MoUsoCoreWorker.exe</Data><Data Name='FileVersion'>10.0.19041.2788 (WinBuild.160101.0800)</Data><Data Name='Description'>MoUSO Core Worker Process</Data><Data Name='Product'>Microsoft® Windows® Operating System</Data><Data Name='Company'>Microsoft Corporation</Data><Data Name='OriginalFileName'>MoUSOCoreWorker.exe</Data><Data Name='CommandLine'>C:\Windows\System32\mousocoreworker.exe -Embedding</Data><Data Name='CurrentDirectory'>C:\Windows\system32\</Data><Data Name='User'>NT AUTHORITY\SYSTEM</Data><Data Name='LogonGuid'>{1255fde1-9095-643f-e703-000000000000}</Data><Data Name='LogonId'>0x3e7</Data><Data Name='TerminalSessionId'>0</Data><Data Name='IntegrityLevel'>System</Data><Data Name='Hashes'>MD5=DE1AC0479ECCB2F06731EEE52C6D2609,SHA256=EB76B56B6F4FAC87353961645DFAE2F842C0C8CED6B86C2EB48DE0F144D2DC05,IMPHASH=72789ABFBC08A24E6F6A23DE50B7DE6A</Data><Data Name='ParentProcessGuid'>{00000000-0000-0000-0000-000000000000}</Data><Data Name='ParentProcessId'>1004</Data><Data Name='ParentImage'>-</Data><Data Name='ParentCommandLine'>-</Data><Data Name='ParentUser'>-</Data></EventData></Event><Event xmlns='http://schemas.microsoft.com/win/2004/08/events/event'><System><Provider Name='Microsoft-Windows-Sysmon' Guid='{5770385f-c22a-43e0-bf4c-06f5698ffbd9}'/><EventID>22</EventID><Version>5</Version><Level>4</Level><Task>22</Task><Opcode>0</Opcode><Keywords>0x8000000000000000</Keywords><TimeCreated SystemTime='2023-04-19T09:26:28.6426408Z'/><EventRecordID>4866</EventRecordID><Correlation/><Execution ProcessID='9012' ThreadID='388'/><Channel>Microsoft-Windows-Sysmon/Operational</Channel><Computer>ThinkPad-Win10</Computer><Security UserID='S-1-5-18'/></System><EventData><Data Name='RuleName'>-</Data><Data Name='UtcTime'>2023-04-19 09:26:26.660</Data><Data Name='ProcessGuid'>{1255fde1-909c-643f-3600-00000000ee00}</Data><Data Name='ProcessId'>2584</Data><Data Name='QueryName'>ThinkPad-Win10</Data><Data Name='QueryStatus'>0</Data><Data Name='QueryResults'>fdb2:2c26:f4e4:0:f4d3:143b:763b:5609;fdb2:2c26:f4e4:0:b85b:8873:5799:93f4;fe80::d4a1:3f38:cd45:a3fa;172.16.80.3;</Data><Data Name='Image'>C:\Windows\System32\svchost.exe</Data><Data Name='User'>NT AUTHORITY\NETWORK SERVICE</Data></EventData></Event><Event xmlns='http://schemas.microsoft.com/win/2004/08/events/event'><System><Provider Name='Microsoft-Windows-Sysmon' Guid='{5770385f-c22a-43e0-bf4c-06f5698ffbd9}'/><EventID>13</EventID><Version>2</Version><Level>4</Level><Task>13</Task><Opcode>0</Opcode><Keywords>0x8000000000000000</Keywords><TimeCreated SystemTime='2023-04-19T09:24:02.8098645Z'/><EventRecordID>4865</EventRecordID><Correlation/><Execution ProcessID='9012' ThreadID='1992'/><Channel>Microsoft-Windows-Sysmon/Operational</Channel><Computer>ThinkPad-Win10</Computer><Security UserID='S-1-5-18'/></System><EventData><Data Name='RuleName'>InvDB</Data><Data Name='EventType'>SetValue</Data><Data Name='UtcTime'>2023-04-19 09:24:02.808</Data><Data Name='ProcessGuid'>{1255fde1-959a-643f-2202-00000000ee00}</Data><Data Name='ProcessId'>4944</Data><Data Name='Image'>C:\Windows\system32\svchost.exe</Data><Data Name='TargetObject'>HKU\S-1-5-21-3737481589-311315860-1775043708-1000\SOFTWARE\Microsoft\Windows NT\CurrentVersion\AppCompatFlags\Compatibility Assistant\Store\C:\Users\smith\Desktop\Emergency Response\SysmonView.exe</Data><Data Name='Details'>Binary Data</Data><Data Name='User'>NT AUTHORITY\SYSTEM</Data></EventData></Event><Event xmlns='http://schemas.microsoft.com/win/2004/08/events/event'><System><Provider Name='Microsoft-Windows-Sysmon' Guid='{5770385f-c22a-43e0-bf4c-06f5698ffbd9}'/><EventID>5</EventID><Version>3</Version><Level>4</Level><Task>5</Task><Opcode>0</Opcode><Keywords>0x8000000000000000</Keywords><TimeCreated SystemTime='2023-04-19T09:24:00.8113767Z'/><EventRecordID>4864</EventRecordID><Correlation/><Execution ProcessID='9012' ThreadID='1992'/><Channel>Microsoft-Windows-Sysmon/Operational</Channel><Computer>ThinkPad-Win10</Computer><Security UserID='S-1-5-18'/></System><EventData><Data Name='RuleName'>-</Data><Data Name='UtcTime'>2023-04-19 09:24:00.802</Data><Data Name='ProcessGuid'>{1255fde1-b25e-643f-ad02-00000000ee00}</Data><Data Name='ProcessId'>2068</Data><Data Name='Image'>C:\Users\smith\Desktop\Emergency Response\SysmonView.exe</Data><Data Name='User'>THINKPAD-WIN10\smith</Data></EventData></Event><Event xmlns='http://schemas.microsoft.com/win/2004/08/events/event'><System><Provider Name='Microsoft-Windows-Sysmon' Guid='{5770385f-c22a-43e0-bf4c-06f5698ffbd9}'/><EventID>22</EventID><Version>5</Version><Level>4</Level><Task>22</Task><Opcode>0</Opcode><Keywords>0x8000000000000000</Keywords><TimeCreated SystemTime='2023-04-19T09:21:29.4732705Z'/><EventRecordID>4863</EventRecordID><Correlation/><Execution ProcessID='9012' ThreadID='388'/><Channel>Microsoft-Windows-Sysmon/Operational</Channel><Computer>ThinkPad-Win10</Computer><Security UserID='S-1-5-18'/></System><EventData><Data Name='RuleName'>-</Data><Data Name='UtcTime'>2023-04-19 09:21:27.468</Data><Data Name='ProcessGuid'>{1255fde1-909c-643f-3400-00000000ee00}</Data><Data Name='ProcessId'>2500</Data><Data Name='QueryName'>wpad</Data><Data Name='QueryStatus'>9003</Data><Data Name='QueryResults'>-</Data><Data Name='Image'>C:\Windows\System32\svchost.exe</Data><Data Name='User'>NT AUTHORITY\LOCAL SERVICE</Data></EventData></Event><Event xmlns='http://schemas.microsoft.com/win/2004/08/events/event'><System><Provider Name='Microsoft-Windows-Sysmon' Guid='{5770385f-c22a-43e0-bf4c-06f5698ffbd9}'/><EventID>2</EventID><Version>5</Version><Level>4</Level><Task>2</Task><Opcode>0</Opcode><Keywords>0x8000000000000000</Keywords><TimeCreated SystemTime='2023-04-19T09:20:39.4137721Z'/><EventRecordID>4862</EventRecordID><Correlation/><Execution ProcessID='9012' ThreadID='1992'/><Channel>Microsoft-Windows-Sysmon/Operational</Channel><Computer>ThinkPad-Win10</Computer><Security UserID='S-1-5-18'/></System><EventData><Data Name='RuleName'>T1099</Data><Data Name='UtcTime'>2023-04-19 09:20:39.413</Data><Data Name='ProcessGuid'>{1255fde1-b25e-643f-ad02-00000000ee00}</Data><Data Name='ProcessId'>2068</Data><Data Name='Image'>C:\Users\smith\Desktop\Emergency Response\SysmonView.exe</Data><Data Name='TargetFilename'>C:\Users\smith\AppData\Local\Microsoft\Windows\Explorer\iconcache_custom_stream.db</Data><Data Name='CreationUtcTime'>2023-01-28 06:56:53.024</Data><Data Name='PreviousCreationUtcTime'>2023-01-28 06:56:53.024</Data><Data Name='User'>THINKPAD-WIN10\smith</Data></EventData></Event><Event xmlns='http://schemas.microsoft.com/win/2004/08/events/event'><System><Provider Name='Microsoft-Windows-Sysmon' Guid='{5770385f-c22a-43e0-bf4c-06f5698ffbd9}'/><EventID>2</EventID><Version>5</Version><Level>4</Level><Task>2</Task><Opcode>0</Opcode><Keywords>0x8000000000000000</Keywords><TimeCreated SystemTime='2023-04-19T09:20:39.4130624Z'/><EventRecordID>4861</EventRecordID><Correlation/><Execution ProcessID='9012' ThreadID='1992'/><Channel>Microsoft-Windows-Sysmon/Operational</Channel><Computer>ThinkPad-Win10</Computer><Security UserID='S-1-5-18'/></System><EventData><Data Name='RuleName'>T1099</Data><Data Name='UtcTime'>2023-04-19 09:20:39.412</Data><Data Name='ProcessGuid'>{1255fde1-b25e-643f-ad02-00000000ee00}</Data><Data Name='ProcessId'>2068</Data><Data Name='Image'>C:\Users\smith\Desktop\Emergency Response\SysmonView.exe</Data><Data Name='TargetFilename'>C:\Users\smith\AppData\Local\Microsoft\Windows\Explorer\iconcache_wide_alternate.db</Data><Data Name='CreationUtcTime'>2023-01-28 06:56:53.024</Data><Data Name='PreviousCreationUtcTime'>2023-01-28 06:56:53.024</Data><Data Name='User'>THINKPAD-WIN10\smith</Data></EventData></Event><Event xmlns='http://schemas.microsoft.com/win/2004/08/events/event'><System><Provider Name='Microsoft-Windows-Sysmon' Guid='{5770385f-c22a-43e0-bf4c-06f5698ffbd9}'/><EventID>2</EventID><Version>5</Version><Level>4</Level><Task>2</Task><Opcode>0</Opcode><Keywords>0x8000000000000000</Keywords><TimeCreated SystemTime='2023-04-19T09:20:39.4123553Z'/><EventRecordID>4860</EventRecordID><Correlation/><Execution ProcessID='9012' ThreadID='1992'/><Channel>Microsoft-Windows-Sysmon/Operational</Channel><Computer>ThinkPad-Win10</Computer><Security UserID='S-1-5-18'/></System><EventData><Data Name='RuleName'>T1099</Data><Data Name='UtcTime'>2023-04-19 09:20:39.412</Data><Data Name='ProcessGuid'>{1255fde1-b25e-643f-ad02-00000000ee00}</Data><Data Name='ProcessId'>2068</Data><Data Name='Image'>C:\Users\smith\Desktop\Emergency Response\SysmonView.exe</Data><Data Name='TargetFilename'>C:\Users\smith\AppData\Local\Microsoft\Windows\Explorer\iconcache_exif.db</Data><Data Name='CreationUtcTime'>2023-01-28 06:56:53.024</Data><Data Name='PreviousCreationUtcTime'>2023-01-28 06:56:53.024</Data><Data Name='User'>THINKPAD-WIN10\smith</Data></EventData></Event><Event xmlns='http://schemas.microsoft.com/win/2004/08/events/event'><System><Provider Name='Microsoft-Windows-Sysmon' Guid='{5770385f-c22a-43e0-bf4c-06f5698ffbd9}'/><EventID>2</EventID><Version>5</Version><Level>4</Level><Task>2</Task><Opcode>0</Opcode><Keywords>0x8000000000000000</Keywords><TimeCreated SystemTime='2023-04-19T09:20:39.4116463Z'/><EventRecordID>4859</EventRecordID><Correlation/><Execution ProcessID='9012' ThreadID='1992'/><Channel>Microsoft-Windows-Sysmon/Operational</Channel><Computer>ThinkPad-Win10</Computer><Security UserID='S-1-5-18'/></System><EventData><Data Name='RuleName'>T1099</Data><Data Name='UtcTime'>2023-04-19 09:20:39.411</Data><Data Name='ProcessGuid'>{1255fde1-b25e-643f-ad02-00000000ee00}</Data><Data Name='ProcessId'>2068</Data><Data Name='Image'>C:\Users\smith\Desktop\Emergency Response\SysmonView.exe</Data><Data Name='TargetFilename'>C:\Users\smith\AppData\Local\Microsoft\Windows\Explorer\iconcache_wide.db</Data><Data Name='CreationUtcTime'>2023-01-28 06:56:53.024</Data><Data Name='PreviousCreationUtcTime'>2023-01-28 06:56:53.024</Data><Data Name='User'>THINKPAD-WIN10\smith</Data></EventData></Event><Event xmlns='http://schemas.microsoft.com/win/2004/08/events/event'><System><Provider Name='Microsoft-Windows-Sysmon' Guid='{5770385f-c22a-43e0-bf4c-06f5698ffbd9}'/><EventID>2</EventID><Version>5</Version><Level>4</Level><Task>2</Task><Opcode>0</Opcode><Keywords>0x8000000000000000</Keywords><TimeCreated SystemTime='2023-04-19T09:20:39.4109001Z'/><EventRecordID>4858</EventRecordID><Correlation/><Execution ProcessID='9012' ThreadID='1992'/><Channel>Microsoft-Windows-Sysmon/Operational</Channel><Computer>ThinkPad-Win10</Computer><Security UserID='S-1-5-18'/></System><EventData><Data Name='RuleName'>T1099</Data><Data Name='UtcTime'>2023-04-19 09:20:39.410</Data><Data Name='ProcessGuid'>{1255fde1-b25e-643f-ad02-00000000ee00}</Data><Data Name='ProcessId'>2068</Data><Data Name='Image'>C:\Users\smith\Desktop\Emergency Response\SysmonView.exe</Data><Data Name='TargetFilename'>C:\Users\smith\AppData\Local\Microsoft\Windows\Explorer\iconcache_sr.db</Data><Data Name='CreationUtcTime'>2023-01-28 06:56:53.024</Data><Data Name='PreviousCreationUtcTime'>2023-01-28 06:56:53.024</Data><Data Name='User'>THINKPAD-WIN10\smith</Data></EventData></Event><Event xmlns='http://schemas.microsoft.com/win/2004/08/events/event'><System><Provider Name='Microsoft-Windows-Sysmon' Guid='{5770385f-c22a-43e0-bf4c-06f5698ffbd9}'/><EventID>2</EventID><Version>5</Version><Level>4</Level><Task>2</Task><Opcode>0</Opcode><Keywords>0x8000000000000000</Keywords><TimeCreated SystemTime='2023-04-19T09:20:39.4102274Z'/><EventRecordID>4857</EventRecordID><Correlation/><Execution ProcessID='9012' ThreadID='1992'/><Channel>Microsoft-Windows-Sysmon/Operational</Channel><Computer>ThinkPad-Win10</Computer><Security UserID='S-1-5-18'/></System><EventData><Data Name='RuleName'>T1099</Data><Data Name='UtcTime'>2023-04-19 09:20:39.409</Data><Data Name='ProcessGuid'>{1255fde1-b25e-643f-ad02-00000000ee00}</Data><Data Name='ProcessId'>2068</Data><Data Name='Image'>C:\Users\smith\Desktop\Emergency Response\SysmonView.exe</Data><Data Name='TargetFilename'>C:\Users\smith\AppData\Local\Microsoft\Windows\Explorer\iconcache_2560.db</Data><Data Name='CreationUtcTime'>2023-01-28 06:56:53.009</Data><Data Name='PreviousCreationUtcTime'>2023-01-28 06:56:53.009</Data><Data Name='User'>THINKPAD-WIN10\smith</Data></EventData></Event><Event xmlns='http://schemas.microsoft.com/win/2004/08/events/event'><System><Provider Name='Microsoft-Windows-Sysmon' Guid='{5770385f-c22a-43e0-bf4c-06f5698ffbd9}'/><EventID>2</EventID><Version>5</Version><Level>4</Level><Task>2</Task><Opcode>0</Opcode><Keywords>0x8000000000000000</Keywords><TimeCreated SystemTime='2023-04-19T09:20:39.4095799Z'/><EventRecordID>4856</EventRecordID><Correlation/><Execution ProcessID='9012' ThreadID='1992'/><Channel>Microsoft-Windows-Sysmon/Operational</Channel><Computer>ThinkPad-Win10</Computer><Security UserID='S-1-5-18'/></System><EventData><Data Name='RuleName'>T1099</Data><Data Name='UtcTime'>2023-04-19 09:20:39.409</Data><Data Name='ProcessGuid'>{1255fde1-b25e-643f-ad02-00000000ee00}</Data><Data Name='ProcessId'>2068</Data><Data Name='Image'>C:\Users\smith\Desktop\Emergency Response\SysmonView.exe</Data><Data Name='TargetFilename'>C:\Users\smith\AppData\Local\Microsoft\Windows\Explorer\iconcache_1920.db</Data><Data Name='CreationUtcTime'>2023-01-28 06:56:52.995</Data><Data Name='PreviousCreationUtcTime'>2023-01-28 06:56:52.995</Data><Data Name='User'>THINKPAD-WIN10\smith</Data></EventData></Event><Event xmlns='http://schemas.microsoft.com/win/2004/08/events/event'><System><Provider Name='Microsoft-Windows-Sysmon' Guid='{5770385f-c22a-43e0-bf4c-06f5698ffbd9}'/><EventID>2</EventID><Version>5</Version><Level>4</Level><Task>2</Task><Opcode>0</Opcode><Keywords>0x8000000000000000</Keywords><TimeCreated SystemTime='2023-04-19T09:20:39.4089284Z'/><EventRecordID>4855</EventRecordID><Correlation/><Execution ProcessID='9012' ThreadID='1992'/><Channel>Microsoft-Windows-Sysmon/Operational</Channel><Computer>ThinkPad-Win10</Computer><Security UserID='S-1-5-18'/></System><EventData><Data Name='RuleName'>T1099</Data><Data Name='UtcTime'>2023-04-19 09:20:39.408</Data><Data Name='ProcessGuid'>{1255fde1-b25e-643f-ad02-00000000ee00}</Data><Data Name='ProcessId'>2068</Data><Data Name='Image'>C:\Users\smith\Desktop\Emergency Response\SysmonView.exe</Data><Data Name='TargetFilename'>C:\Users\smith\AppData\Local\Microsoft\Windows\Explorer\iconcache_1280.db</Data><Data Name='CreationUtcTime'>2023-01-28 06:56:52.995</Data><Data Name='PreviousCreationUtcTime'>2023-01-28 06:56:52.995</Data><Data Name='User'>THINKPAD-WIN10\smith</Data></EventData></Event><Event xmlns='http://schemas.microsoft.com/win/2004/08/events/event'><System><Provider Name='Microsoft-Windows-Sysmon' Guid='{5770385f-c22a-43e0-bf4c-06f5698ffbd9}'/><EventID>2</EventID><Version>5</Version><Level>4</Level><Task>2</Task><Opcode>0</Opcode><Keywords>0x8000000000000000</Keywords><TimeCreated SystemTime='2023-04-19T09:20:39.4082046Z'/><EventRecordID>4854</EventRecordID><Correlation/><Execution ProcessID='9012' ThreadID='1992'/><Channel>Microsoft-Windows-Sysmon/Operational</Channel><Computer>ThinkPad-Win10</Computer><Security UserID='S-1-5-18'/></System><EventData><Data Name='RuleName'>T1099</Data><Data Name='UtcTime'>2023-04-19 09:20:39.407</Data><Data Name='ProcessGuid'>{1255fde1-b25e-643f-ad02-00000000ee00}</Data><Data Name='ProcessId'>2068</Data><Data Name='Image'>C:\Users\smith\Desktop\Emergency Response\SysmonView.exe</Data><Data Name='TargetFilename'>C:\Users\smith\AppData\Local\Microsoft\Windows\Explorer\iconcache_768.db</Data><Data Name='CreationUtcTime'>2023-01-28 06:56:52.995</Data><Data Name='PreviousCreationUtcTime'>2023-01-28 06:56:52.995</Data><Data Name='User'>THINKPAD-WIN10\smith</Data></EventData></Event><Event xmlns='http://schemas.microsoft.com/win/2004/08/events/event'><System><Provider Name='Microsoft-Windows-Sysmon' Guid='{5770385f-c22a-43e0-bf4c-06f5698ffbd9}'/><EventID>2</EventID><Version>5</Version><Level>4</Level><Task>2</Task><Opcode>0</Opcode><Keywords>0x8000000000000000</Keywords><TimeCreated SystemTime='2023-04-19T09:20:39.4075258Z'/><EventRecordID>4853</EventRecordID><Correlation/><Execution ProcessID='9012' ThreadID='1992'/><Channel>Microsoft-Windows-Sysmon/Operational</Channel><Computer>ThinkPad-Win10</Computer><Security UserID='S-1-5-18'/></System><EventData><Data Name='RuleName'>T1099</Data><Data Name='UtcTime'>2023-04-19 09:20:39.407</Data><Data Name='ProcessGuid'>{1255fde1-b25e-643f-ad02-00000000ee00}</Data><Data Name='ProcessId'>2068</Data><Data Name='Image'>C:\Users\smith\Desktop\Emergency Response\SysmonView.exe</Data><Data Name='TargetFilename'>C:\Users\smith\AppData\Local\Microsoft\Windows\Explorer\iconcache_256.db</Data><Data Name='CreationUtcTime'>2023-01-28 06:56:52.995</Data><Data Name='PreviousCreationUtcTime'>2023-01-28 06:56:52.995</Data><Data Name='User'>THINKPAD-WIN10\smith</Data></EventData></Event><Event xmlns='http://schemas.microsoft.com/win/2004/08/events/event'><System><Provider Name='Microsoft-Windows-Sysmon' Guid='{5770385f-c22a-43e0-bf4c-06f5698ffbd9}'/><EventID>2</EventID><Version>5</Version><Level>4</Level><Task>2</Task><Opcode>0</Opcode><Keywords>0x8000000000000000</Keywords><TimeCreated SystemTime='2023-04-19T09:20:39.4068328Z'/><EventRecordID>4852</EventRecordID><Correlation/><Execution ProcessID='9012' ThreadID='1992'/><Channel>Microsoft-Windows-Sysmon/Operational</Channel><Computer>ThinkPad-Win10</Computer><Security UserID='S-1-5-18'/></System><EventData><Data Name='RuleName'>T1099</Data><Data Name='UtcTime'>2023-04-19 09:20:39.406</Data><Data Name='ProcessGuid'>{1255fde1-b25e-643f-ad02-00000000ee00}</Data><Data Name='ProcessId'>2068</Data><Data Name='Image'>C:\Users\smith\Desktop\Emergency Response\SysmonView.exe</Data><Data Name='TargetFilename'>C:\Users\smith\AppData\Local\Microsoft\Windows\Explorer\iconcache_96.db</Data><Data Name='CreationUtcTime'>2023-01-28 06:56:52.978</Data><Data Name='PreviousCreationUtcTime'>2023-01-28 06:56:52.978</Data><Data Name='User'>THINKPAD-WIN10\smith</Data></EventData></Event><Event xmlns='http://schemas.microsoft.com/win/2004/08/events/event'><System><Provider Name='Microsoft-Windows-Sysmon' Guid='{5770385f-c22a-43e0-bf4c-06f5698ffbd9}'/><EventID>2</EventID><Version>5</Version><Level>4</Level><Task>2</Task><Opcode>0</Opcode><Keywords>0x8000000000000000</Keywords><TimeCreated SystemTime='2023-04-19T09:20:39.4061550Z'/><EventRecordID>4851</EventRecordID><Correlation/><Execution ProcessID='9012' ThreadID='1992'/><Channel>Microsoft-Windows-Sysmon/Operational</Channel><Computer>ThinkPad-Win10</Computer><Security UserID='S-1-5-18'/></System><EventData><Data Name='RuleName'>T1099</Data><Data Name='UtcTime'>2023-04-19 09:20:39.405</Data><Data Name='ProcessGuid'>{1255fde1-b25e-643f-ad02-00000000ee00}</Data><Data Name='ProcessId'>2068</Data><Data Name='Image'>C:\Users\smith\Desktop\Emergency Response\SysmonView.exe</Data><Data Name='TargetFilename'>C:\Users\smith\AppData\Local\Microsoft\Windows\Explorer\iconcache_48.db</Data><Data Name='CreationUtcTime'>2023-01-28 06:56:52.978</Data><Data Name='PreviousCreationUtcTime'>2023-01-28 06:56:52.978</Data><Data Name='User'>THINKPAD-WIN10\smith</Data></EventData></Event><Event xmlns='http://schemas.microsoft.com/win/2004/08/events/event'><System><Provider Name='Microsoft-Windows-Sysmon' Guid='{5770385f-c22a-43e0-bf4c-06f5698ffbd9}'/><EventID>2</EventID><Version>5</Version><Level>4</Level><Task>2</Task><Opcode>0</Opcode><Keywords>0x8000000000000000</Keywords><TimeCreated SystemTime='2023-04-19T09:20:39.4054784Z'/><EventRecordID>4850</EventRecordID><Correlation/><Execution ProcessID='9012' ThreadID='1992'/><Channel>Microsoft-Windows-Sysmon/Operational</Channel><Computer>ThinkPad-Win10</Computer><Security UserID='S-1-5-18'/></System><EventData><Data Name='RuleName'>T1099</Data><Data Name='UtcTime'>2023-04-19 09:20:39.405</Data><Data Name='ProcessGuid'>{1255fde1-b25e-643f-ad02-00000000ee00}</Data><Data Name='ProcessId'>2068</Data><Data Name='Image'>C:\Users\smith\Desktop\Emergency Response\SysmonView.exe</Data><Data Name='TargetFilename'>C:\Users\smith\AppData\Local\Microsoft\Windows\Explorer\iconcache_32.db</Data><Data Name='CreationUtcTime'>2021-11-24 05:52:57.419</Data><Data Name='PreviousCreationUtcTime'>2021-11-24 05:52:57.419</Data><Data Name='User'>THINKPAD-WIN10\smith</Data></EventData></Event><Event xmlns='http://schemas.microsoft.com/win/2004/08/events/event'><System><Provider Name='Microsoft-Windows-Sysmon' Guid='{5770385f-c22a-43e0-bf4c-06f5698ffbd9}'/><EventID>2</EventID><Version>5</Version><Level>4</Level><Task>2</Task><Opcode>0</Opcode><Keywords>0x8000000000000000</Keywords><TimeCreated SystemTime='2023-04-19T09:20:39.4046451Z'/><EventRecordID>4849</EventRecordID><Correlation/><Execution ProcessID='9012' ThreadID='1992'/><Channel>Microsoft-Windows-Sysmon/Operational</Channel><Computer>ThinkPad-Win10</Computer><Security UserID='S-1-5-18'/></System><EventData><Data Name='RuleName'>T1099</Data><Data Name='UtcTime'>2023-04-19 09:20:39.404</Data><Data Name='ProcessGuid'>{1255fde1-b25e-643f-ad02-00000000ee00}</Data><Data Name='ProcessId'>2068</Data><Data Name='Image'>C:\Users\smith\Desktop\Emergency Response\SysmonView.exe</Data><Data Name='TargetFilename'>C:\Users\smith\AppData\Local\Microsoft\Windows\Explorer\iconcache_16.db</Data><Data Name='CreationUtcTime'>2021-11-24 05:52:57.419</Data><Data Name='PreviousCreationUtcTime'>2021-11-24 05:52:57.419</Data><Data Name='User'>THINKPAD-WIN10\smith</Data></EventData></Event><Event xmlns='http://schemas.microsoft.com/win/2004/08/events/event'><System><Provider Name='Microsoft-Windows-Sysmon' Guid='{5770385f-c22a-43e0-bf4c-06f5698ffbd9}'/><EventID>2</EventID><Version>5</Version><Level>4</Level><Task>2</Task><Opcode>0</Opcode><Keywords>0x8000000000000000</Keywords><TimeCreated SystemTime='2023-04-19T09:20:39.4027829Z'/><EventRecordID>4848</EventRecordID><Correlation/><Execution ProcessID='9012' ThreadID='1992'/><Channel>Microsoft-Windows-Sysmon/Operational</Channel><Computer>ThinkPad-Win10</Computer><Security UserID='S-1-5-18'/></System><EventData><Data Name='RuleName'>T1099</Data><Data Name='UtcTime'>2023-04-19 09:20:39.402</Data><Data Name='ProcessGuid'>{1255fde1-b25e-643f-ad02-00000000ee00}</Data><Data Name='ProcessId'>2068</Data><Data Name='Image'>C:\Users\smith\Desktop\Emergency Response\SysmonView.exe</Data><Data Name='TargetFilename'>C:\Users\smith\AppData\Local\Microsoft\Windows\Explorer\iconcache_idx.db</Data><Data Name='CreationUtcTime'>2021-11-24 05:52:57.419</Data><Data Name='PreviousCreationUtcTime'>2021-11-24 05:52:57.419</Data><Data Name='User'>THINKPAD-WIN10\smith</Data></EventData></Event><Event xmlns='http://schemas.microsoft.com/win/2004/08/events/event'><System><Provider Name='Microsoft-Windows-Sysmon' Guid='{5770385f-c22a-43e0-bf4c-06f5698ffbd9}'/><EventID>1</EventID><Version>5</Version><Level>4</Level><Task>1</Task><Opcode>0</Opcode><Keywords>0x8000000000000000</Keywords><TimeCreated SystemTime='2023-04-19T09:20:30.8317323Z'/><EventRecordID>4847</EventRecordID><Correlation/><Execution ProcessID='9012' ThreadID='1992'/><Channel>Microsoft-Windows-Sysmon/Operational</Channel><Computer>ThinkPad-Win10</Computer><Security UserID='S-1-5-18'/></System><EventData><Data Name='RuleName'>-</Data><Data Name='UtcTime'>2023-04-19 09:20:30.211</Data><Data Name='ProcessGuid'>{1255fde1-b25e-643f-ad02-00000000ee00}</Data><Data Name='ProcessId'>2068</Data><Data Name='Image'>C:\Users\smith\Desktop\Emergency Response\SysmonView.exe</Data><Data Name='FileVersion'>3.2.0.0</Data><Data Name='Description'>SysmonView (Sysmon log view utility)</Data><Data Name='Product'>SysmonView</Data><Data Name='Company'>nosecurecode.com</Data><Data Name='OriginalFileName'>SysmonView</Data><Data Name='CommandLine'>"C:\Users\smith\Desktop\Emergency Response\SysmonView.exe" </Data><Data Name='CurrentDirectory'>C:\Users\smith\Desktop\Emergency Response\</Data><Data Name='User'>THINKPAD-WIN10\smith</Data><Data Name='LogonGuid'>{1255fde1-90a0-643f-d9c3-020000000000}</Data><Data Name='LogonId'>0x2c3d9</Data><Data Name='TerminalSessionId'>1</Data><Data Name='IntegrityLevel'>Medium</Data><Data Name='Hashes'>MD5=31E5E61CA54CD052CED8BA0E801C65F1,SHA256=9E630F07D78A3401362053435BF20BDBC36AE52DA781B6E2C73647CE4CF88943,IMPHASH=49A66563C2735A53AD475F53FCDC6E30</Data><Data Name='ParentProcessGuid'>{1255fde1-90be-643f-9300-00000000ee00}</Data><Data Name='ParentProcessId'>7828</Data><Data Name='ParentImage'>C:\Windows\explorer.exe</Data><Data Name='ParentCommandLine'>C:\Windows\Explorer.EXE</Data><Data Name='ParentUser'>THINKPAD-WIN10\smith</Data></EventData></Event><Event xmlns='http://schemas.microsoft.com/win/2004/08/events/event'><System><Provider Name='Microsoft-Windows-Sysmon' Guid='{5770385f-c22a-43e0-bf4c-06f5698ffbd9}'/><EventID>1</EventID><Version>5</Version><Level>4</Level><Task>1</Task><Opcode>0</Opcode><Keywords>0x8000000000000000</Keywords><TimeCreated SystemTime='2023-04-19T09:19:27.3793379Z'/><EventRecordID>4846</EventRecordID><Correlation/><Execution ProcessID='9012' ThreadID='1992'/><Channel>Microsoft-Windows-Sysmon/Operational</Channel><Computer>ThinkPad-Win10</Computer><Security UserID='S-1-5-18'/></System><EventData><Data Name='RuleName'>-</Data><Data Name='UtcTime'>2023-04-19 09:19:27.369</Data><Data Name='ProcessGuid'>{1255fde1-b21f-643f-aa02-00000000ee00}</Data><Data Name='ProcessId'>172</Data><Data Name='Image'>C:\Windows\System32\mmc.exe</Data><Data Name='FileVersion'>10.0.19041.2604 (WinBuild.160101.0800)</Data><Data Name='Description'>Microsoft Management Console</Data><Data Name='Product'>Microsoft® Windows® Operating System</Data><Data Name='Company'>Microsoft Corporation</Data><Data Name='OriginalFileName'>mmc.exe</Data><Data Name='CommandLine'>"C:\Windows\system32\mmc.exe" "C:\Windows\system32\eventvwr.msc" /s</Data><Data Name='CurrentDirectory'>C:\Windows\system32\</Data><Data Name='User'>THINKPAD-WIN10\smith</Data><Data Name='LogonGuid'>{1255fde1-909f-643f-3ac3-020000000000}</Data><Data Name='LogonId'>0x2c33a</Data><Data Name='TerminalSessionId'>1</Data><Data Name='IntegrityLevel'>High</Data><Data Name='Hashes'>MD5=CDBAE87D50068565CF2ED20E99246A2E,SHA256=3519DB09C7D58615C5A5A8EF508E163E63ECB428F113021E0E3CD47FB7F39C9E,IMPHASH=5AEF584EA4BCED674B66847FE9D61F23</Data><Data Name='ParentProcessGuid'>{1255fde1-90be-643f-9300-00000000ee00}</Data><Data Name='ParentProcessId'>7828</Data><Data Name='ParentImage'>C:\Windows\explorer.exe</Data><Data Name='ParentCommandLine'>C:\Windows\Explorer.EXE</Data><Data Name='ParentUser'>THINKPAD-WIN10\smith</Data></EventData></Event><Event xmlns='http://schemas.microsoft.com/win/2004/08/events/event'><System><Provider Name='Microsoft-Windows-Sysmon' Guid='{5770385f-c22a-43e0-bf4c-06f5698ffbd9}'/><EventID>22</EventID><Version>5</Version><Level>4</Level><Task>22</Task><Opcode>0</Opcode><Keywords>0x8000000000000000</Keywords><TimeCreated SystemTime='2023-04-19T09:19:27.2991960Z'/><EventRecordID>4845</EventRecordID><Correlation/><Execution ProcessID='9012' ThreadID='388'/><Channel>Microsoft-Windows-Sysmon/Operational</Channel><Computer>ThinkPad-Win10</Computer><Security UserID='S-1-5-18'/></System><EventData><Data Name='RuleName'>-</Data><Data Name='UtcTime'>2023-04-19 09:19:25.547</Data><Data Name='ProcessGuid'>{1255fde1-90ca-643f-bd00-00000000ee00}</Data><Data Name='ProcessId'>8708</Data><Data Name='QueryName'>fp-afd.azureedge.us</Data><Data Name='QueryStatus'>0</Data><Data Name='QueryResults'>type:  5 fp-afd.afd.azureedge.us;type:  5 afd.msedge.azure.us;type:  5 t-0001.msedge.azure.us;type:  5 eafd-3p-profile.usgovtrafficmanager.net;type:  5 eafd-ffgov-sn02.elasticafd.msedge.azure.us;::ffff:20.140.147.201;</Data><Data Name='Image'>C:\Windows\SystemApps\Microsoft.Windows.Search_cw5n1h2txyewy\SearchApp.exe</Data><Data Name='User'>THINKPAD-WIN10\smith</Data></EventData></Event><Event xmlns='http://schemas.microsoft.com/win/2004/08/events/event'><System><Provider Name='Microsoft-Windows-Sysmon' Guid='{5770385f-c22a-43e0-bf4c-06f5698ffbd9}'/><EventID>1</EventID><Version>5</Version><Level>4</Level><Task>1</Task><Opcode>0</Opcode><Keywords>0x8000000000000000</Keywords><TimeCreated SystemTime='2023-04-19T09:19:27.2454043Z'/><EventRecordID>4844</EventRecordID><Correlation/><Execution ProcessID='9012' ThreadID='1992'/><Channel>Microsoft-Windows-Sysmon/Operational</Channel><Computer>ThinkPad-Win10</Computer><Security UserID='S-1-5-18'/></System><EventData><Data Name='RuleName'>-</Data><Data Name='UtcTime'>2023-04-19 09:19:27.241</Data><Data Name='ProcessGuid'>{1255fde1-b21f-643f-a902-00000000ee00}</Data><Data Name='ProcessId'>4760</Data><Data Name='Image'>C:\Windows\System32\consent.exe</Data><Data Name='FileVersion'>10.0.19041.1865 (WinBuild.160101.0800)</Data><Data Name='Description'>Consent UI for administrative applications</Data><Data Name='Product'>Microsoft® Windows® Operating System</Data><Data Name='Company'>Microsoft Corporation</Data><Data Name='OriginalFileName'>consent.exe</Data><Data Name='CommandLine'>consent.exe 8088 426 00000164026B9990</Data><Data Name='CurrentDirectory'>C:\Windows\system32\</Data><Data Name='User'>NT AUTHORITY\SYSTEM</Data><Data Name='LogonGuid'>{1255fde1-9095-643f-e703-000000000000}</Data><Data Name='LogonId'>0x3e7</Data><Data Name='TerminalSessionId'>1</Data><Data Name='IntegrityLevel'>System</Data><Data Name='Hashes'>MD5=DD5032EF160209E470E2612A8A3D5F59,SHA256=7FF00DE6D57E83E0A3D566935C7557F11F9B12270529582987FF14EE65502EA6,IMPHASH=7001337914CFB426620F508E54CDF72F</Data><Data Name='ParentProcessGuid'>{1255fde1-a35a-643f-3302-00000000ee00}</Data><Data Name='ParentProcessId'>8088</Data><Data Name='ParentImage'>C:\Windows\System32\svchost.exe</Data><Data Name='ParentCommandLine'>C:\Windows\system32\svchost.exe -k netsvcs -p -s Appinfo</Data><Data Name='ParentUser'>NT AUTHORITY\SYSTEM</Data></EventData></Event><Event xmlns='http://schemas.microsoft.com/win/2004/08/events/event'><System><Provider Name='Microsoft-Windows-Sysmon' Guid='{5770385f-c22a-43e0-bf4c-06f5698ffbd9}'/><EventID>1</EventID><Version>5</Version><Level>4</Level><Task>1</Task><Opcode>0</Opcode><Keywords>0x8000000000000000</Keywords><TimeCreated SystemTime='2023-04-19T09:19:27.1267058Z'/><EventRecordID>4843</EventRecordID><Correlation/><Execution ProcessID='9012' ThreadID='1992'/><Channel>Microsoft-Windows-Sysmon/Operational</Channel><Computer>ThinkPad-Win10</Computer><Security UserID='S-1-5-18'/></System><EventData><Data Name='RuleName'>-</Data><Data Name='UtcTime'>2023-04-19 09:19:27.102</Data><Data Name='ProcessGuid'>{1255fde1-b21f-643f-a802-00000000ee00}</Data><Data Name='ProcessId'>5952</Data><Data Name='Image'>C:\Windows\System32\mmc.exe</Data><Data Name='FileVersion'>10.0.19041.2604 (WinBuild.160101.0800)</Data><Data Name='Description'>Microsoft Management Console</Data><Data Name='Product'>Microsoft® Windows® Operating System</Data><Data Name='Company'>Microsoft Corporation</Data><Data Name='OriginalFileName'>mmc.exe</Data><Data Name='CommandLine'>"C:\Windows\system32\mmc.exe" "C:\Windows\system32\eventvwr.msc" /s</Data><Data Name='CurrentDirectory'>C:\Windows\system32\</Data><Data Name='User'>THINKPAD-WIN10\smith</Data><Data Name='LogonGuid'>{1255fde1-90a0-643f-d9c3-020000000000}</Data><Data Name='LogonId'>0x2c3d9</Data><Data Name='TerminalSessionId'>1</Data><Data Name='IntegrityLevel'>Medium</Data><Data Name='Hashes'>MD5=CDBAE87D50068565CF2ED20E99246A2E,SHA256=3519DB09C7D58615C5A5A8EF508E163E63ECB428F113021E0E3CD47FB7F39C9E,IMPHASH=5AEF584EA4BCED674B66847FE9D61F23</Data><Data Name='ParentProcessGuid'>{1255fde1-90be-643f-9300-00000000ee00}</Data><Data Name='ParentProcessId'>7828</Data><Data Name='ParentImage'>C:\Windows\explorer.exe</Data><Data Name='ParentCommandLine'>C:\Windows\Explorer.EXE</Data><Data Name='ParentUser'>THINKPAD-WIN10\smith</Data></EventData></Event><Event xmlns='http://schemas.microsoft.com/win/2004/08/events/event'><System><Provider Name='Microsoft-Windows-Sysmon' Guid='{5770385f-c22a-43e0-bf4c-06f5698ffbd9}'/><EventID>1</EventID><Version>5</Version><Level>4</Level><Task>1</Task><Opcode>0</Opcode><Keywords>0x8000000000000000</Keywords><TimeCreated SystemTime='2023-04-19T09:19:17.5079817Z'/><EventRecordID>4842</EventRecordID><Correlation/><Execution ProcessID='9012' ThreadID='1992'/><Channel>Microsoft-Windows-Sysmon/Operational</Channel><Computer>ThinkPad-Win10</Computer><Security UserID='S-1-5-18'/></System><EventData><Data Name='RuleName'>-</Data><Data Name='UtcTime'>2023-04-19 09:19:17.438</Data><Data Name='ProcessGuid'>{1255fde1-b215-643f-a602-00000000ee00}</Data><Data Name='ProcessId'>4184</Data><Data Name='Image'>C:\Windows\System32\wbem\unsecapp.exe</Data><Data Name='FileVersion'>10.0.19041.1320 (WinBuild.160101.0800)</Data><Data Name='Description'>Sink to receive asynchronous callbacks for WMI client application</Data><Data Name='Product'>Microsoft® Windows® Operating System</Data><Data Name='Company'>Microsoft Corporation</Data><Data Name='OriginalFileName'>unsecapp.dll</Data><Data Name='CommandLine'>C:\Windows\system32\wbem\unsecapp.exe -Embedding</Data><Data Name='CurrentDirectory'>C:\Windows\system32\</Data><Data Name='User'>NT AUTHORITY\SYSTEM</Data><Data Name='LogonGuid'>{1255fde1-9095-643f-e703-000000000000}</Data><Data Name='LogonId'>0x3e7</Data><Data Name='TerminalSessionId'>0</Data><Data Name='IntegrityLevel'>System</Data><Data Name='Hashes'>MD5=9B782B1E1D7A2C28302755F963EAC907,SHA256=FABB8CC6DE82A79F1EED0976E5CE741FF3B9D5B1B40D90146052F4393CCA80A3,IMPHASH=87E54E3D04D772F26002D8B564B2426C</Data><Data Name='ParentProcessGuid'>{1255fde1-9096-643f-0f00-00000000ee00}</Data><Data Name='ParentProcessId'>1004</Data><Data Name='ParentImage'>C:\Windows\System32\svchost.exe</Data><Data Name='ParentCommandLine'>C:\Windows\system32\svchost.exe -k DcomLaunch -p</Data><Data Name='ParentUser'>NT AUTHORITY\SYSTEM</Data></EventData></Event><Event xmlns='http://schemas.microsoft.com/win/2004/08/events/event'><System><Provider Name='Microsoft-Windows-Sysmon' Guid='{5770385f-c22a-43e0-bf4c-06f5698ffbd9}'/><EventID>1</EventID><Version>5</Version><Level>4</Level><Task>1</Task><Opcode>0</Opcode><Keywords>0x8000000000000000</Keywords><TimeCreated SystemTime='2023-04-19T09:19:17.5073886Z'/><EventRecordID>4841</EventRecordID><Correlation/><Execution ProcessID='9012' ThreadID='1992'/><Channel>Microsoft-Windows-Sysmon/Operational</Channel><Computer>ThinkPad-Win10</Computer><Security UserID='S-1-5-18'/></System><EventData><Data Name='RuleName'>-</Data><Data Name='UtcTime'>2023-04-19 09:19:17.353</Data><Data Name='ProcessGuid'>{1255fde1-b215-643f-a502-00000000ee00}</Data><Data Name='ProcessId'>9012</Data><Data Name='Image'>C:\Windows\Sysmon64.exe</Data><Data Name='FileVersion'>14.16</Data><Data Name='Description'>System activity monitor</Data><Data Name='Product'>Sysinternals Sysmon</Data><Data Name='Company'>Sysinternals - www.sysinternals.com</Data><Data Name='OriginalFileName'>-</Data><Data Name='CommandLine'>C:\Windows\Sysmon64.exe</Data><Data Name='CurrentDirectory'>C:\Windows\system32\</Data><Data Name='User'>NT AUTHORITY\SYSTEM</Data><Data Name='LogonGuid'>{1255fde1-9095-643f-e703-000000000000}</Data><Data Name='LogonId'>0x3e7</Data><Data Name='TerminalSessionId'>0</Data><Data Name='IntegrityLevel'>System</Data><Data Name='Hashes'>MD5=6D0F4D26C347DF85CD3F7FFE56701C28,SHA256=8D4FC2C9352DAD893D63CA30829B35C935E304C2FD0BE83E7DAEBBE59A558694,IMPHASH=5D659A6724973D69FAD948B4068A44E7</Data><Data Name='ParentProcessGuid'>{1255fde1-9091-643f-0b00-00000000ee00}</Data><Data Name='ParentProcessId'>776</Data><Data Name='ParentImage'>C:\Windows\System32\services.exe</Data><Data Name='ParentCommandLine'>C:\Windows\system32\services.exe</Data><Data Name='ParentUser'>NT AUTHORITY\SYSTEM</Data></EventData></Event><Event xmlns='http://schemas.microsoft.com/win/2004/08/events/event'><System><Provider Name='Microsoft-Windows-Sysmon' Guid='{5770385f-c22a-43e0-bf4c-06f5698ffbd9}'/><EventID>4</EventID><Version>3</Version><Level>4</Level><Task>4</Task><Opcode>0</Opcode><Keywords>0x8000000000000000</Keywords><TimeCreated SystemTime='2023-04-19T09:19:17.4814524Z'/><EventRecordID>4840</EventRecordID><Correlation/><Execution ProcessID='9012' ThreadID='1992'/><Channel>Microsoft-Windows-Sysmon/Operational</Channel><Computer>ThinkPad-Win10</Computer><Security UserID='S-1-5-18'/></System><EventData><Data Name='UtcTime'>2023-04-19 09:19:17.475</Data><Data Name='State'>Started</Data><Data Name='Version'>14.16</Data><Data Name='SchemaVersion'>4.83</Data></EventData></Event>