<Event xmlns='http://schemas.microsoft.com/win/2004/08/events/event'><System><Provider Name='Microsoft-Windows-Sysmon' Guid='{5770385f-c22a-43e0-bf4c-06f5698ffbd9}'/><EventID>16</EventID><Version>3</Version><Level>4</Level><Task>16</Task><Opcode>0</Opcode><Keywords>0x8000000000000000</Keywords><TimeCreated SystemTime='2023-04-19T09:19:17.3405822Z'/><EventRecordID>4839</EventRecordID><Correlation/><Execution ProcessID='1596' ThreadID='2964'/><Channel>Microsoft-Windows-Sysmon/Operational</Channel><Computer>ThinkPad-Win10</Computer><Security UserID='S-1-5-21-3737481589-311315860-1775043708-1000'/></System><EventData><Data Name='UtcTime'>2023-04-19 09:19:17.330</Data><Data Name='Configuration'>C:\Tools\Sysmon14.16\sysmonconfig-export.xml</Data><Data Name='ConfigurationFileHash'>SHA256=055FEBC600E6D7448CDF3812307275912927A62B1F94D0D933B64B294BC87162</Data></EventData></Event><Event xmlns='http://schemas.microsoft.com/win/2004/08/events/event'><System><Provider Name='Microsoft-Windows-Sysmon' Guid='{5770385f-c22a-43e0-bf4c-06f5698ffbd9}'/><EventID>4</EventID><Version>3</Version><Level>4</Level><Task>4</Task><Opcode>0</Opcode><Keywords>0x8000000000000000</Keywords><TimeCreated SystemTime='2023-04-19T09:16:56.8651523Z'/><EventRecordID>4838</EventRecordID><Correlation/><Execution ProcessID='3388' ThreadID='3384'/><Channel>Microsoft-Windows-Sysmon/Operational</Channel><Computer>ThinkPad-Win10</Computer><Security UserID='S-1-5-18'/></System><EventData><Data Name='UtcTime'>2023-04-19 09:16:56.850</Data><Data Name='State'>Stopped</Data><Data Name='Version'>14.16</Data><Data Name='SchemaVersion'>4.83</Data></EventData></Event><Event xmlns='http://schemas.microsoft.com/win/2004/08/events/event'><System><Provider Name='Microsoft-Windows-Sysmon' Guid='{5770385f-c22a-43e0-bf4c-06f5698ffbd9}'/><EventID>10</EventID><Version>3</Version><Level>4</Level><Task>10</Task><Opcode>0</Opcode><Keywords>0x8000000000000000</Keywords><TimeCreated SystemTime='2023-04-19T09:16:56.8138551Z'/><EventRecordID>4837</EventRecordID><Correlation/><Execution ProcessID='3388' ThreadID='5444'/><Channel>Microsoft-Windows-Sysmon/Operational</Channel><Computer>ThinkPad-Win10</Computer><Security UserID='S-1-5-18'/></System><EventData><Data Name='RuleName'>technique_id=T1055.001,technique_name=Dynamic-link Library Injection</Data><Data Name='UtcTime'>2023-04-19 09:16:56.808</Data><Data Name='SourceProcessGUID'>{1255fde1-b17c-643f-9002-00000000ee00}</Data><Data Name='SourceProcessId'>4160</Data><Data Name='SourceThreadId'>8900</Data><Data Name='SourceImage'>C:\Windows\System32\WindowsPowerShell\v1.0\powershell.exe</Data><Data Name='TargetProcessGUID'>{1255fde1-b188-643f-9202-00000000ee00}</Data><Data Name='TargetProcessId'>5980</Data><Data Name='TargetImage'>C:\Tools\Sysmon14.16\Sysmon64.exe</Data><Data Name='GrantedAccess'>0x1fffff</Data><Data Name='CallTrace'>C:\Windows\SYSTEM32\ntdll.dll+9e974|C:\Windows\System32\KERNELBASE.dll+5b023|C:\Windows\System32\KERNELBASE.dll+59396|C:\Windows\System32\KERNEL32.DLL+1d314|C:\Windows\assembly\NativeImages_v4.0.30319_64\System\4fb9160b27f2daa1ec55050bde519fcc\System.ni.dll+383fe6|C:\Windows\assembly\NativeImages_v4.0.30319_64\System\4fb9160b27f2daa1ec55050bde519fcc\System.ni.dll+2c4809|C:\Windows\assembly\NativeImages_v4.0.30319_64\System\4fb9160b27f2daa1ec55050bde519fcc\System.ni.dll+2c4179|C:\Windows\assembly\NativeImages_v4.0.30319_64\System.Manaa57fc8cc#\326df18eb92a3af66ffa73ef7919bbee\System.Management.Automation.ni.dll+1121659|C:\Windows\assembly\NativeImages_v4.0.30319_64\System.Manaa57fc8cc#\326df18eb92a3af66ffa73ef7919bbee\System.Management.Automation.ni.dll+107880a|C:\Windows\assembly\NativeImages_v4.0.30319_64\System.Manaa57fc8cc#\326df18eb92a3af66ffa73ef7919bbee\System.Management.Automation.ni.dll+1102efd|C:\Windows\assembly\NativeImages_v4.0.30319_64\System.Manaa57fc8cc#\326df18eb92a3af66ffa73ef7919bbee\System.Management.Automation.ni.dll+1102bbb|C:\Windows\assembly\NativeImages_v4.0.30319_64\System.Manaa57fc8cc#\326df18eb92a3af66ffa73ef7919bbee\System.Management.Automation.ni.dll+120604f|UNKNOWN(00007FFED6045251)</Data><Data Name='SourceUser'>THINKPAD-WIN10\smith</Data><Data Name='TargetUser'>THINKPAD-WIN10\smith</Data></EventData></Event><Event xmlns='http://schemas.microsoft.com/win/2004/08/events/event'><System><Provider Name='Microsoft-Windows-Sysmon' Guid='{5770385f-c22a-43e0-bf4c-06f5698ffbd9}'/><EventID>1</EventID><Version>5</Version><Level>4</Level><Task>1</Task><Opcode>0</Opcode><Keywords>0x8000000000000000</Keywords><TimeCreated SystemTime='2023-04-19T09:16:56.8137555Z'/><EventRecordID>4836</EventRecordID><Correlation/><Execution ProcessID='3388' ThreadID='5444'/><Channel>Microsoft-Windows-Sysmon/Operational</Channel><Computer>ThinkPad-Win10</Computer><Security UserID='S-1-5-18'/></System><EventData><Data Name='RuleName'>technique_id=T1059.001,technique_name=PowerShell</Data><Data Name='UtcTime'>2023-04-19 09:16:56.752</Data><Data Name='ProcessGuid'>{1255fde1-b188-643f-9202-00000000ee00}</Data><Data Name='ProcessId'>5980</Data><Data Name='Image'>C:\Tools\Sysmon14.16\Sysmon64.exe</Data><Data Name='FileVersion'>14.16</Data><Data Name='Description'>System activity monitor</Data><Data Name='Product'>Sysinternals Sysmon</Data><Data Name='Company'>Sysinternals - www.sysinternals.com</Data><Data Name='OriginalFileName'>-</Data><Data Name='CommandLine'>"C:\Tools\Sysmon14.16\Sysmon64.exe" -u</Data><Data Name='CurrentDirectory'>C:\Tools\Sysmon14.16\</Data><Data Name='User'>THINKPAD-WIN10\smith</Data><Data Name='LogonGuid'>{1255fde1-909f-643f-3ac3-020000000000}</Data><Data Name='LogonId'>0x2c33a</Data><Data Name='TerminalSessionId'>1</Data><Data Name='IntegrityLevel'>High</Data><Data Name='Hashes'>SHA1=118AAAF28F80ED7D1AD53C88396D4815806C6839,MD5=6D0F4D26C347DF85CD3F7FFE56701C28,SHA256=8D4FC2C9352DAD893D63CA30829B35C935E304C2FD0BE83E7DAEBBE59A558694,IMPHASH=5D659A6724973D69FAD948B4068A44E7</Data><Data Name='ParentProcessGuid'>{1255fde1-b17c-643f-9002-00000000ee00}</Data><Data Name='ParentProcessId'>4160</Data><Data Name='ParentImage'>C:\Windows\System32\WindowsPowerShell\v1.0\powershell.exe</Data><Data Name='ParentCommandLine'>"C:\Windows\System32\WindowsPowerShell\v1.0\powershell.exe" </Data><Data Name='ParentUser'>THINKPAD-WIN10\smith</Data></EventData></Event><Event xmlns='http://schemas.microsoft.com/win/2004/08/events/event'><System><Provider Name='Microsoft-Windows-Sysmon' Guid='{5770385f-c22a-43e0-bf4c-06f5698ffbd9}'/><EventID>11</EventID><Version>2</Version><Level>4</Level><Task>11</Task><Opcode>0</Opcode><Keywords>0x8000000000000000</Keywords><TimeCreated SystemTime='2023-04-19T09:16:55.1408181Z'/><EventRecordID>4835</EventRecordID><Correlation/><Execution ProcessID='3388' ThreadID='5444'/><Channel>Microsoft-Windows-Sysmon/Operational</Channel><Computer>ThinkPad-Win10</Computer><Security UserID='S-1-5-18'/></System><EventData><Data Name='RuleName'>technique_id=T1574.010,technique_name=Services File Permissions Weakness</Data><Data Name='UtcTime'>2023-04-19 09:16:55.136</Data><Data Name='ProcessGuid'>{1255fde1-909e-643f-3f00-00000000ee00}</Data><Data Name='ProcessId'>2580</Data><Data Name='Image'>C:\Windows\system32\svchost.exe</Data><Data Name='TargetFilename'>C:\Windows\Prefetch\CONHOST.EXE-F98A1078.pf</Data><Data Name='CreationUtcTime'>2023-04-19 04:39:42.718</Data><Data Name='User'>NT AUTHORITY\SYSTEM</Data></EventData></Event><Event xmlns='http://schemas.microsoft.com/win/2004/08/events/event'><System><Provider Name='Microsoft-Windows-Sysmon' Guid='{5770385f-c22a-43e0-bf4c-06f5698ffbd9}'/><EventID>11</EventID><Version>2</Version><Level>4</Level><Task>11</Task><Opcode>0</Opcode><Keywords>0x8000000000000000</Keywords><TimeCreated SystemTime='2023-04-19T09:16:55.1010847Z'/><EventRecordID>4834</EventRecordID><Correlation/><Execution ProcessID='3388' ThreadID='5444'/><Channel>Microsoft-Windows-Sysmon/Operational</Channel><Computer>ThinkPad-Win10</Computer><Security UserID='S-1-5-18'/></System><EventData><Data Name='RuleName'>technique_id=T1574.010,technique_name=Services File Permissions Weakness</Data><Data Name='UtcTime'>2023-04-19 09:16:55.090</Data><Data Name='ProcessGuid'>{1255fde1-909e-643f-3f00-00000000ee00}</Data><Data Name='ProcessId'>2580</Data><Data Name='Image'>C:\Windows\system32\svchost.exe</Data><Data Name='TargetFilename'>C:\Windows\Prefetch\POWERSHELL.EXE-022A1004.pf</Data><Data Name='CreationUtcTime'>2023-04-19 05:04:22.250</Data><Data Name='User'>NT AUTHORITY\SYSTEM</Data></EventData></Event><Event xmlns='http://schemas.microsoft.com/win/2004/08/events/event'><System><Provider Name='Microsoft-Windows-Sysmon' Guid='{5770385f-c22a-43e0-bf4c-06f5698ffbd9}'/><EventID>7</EventID><Version>3</Version><Level>4</Level><Task>7</Task><Opcode>0</Opcode><Keywords>0x8000000000000000</Keywords><TimeCreated SystemTime='2023-04-19T09:16:46.8319905Z'/><EventRecordID>4833</EventRecordID><Correlation/><Execution ProcessID='3388' ThreadID='5464'/><Channel>Microsoft-Windows-Sysmon/Operational</Channel><Computer>ThinkPad-Win10</Computer><Security UserID='S-1-5-18'/></System><EventData><Data Name='RuleName'>technique_id=T1055,technique_name=Process Injection</Data><Data Name='UtcTime'>2023-04-19 09:16:46.598</Data><Data Name='ProcessGuid'>{1255fde1-b17c-643f-9002-00000000ee00}</Data><Data Name='ProcessId'>4160</Data><Data Name='Image'>C:\Windows\System32\WindowsPowerShell\v1.0\powershell.exe</Data><Data Name='ImageLoaded'>C:\Windows\Microsoft.NET\Framework64\v4.0.30319\clrjit.dll</Data><Data Name='FileVersion'>4.8.4614.0 built by: NET48REL1LAST_B</Data><Data Name='Description'>Microsoft .NET Runtime Just-In-Time Compiler</Data><Data Name='Product'>Microsoft® .NET Framework</Data><Data Name='Company'>Microsoft Corporation</Data><Data Name='OriginalFileName'>clrjit.dll</Data><Data Name='Hashes'>SHA1=BA9FE222D45CC66FDA28854C5CBE0790074FCF93,MD5=A7A8B994F8443D5837A8F9FB20667491,SHA256=2ACB1B4660D1C11DD6412E8B9D6553BC5F83359EF6D92B62CBC93E89427FCC70,IMPHASH=9F2B44B648DE13A18C1ABC07250B85C2</Data><Data Name='Signed'>true</Data><Data Name='Signature'>Microsoft Corporation</Data><Data Name='SignatureStatus'>Valid</Data><Data Name='User'>THINKPAD-WIN10\smith</Data></EventData></Event><Event xmlns='http://schemas.microsoft.com/win/2004/08/events/event'><System><Provider Name='Microsoft-Windows-Sysmon' Guid='{5770385f-c22a-43e0-bf4c-06f5698ffbd9}'/><EventID>7</EventID><Version>3</Version><Level>4</Level><Task>7</Task><Opcode>0</Opcode><Keywords>0x8000000000000000</Keywords><TimeCreated SystemTime='2023-04-19T09:16:46.6881598Z'/><EventRecordID>4832</EventRecordID><Correlation/><Execution ProcessID='3388' ThreadID='5444'/><Channel>Microsoft-Windows-Sysmon/Operational</Channel><Computer>ThinkPad-Win10</Computer><Security UserID='S-1-5-18'/></System><EventData><Data Name='RuleName'>-</Data><Data Name='UtcTime'>2023-04-19 09:16:46.686</Data><Data Name='ProcessGuid'>{1255fde1-b17c-643f-9002-00000000ee00}</Data><Data Name='ProcessId'>4160</Data><Data Name='Image'>C:\Windows\System32\WindowsPowerShell\v1.0\powershell.exe</Data><Data Name='ImageLoaded'>C:\Windows\System32\urlmon.dll</Data><Data Name='FileVersion'>11.00.19041.2788 (WinBuild.160101.0800)</Data><Data Name='Description'>OLE32 Extensions for Win32</Data><Data Name='Product'>Internet Explorer</Data><Data Name='Company'>Microsoft Corporation</Data><Data Name='OriginalFileName'>UrlMon.dll</Data><Data Name='Hashes'>SHA1=ED121FA6AEE59485C16F5F5C8A927EB9DD2DDCBC,MD5=94AA384E444ED9630D31C49534A9383E,SHA256=B6C63C98D1706D8C14826C690AAB3795FDE3E0245AD49114F14C8FC07E37D41E,IMPHASH=5FFE06DD55D290669E7E050583F2EA45</Data><Data Name='Signed'>true</Data><Data Name='Signature'>Microsoft Windows</Data><Data Name='SignatureStatus'>Valid</Data><Data Name='User'>THINKPAD-WIN10\smith</Data></EventData></Event><Event xmlns='http://schemas.microsoft.com/win/2004/08/events/event'><System><Provider Name='Microsoft-Windows-Sysmon' Guid='{5770385f-c22a-43e0-bf4c-06f5698ffbd9}'/><EventID>7</EventID><Version>3</Version><Level>4</Level><Task>7</Task><Opcode>0</Opcode><Keywords>0x8000000000000000</Keywords><TimeCreated SystemTime='2023-04-19T09:16:46.5323856Z'/><EventRecordID>4831</EventRecordID><Correlation/><Execution ProcessID='3388' ThreadID='5464'/><Channel>Microsoft-Windows-Sysmon/Operational</Channel><Computer>ThinkPad-Win10</Computer><Security UserID='S-1-5-18'/></System><EventData><Data Name='RuleName'>technique_id=T1059.001,technique_name=PowerShell</Data><Data Name='UtcTime'>2023-04-19 09:16:46.264</Data><Data Name='ProcessGuid'>{1255fde1-b17c-643f-9002-00000000ee00}</Data><Data Name='ProcessId'>4160</Data><Data Name='Image'>C:\Windows\System32\WindowsPowerShell\v1.0\powershell.exe</Data><Data Name='ImageLoaded'>C:\Windows\assembly\NativeImages_v4.0.30319_64\System.Manaa57fc8cc#\326df18eb92a3af66ffa73ef7919bbee\System.Management.Automation.ni.dll</Data><Data Name='FileVersion'>10.0.19041.2673</Data><Data Name='Description'>System.Management.Automation</Data><Data Name='Product'>Microsoft (R) Windows (R) Operating System</Data><Data Name='Company'>Microsoft Corporation</Data><Data Name='OriginalFileName'>System.Management.Automation.dll</Data><Data Name='Hashes'>SHA1=86B9D73E948B427CA94EC1091F3492DE1BDC84B0,MD5=7FF5F3E25B10313043271639BF2B27E7,SHA256=333E6206F944A110368A241D764E12555755D8CB0AEA17BB5CC051BA46E67ED7,IMPHASH=00000000000000000000000000000000</Data><Data Name='Signed'>false</Data><Data Name='Signature'>-</Data><Data Name='SignatureStatus'>Unavailable</Data><Data Name='User'>THINKPAD-WIN10\smith</Data></EventData></Event><Event xmlns='http://schemas.microsoft.com/win/2004/08/events/event'><System><Provider Name='Microsoft-Windows-Sysmon' Guid='{5770385f-c22a-43e0-bf4c-06f5698ffbd9}'/><EventID>17</EventID><Version>1</Version><Level>4</Level><Task>17</Task><Opcode>0</Opcode><Keywords>0x8000000000000000</Keywords><TimeCreated SystemTime='2023-04-19T09:16:46.4811480Z'/><EventRecordID>4830</EventRecordID><Correlation/><Execution ProcessID='3388' ThreadID='5444'/><Channel>Microsoft-Windows-Sysmon/Operational</Channel><Computer>ThinkPad-Win10</Computer><Security UserID='S-1-5-18'/></System><EventData><Data Name='RuleName'>-</Data><Data Name='EventType'>CreatePipe</Data><Data Name='UtcTime'>2023-04-19 09:16:46.479</Data><Data Name='ProcessGuid'>{1255fde1-b17c-643f-9002-00000000ee00}</Data><Data Name='ProcessId'>4160</Data><Data Name='PipeName'>\PSHost.133263694049990952.4160.DefaultAppDomain.powershell</Data><Data Name='Image'>C:\Windows\System32\WindowsPowerShell\v1.0\powershell.exe</Data><Data Name='User'>THINKPAD-WIN10\smith</Data></EventData></Event><Event xmlns='http://schemas.microsoft.com/win/2004/08/events/event'><System><Provider Name='Microsoft-Windows-Sysmon' Guid='{5770385f-c22a-43e0-bf4c-06f5698ffbd9}'/><EventID>23</EventID><Version>5</Version><Level>4</Level><Task>23</Task><Opcode>0</Opcode><Keywords>0x8000000000000000</Keywords><TimeCreated SystemTime='2023-04-19T09:16:46.3906053Z'/><EventRecordID>4829</EventRecordID><Correlation/><Execution ProcessID='3388' ThreadID='5444'/><Channel>Microsoft-Windows-Sysmon/Operational</Channel><Computer>ThinkPad-Win10</Computer><Security UserID='S-1-5-18'/></System><EventData><Data Name='RuleName'>Scripts and payloads</Data><Data Name='UtcTime'>2023-04-19 09:16:46.383</Data><Data Name='ProcessGuid'>{1255fde1-b17c-643f-9002-00000000ee00}</Data><Data Name='ProcessId'>4160</Data><Data Name='User'>THINKPAD-WIN10\smith</Data><Data Name='Image'>C:\Windows\System32\WindowsPowerShell\v1.0\powershell.exe</Data><Data Name='TargetFilename'>C:\Users\smith\AppData\Local\Temp\__PSScriptPolicyTest_2ejyu1ul.4lk.ps1</Data><Data Name='Hashes'>SHA1=6AB83620379FC69F80C0242105DDFFD7D98D5D9D,MD5=D17FE0A3F47BE24A6453E9EF58C94641,SHA256=96AD1146EB96877EAB5942AE0736B82D8B5E2039A80D3D6932665C1A4C87DCF7,IMPHASH=00000000000000000000000000000000</Data><Data Name='IsExecutable'>false</Data><Data Name='Archived'>true</Data></EventData></Event><Event xmlns='http://schemas.microsoft.com/win/2004/08/events/event'><System><Provider Name='Microsoft-Windows-Sysmon' Guid='{5770385f-c22a-43e0-bf4c-06f5698ffbd9}'/><EventID>11</EventID><Version>2</Version><Level>4</Level><Task>11</Task><Opcode>0</Opcode><Keywords>0x8000000000000000</Keywords><TimeCreated SystemTime='2023-04-19T09:16:46.3324764Z'/><EventRecordID>4828</EventRecordID><Correlation/><Execution ProcessID='3388' ThreadID='5444'/><Channel>Microsoft-Windows-Sysmon/Operational</Channel><Computer>ThinkPad-Win10</Computer><Security UserID='S-1-5-18'/></System><EventData><Data Name='RuleName'>technique_id=T1059.001,technique_name=PowerShell</Data><Data Name='UtcTime'>2023-04-19 09:16:46.329</Data><Data Name='ProcessGuid'>{1255fde1-b17c-643f-9002-00000000ee00}</Data><Data Name='ProcessId'>4160</Data><Data Name='Image'>C:\Windows\System32\WindowsPowerShell\v1.0\powershell.exe</Data><Data Name='TargetFilename'>C:\Users\smith\AppData\Local\Temp\__PSScriptPolicyTest_2ejyu1ul.4lk.ps1</Data><Data Name='CreationUtcTime'>2023-04-19 09:16:46.329</Data><Data Name='User'>THINKPAD-WIN10\smith</Data></EventData></Event><Event xmlns='http://schemas.microsoft.com/win/2004/08/events/event'><System><Provider Name='Microsoft-Windows-Sysmon' Guid='{5770385f-c22a-43e0-bf4c-06f5698ffbd9}'/><EventID>12</EventID><Version>2</Version><Level>4</Level><Task>12</Task><Opcode>0</Opcode><Keywords>0x8000000000000000</Keywords><TimeCreated SystemTime='2023-04-19T09:16:46.3009127Z'/><EventRecordID>4827</EventRecordID><Correlation/><Execution ProcessID='3388' ThreadID='5444'/><Channel>Microsoft-Windows-Sysmon/Operational</Channel><Computer>ThinkPad-Win10</Computer><Security UserID='S-1-5-18'/></System><EventData><Data Name='RuleName'>technique_id=T1553.004,technique_name=Install Root Certificate</Data><Data Name='EventType'>CreateKey</Data><Data Name='UtcTime'>2023-04-19 09:16:46.296</Data><Data Name='ProcessGuid'>{1255fde1-b17c-643f-9002-00000000ee00}</Data><Data Name='ProcessId'>4160</Data><Data Name='Image'>C:\Windows\System32\WindowsPowerShell\v1.0\powershell.exe</Data><Data Name='TargetObject'>HKLM\SOFTWARE\Microsoft\EnterpriseCertificates\Root\Certificates</Data><Data Name='User'>THINKPAD-WIN10\smith</Data></EventData></Event><Event xmlns='http://schemas.microsoft.com/win/2004/08/events/event'><System><Provider Name='Microsoft-Windows-Sysmon' Guid='{5770385f-c22a-43e0-bf4c-06f5698ffbd9}'/><EventID>12</EventID><Version>2</Version><Level>4</Level><Task>12</Task><Opcode>0</Opcode><Keywords>0x8000000000000000</Keywords><TimeCreated SystemTime='2023-04-19T09:16:46.2971451Z'/><EventRecordID>4826</EventRecordID><Correlation/><Execution ProcessID='3388' ThreadID='5444'/><Channel>Microsoft-Windows-Sysmon/Operational</Channel><Computer>ThinkPad-Win10</Computer><Security UserID='S-1-5-18'/></System><EventData><Data Name='RuleName'>technique_id=T1553.004,technique_name=Install Root Certificate</Data><Data Name='EventType'>CreateKey</Data><Data Name='UtcTime'>2023-04-19 09:16:46.296</Data><Data Name='ProcessGuid'>{1255fde1-b17c-643f-9002-00000000ee00}</Data><Data Name='ProcessId'>4160</Data><Data Name='Image'>C:\Windows\System32\WindowsPowerShell\v1.0\powershell.exe</Data><Data Name='TargetObject'>HKLM\SOFTWARE\Microsoft\SystemCertificates\ROOT\Certificates</Data><Data Name='User'>THINKPAD-WIN10\smith</Data></EventData></Event><Event xmlns='http://schemas.microsoft.com/win/2004/08/events/event'><System><Provider Name='Microsoft-Windows-Sysmon' Guid='{5770385f-c22a-43e0-bf4c-06f5698ffbd9}'/><EventID>12</EventID><Version>2</Version><Level>4</Level><Task>12</Task><Opcode>0</Opcode><Keywords>0x8000000000000000</Keywords><TimeCreated SystemTime='2023-04-19T09:16:46.2966852Z'/><EventRecordID>4825</EventRecordID><Correlation/><Execution ProcessID='3388' ThreadID='5444'/><Channel>Microsoft-Windows-Sysmon/Operational</Channel><Computer>ThinkPad-Win10</Computer><Security UserID='S-1-5-18'/></System><EventData><Data Name='RuleName'>technique_id=T1553.004,technique_name=Install Root Certificate</Data><Data Name='EventType'>CreateKey</Data><Data Name='UtcTime'>2023-04-19 09:16:46.296</Data><Data Name='ProcessGuid'>{1255fde1-b17c-643f-9002-00000000ee00}</Data><Data Name='ProcessId'>4160</Data><Data Name='Image'>C:\Windows\System32\WindowsPowerShell\v1.0\powershell.exe</Data><Data Name='TargetObject'>HKU\S-1-5-21-3737481589-311315860-1775043708-1000\SOFTWARE\Microsoft\SystemCertificates\Root\Certificates</Data><Data Name='User'>THINKPAD-WIN10\smith</Data></EventData></Event><Event xmlns='http://schemas.microsoft.com/win/2004/08/events/event'><System><Provider Name='Microsoft-Windows-Sysmon' Guid='{5770385f-c22a-43e0-bf4c-06f5698ffbd9}'/><EventID>12</EventID><Version>2</Version><Level>4</Level><Task>12</Task><Opcode>0</Opcode><Keywords>0x8000000000000000</Keywords><TimeCreated SystemTime='2023-04-19T09:16:46.2943970Z'/><EventRecordID>4824</EventRecordID><Correlation/><Execution ProcessID='3388' ThreadID='5444'/><Channel>Microsoft-Windows-Sysmon/Operational</Channel><Computer>ThinkPad-Win10</Computer><Security UserID='S-1-5-18'/></System><EventData><Data Name='RuleName'>technique_id=T1553.004,technique_name=Install Root Certificate</Data><Data Name='EventType'>CreateKey</Data><Data Name='UtcTime'>2023-04-19 09:16:46.285</Data><Data Name='ProcessGuid'>{1255fde1-b17c-643f-9002-00000000ee00}</Data><Data Name='ProcessId'>4160</Data><Data Name='Image'>C:\Windows\System32\WindowsPowerShell\v1.0\powershell.exe</Data><Data Name='TargetObject'>HKLM\SOFTWARE\Policies\Microsoft\SystemCertificates\CA\Certificates</Data><Data Name='User'>THINKPAD-WIN10\smith</Data></EventData></Event><Event xmlns='http://schemas.microsoft.com/win/2004/08/events/event'><System><Provider Name='Microsoft-Windows-Sysmon' Guid='{5770385f-c22a-43e0-bf4c-06f5698ffbd9}'/><EventID>12</EventID><Version>2</Version><Level>4</Level><Task>12</Task><Opcode>0</Opcode><Keywords>0x8000000000000000</Keywords><TimeCreated SystemTime='2023-04-19T09:16:46.2937799Z'/><EventRecordID>4823</EventRecordID><Correlation/><Execution ProcessID='3388' ThreadID='5444'/><Channel>Microsoft-Windows-Sysmon/Operational</Channel><Computer>ThinkPad-Win10</Computer><Security UserID='S-1-5-18'/></System><EventData><Data Name='RuleName'>technique_id=T1553.004,technique_name=Install Root Certificate</Data><Data Name='EventType'>CreateKey</Data><Data Name='UtcTime'>2023-04-19 09:16:46.285</Data><Data Name='ProcessGuid'>{1255fde1-b17c-643f-9002-00000000ee00}</Data><Data Name='ProcessId'>4160</Data><Data Name='Image'>C:\Windows\System32\WindowsPowerShell\v1.0\powershell.exe</Data><Data Name='TargetObject'>HKLM\SOFTWARE\Microsoft\SystemCertificates\CA\Certificates</Data><Data Name='User'>THINKPAD-WIN10\smith</Data></EventData></Event><Event xmlns='http://schemas.microsoft.com/win/2004/08/events/event'><System><Provider Name='Microsoft-Windows-Sysmon' Guid='{5770385f-c22a-43e0-bf4c-06f5698ffbd9}'/><EventID>12</EventID><Version>2</Version><Level>4</Level><Task>12</Task><Opcode>0</Opcode><Keywords>0x8000000000000000</Keywords><TimeCreated SystemTime='2023-04-19T09:16:46.2932815Z'/><EventRecordID>4822</EventRecordID><Correlation/><Execution ProcessID='3388' ThreadID='5444'/><Channel>Microsoft-Windows-Sysmon/Operational</Channel><Computer>ThinkPad-Win10</Computer><Security UserID='S-1-5-18'/></System><EventData><Data Name='RuleName'>technique_id=T1553.004,technique_name=Install Root Certificate</Data><Data Name='EventType'>CreateKey</Data><Data Name='UtcTime'>2023-04-19 09:16:46.285</Data><Data Name='ProcessGuid'>{1255fde1-b17c-643f-9002-00000000ee00}</Data><Data Name='ProcessId'>4160</Data><Data Name='Image'>C:\Windows\System32\WindowsPowerShell\v1.0\powershell.exe</Data><Data Name='TargetObject'>HKU\S-1-5-21-3737481589-311315860-1775043708-1000\SOFTWARE\Policies\Microsoft\SystemCertificates\CA\Certificates</Data><Data Name='User'>THINKPAD-WIN10\smith</Data></EventData></Event><Event xmlns='http://schemas.microsoft.com/win/2004/08/events/event'><System><Provider Name='Microsoft-Windows-Sysmon' Guid='{5770385f-c22a-43e0-bf4c-06f5698ffbd9}'/><EventID>12</EventID><Version>2</Version><Level>4</Level><Task>12</Task><Opcode>0</Opcode><Keywords>0x8000000000000000</Keywords><TimeCreated SystemTime='2023-04-19T09:16:46.2919267Z'/><EventRecordID>4821</EventRecordID><Correlation/><Execution ProcessID='3388' ThreadID='5444'/><Channel>Microsoft-Windows-Sysmon/Operational</Channel><Computer>ThinkPad-Win10</Computer><Security UserID='S-1-5-18'/></System><EventData><Data Name='RuleName'>technique_id=T1553.004,technique_name=Install Root Certificate</Data><Data Name='EventType'>CreateKey</Data><Data Name='UtcTime'>2023-04-19 09:16:46.285</Data><Data Name='ProcessGuid'>{1255fde1-b17c-643f-9002-00000000ee00}</Data><Data Name='ProcessId'>4160</Data><Data Name='Image'>C:\Windows\System32\WindowsPowerShell\v1.0\powershell.exe</Data><Data Name='TargetObject'>HKU\S-1-5-21-3737481589-311315860-1775043708-1000\SOFTWARE\Microsoft\SystemCertificates\CA\Certificates</Data><Data Name='User'>THINKPAD-WIN10\smith</Data></EventData></Event><Event xmlns='http://schemas.microsoft.com/win/2004/08/events/event'><System><Provider Name='Microsoft-Windows-Sysmon' Guid='{5770385f-c22a-43e0-bf4c-06f5698ffbd9}'/><EventID>7</EventID><Version>3</Version><Level>4</Level><Task>7</Task><Opcode>0</Opcode><Keywords>0x8000000000000000</Keywords><TimeCreated SystemTime='2023-04-19T09:16:45.9060891Z'/><EventRecordID>4820</EventRecordID><Correlation/><Execution ProcessID='3388' ThreadID='5464'/><Channel>Microsoft-Windows-Sysmon/Operational</Channel><Computer>ThinkPad-Win10</Computer><Security UserID='S-1-5-18'/></System><EventData><Data Name='RuleName'>technique_id=T1055,technique_name=Process Injection</Data><Data Name='UtcTime'>2023-04-19 09:16:45.791</Data><Data Name='ProcessGuid'>{1255fde1-b17c-643f-9002-00000000ee00}</Data><Data Name='ProcessId'>4160</Data><Data Name='Image'>C:\Windows\System32\WindowsPowerShell\v1.0\powershell.exe</Data><Data Name='ImageLoaded'>C:\Windows\assembly\NativeImages_v4.0.30319_64\mscorlib\b647019e9c1f6030fc3caa74d4f8f2ac\mscorlib.ni.dll</Data><Data Name='FileVersion'>4.8.4614.0 built by: NET48REL1LAST_B</Data><Data Name='Description'>Microsoft Common Language Runtime Class Library</Data><Data Name='Product'>Microsoft® .NET Framework</Data><Data Name='Company'>Microsoft Corporation</Data><Data Name='OriginalFileName'>mscorlib.dll</Data><Data Name='Hashes'>SHA1=8535CD6CD6848B306CB781D07573712FFF9F4A19,MD5=C5C610F14FFBC6D61B99E4CA95580659,SHA256=0736DD8577205E13AEB3EA2DB9977DD9ADFAFE4DB54771AAE7DB559844D36DEC,IMPHASH=00000000000000000000000000000000</Data><Data Name='Signed'>true</Data><Data Name='Signature'>Microsoft Corporation</Data><Data Name='SignatureStatus'>Valid</Data><Data Name='User'>THINKPAD-WIN10\smith</Data></EventData></Event><Event xmlns='http://schemas.microsoft.com/win/2004/08/events/event'><System><Provider Name='Microsoft-Windows-Sysmon' Guid='{5770385f-c22a-43e0-bf4c-06f5698ffbd9}'/><EventID>7</EventID><Version>3</Version><Level>4</Level><Task>7</Task><Opcode>0</Opcode><Keywords>0x8000000000000000</Keywords><TimeCreated SystemTime='2023-04-19T09:16:45.6479276Z'/><EventRecordID>4819</EventRecordID><Correlation/><Execution ProcessID='3388' ThreadID='5464'/><Channel>Microsoft-Windows-Sysmon/Operational</Channel><Computer>ThinkPad-Win10</Computer><Security UserID='S-1-5-18'/></System><EventData><Data Name='RuleName'>technique_id=T1055,technique_name=Process Injection</Data><Data Name='UtcTime'>2023-04-19 09:16:45.580</Data><Data Name='ProcessGuid'>{1255fde1-b17c-643f-9002-00000000ee00}</Data><Data Name='ProcessId'>4160</Data><Data Name='Image'>C:\Windows\System32\WindowsPowerShell\v1.0\powershell.exe</Data><Data Name='ImageLoaded'>C:\Windows\Microsoft.NET\Framework64\v4.0.30319\clr.dll</Data><Data Name='FileVersion'>4.8.4614.0 built by: NET48REL1LAST_B</Data><Data Name='Description'>Microsoft .NET Runtime Common Language Runtime - WorkStation</Data><Data Name='Product'>Microsoft® .NET Framework</Data><Data Name='Company'>Microsoft Corporation</Data><Data Name='OriginalFileName'>clr.dll</Data><Data Name='Hashes'>SHA1=FC8D2E6F769ACEB83DBC62EE2A8323588F4231AE,MD5=CED8A0F40CE5A50A98158A6CFEC1C0A2,SHA256=3257004AE355F1236F55C6DF7E6B651BFE3A29FEE0705DC02464859798F2F122,IMPHASH=259C196C67C4E02F941CAD54D9D9BB8A</Data><Data Name='Signed'>true</Data><Data Name='Signature'>Microsoft Corporation</Data><Data Name='SignatureStatus'>Valid</Data><Data Name='User'>THINKPAD-WIN10\smith</Data></EventData></Event><Event xmlns='http://schemas.microsoft.com/win/2004/08/events/event'><System><Provider Name='Microsoft-Windows-Sysmon' Guid='{5770385f-c22a-43e0-bf4c-06f5698ffbd9}'/><EventID>7</EventID><Version>3</Version><Level>4</Level><Task>7</Task><Opcode>0</Opcode><Keywords>0x8000000000000000</Keywords><TimeCreated SystemTime='2023-04-19T09:16:45.5258336Z'/><EventRecordID>4818</EventRecordID><Correlation/><Execution ProcessID='3388' ThreadID='5464'/><Channel>Microsoft-Windows-Sysmon/Operational</Channel><Computer>ThinkPad-Win10</Computer><Security UserID='S-1-5-18'/></System><EventData><Data Name='RuleName'>technique_id=T1055,technique_name=Process Injection</Data><Data Name='UtcTime'>2023-04-19 09:16:45.479</Data><Data Name='ProcessGuid'>{1255fde1-b17c-643f-9002-00000000ee00}</Data><Data Name='ProcessId'>4160</Data><Data Name='Image'>C:\Windows\System32\WindowsPowerShell\v1.0\powershell.exe</Data><Data Name='ImageLoaded'>C:\Windows\Microsoft.NET\Framework64\v4.0.30319\mscoreei.dll</Data><Data Name='FileVersion'>4.8.4180.0 built by: NET48REL1LAST_B</Data><Data Name='Description'>Microsoft .NET Runtime Execution Engine</Data><Data Name='Product'>Microsoft® .NET Framework</Data><Data Name='Company'>Microsoft Corporation</Data><Data Name='OriginalFileName'>mscoreei.dll</Data><Data Name='Hashes'>SHA1=1283EF637FA53D571118F269F9B8C0A5CCA2BF01,MD5=899A8B655E52A061B33571D97C5C06ED,SHA256=DE05B03E37FB9BA5D74CF8FA36A6F0B15AB61705285B738BC90D14FDE580A45E,IMPHASH=005299FA213F652A596AC31760C5340B</Data><Data Name='Signed'>true</Data><Data Name='Signature'>Microsoft Corporation</Data><Data Name='SignatureStatus'>Valid</Data><Data Name='User'>THINKPAD-WIN10\smith</Data></EventData></Event><Event xmlns='http://schemas.microsoft.com/win/2004/08/events/event'><System><Provider Name='Microsoft-Windows-Sysmon' Guid='{5770385f-c22a-43e0-bf4c-06f5698ffbd9}'/><EventID>7</EventID><Version>3</Version><Level>4</Level><Task>7</Task><Opcode>0</Opcode><Keywords>0x8000000000000000</Keywords><TimeCreated SystemTime='2023-04-19T09:16:45.3060944Z'/><EventRecordID>4817</EventRecordID><Correlation/><Execution ProcessID='3388' ThreadID='5464'/><Channel>Microsoft-Windows-Sysmon/Operational</Channel><Computer>ThinkPad-Win10</Computer><Security UserID='S-1-5-18'/></System><EventData><Data Name='RuleName'>technique_id=T1055,technique_name=Process Injection</Data><Data Name='UtcTime'>2023-04-19 09:16:45.279</Data><Data Name='ProcessGuid'>{1255fde1-b17c-643f-9002-00000000ee00}</Data><Data Name='ProcessId'>4160</Data><Data Name='Image'>C:\Windows\System32\WindowsPowerShell\v1.0\powershell.exe</Data><Data Name='ImageLoaded'>C:\Windows\System32\mscoree.dll</Data><Data Name='FileVersion'>10.0.19041.1 (WinBuild.160101.0800)</Data><Data Name='Description'>Microsoft .NET Runtime Execution Engine</Data><Data Name='Product'>Microsoft® Windows® Operating System</Data><Data Name='Company'>Microsoft Corporation</Data><Data Name='OriginalFileName'>mscoree.dll</Data><Data Name='Hashes'>SHA1=CFEF8F0BA040939B87B74F101970A6BBEB5DA15F,MD5=D5971EF71DE1BDD46D537203ABFCC756,SHA256=8828DE042D008783BA5B31C82935A3ED38D5996927C3399B3E1FC6FE723FC84E,IMPHASH=65F23EFA1EB51A5DAAB399BFAA840074</Data><Data Name='Signed'>true</Data><Data Name='Signature'>Microsoft Windows</Data><Data Name='SignatureStatus'>Valid</Data><Data Name='User'>THINKPAD-WIN10\smith</Data></EventData></Event><Event xmlns='http://schemas.microsoft.com/win/2004/08/events/event'><System><Provider Name='Microsoft-Windows-Sysmon' Guid='{5770385f-c22a-43e0-bf4c-06f5698ffbd9}'/><EventID>13</EventID><Version>2</Version><Level>4</Level><Task>13</Task><Opcode>0</Opcode><Keywords>0x8000000000000000</Keywords><TimeCreated SystemTime='2023-04-19T09:16:45.0466928Z'/><EventRecordID>4816</EventRecordID><Correlation/><Execution ProcessID='3388' ThreadID='5444'/><Channel>Microsoft-Windows-Sysmon/Operational</Channel><Computer>ThinkPad-Win10</Computer><Security UserID='S-1-5-18'/></System><EventData><Data Name='RuleName'>technique_id=T1543,technique_name=Service Creation</Data><Data Name='EventType'>SetValue</Data><Data Name='UtcTime'>2023-04-19 09:16:45.032</Data><Data Name='ProcessGuid'>{1255fde1-b17c-643f-9002-00000000ee00}</Data><Data Name='ProcessId'>4160</Data><Data Name='Image'>C:\Windows\System32\WindowsPowerShell\v1.0\powershell.exe</Data><Data Name='TargetObject'>HKLM\System\CurrentControlSet\Services\bam\State\UserSettings\S-1-5-21-3737481589-311315860-1775043708-1000\\Device\HarddiskVolume4\Windows\System32\conhost.exe</Data><Data Name='Details'>Binary Data</Data><Data Name='User'>THINKPAD-WIN10\smith</Data></EventData></Event><Event xmlns='http://schemas.microsoft.com/win/2004/08/events/event'><System><Provider Name='Microsoft-Windows-Sysmon' Guid='{5770385f-c22a-43e0-bf4c-06f5698ffbd9}'/><EventID>1</EventID><Version>5</Version><Level>4</Level><Task>1</Task><Opcode>0</Opcode><Keywords>0x8000000000000000</Keywords><TimeCreated SystemTime='2023-04-19T09:16:45.0063603Z'/><EventRecordID>4815</EventRecordID><Correlation/><Execution ProcessID='3388' ThreadID='5444'/><Channel>Microsoft-Windows-Sysmon/Operational</Channel><Computer>ThinkPad-Win10</Computer><Security UserID='S-1-5-18'/></System><EventData><Data Name='RuleName'>technique_id=T1204,technique_name=User Execution</Data><Data Name='UtcTime'>2023-04-19 09:16:44.999</Data><Data Name='ProcessGuid'>{1255fde1-b17c-643f-9002-00000000ee00}</Data><Data Name='ProcessId'>4160</Data><Data Name='Image'>C:\Windows\System32\WindowsPowerShell\v1.0\powershell.exe</Data><Data Name='FileVersion'>10.0.19041.546 (WinBuild.160101.0800)</Data><Data Name='Description'>Windows PowerShell</Data><Data Name='Product'>Microsoft® Windows® Operating System</Data><Data Name='Company'>Microsoft Corporation</Data><Data Name='OriginalFileName'>PowerShell.EXE</Data><Data Name='CommandLine'>"C:\Windows\System32\WindowsPowerShell\v1.0\powershell.exe" </Data><Data Name='CurrentDirectory'>C:\Windows\system32\</Data><Data Name='User'>THINKPAD-WIN10\smith</Data><Data Name='LogonGuid'>{1255fde1-909f-643f-3ac3-020000000000}</Data><Data Name='LogonId'>0x2c33a</Data><Data Name='TerminalSessionId'>1</Data><Data Name='IntegrityLevel'>High</Data><Data Name='Hashes'>SHA1=F43D9BB316E30AE1A3494AC5B0624F6BEA1BF054,MD5=04029E121A0CFA5991749937DD22A1D9,SHA256=9F914D42706FE215501044ACD85A32D58AAEF1419D404FDDFA5D3B48F66CCD9F,IMPHASH=7C955A0ABC747F57CCC4324480737EF7</Data><Data Name='ParentProcessGuid'>{1255fde1-90be-643f-9300-00000000ee00}</Data><Data Name='ParentProcessId'>7828</Data><Data Name='ParentImage'>C:\Windows\explorer.exe</Data><Data Name='ParentCommandLine'>C:\Windows\Explorer.EXE</Data><Data Name='ParentUser'>THINKPAD-WIN10\smith</Data></EventData></Event><Event xmlns='http://schemas.microsoft.com/win/2004/08/events/event'><System><Provider Name='Microsoft-Windows-Sysmon' Guid='{5770385f-c22a-43e0-bf4c-06f5698ffbd9}'/><EventID>13</EventID><Version>2</Version><Level>4</Level><Task>13</Task><Opcode>0</Opcode><Keywords>0x8000000000000000</Keywords><TimeCreated SystemTime='2023-04-19T09:16:45.0020207Z'/><EventRecordID>4814</EventRecordID><Correlation/><Execution ProcessID='3388' ThreadID='5444'/><Channel>Microsoft-Windows-Sysmon/Operational</Channel><Computer>ThinkPad-Win10</Computer><Security UserID='S-1-5-18'/></System><EventData><Data Name='RuleName'>technique_id=T1543,technique_name=Service Creation</Data><Data Name='EventType'>SetValue</Data><Data Name='UtcTime'>2023-04-19 09:16:45.000</Data><Data Name='ProcessGuid'>{1255fde1-a35a-643f-3302-00000000ee00}</Data><Data Name='ProcessId'>8088</Data><Data Name='Image'>C:\Windows\system32\svchost.exe</Data><Data Name='TargetObject'>HKLM\System\CurrentControlSet\Services\bam\State\UserSettings\S-1-5-21-3737481589-311315860-1775043708-1000\\Device\HarddiskVolume4\Windows\System32\WindowsPowerShell\v1.0\powershell.exe</Data><Data Name='Details'>Binary Data</Data><Data Name='User'>NT AUTHORITY\SYSTEM</Data></EventData></Event><Event xmlns='http://schemas.microsoft.com/win/2004/08/events/event'><System><Provider Name='Microsoft-Windows-Sysmon' Guid='{5770385f-c22a-43e0-bf4c-06f5698ffbd9}'/><EventID>11</EventID><Version>2</Version><Level>4</Level><Task>11</Task><Opcode>0</Opcode><Keywords>0x8000000000000000</Keywords><TimeCreated SystemTime='2023-04-19T09:16:44.9910238Z'/><EventRecordID>4813</EventRecordID><Correlation/><Execution ProcessID='3388' ThreadID='5444'/><Channel>Microsoft-Windows-Sysmon/Operational</Channel><Computer>ThinkPad-Win10</Computer><Security UserID='S-1-5-18'/></System><EventData><Data Name='RuleName'>technique_id=T1574.010,technique_name=Services File Permissions Weakness</Data><Data Name='UtcTime'>2023-04-19 09:16:44.978</Data><Data Name='ProcessGuid'>{1255fde1-909e-643f-3f00-00000000ee00}</Data><Data Name='ProcessId'>2580</Data><Data Name='Image'>C:\Windows\system32\svchost.exe</Data><Data Name='TargetFilename'>C:\Windows\Prefetch\CONSENT.EXE-2D674CE4.pf</Data><Data Name='CreationUtcTime'>2021-11-24 07:05:00.432</Data><Data Name='User'>NT AUTHORITY\SYSTEM</Data></EventData></Event><Event xmlns='http://schemas.microsoft.com/win/2004/08/events/event'><System><Provider Name='Microsoft-Windows-Sysmon' Guid='{5770385f-c22a-43e0-bf4c-06f5698ffbd9}'/><EventID>7</EventID><Version>3</Version><Level>4</Level><Task>7</Task><Opcode>0</Opcode><Keywords>0x8000000000000000</Keywords><TimeCreated SystemTime='2023-04-19T09:16:44.9613009Z'/><EventRecordID>4812</EventRecordID><Correlation/><Execution ProcessID='3388' ThreadID='5444'/><Channel>Microsoft-Windows-Sysmon/Operational</Channel><Computer>ThinkPad-Win10</Computer><Security UserID='S-1-5-18'/></System><EventData><Data Name='RuleName'>-</Data><Data Name='UtcTime'>2023-04-19 09:16:44.946</Data><Data Name='ProcessGuid'>{1255fde1-b17c-643f-8f02-00000000ee00}</Data><Data Name='ProcessId'>6960</Data><Data Name='Image'>C:\Windows\System32\consent.exe</Data><Data Name='ImageLoaded'>C:\Windows\System32\urlmon.dll</Data><Data Name='FileVersion'>11.00.19041.2788 (WinBuild.160101.0800)</Data><Data Name='Description'>OLE32 Extensions for Win32</Data><Data Name='Product'>Internet Explorer</Data><Data Name='Company'>Microsoft Corporation</Data><Data Name='OriginalFileName'>UrlMon.dll</Data><Data Name='Hashes'>SHA1=ED121FA6AEE59485C16F5F5C8A927EB9DD2DDCBC,MD5=94AA384E444ED9630D31C49534A9383E,SHA256=B6C63C98D1706D8C14826C690AAB3795FDE3E0245AD49114F14C8FC07E37D41E,IMPHASH=5FFE06DD55D290669E7E050583F2EA45</Data><Data Name='Signed'>true</Data><Data Name='Signature'>Microsoft Windows</Data><Data Name='SignatureStatus'>Valid</Data><Data Name='User'>NT AUTHORITY\SYSTEM</Data></EventData></Event><Event xmlns='http://schemas.microsoft.com/win/2004/08/events/event'><System><Provider Name='Microsoft-Windows-Sysmon' Guid='{5770385f-c22a-43e0-bf4c-06f5698ffbd9}'/><EventID>12</EventID><Version>2</Version><Level>4</Level><Task>12</Task><Opcode>0</Opcode><Keywords>0x8000000000000000</Keywords><TimeCreated SystemTime='2023-04-19T09:16:44.8314598Z'/><EventRecordID>4811</EventRecordID><Correlation/><Execution ProcessID='3388' ThreadID='5444'/><Channel>Microsoft-Windows-Sysmon/Operational</Channel><Computer>ThinkPad-Win10</Computer><Security UserID='S-1-5-18'/></System><EventData><Data Name='RuleName'>technique_id=T1553.004,technique_name=Install Root Certificate</Data><Data Name='EventType'>CreateKey</Data><Data Name='UtcTime'>2023-04-19 09:16:44.830</Data><Data Name='ProcessGuid'>{1255fde1-b17c-643f-8f02-00000000ee00}</Data><Data Name='ProcessId'>6960</Data><Data Name='Image'>C:\Windows\system32\consent.exe</Data><Data Name='TargetObject'>HKU\S-1-5-21-3737481589-311315860-1775043708-1000\SOFTWARE\Microsoft\SystemCertificates\Root\Certificates</Data><Data Name='User'>NT AUTHORITY\SYSTEM</Data></EventData></Event><Event xmlns='http://schemas.microsoft.com/win/2004/08/events/event'><System><Provider Name='Microsoft-Windows-Sysmon' Guid='{5770385f-c22a-43e0-bf4c-06f5698ffbd9}'/><EventID>12</EventID><Version>2</Version><Level>4</Level><Task>12</Task><Opcode>0</Opcode><Keywords>0x8000000000000000</Keywords><TimeCreated SystemTime='2023-04-19T09:16:44.8220565Z'/><EventRecordID>4810</EventRecordID><Correlation/><Execution ProcessID='3388' ThreadID='5444'/><Channel>Microsoft-Windows-Sysmon/Operational</Channel><Computer>ThinkPad-Win10</Computer><Security UserID='S-1-5-18'/></System><EventData><Data Name='RuleName'>technique_id=T1553.004,technique_name=Install Root Certificate</Data><Data Name='EventType'>CreateKey</Data><Data Name='UtcTime'>2023-04-19 09:16:44.815</Data><Data Name='ProcessGuid'>{1255fde1-b17c-643f-8f02-00000000ee00}</Data><Data Name='ProcessId'>6960</Data><Data Name='Image'>C:\Windows\system32\consent.exe</Data><Data Name='TargetObject'>HKU\S-1-5-21-3737481589-311315860-1775043708-1000\SOFTWARE\Microsoft\SystemCertificates\CA\Certificates</Data><Data Name='User'>NT AUTHORITY\SYSTEM</Data></EventData></Event><Event xmlns='http://schemas.microsoft.com/win/2004/08/events/event'><System><Provider Name='Microsoft-Windows-Sysmon' Guid='{5770385f-c22a-43e0-bf4c-06f5698ffbd9}'/><EventID>7</EventID><Version>3</Version><Level>4</Level><Task>7</Task><Opcode>0</Opcode><Keywords>0x8000000000000000</Keywords><TimeCreated SystemTime='2023-04-19T09:16:44.8139095Z'/><EventRecordID>4809</EventRecordID><Correlation/><Execution ProcessID='3388' ThreadID='5464'/><Channel>Microsoft-Windows-Sysmon/Operational</Channel><Computer>ThinkPad-Win10</Computer><Security UserID='S-1-5-18'/></System><EventData><Data Name='RuleName'>technique_id=T1059.001,technique_name=PowerShell</Data><Data Name='UtcTime'>2023-04-19 09:16:44.777</Data><Data Name='ProcessGuid'>{1255fde1-b17c-643f-8f02-00000000ee00}</Data><Data Name='ProcessId'>6960</Data><Data Name='Image'>C:\Windows\System32\consent.exe</Data><Data Name='ImageLoaded'>C:\Windows\System32\amsi.dll</Data><Data Name='FileVersion'>10.0.19041.2075 (WinBuild.160101.0800)</Data><Data Name='Description'>Anti-Malware Scan Interface</Data><Data Name='Product'>Microsoft® Windows® Operating System</Data><Data Name='Company'>Microsoft Corporation</Data><Data Name='OriginalFileName'>amsi.dll</Data><Data Name='Hashes'>SHA1=B6A0B7755F49B1678F16550A14E7D6DB3840097A,MD5=31A4B9E4D7F90542E09F4A6393567CD7,SHA256=F45D7BD641694B1351B1F003B95586F5456F3BCC508CF8AE323DE95115557C07,IMPHASH=C414C6B76EBCEEF67B5B752A7E51D4D2</Data><Data Name='Signed'>true</Data><Data Name='Signature'>Microsoft Windows</Data><Data Name='SignatureStatus'>Valid</Data><Data Name='User'>NT AUTHORITY\SYSTEM</Data></EventData></Event><Event xmlns='http://schemas.microsoft.com/win/2004/08/events/event'><System><Provider Name='Microsoft-Windows-Sysmon' Guid='{5770385f-c22a-43e0-bf4c-06f5698ffbd9}'/><EventID>11</EventID><Version>2</Version><Level>4</Level><Task>11</Task><Opcode>0</Opcode><Keywords>0x8000000000000000</Keywords><TimeCreated SystemTime='2023-04-19T09:16:44.6132207Z'/><EventRecordID>4808</EventRecordID><Correlation/><Execution ProcessID='3388' ThreadID='5444'/><Channel>Microsoft-Windows-Sysmon/Operational</Channel><Computer>ThinkPad-Win10</Computer><Security UserID='S-1-5-18'/></System><EventData><Data Name='RuleName'>technique_id=T1574.010,technique_name=Services File Permissions Weakness</Data><Data Name='UtcTime'>2023-04-19 09:16:44.599</Data><Data Name='ProcessGuid'>{1255fde1-909e-643f-3f00-00000000ee00}</Data><Data Name='ProcessId'>2580</Data><Data Name='Image'>C:\Windows\system32\svchost.exe</Data><Data Name='TargetFilename'>C:\Windows\Prefetch\RUNDLL32.EXE-B7E5FEEB.pf</Data><Data Name='CreationUtcTime'>2023-04-19 05:04:11.858</Data><Data Name='User'>NT AUTHORITY\SYSTEM</Data></EventData></Event><Event xmlns='http://schemas.microsoft.com/win/2004/08/events/event'><System><Provider Name='Microsoft-Windows-Sysmon' Guid='{5770385f-c22a-43e0-bf4c-06f5698ffbd9}'/><EventID>13</EventID><Version>2</Version><Level>4</Level><Task>13</Task><Opcode>0</Opcode><Keywords>0x8000000000000000</Keywords><TimeCreated SystemTime='2023-04-19T09:16:44.6117177Z'/><EventRecordID>4807</EventRecordID><Correlation/><Execution ProcessID='3388' ThreadID='5444'/><Channel>Microsoft-Windows-Sysmon/Operational</Channel><Computer>ThinkPad-Win10</Computer><Security UserID='S-1-5-18'/></System><EventData><Data Name='RuleName'>technique_id=T1543,technique_name=Service Creation</Data><Data Name='EventType'>SetValue</Data><Data Name='UtcTime'>2023-04-19 09:16:44.599</Data><Data Name='ProcessGuid'>{1255fde1-b17c-643f-8e02-00000000ee00}</Data><Data Name='ProcessId'>3996</Data><Data Name='Image'>C:\Windows\System32\rundll32.exe</Data><Data Name='TargetObject'>HKLM\System\CurrentControlSet\Services\bam\State\UserSettings\S-1-5-21-3737481589-311315860-1775043708-1000\\Device\HarddiskVolume4\Windows\System32\rundll32.exe</Data><Data Name='Details'>Binary Data</Data><Data Name='User'>THINKPAD-WIN10\smith</Data></EventData></Event><Event xmlns='http://schemas.microsoft.com/win/2004/08/events/event'><System><Provider Name='Microsoft-Windows-Sysmon' Guid='{5770385f-c22a-43e0-bf4c-06f5698ffbd9}'/><EventID>1</EventID><Version>5</Version><Level>4</Level><Task>1</Task><Opcode>0</Opcode><Keywords>0x8000000000000000</Keywords><TimeCreated SystemTime='2023-04-19T09:16:44.5061001Z'/><EventRecordID>4806</EventRecordID><Correlation/><Execution ProcessID='3388' ThreadID='5444'/><Channel>Microsoft-Windows-Sysmon/Operational</Channel><Computer>ThinkPad-Win10</Computer><Security UserID='S-1-5-18'/></System><EventData><Data Name='RuleName'>technique_id=T1218.002,technique_name=rundll32.exe</Data><Data Name='UtcTime'>2023-04-19 09:16:44.503</Data><Data Name='ProcessGuid'>{1255fde1-b17c-643f-8e02-00000000ee00}</Data><Data Name='ProcessId'>3996</Data><Data Name='Image'>C:\Windows\System32\rundll32.exe</Data><Data Name='FileVersion'>10.0.19041.746 (WinBuild.160101.0800)</Data><Data Name='Description'>Windows host process (Rundll32)</Data><Data Name='Product'>Microsoft® Windows® Operating System</Data><Data Name='Company'>Microsoft Corporation</Data><Data Name='OriginalFileName'>RUNDLL32.EXE</Data><Data Name='CommandLine'>C:\Windows\System32\rundll32.exe shell32.dll,SHCreateLocalServerRunDll {c82192ee-6cb5-4bc0-9ef0-fb818773790a} -Embedding</Data><Data Name='CurrentDirectory'>C:\Windows\system32\</Data><Data Name='User'>THINKPAD-WIN10\smith</Data><Data Name='LogonGuid'>{1255fde1-90a0-643f-d9c3-020000000000}</Data><Data Name='LogonId'>0x2c3d9</Data><Data Name='TerminalSessionId'>1</Data><Data Name='IntegrityLevel'>Medium</Data><Data Name='Hashes'>SHA1=DD399AE46303343F9F0DA189AEE11C67BD868222,MD5=EF3179D498793BF4234F708D3BE28633,SHA256=B53F3C0CD32D7F20849850768DA6431E5F876B7BFA61DB0AA0700B02873393FA,IMPHASH=4DB27267734D1576D75C991DC70F68AC</Data><Data Name='ParentProcessGuid'>{1255fde1-9096-643f-0f00-00000000ee00}</Data><Data Name='ParentProcessId'>1004</Data><Data Name='ParentImage'>C:\Windows\System32\svchost.exe</Data><Data Name='ParentCommandLine'>C:\Windows\system32\svchost.exe -k DcomLaunch -p</Data><Data Name='ParentUser'>NT AUTHORITY\SYSTEM</Data></EventData></Event><Event xmlns='http://schemas.microsoft.com/win/2004/08/events/event'><System><Provider Name='Microsoft-Windows-Sysmon' Guid='{5770385f-c22a-43e0-bf4c-06f5698ffbd9}'/><EventID>13</EventID><Version>2</Version><Level>4</Level><Task>13</Task><Opcode>0</Opcode><Keywords>0x8000000000000000</Keywords><TimeCreated SystemTime='2023-04-19T09:16:44.5048619Z'/><EventRecordID>4805</EventRecordID><Correlation/><Execution ProcessID='3388' ThreadID='5444'/><Channel>Microsoft-Windows-Sysmon/Operational</Channel><Computer>ThinkPad-Win10</Computer><Security UserID='S-1-5-18'/></System><EventData><Data Name='RuleName'>technique_id=T1543,technique_name=Service Creation</Data><Data Name='EventType'>SetValue</Data><Data Name='UtcTime'>2023-04-19 09:16:44.499</Data><Data Name='ProcessGuid'>{1255fde1-9096-643f-0f00-00000000ee00}</Data><Data Name='ProcessId'>1004</Data><Data Name='Image'>C:\Windows\system32\svchost.exe</Data><Data Name='TargetObject'>HKLM\System\CurrentControlSet\Services\bam\State\UserSettings\S-1-5-21-3737481589-311315860-1775043708-1000\\Device\HarddiskVolume4\Windows\System32\rundll32.exe</Data><Data Name='Details'>Binary Data</Data><Data Name='User'>NT AUTHORITY\SYSTEM</Data></EventData></Event>