<Event xmlns='http://schemas.microsoft.com/win/2004/08/events/event'><System><Provider Name='Microsoft-Windows-Sysmon' Guid='{5770385f-c22a-43e0-bf4c-06f5698ffbd9}'/><EventID>7</EventID><Version>3</Version><Level>4</Level><Task>7</Task><Opcode>0</Opcode><Keywords>0x8000000000000000</Keywords><TimeCreated SystemTime='2023-04-19T09:16:43.0284163Z'/><EventRecordID>4804</EventRecordID><Correlation/><Execution ProcessID='3388' ThreadID='5444'/><Channel>Microsoft-Windows-Sysmon/Operational</Channel><Computer>ThinkPad-Win10</Computer><Security UserID='S-1-5-18'/></System><EventData><Data Name='RuleName'>-</Data><Data Name='UtcTime'>2023-04-19 09:16:43.024</Data><Data Name='ProcessGuid'>{1255fde1-afe8-643f-7702-00000000ee00}</Data><Data Name='ProcessId'>7160</Data><Data Name='Image'>C:\Windows\System32\RuntimeBroker.exe</Data><Data Name='ImageLoaded'>C:\Windows\System32\urlmon.dll</Data><Data Name='FileVersion'>11.00.19041.2788 (WinBuild.160101.0800)</Data><Data Name='Description'>OLE32 Extensions for Win32</Data><Data Name='Product'>Internet Explorer</Data><Data Name='Company'>Microsoft Corporation</Data><Data Name='OriginalFileName'>UrlMon.dll</Data><Data Name='Hashes'>SHA1=ED121FA6AEE59485C16F5F5C8A927EB9DD2DDCBC,MD5=94AA384E444ED9630D31C49534A9383E,SHA256=B6C63C98D1706D8C14826C690AAB3795FDE3E0245AD49114F14C8FC07E37D41E,IMPHASH=5FFE06DD55D290669E7E050583F2EA45</Data><Data Name='Signed'>true</Data><Data Name='Signature'>Microsoft Windows</Data><Data Name='SignatureStatus'>Valid</Data><Data Name='User'>THINKPAD-WIN10\smith</Data></EventData></Event><Event xmlns='http://schemas.microsoft.com/win/2004/08/events/event'><System><Provider Name='Microsoft-Windows-Sysmon' Guid='{5770385f-c22a-43e0-bf4c-06f5698ffbd9}'/><EventID>11</EventID><Version>2</Version><Level>4</Level><Task>11</Task><Opcode>0</Opcode><Keywords>0x8000000000000000</Keywords><TimeCreated SystemTime='2023-04-19T09:16:42.6495075Z'/><EventRecordID>4803</EventRecordID><Correlation/><Execution ProcessID='3388' ThreadID='5444'/><Channel>Microsoft-Windows-Sysmon/Operational</Channel><Computer>ThinkPad-Win10</Computer><Security UserID='S-1-5-18'/></System><EventData><Data Name='RuleName'>technique_id=T1574.010,technique_name=Services File Permissions Weakness</Data><Data Name='UtcTime'>2023-04-19 09:16:42.638</Data><Data Name='ProcessGuid'>{1255fde1-909e-643f-3f00-00000000ee00}</Data><Data Name='ProcessId'>2580</Data><Data Name='Image'>C:\Windows\system32\svchost.exe</Data><Data Name='TargetFilename'>C:\Windows\Prefetch\MICROSOFTEDGEUPDATE.EXE-30812F03.pf</Data><Data Name='CreationUtcTime'>2023-04-19 05:16:43.279</Data><Data Name='User'>NT AUTHORITY\SYSTEM</Data></EventData></Event><Event xmlns='http://schemas.microsoft.com/win/2004/08/events/event'><System><Provider Name='Microsoft-Windows-Sysmon' Guid='{5770385f-c22a-43e0-bf4c-06f5698ffbd9}'/><EventID>7</EventID><Version>3</Version><Level>4</Level><Task>7</Task><Opcode>0</Opcode><Keywords>0x8000000000000000</Keywords><TimeCreated SystemTime='2023-04-19T09:16:42.6441129Z'/><EventRecordID>4802</EventRecordID><Correlation/><Execution ProcessID='3388' ThreadID='5464'/><Channel>Microsoft-Windows-Sysmon/Operational</Channel><Computer>ThinkPad-Win10</Computer><Security UserID='S-1-5-18'/></System><EventData><Data Name='RuleName'>technique_id=T1053,technique_name=Scheduled Task</Data><Data Name='UtcTime'>2023-04-19 09:16:42.622</Data><Data Name='ProcessGuid'>{1255fde1-b17a-643f-8d02-00000000ee00}</Data><Data Name='ProcessId'>4864</Data><Data Name='Image'>C:\Program Files (x86)\Microsoft\EdgeUpdate\MicrosoftEdgeUpdate.exe</Data><Data Name='ImageLoaded'>C:\Windows\SysWOW64\taskschd.dll</Data><Data Name='FileVersion'>10.0.19041.1266 (WinBuild.160101.0800)</Data><Data Name='Description'>Task Scheduler COM API</Data><Data Name='Product'>Microsoft® Windows® Operating System</Data><Data Name='Company'>Microsoft Corporation</Data><Data Name='OriginalFileName'>taskschd.dll</Data><Data Name='Hashes'>SHA1=B6263C70D70FE7B6DC0E8891BB312248E1D85D52,MD5=747A04CE944BBA175A7E63E9284AFC0D,SHA256=945ED444C593261754D034B0441734B431A785D7E7164313EB075089BA030B59,IMPHASH=59BF7D0FAD0B5B7F706EA9250167BD5B</Data><Data Name='Signed'>true</Data><Data Name='Signature'>Microsoft Windows</Data><Data Name='SignatureStatus'>Valid</Data><Data Name='User'>NT AUTHORITY\SYSTEM</Data></EventData></Event><Event xmlns='http://schemas.microsoft.com/win/2004/08/events/event'><System><Provider Name='Microsoft-Windows-Sysmon' Guid='{5770385f-c22a-43e0-bf4c-06f5698ffbd9}'/><EventID>13</EventID><Version>2</Version><Level>4</Level><Task>13</Task><Opcode>0</Opcode><Keywords>0x8000000000000000</Keywords><TimeCreated SystemTime='2023-04-19T09:16:15.5785317Z'/><EventRecordID>4801</EventRecordID><Correlation/><Execution ProcessID='3388' ThreadID='5444'/><Channel>Microsoft-Windows-Sysmon/Operational</Channel><Computer>ThinkPad-Win10</Computer><Security UserID='S-1-5-18'/></System><EventData><Data Name='RuleName'>technique_id=T1053,technique_name=Scheduled Task</Data><Data Name='EventType'>SetValue</Data><Data Name='UtcTime'>2023-04-19 09:16:15.575</Data><Data Name='ProcessGuid'>{1255fde1-9099-643f-2300-00000000ee00}</Data><Data Name='ProcessId'>1712</Data><Data Name='Image'>C:\Windows\system32\svchost.exe</Data><Data Name='TargetObject'>HKLM\SOFTWARE\Microsoft\Windows NT\CurrentVersion\Schedule\TaskCache\Tree\Microsoft\Windows\WindowsUpdate\Scheduled Start\Index</Data><Data Name='Details'>DWORD (0x00000003)</Data><Data Name='User'>NT AUTHORITY\SYSTEM</Data></EventData></Event><Event xmlns='http://schemas.microsoft.com/win/2004/08/events/event'><System><Provider Name='Microsoft-Windows-Sysmon' Guid='{5770385f-c22a-43e0-bf4c-06f5698ffbd9}'/><EventID>7</EventID><Version>3</Version><Level>4</Level><Task>7</Task><Opcode>0</Opcode><Keywords>0x8000000000000000</Keywords><TimeCreated SystemTime='2023-04-19T09:16:15.5755812Z'/><EventRecordID>4800</EventRecordID><Correlation/><Execution ProcessID='3388' ThreadID='5464'/><Channel>Microsoft-Windows-Sysmon/Operational</Channel><Computer>ThinkPad-Win10</Computer><Security UserID='S-1-5-18'/></System><EventData><Data Name='RuleName'>technique_id=T1053,technique_name=Scheduled Task</Data><Data Name='UtcTime'>2023-04-19 09:16:15.529</Data><Data Name='ProcessGuid'>{1255fde1-ae58-643f-6502-00000000ee00}</Data><Data Name='ProcessId'>5656</Data><Data Name='Image'>C:\Windows\System32\svchost.exe</Data><Data Name='ImageLoaded'>C:\Windows\System32\taskschd.dll</Data><Data Name='FileVersion'>10.0.19041.1266 (WinBuild.160101.0800)</Data><Data Name='Description'>Task Scheduler COM API</Data><Data Name='Product'>Microsoft® Windows® Operating System</Data><Data Name='Company'>Microsoft Corporation</Data><Data Name='OriginalFileName'>taskschd.dll</Data><Data Name='Hashes'>SHA1=27EFA81247501EBA6603842F476C899B5DAAB8C7,MD5=49E93FA14D4E09AAFD418AB616AD1BB1,SHA256=35E3F44C587DE8BFF62095E768C77E12E2C522FB7EFD038FFFCC0DD2AE960A57,IMPHASH=B7A4477FA36E2E5287EE76AC4AFCB05B</Data><Data Name='Signed'>true</Data><Data Name='Signature'>Microsoft Windows</Data><Data Name='SignatureStatus'>Valid</Data><Data Name='User'>NT AUTHORITY\SYSTEM</Data></EventData></Event><Event xmlns='http://schemas.microsoft.com/win/2004/08/events/event'><System><Provider Name='Microsoft-Windows-Sysmon' Guid='{5770385f-c22a-43e0-bf4c-06f5698ffbd9}'/><EventID>13</EventID><Version>2</Version><Level>4</Level><Task>13</Task><Opcode>0</Opcode><Keywords>0x8000000000000000</Keywords><TimeCreated SystemTime='2023-04-19T09:13:14.1966112Z'/><EventRecordID>4799</EventRecordID><Correlation/><Execution ProcessID='3388' ThreadID='5444'/><Channel>Microsoft-Windows-Sysmon/Operational</Channel><Computer>ThinkPad-Win10</Computer><Security UserID='S-1-5-18'/></System><EventData><Data Name='RuleName'>technique_id=T1543,technique_name=Service Creation</Data><Data Name='EventType'>SetValue</Data><Data Name='UtcTime'>2023-04-19 09:13:14.180</Data><Data Name='ProcessGuid'>{1255fde1-b07c-643f-8a02-00000000ee00}</Data><Data Name='ProcessId'>8960</Data><Data Name='Image'>C:\Users\smith\Desktop\Emergency Response\SysmonView.exe</Data><Data Name='TargetObject'>HKLM\System\CurrentControlSet\Services\bam\State\UserSettings\S-1-5-21-3737481589-311315860-1775043708-1000\\Device\HarddiskVolume4\Users\smith\Desktop\Emergency Response\SysmonView.exe</Data><Data Name='Details'>Binary Data</Data><Data Name='User'>THINKPAD-WIN10\smith</Data></EventData></Event><Event xmlns='http://schemas.microsoft.com/win/2004/08/events/event'><System><Provider Name='Microsoft-Windows-Sysmon' Guid='{5770385f-c22a-43e0-bf4c-06f5698ffbd9}'/><EventID>5</EventID><Version>3</Version><Level>4</Level><Task>5</Task><Opcode>0</Opcode><Keywords>0x8000000000000000</Keywords><TimeCreated SystemTime='2023-04-19T09:13:14.1962141Z'/><EventRecordID>4798</EventRecordID><Correlation/><Execution ProcessID='3388' ThreadID='5444'/><Channel>Microsoft-Windows-Sysmon/Operational</Channel><Computer>ThinkPad-Win10</Computer><Security UserID='S-1-5-18'/></System><EventData><Data Name='RuleName'>-</Data><Data Name='UtcTime'>2023-04-19 09:13:14.180</Data><Data Name='ProcessGuid'>{1255fde1-b07c-643f-8a02-00000000ee00}</Data><Data Name='ProcessId'>8960</Data><Data Name='Image'>C:\Users\smith\Desktop\Emergency Response\SysmonView.exe</Data><Data Name='User'>THINKPAD-WIN10\smith</Data></EventData></Event><Event xmlns='http://schemas.microsoft.com/win/2004/08/events/event'><System><Provider Name='Microsoft-Windows-Sysmon' Guid='{5770385f-c22a-43e0-bf4c-06f5698ffbd9}'/><EventID>10</EventID><Version>3</Version><Level>4</Level><Task>10</Task><Opcode>0</Opcode><Keywords>0x8000000000000000</Keywords><TimeCreated SystemTime='2023-04-19T09:13:14.1314685Z'/><EventRecordID>4797</EventRecordID><Correlation/><Execution ProcessID='3388' ThreadID='5444'/><Channel>Microsoft-Windows-Sysmon/Operational</Channel><Computer>ThinkPad-Win10</Computer><Security UserID='S-1-5-18'/></System><EventData><Data Name='RuleName'>-</Data><Data Name='UtcTime'>2023-04-19 09:13:14.130</Data><Data Name='SourceProcessGUID'>{1255fde1-90be-643f-9300-00000000ee00}</Data><Data Name='SourceProcessId'>7828</Data><Data Name='SourceThreadId'>7228</Data><Data Name='SourceImage'>C:\Windows\Explorer.EXE</Data><Data Name='TargetProcessGUID'>{1255fde1-b07c-643f-8a02-00000000ee00}</Data><Data Name='TargetProcessId'>8960</Data><Data Name='TargetImage'>C:\Users\smith\Desktop\Emergency Response\SysmonView.exe</Data><Data Name='GrantedAccess'>0x2000</Data><Data Name='CallTrace'>C:\Windows\SYSTEM32\ntdll.dll+9d524|C:\Windows\System32\KERNELBASE.dll+3053e|C:\Windows\system32\twinui.dll+80cd9|C:\Windows\system32\twinui.dll+33ec1|C:\Windows\system32\twinui.dll+32a3c|C:\Windows\system32\twinui.dll+68bdc|C:\Windows\system32\twinui.dll+68b3c|C:\Windows\system32\twinui.dll+60c7a|C:\Windows\system32\twinui.dll+605aa|C:\Windows\system32\twinui.dll+60e4b|C:\Windows\system32\twinui.dll+6066d|C:\Windows\System32\user32.dll+e858|C:\Windows\System32\user32.dll+e299|C:\Windows\System32\windows.immersiveshell.serviceprovider.dll+c7e3|C:\Windows\System32\windows.immersiveshell.serviceprovider.dll+c377|C:\Windows\System32\windows.immersiveshell.serviceprovider.dll+c9c7|C:\Windows\System32\windows.immersiveshell.serviceprovider.dll+ca22|C:\Windows\System32\KERNEL32.DLL+17604|C:\Windows\SYSTEM32\ntdll.dll+526a1</Data><Data Name='SourceUser'>THINKPAD-WIN10\smith</Data><Data Name='TargetUser'>THINKPAD-WIN10\smith</Data></EventData></Event><Event xmlns='http://schemas.microsoft.com/win/2004/08/events/event'><System><Provider Name='Microsoft-Windows-Sysmon' Guid='{5770385f-c22a-43e0-bf4c-06f5698ffbd9}'/><EventID>10</EventID><Version>3</Version><Level>4</Level><Task>10</Task><Opcode>0</Opcode><Keywords>0x8000000000000000</Keywords><TimeCreated SystemTime='2023-04-19T09:13:13.8274096Z'/><EventRecordID>4796</EventRecordID><Correlation/><Execution ProcessID='3388' ThreadID='5444'/><Channel>Microsoft-Windows-Sysmon/Operational</Channel><Computer>ThinkPad-Win10</Computer><Security UserID='S-1-5-18'/></System><EventData><Data Name='RuleName'>-</Data><Data Name='UtcTime'>2023-04-19 09:13:13.826</Data><Data Name='SourceProcessGUID'>{1255fde1-90bc-643f-8c00-00000000ee00}</Data><Data Name='SourceProcessId'>2228</Data><Data Name='SourceThreadId'>7188</Data><Data Name='SourceImage'>C:\Program Files (x86)\Huorong\Sysdiag\bin\PopBlock.exe</Data><Data Name='TargetProcessGUID'>{1255fde1-b07c-643f-8a02-00000000ee00}</Data><Data Name='TargetProcessId'>8960</Data><Data Name='TargetImage'>C:\Users\smith\Desktop\Emergency Response\SysmonView.exe</Data><Data Name='GrantedAccess'>0x1410</Data><Data Name='CallTrace'>C:\Windows\SYSTEM32\ntdll.dll+9d524|C:\Windows\System32\wow64.dll+10955|C:\Windows\System32\wow64.dll+901a|C:\Windows\System32\wow64cpu.dll+17c3|C:\Windows\System32\wow64cpu.dll+11b9|C:\Windows\System32\wow64.dll+38c9|C:\Windows\System32\wow64.dll+32bd|C:\Windows\SYSTEM32\ntdll.dll+75089|C:\Windows\SYSTEM32\ntdll.dll+74c73|C:\Windows\SYSTEM32\ntdll.dll+74c1e|C:\Windows\SYSTEM32\ntdll.dll+72d1c(wow64)|C:\Windows\System32\KERNELBASE.dll+112bc8(wow64)|C:\Program Files (x86)\Huorong\Sysdiag\bin\POPBLKENG.dll+18730(wow64)|C:\Program Files (x86)\Huorong\Sysdiag\bin\POPBLKENG.dll+7572(wow64)|C:\Program Files (x86)\Huorong\Sysdiag\bin\POPBLKENG.dll+7cf0(wow64)|C:\Program Files (x86)\Huorong\Sysdiag\bin\POPBLKENG.dll+7426(wow64)|C:\Windows\System32\KERNEL32.DLL+20099(wow64)|C:\Windows\SYSTEM32\ntdll.dll+67b6e(wow64)|C:\Windows\SYSTEM32\ntdll.dll+67b3e(wow64)</Data><Data Name='SourceUser'>THINKPAD-WIN10\smith</Data><Data Name='TargetUser'>THINKPAD-WIN10\smith</Data></EventData></Event><Event xmlns='http://schemas.microsoft.com/win/2004/08/events/event'><System><Provider Name='Microsoft-Windows-Sysmon' Guid='{5770385f-c22a-43e0-bf4c-06f5698ffbd9}'/><EventID>10</EventID><Version>3</Version><Level>4</Level><Task>10</Task><Opcode>0</Opcode><Keywords>0x8000000000000000</Keywords><TimeCreated SystemTime='2023-04-19T09:13:10.4727929Z'/><EventRecordID>4795</EventRecordID><Correlation/><Execution ProcessID='3388' ThreadID='5444'/><Channel>Microsoft-Windows-Sysmon/Operational</Channel><Computer>ThinkPad-Win10</Computer><Security UserID='S-1-5-18'/></System><EventData><Data Name='RuleName'>-</Data><Data Name='UtcTime'>2023-04-19 09:13:10.472</Data><Data Name='SourceProcessGUID'>{1255fde1-90a2-643f-6700-00000000ee00}</Data><Data Name='SourceProcessId'>4620</Data><Data Name='SourceThreadId'>9028</Data><Data Name='SourceImage'>C:\Program Files\Parallels\Parallels Tools\Services\prl_tools.exe</Data><Data Name='TargetProcessGUID'>{1255fde1-b07c-643f-8a02-00000000ee00}</Data><Data Name='TargetProcessId'>8960</Data><Data Name='TargetImage'>C:\Users\smith\Desktop\Emergency Response\SysmonView.exe</Data><Data Name='GrantedAccess'>0x1410</Data><Data Name='CallTrace'>C:\Windows\SYSTEM32\ntdll.dll+9d524|C:\Windows\System32\KERNELBASE.dll+3053e|C:\Program Files\Parallels\Parallels Tools\Services\Plugins\UserInputEmulation.dll+d8ae|C:\Program Files\Parallels\Parallels Tools\Services\Plugins\UserInputEmulation.dll+e623|C:\Program Files\Parallels\Parallels Tools\Services\Plugins\UserInputEmulation.dll+e3d8|C:\Program Files\Parallels\Parallels Tools\Services\Plugins\UserInputEmulation.dll+eafe|C:\Windows\System32\msvcrt.dll+3af5a|C:\Windows\System32\msvcrt.dll+3b02c|C:\Windows\System32\KERNEL32.DLL+17604|C:\Windows\SYSTEM32\ntdll.dll+526a1</Data><Data Name='SourceUser'>NT AUTHORITY\SYSTEM</Data><Data Name='TargetUser'>THINKPAD-WIN10\smith</Data></EventData></Event><Event xmlns='http://schemas.microsoft.com/win/2004/08/events/event'><System><Provider Name='Microsoft-Windows-Sysmon' Guid='{5770385f-c22a-43e0-bf4c-06f5698ffbd9}'/><EventID>10</EventID><Version>3</Version><Level>4</Level><Task>10</Task><Opcode>0</Opcode><Keywords>0x8000000000000000</Keywords><TimeCreated SystemTime='2023-04-19T09:13:10.4714879Z'/><EventRecordID>4794</EventRecordID><Correlation/><Execution ProcessID='3388' ThreadID='5444'/><Channel>Microsoft-Windows-Sysmon/Operational</Channel><Computer>ThinkPad-Win10</Computer><Security UserID='S-1-5-18'/></System><EventData><Data Name='RuleName'>-</Data><Data Name='UtcTime'>2023-04-19 09:13:10.470</Data><Data Name='SourceProcessGUID'>{1255fde1-90a2-643f-6700-00000000ee00}</Data><Data Name='SourceProcessId'>4620</Data><Data Name='SourceThreadId'>9028</Data><Data Name='SourceImage'>C:\Program Files\Parallels\Parallels Tools\Services\prl_tools.exe</Data><Data Name='TargetProcessGUID'>{1255fde1-b07c-643f-8a02-00000000ee00}</Data><Data Name='TargetProcessId'>8960</Data><Data Name='TargetImage'>C:\Users\smith\Desktop\Emergency Response\SysmonView.exe</Data><Data Name='GrantedAccess'>0x1410</Data><Data Name='CallTrace'>C:\Windows\SYSTEM32\ntdll.dll+9d524|C:\Windows\System32\KERNELBASE.dll+3053e|C:\Program Files\Parallels\Parallels Tools\Services\Plugins\UserInputEmulation.dll+d8ae|C:\Program Files\Parallels\Parallels Tools\Services\Plugins\UserInputEmulation.dll+e623|C:\Program Files\Parallels\Parallels Tools\Services\Plugins\UserInputEmulation.dll+e3d8|C:\Program Files\Parallels\Parallels Tools\Services\Plugins\UserInputEmulation.dll+eafe|C:\Windows\System32\msvcrt.dll+3af5a|C:\Windows\System32\msvcrt.dll+3b02c|C:\Windows\System32\KERNEL32.DLL+17604|C:\Windows\SYSTEM32\ntdll.dll+526a1</Data><Data Name='SourceUser'>NT AUTHORITY\SYSTEM</Data><Data Name='TargetUser'>THINKPAD-WIN10\smith</Data></EventData></Event><Event xmlns='http://schemas.microsoft.com/win/2004/08/events/event'><System><Provider Name='Microsoft-Windows-Sysmon' Guid='{5770385f-c22a-43e0-bf4c-06f5698ffbd9}'/><EventID>10</EventID><Version>3</Version><Level>4</Level><Task>10</Task><Opcode>0</Opcode><Keywords>0x8000000000000000</Keywords><TimeCreated SystemTime='2023-04-19T09:13:08.7292130Z'/><EventRecordID>4793</EventRecordID><Correlation/><Execution ProcessID='3388' ThreadID='5444'/><Channel>Microsoft-Windows-Sysmon/Operational</Channel><Computer>ThinkPad-Win10</Computer><Security UserID='S-1-5-18'/></System><EventData><Data Name='RuleName'>-</Data><Data Name='UtcTime'>2023-04-19 09:13:08.728</Data><Data Name='SourceProcessGUID'>{1255fde1-90bc-643f-8c00-00000000ee00}</Data><Data Name='SourceProcessId'>2228</Data><Data Name='SourceThreadId'>7188</Data><Data Name='SourceImage'>C:\Program Files (x86)\Huorong\Sysdiag\bin\PopBlock.exe</Data><Data Name='TargetProcessGUID'>{1255fde1-b07c-643f-8a02-00000000ee00}</Data><Data Name='TargetProcessId'>8960</Data><Data Name='TargetImage'>C:\Users\smith\Desktop\Emergency Response\SysmonView.exe</Data><Data Name='GrantedAccess'>0x1410</Data><Data Name='CallTrace'>C:\Windows\SYSTEM32\ntdll.dll+9d524|C:\Windows\System32\wow64.dll+10955|C:\Windows\System32\wow64.dll+901a|C:\Windows\System32\wow64cpu.dll+17c3|C:\Windows\System32\wow64cpu.dll+11b9|C:\Windows\System32\wow64.dll+38c9|C:\Windows\System32\wow64.dll+32bd|C:\Windows\SYSTEM32\ntdll.dll+75089|C:\Windows\SYSTEM32\ntdll.dll+74c73|C:\Windows\SYSTEM32\ntdll.dll+74c1e|C:\Windows\SYSTEM32\ntdll.dll+72d1c(wow64)|C:\Windows\System32\KERNELBASE.dll+112bc8(wow64)|C:\Program Files (x86)\Huorong\Sysdiag\bin\POPBLKENG.dll+18730(wow64)|C:\Program Files (x86)\Huorong\Sysdiag\bin\POPBLKENG.dll+7572(wow64)|C:\Program Files (x86)\Huorong\Sysdiag\bin\POPBLKENG.dll+7cf0(wow64)|C:\Program Files (x86)\Huorong\Sysdiag\bin\POPBLKENG.dll+7426(wow64)|C:\Windows\System32\KERNEL32.DLL+20099(wow64)|C:\Windows\SYSTEM32\ntdll.dll+67b6e(wow64)|C:\Windows\SYSTEM32\ntdll.dll+67b3e(wow64)</Data><Data Name='SourceUser'>THINKPAD-WIN10\smith</Data><Data Name='TargetUser'>THINKPAD-WIN10\smith</Data></EventData></Event><Event xmlns='http://schemas.microsoft.com/win/2004/08/events/event'><System><Provider Name='Microsoft-Windows-Sysmon' Guid='{5770385f-c22a-43e0-bf4c-06f5698ffbd9}'/><EventID>10</EventID><Version>3</Version><Level>4</Level><Task>10</Task><Opcode>0</Opcode><Keywords>0x8000000000000000</Keywords><TimeCreated SystemTime='2023-04-19T09:13:04.8600020Z'/><EventRecordID>4792</EventRecordID><Correlation/><Execution ProcessID='3388' ThreadID='5444'/><Channel>Microsoft-Windows-Sysmon/Operational</Channel><Computer>ThinkPad-Win10</Computer><Security UserID='S-1-5-18'/></System><EventData><Data Name='RuleName'>-</Data><Data Name='UtcTime'>2023-04-19 09:13:04.859</Data><Data Name='SourceProcessGUID'>{1255fde1-90a2-643f-6700-00000000ee00}</Data><Data Name='SourceProcessId'>4620</Data><Data Name='SourceThreadId'>9028</Data><Data Name='SourceImage'>C:\Program Files\Parallels\Parallels Tools\Services\prl_tools.exe</Data><Data Name='TargetProcessGUID'>{1255fde1-b07c-643f-8a02-00000000ee00}</Data><Data Name='TargetProcessId'>8960</Data><Data Name='TargetImage'>C:\Users\smith\Desktop\Emergency Response\SysmonView.exe</Data><Data Name='GrantedAccess'>0x1410</Data><Data Name='CallTrace'>C:\Windows\SYSTEM32\ntdll.dll+9d524|C:\Windows\System32\KERNELBASE.dll+3053e|C:\Program Files\Parallels\Parallels Tools\Services\Plugins\UserInputEmulation.dll+d8ae|C:\Program Files\Parallels\Parallels Tools\Services\Plugins\UserInputEmulation.dll+e623|C:\Program Files\Parallels\Parallels Tools\Services\Plugins\UserInputEmulation.dll+e3d8|C:\Program Files\Parallels\Parallels Tools\Services\Plugins\UserInputEmulation.dll+eafe|C:\Windows\System32\msvcrt.dll+3af5a|C:\Windows\System32\msvcrt.dll+3b02c|C:\Windows\System32\KERNEL32.DLL+17604|C:\Windows\SYSTEM32\ntdll.dll+526a1</Data><Data Name='SourceUser'>NT AUTHORITY\SYSTEM</Data><Data Name='TargetUser'>THINKPAD-WIN10\smith</Data></EventData></Event><Event xmlns='http://schemas.microsoft.com/win/2004/08/events/event'><System><Provider Name='Microsoft-Windows-Sysmon' Guid='{5770385f-c22a-43e0-bf4c-06f5698ffbd9}'/><EventID>10</EventID><Version>3</Version><Level>4</Level><Task>10</Task><Opcode>0</Opcode><Keywords>0x8000000000000000</Keywords><TimeCreated SystemTime='2023-04-19T09:13:04.8595082Z'/><EventRecordID>4791</EventRecordID><Correlation/><Execution ProcessID='3388' ThreadID='5444'/><Channel>Microsoft-Windows-Sysmon/Operational</Channel><Computer>ThinkPad-Win10</Computer><Security UserID='S-1-5-18'/></System><EventData><Data Name='RuleName'>-</Data><Data Name='UtcTime'>2023-04-19 09:13:04.859</Data><Data Name='SourceProcessGUID'>{1255fde1-90a2-643f-6700-00000000ee00}</Data><Data Name='SourceProcessId'>4620</Data><Data Name='SourceThreadId'>9028</Data><Data Name='SourceImage'>C:\Program Files\Parallels\Parallels Tools\Services\prl_tools.exe</Data><Data Name='TargetProcessGUID'>{1255fde1-b07c-643f-8a02-00000000ee00}</Data><Data Name='TargetProcessId'>8960</Data><Data Name='TargetImage'>C:\Users\smith\Desktop\Emergency Response\SysmonView.exe</Data><Data Name='GrantedAccess'>0x1410</Data><Data Name='CallTrace'>C:\Windows\SYSTEM32\ntdll.dll+9d524|C:\Windows\System32\KERNELBASE.dll+3053e|C:\Program Files\Parallels\Parallels Tools\Services\Plugins\UserInputEmulation.dll+d8ae|C:\Program Files\Parallels\Parallels Tools\Services\Plugins\UserInputEmulation.dll+e623|C:\Program Files\Parallels\Parallels Tools\Services\Plugins\UserInputEmulation.dll+e3d8|C:\Program Files\Parallels\Parallels Tools\Services\Plugins\UserInputEmulation.dll+eafe|C:\Windows\System32\msvcrt.dll+3af5a|C:\Windows\System32\msvcrt.dll+3b02c|C:\Windows\System32\KERNEL32.DLL+17604|C:\Windows\SYSTEM32\ntdll.dll+526a1</Data><Data Name='SourceUser'>NT AUTHORITY\SYSTEM</Data><Data Name='TargetUser'>THINKPAD-WIN10\smith</Data></EventData></Event><Event xmlns='http://schemas.microsoft.com/win/2004/08/events/event'><System><Provider Name='Microsoft-Windows-Sysmon' Guid='{5770385f-c22a-43e0-bf4c-06f5698ffbd9}'/><EventID>10</EventID><Version>3</Version><Level>4</Level><Task>10</Task><Opcode>0</Opcode><Keywords>0x8000000000000000</Keywords><TimeCreated SystemTime='2023-04-19T09:13:04.8434861Z'/><EventRecordID>4790</EventRecordID><Correlation/><Execution ProcessID='3388' ThreadID='5444'/><Channel>Microsoft-Windows-Sysmon/Operational</Channel><Computer>ThinkPad-Win10</Computer><Security UserID='S-1-5-18'/></System><EventData><Data Name='RuleName'>-</Data><Data Name='UtcTime'>2023-04-19 09:13:04.843</Data><Data Name='SourceProcessGUID'>{1255fde1-90a2-643f-6700-00000000ee00}</Data><Data Name='SourceProcessId'>4620</Data><Data Name='SourceThreadId'>9028</Data><Data Name='SourceImage'>C:\Program Files\Parallels\Parallels Tools\Services\prl_tools.exe</Data><Data Name='TargetProcessGUID'>{1255fde1-b07c-643f-8a02-00000000ee00}</Data><Data Name='TargetProcessId'>8960</Data><Data Name='TargetImage'>C:\Users\smith\Desktop\Emergency Response\SysmonView.exe</Data><Data Name='GrantedAccess'>0x1410</Data><Data Name='CallTrace'>C:\Windows\SYSTEM32\ntdll.dll+9d524|C:\Windows\System32\KERNELBASE.dll+3053e|C:\Program Files\Parallels\Parallels Tools\Services\Plugins\UserInputEmulation.dll+d8ae|C:\Program Files\Parallels\Parallels Tools\Services\Plugins\UserInputEmulation.dll+e623|C:\Program Files\Parallels\Parallels Tools\Services\Plugins\UserInputEmulation.dll+e3d8|C:\Program Files\Parallels\Parallels Tools\Services\Plugins\UserInputEmulation.dll+eafe|C:\Windows\System32\msvcrt.dll+3af5a|C:\Windows\System32\msvcrt.dll+3b02c|C:\Windows\System32\KERNEL32.DLL+17604|C:\Windows\SYSTEM32\ntdll.dll+526a1</Data><Data Name='SourceUser'>NT AUTHORITY\SYSTEM</Data><Data Name='TargetUser'>THINKPAD-WIN10\smith</Data></EventData></Event><Event xmlns='http://schemas.microsoft.com/win/2004/08/events/event'><System><Provider Name='Microsoft-Windows-Sysmon' Guid='{5770385f-c22a-43e0-bf4c-06f5698ffbd9}'/><EventID>10</EventID><Version>3</Version><Level>4</Level><Task>10</Task><Opcode>0</Opcode><Keywords>0x8000000000000000</Keywords><TimeCreated SystemTime='2023-04-19T09:13:04.8429662Z'/><EventRecordID>4789</EventRecordID><Correlation/><Execution ProcessID='3388' ThreadID='5444'/><Channel>Microsoft-Windows-Sysmon/Operational</Channel><Computer>ThinkPad-Win10</Computer><Security UserID='S-1-5-18'/></System><EventData><Data Name='RuleName'>-</Data><Data Name='UtcTime'>2023-04-19 09:13:04.842</Data><Data Name='SourceProcessGUID'>{1255fde1-90a2-643f-6700-00000000ee00}</Data><Data Name='SourceProcessId'>4620</Data><Data Name='SourceThreadId'>9028</Data><Data Name='SourceImage'>C:\Program Files\Parallels\Parallels Tools\Services\prl_tools.exe</Data><Data Name='TargetProcessGUID'>{1255fde1-b07c-643f-8a02-00000000ee00}</Data><Data Name='TargetProcessId'>8960</Data><Data Name='TargetImage'>C:\Users\smith\Desktop\Emergency Response\SysmonView.exe</Data><Data Name='GrantedAccess'>0x1410</Data><Data Name='CallTrace'>C:\Windows\SYSTEM32\ntdll.dll+9d524|C:\Windows\System32\KERNELBASE.dll+3053e|C:\Program Files\Parallels\Parallels Tools\Services\Plugins\UserInputEmulation.dll+d8ae|C:\Program Files\Parallels\Parallels Tools\Services\Plugins\UserInputEmulation.dll+e623|C:\Program Files\Parallels\Parallels Tools\Services\Plugins\UserInputEmulation.dll+e3d8|C:\Program Files\Parallels\Parallels Tools\Services\Plugins\UserInputEmulation.dll+eafe|C:\Windows\System32\msvcrt.dll+3af5a|C:\Windows\System32\msvcrt.dll+3b02c|C:\Windows\System32\KERNEL32.DLL+17604|C:\Windows\SYSTEM32\ntdll.dll+526a1</Data><Data Name='SourceUser'>NT AUTHORITY\SYSTEM</Data><Data Name='TargetUser'>THINKPAD-WIN10\smith</Data></EventData></Event><Event xmlns='http://schemas.microsoft.com/win/2004/08/events/event'><System><Provider Name='Microsoft-Windows-Sysmon' Guid='{5770385f-c22a-43e0-bf4c-06f5698ffbd9}'/><EventID>10</EventID><Version>3</Version><Level>4</Level><Task>10</Task><Opcode>0</Opcode><Keywords>0x8000000000000000</Keywords><TimeCreated SystemTime='2023-04-19T09:13:04.8260206Z'/><EventRecordID>4788</EventRecordID><Correlation/><Execution ProcessID='3388' ThreadID='5444'/><Channel>Microsoft-Windows-Sysmon/Operational</Channel><Computer>ThinkPad-Win10</Computer><Security UserID='S-1-5-18'/></System><EventData><Data Name='RuleName'>-</Data><Data Name='UtcTime'>2023-04-19 09:13:04.825</Data><Data Name='SourceProcessGUID'>{1255fde1-90a2-643f-6700-00000000ee00}</Data><Data Name='SourceProcessId'>4620</Data><Data Name='SourceThreadId'>9028</Data><Data Name='SourceImage'>C:\Program Files\Parallels\Parallels Tools\Services\prl_tools.exe</Data><Data Name='TargetProcessGUID'>{1255fde1-b07c-643f-8a02-00000000ee00}</Data><Data Name='TargetProcessId'>8960</Data><Data Name='TargetImage'>C:\Users\smith\Desktop\Emergency Response\SysmonView.exe</Data><Data Name='GrantedAccess'>0x1410</Data><Data Name='CallTrace'>C:\Windows\SYSTEM32\ntdll.dll+9d524|C:\Windows\System32\KERNELBASE.dll+3053e|C:\Program Files\Parallels\Parallels Tools\Services\Plugins\UserInputEmulation.dll+d8ae|C:\Program Files\Parallels\Parallels Tools\Services\Plugins\UserInputEmulation.dll+e623|C:\Program Files\Parallels\Parallels Tools\Services\Plugins\UserInputEmulation.dll+e3d8|C:\Program Files\Parallels\Parallels Tools\Services\Plugins\UserInputEmulation.dll+eafe|C:\Windows\System32\msvcrt.dll+3af5a|C:\Windows\System32\msvcrt.dll+3b02c|C:\Windows\System32\KERNEL32.DLL+17604|C:\Windows\SYSTEM32\ntdll.dll+526a1</Data><Data Name='SourceUser'>NT AUTHORITY\SYSTEM</Data><Data Name='TargetUser'>THINKPAD-WIN10\smith</Data></EventData></Event><Event xmlns='http://schemas.microsoft.com/win/2004/08/events/event'><System><Provider Name='Microsoft-Windows-Sysmon' Guid='{5770385f-c22a-43e0-bf4c-06f5698ffbd9}'/><EventID>10</EventID><Version>3</Version><Level>4</Level><Task>10</Task><Opcode>0</Opcode><Keywords>0x8000000000000000</Keywords><TimeCreated SystemTime='2023-04-19T09:13:04.8254338Z'/><EventRecordID>4787</EventRecordID><Correlation/><Execution ProcessID='3388' ThreadID='5444'/><Channel>Microsoft-Windows-Sysmon/Operational</Channel><Computer>ThinkPad-Win10</Computer><Security UserID='S-1-5-18'/></System><EventData><Data Name='RuleName'>-</Data><Data Name='UtcTime'>2023-04-19 09:13:04.825</Data><Data Name='SourceProcessGUID'>{1255fde1-90a2-643f-6700-00000000ee00}</Data><Data Name='SourceProcessId'>4620</Data><Data Name='SourceThreadId'>9028</Data><Data Name='SourceImage'>C:\Program Files\Parallels\Parallels Tools\Services\prl_tools.exe</Data><Data Name='TargetProcessGUID'>{1255fde1-b07c-643f-8a02-00000000ee00}</Data><Data Name='TargetProcessId'>8960</Data><Data Name='TargetImage'>C:\Users\smith\Desktop\Emergency Response\SysmonView.exe</Data><Data Name='GrantedAccess'>0x1410</Data><Data Name='CallTrace'>C:\Windows\SYSTEM32\ntdll.dll+9d524|C:\Windows\System32\KERNELBASE.dll+3053e|C:\Program Files\Parallels\Parallels Tools\Services\Plugins\UserInputEmulation.dll+d8ae|C:\Program Files\Parallels\Parallels Tools\Services\Plugins\UserInputEmulation.dll+e623|C:\Program Files\Parallels\Parallels Tools\Services\Plugins\UserInputEmulation.dll+e3d8|C:\Program Files\Parallels\Parallels Tools\Services\Plugins\UserInputEmulation.dll+eafe|C:\Windows\System32\msvcrt.dll+3af5a|C:\Windows\System32\msvcrt.dll+3b02c|C:\Windows\System32\KERNEL32.DLL+17604|C:\Windows\SYSTEM32\ntdll.dll+526a1</Data><Data Name='SourceUser'>NT AUTHORITY\SYSTEM</Data><Data Name='TargetUser'>THINKPAD-WIN10\smith</Data></EventData></Event><Event xmlns='http://schemas.microsoft.com/win/2004/08/events/event'><System><Provider Name='Microsoft-Windows-Sysmon' Guid='{5770385f-c22a-43e0-bf4c-06f5698ffbd9}'/><EventID>10</EventID><Version>3</Version><Level>4</Level><Task>10</Task><Opcode>0</Opcode><Keywords>0x8000000000000000</Keywords><TimeCreated SystemTime='2023-04-19T09:13:04.8100767Z'/><EventRecordID>4786</EventRecordID><Correlation/><Execution ProcessID='3388' ThreadID='5444'/><Channel>Microsoft-Windows-Sysmon/Operational</Channel><Computer>ThinkPad-Win10</Computer><Security UserID='S-1-5-18'/></System><EventData><Data Name='RuleName'>-</Data><Data Name='UtcTime'>2023-04-19 09:13:04.809</Data><Data Name='SourceProcessGUID'>{1255fde1-90a2-643f-6700-00000000ee00}</Data><Data Name='SourceProcessId'>4620</Data><Data Name='SourceThreadId'>9028</Data><Data Name='SourceImage'>C:\Program Files\Parallels\Parallels Tools\Services\prl_tools.exe</Data><Data Name='TargetProcessGUID'>{1255fde1-b07c-643f-8a02-00000000ee00}</Data><Data Name='TargetProcessId'>8960</Data><Data Name='TargetImage'>C:\Users\smith\Desktop\Emergency Response\SysmonView.exe</Data><Data Name='GrantedAccess'>0x1410</Data><Data Name='CallTrace'>C:\Windows\SYSTEM32\ntdll.dll+9d524|C:\Windows\System32\KERNELBASE.dll+3053e|C:\Program Files\Parallels\Parallels Tools\Services\Plugins\UserInputEmulation.dll+d8ae|C:\Program Files\Parallels\Parallels Tools\Services\Plugins\UserInputEmulation.dll+e623|C:\Program Files\Parallels\Parallels Tools\Services\Plugins\UserInputEmulation.dll+e3d8|C:\Program Files\Parallels\Parallels Tools\Services\Plugins\UserInputEmulation.dll+eafe|C:\Windows\System32\msvcrt.dll+3af5a|C:\Windows\System32\msvcrt.dll+3b02c|C:\Windows\System32\KERNEL32.DLL+17604|C:\Windows\SYSTEM32\ntdll.dll+526a1</Data><Data Name='SourceUser'>NT AUTHORITY\SYSTEM</Data><Data Name='TargetUser'>THINKPAD-WIN10\smith</Data></EventData></Event><Event xmlns='http://schemas.microsoft.com/win/2004/08/events/event'><System><Provider Name='Microsoft-Windows-Sysmon' Guid='{5770385f-c22a-43e0-bf4c-06f5698ffbd9}'/><EventID>10</EventID><Version>3</Version><Level>4</Level><Task>10</Task><Opcode>0</Opcode><Keywords>0x8000000000000000</Keywords><TimeCreated SystemTime='2023-04-19T09:13:04.8094854Z'/><EventRecordID>4785</EventRecordID><Correlation/><Execution ProcessID='3388' ThreadID='5444'/><Channel>Microsoft-Windows-Sysmon/Operational</Channel><Computer>ThinkPad-Win10</Computer><Security UserID='S-1-5-18'/></System><EventData><Data Name='RuleName'>-</Data><Data Name='UtcTime'>2023-04-19 09:13:04.809</Data><Data Name='SourceProcessGUID'>{1255fde1-90a2-643f-6700-00000000ee00}</Data><Data Name='SourceProcessId'>4620</Data><Data Name='SourceThreadId'>9028</Data><Data Name='SourceImage'>C:\Program Files\Parallels\Parallels Tools\Services\prl_tools.exe</Data><Data Name='TargetProcessGUID'>{1255fde1-b07c-643f-8a02-00000000ee00}</Data><Data Name='TargetProcessId'>8960</Data><Data Name='TargetImage'>C:\Users\smith\Desktop\Emergency Response\SysmonView.exe</Data><Data Name='GrantedAccess'>0x1410</Data><Data Name='CallTrace'>C:\Windows\SYSTEM32\ntdll.dll+9d524|C:\Windows\System32\KERNELBASE.dll+3053e|C:\Program Files\Parallels\Parallels Tools\Services\Plugins\UserInputEmulation.dll+d8ae|C:\Program Files\Parallels\Parallels Tools\Services\Plugins\UserInputEmulation.dll+e623|C:\Program Files\Parallels\Parallels Tools\Services\Plugins\UserInputEmulation.dll+e3d8|C:\Program Files\Parallels\Parallels Tools\Services\Plugins\UserInputEmulation.dll+eafe|C:\Windows\System32\msvcrt.dll+3af5a|C:\Windows\System32\msvcrt.dll+3b02c|C:\Windows\System32\KERNEL32.DLL+17604|C:\Windows\SYSTEM32\ntdll.dll+526a1</Data><Data Name='SourceUser'>NT AUTHORITY\SYSTEM</Data><Data Name='TargetUser'>THINKPAD-WIN10\smith</Data></EventData></Event><Event xmlns='http://schemas.microsoft.com/win/2004/08/events/event'><System><Provider Name='Microsoft-Windows-Sysmon' Guid='{5770385f-c22a-43e0-bf4c-06f5698ffbd9}'/><EventID>10</EventID><Version>3</Version><Level>4</Level><Task>10</Task><Opcode>0</Opcode><Keywords>0x8000000000000000</Keywords><TimeCreated SystemTime='2023-04-19T09:13:04.7937702Z'/><EventRecordID>4784</EventRecordID><Correlation/><Execution ProcessID='3388' ThreadID='5444'/><Channel>Microsoft-Windows-Sysmon/Operational</Channel><Computer>ThinkPad-Win10</Computer><Security UserID='S-1-5-18'/></System><EventData><Data Name='RuleName'>-</Data><Data Name='UtcTime'>2023-04-19 09:13:04.793</Data><Data Name='SourceProcessGUID'>{1255fde1-90a2-643f-6700-00000000ee00}</Data><Data Name='SourceProcessId'>4620</Data><Data Name='SourceThreadId'>9028</Data><Data Name='SourceImage'>C:\Program Files\Parallels\Parallels Tools\Services\prl_tools.exe</Data><Data Name='TargetProcessGUID'>{1255fde1-b07c-643f-8a02-00000000ee00}</Data><Data Name='TargetProcessId'>8960</Data><Data Name='TargetImage'>C:\Users\smith\Desktop\Emergency Response\SysmonView.exe</Data><Data Name='GrantedAccess'>0x1410</Data><Data Name='CallTrace'>C:\Windows\SYSTEM32\ntdll.dll+9d524|C:\Windows\System32\KERNELBASE.dll+3053e|C:\Program Files\Parallels\Parallels Tools\Services\Plugins\UserInputEmulation.dll+d8ae|C:\Program Files\Parallels\Parallels Tools\Services\Plugins\UserInputEmulation.dll+e623|C:\Program Files\Parallels\Parallels Tools\Services\Plugins\UserInputEmulation.dll+e3d8|C:\Program Files\Parallels\Parallels Tools\Services\Plugins\UserInputEmulation.dll+eafe|C:\Windows\System32\msvcrt.dll+3af5a|C:\Windows\System32\msvcrt.dll+3b02c|C:\Windows\System32\KERNEL32.DLL+17604|C:\Windows\SYSTEM32\ntdll.dll+526a1</Data><Data Name='SourceUser'>NT AUTHORITY\SYSTEM</Data><Data Name='TargetUser'>THINKPAD-WIN10\smith</Data></EventData></Event><Event xmlns='http://schemas.microsoft.com/win/2004/08/events/event'><System><Provider Name='Microsoft-Windows-Sysmon' Guid='{5770385f-c22a-43e0-bf4c-06f5698ffbd9}'/><EventID>10</EventID><Version>3</Version><Level>4</Level><Task>10</Task><Opcode>0</Opcode><Keywords>0x8000000000000000</Keywords><TimeCreated SystemTime='2023-04-19T09:13:04.7929851Z'/><EventRecordID>4783</EventRecordID><Correlation/><Execution ProcessID='3388' ThreadID='5444'/><Channel>Microsoft-Windows-Sysmon/Operational</Channel><Computer>ThinkPad-Win10</Computer><Security UserID='S-1-5-18'/></System><EventData><Data Name='RuleName'>-</Data><Data Name='UtcTime'>2023-04-19 09:13:04.792</Data><Data Name='SourceProcessGUID'>{1255fde1-90a2-643f-6700-00000000ee00}</Data><Data Name='SourceProcessId'>4620</Data><Data Name='SourceThreadId'>9028</Data><Data Name='SourceImage'>C:\Program Files\Parallels\Parallels Tools\Services\prl_tools.exe</Data><Data Name='TargetProcessGUID'>{1255fde1-b07c-643f-8a02-00000000ee00}</Data><Data Name='TargetProcessId'>8960</Data><Data Name='TargetImage'>C:\Users\smith\Desktop\Emergency Response\SysmonView.exe</Data><Data Name='GrantedAccess'>0x1410</Data><Data Name='CallTrace'>C:\Windows\SYSTEM32\ntdll.dll+9d524|C:\Windows\System32\KERNELBASE.dll+3053e|C:\Program Files\Parallels\Parallels Tools\Services\Plugins\UserInputEmulation.dll+d8ae|C:\Program Files\Parallels\Parallels Tools\Services\Plugins\UserInputEmulation.dll+e623|C:\Program Files\Parallels\Parallels Tools\Services\Plugins\UserInputEmulation.dll+e3d8|C:\Program Files\Parallels\Parallels Tools\Services\Plugins\UserInputEmulation.dll+eafe|C:\Windows\System32\msvcrt.dll+3af5a|C:\Windows\System32\msvcrt.dll+3b02c|C:\Windows\System32\KERNEL32.DLL+17604|C:\Windows\SYSTEM32\ntdll.dll+526a1</Data><Data Name='SourceUser'>NT AUTHORITY\SYSTEM</Data><Data Name='TargetUser'>THINKPAD-WIN10\smith</Data></EventData></Event><Event xmlns='http://schemas.microsoft.com/win/2004/08/events/event'><System><Provider Name='Microsoft-Windows-Sysmon' Guid='{5770385f-c22a-43e0-bf4c-06f5698ffbd9}'/><EventID>10</EventID><Version>3</Version><Level>4</Level><Task>10</Task><Opcode>0</Opcode><Keywords>0x8000000000000000</Keywords><TimeCreated SystemTime='2023-04-19T09:13:04.7786076Z'/><EventRecordID>4782</EventRecordID><Correlation/><Execution ProcessID='3388' ThreadID='5444'/><Channel>Microsoft-Windows-Sysmon/Operational</Channel><Computer>ThinkPad-Win10</Computer><Security UserID='S-1-5-18'/></System><EventData><Data Name='RuleName'>-</Data><Data Name='UtcTime'>2023-04-19 09:13:04.778</Data><Data Name='SourceProcessGUID'>{1255fde1-90a2-643f-6700-00000000ee00}</Data><Data Name='SourceProcessId'>4620</Data><Data Name='SourceThreadId'>9028</Data><Data Name='SourceImage'>C:\Program Files\Parallels\Parallels Tools\Services\prl_tools.exe</Data><Data Name='TargetProcessGUID'>{1255fde1-b07c-643f-8a02-00000000ee00}</Data><Data Name='TargetProcessId'>8960</Data><Data Name='TargetImage'>C:\Users\smith\Desktop\Emergency Response\SysmonView.exe</Data><Data Name='GrantedAccess'>0x1410</Data><Data Name='CallTrace'>C:\Windows\SYSTEM32\ntdll.dll+9d524|C:\Windows\System32\KERNELBASE.dll+3053e|C:\Program Files\Parallels\Parallels Tools\Services\Plugins\UserInputEmulation.dll+d8ae|C:\Program Files\Parallels\Parallels Tools\Services\Plugins\UserInputEmulation.dll+e623|C:\Program Files\Parallels\Parallels Tools\Services\Plugins\UserInputEmulation.dll+e3d8|C:\Program Files\Parallels\Parallels Tools\Services\Plugins\UserInputEmulation.dll+eafe|C:\Windows\System32\msvcrt.dll+3af5a|C:\Windows\System32\msvcrt.dll+3b02c|C:\Windows\System32\KERNEL32.DLL+17604|C:\Windows\SYSTEM32\ntdll.dll+526a1</Data><Data Name='SourceUser'>NT AUTHORITY\SYSTEM</Data><Data Name='TargetUser'>THINKPAD-WIN10\smith</Data></EventData></Event><Event xmlns='http://schemas.microsoft.com/win/2004/08/events/event'><System><Provider Name='Microsoft-Windows-Sysmon' Guid='{5770385f-c22a-43e0-bf4c-06f5698ffbd9}'/><EventID>10</EventID><Version>3</Version><Level>4</Level><Task>10</Task><Opcode>0</Opcode><Keywords>0x8000000000000000</Keywords><TimeCreated SystemTime='2023-04-19T09:13:04.7781155Z'/><EventRecordID>4781</EventRecordID><Correlation/><Execution ProcessID='3388' ThreadID='5444'/><Channel>Microsoft-Windows-Sysmon/Operational</Channel><Computer>ThinkPad-Win10</Computer><Security UserID='S-1-5-18'/></System><EventData><Data Name='RuleName'>-</Data><Data Name='UtcTime'>2023-04-19 09:13:04.777</Data><Data Name='SourceProcessGUID'>{1255fde1-90a2-643f-6700-00000000ee00}</Data><Data Name='SourceProcessId'>4620</Data><Data Name='SourceThreadId'>9028</Data><Data Name='SourceImage'>C:\Program Files\Parallels\Parallels Tools\Services\prl_tools.exe</Data><Data Name='TargetProcessGUID'>{1255fde1-b07c-643f-8a02-00000000ee00}</Data><Data Name='TargetProcessId'>8960</Data><Data Name='TargetImage'>C:\Users\smith\Desktop\Emergency Response\SysmonView.exe</Data><Data Name='GrantedAccess'>0x1410</Data><Data Name='CallTrace'>C:\Windows\SYSTEM32\ntdll.dll+9d524|C:\Windows\System32\KERNELBASE.dll+3053e|C:\Program Files\Parallels\Parallels Tools\Services\Plugins\UserInputEmulation.dll+d8ae|C:\Program Files\Parallels\Parallels Tools\Services\Plugins\UserInputEmulation.dll+e623|C:\Program Files\Parallels\Parallels Tools\Services\Plugins\UserInputEmulation.dll+e3d8|C:\Program Files\Parallels\Parallels Tools\Services\Plugins\UserInputEmulation.dll+eafe|C:\Windows\System32\msvcrt.dll+3af5a|C:\Windows\System32\msvcrt.dll+3b02c|C:\Windows\System32\KERNEL32.DLL+17604|C:\Windows\SYSTEM32\ntdll.dll+526a1</Data><Data Name='SourceUser'>NT AUTHORITY\SYSTEM</Data><Data Name='TargetUser'>THINKPAD-WIN10\smith</Data></EventData></Event><Event xmlns='http://schemas.microsoft.com/win/2004/08/events/event'><System><Provider Name='Microsoft-Windows-Sysmon' Guid='{5770385f-c22a-43e0-bf4c-06f5698ffbd9}'/><EventID>10</EventID><Version>3</Version><Level>4</Level><Task>10</Task><Opcode>0</Opcode><Keywords>0x8000000000000000</Keywords><TimeCreated SystemTime='2023-04-19T09:13:04.7598355Z'/><EventRecordID>4780</EventRecordID><Correlation/><Execution ProcessID='3388' ThreadID='5444'/><Channel>Microsoft-Windows-Sysmon/Operational</Channel><Computer>ThinkPad-Win10</Computer><Security UserID='S-1-5-18'/></System><EventData><Data Name='RuleName'>-</Data><Data Name='UtcTime'>2023-04-19 09:13:04.759</Data><Data Name='SourceProcessGUID'>{1255fde1-90a2-643f-6700-00000000ee00}</Data><Data Name='SourceProcessId'>4620</Data><Data Name='SourceThreadId'>9028</Data><Data Name='SourceImage'>C:\Program Files\Parallels\Parallels Tools\Services\prl_tools.exe</Data><Data Name='TargetProcessGUID'>{1255fde1-b07c-643f-8a02-00000000ee00}</Data><Data Name='TargetProcessId'>8960</Data><Data Name='TargetImage'>C:\Users\smith\Desktop\Emergency Response\SysmonView.exe</Data><Data Name='GrantedAccess'>0x1410</Data><Data Name='CallTrace'>C:\Windows\SYSTEM32\ntdll.dll+9d524|C:\Windows\System32\KERNELBASE.dll+3053e|C:\Program Files\Parallels\Parallels Tools\Services\Plugins\UserInputEmulation.dll+d8ae|C:\Program Files\Parallels\Parallels Tools\Services\Plugins\UserInputEmulation.dll+e623|C:\Program Files\Parallels\Parallels Tools\Services\Plugins\UserInputEmulation.dll+e3d8|C:\Program Files\Parallels\Parallels Tools\Services\Plugins\UserInputEmulation.dll+eafe|C:\Windows\System32\msvcrt.dll+3af5a|C:\Windows\System32\msvcrt.dll+3b02c|C:\Windows\System32\KERNEL32.DLL+17604|C:\Windows\SYSTEM32\ntdll.dll+526a1</Data><Data Name='SourceUser'>NT AUTHORITY\SYSTEM</Data><Data Name='TargetUser'>THINKPAD-WIN10\smith</Data></EventData></Event><Event xmlns='http://schemas.microsoft.com/win/2004/08/events/event'><System><Provider Name='Microsoft-Windows-Sysmon' Guid='{5770385f-c22a-43e0-bf4c-06f5698ffbd9}'/><EventID>10</EventID><Version>3</Version><Level>4</Level><Task>10</Task><Opcode>0</Opcode><Keywords>0x8000000000000000</Keywords><TimeCreated SystemTime='2023-04-19T09:13:04.7595287Z'/><EventRecordID>4779</EventRecordID><Correlation/><Execution ProcessID='3388' ThreadID='5444'/><Channel>Microsoft-Windows-Sysmon/Operational</Channel><Computer>ThinkPad-Win10</Computer><Security UserID='S-1-5-18'/></System><EventData><Data Name='RuleName'>-</Data><Data Name='UtcTime'>2023-04-19 09:13:04.759</Data><Data Name='SourceProcessGUID'>{1255fde1-90a2-643f-6700-00000000ee00}</Data><Data Name='SourceProcessId'>4620</Data><Data Name='SourceThreadId'>9028</Data><Data Name='SourceImage'>C:\Program Files\Parallels\Parallels Tools\Services\prl_tools.exe</Data><Data Name='TargetProcessGUID'>{1255fde1-b07c-643f-8a02-00000000ee00}</Data><Data Name='TargetProcessId'>8960</Data><Data Name='TargetImage'>C:\Users\smith\Desktop\Emergency Response\SysmonView.exe</Data><Data Name='GrantedAccess'>0x1410</Data><Data Name='CallTrace'>C:\Windows\SYSTEM32\ntdll.dll+9d524|C:\Windows\System32\KERNELBASE.dll+3053e|C:\Program Files\Parallels\Parallels Tools\Services\Plugins\UserInputEmulation.dll+d8ae|C:\Program Files\Parallels\Parallels Tools\Services\Plugins\UserInputEmulation.dll+e623|C:\Program Files\Parallels\Parallels Tools\Services\Plugins\UserInputEmulation.dll+e3d8|C:\Program Files\Parallels\Parallels Tools\Services\Plugins\UserInputEmulation.dll+eafe|C:\Windows\System32\msvcrt.dll+3af5a|C:\Windows\System32\msvcrt.dll+3b02c|C:\Windows\System32\KERNEL32.DLL+17604|C:\Windows\SYSTEM32\ntdll.dll+526a1</Data><Data Name='SourceUser'>NT AUTHORITY\SYSTEM</Data><Data Name='TargetUser'>THINKPAD-WIN10\smith</Data></EventData></Event><Event xmlns='http://schemas.microsoft.com/win/2004/08/events/event'><System><Provider Name='Microsoft-Windows-Sysmon' Guid='{5770385f-c22a-43e0-bf4c-06f5698ffbd9}'/><EventID>10</EventID><Version>3</Version><Level>4</Level><Task>10</Task><Opcode>0</Opcode><Keywords>0x8000000000000000</Keywords><TimeCreated SystemTime='2023-04-19T09:13:04.7435740Z'/><EventRecordID>4778</EventRecordID><Correlation/><Execution ProcessID='3388' ThreadID='5444'/><Channel>Microsoft-Windows-Sysmon/Operational</Channel><Computer>ThinkPad-Win10</Computer><Security UserID='S-1-5-18'/></System><EventData><Data Name='RuleName'>-</Data><Data Name='UtcTime'>2023-04-19 09:13:04.743</Data><Data Name='SourceProcessGUID'>{1255fde1-90a2-643f-6700-00000000ee00}</Data><Data Name='SourceProcessId'>4620</Data><Data Name='SourceThreadId'>9028</Data><Data Name='SourceImage'>C:\Program Files\Parallels\Parallels Tools\Services\prl_tools.exe</Data><Data Name='TargetProcessGUID'>{1255fde1-b07c-643f-8a02-00000000ee00}</Data><Data Name='TargetProcessId'>8960</Data><Data Name='TargetImage'>C:\Users\smith\Desktop\Emergency Response\SysmonView.exe</Data><Data Name='GrantedAccess'>0x1410</Data><Data Name='CallTrace'>C:\Windows\SYSTEM32\ntdll.dll+9d524|C:\Windows\System32\KERNELBASE.dll+3053e|C:\Program Files\Parallels\Parallels Tools\Services\Plugins\UserInputEmulation.dll+d8ae|C:\Program Files\Parallels\Parallels Tools\Services\Plugins\UserInputEmulation.dll+e623|C:\Program Files\Parallels\Parallels Tools\Services\Plugins\UserInputEmulation.dll+e3d8|C:\Program Files\Parallels\Parallels Tools\Services\Plugins\UserInputEmulation.dll+eafe|C:\Windows\System32\msvcrt.dll+3af5a|C:\Windows\System32\msvcrt.dll+3b02c|C:\Windows\System32\KERNEL32.DLL+17604|C:\Windows\SYSTEM32\ntdll.dll+526a1</Data><Data Name='SourceUser'>NT AUTHORITY\SYSTEM</Data><Data Name='TargetUser'>THINKPAD-WIN10\smith</Data></EventData></Event><Event xmlns='http://schemas.microsoft.com/win/2004/08/events/event'><System><Provider Name='Microsoft-Windows-Sysmon' Guid='{5770385f-c22a-43e0-bf4c-06f5698ffbd9}'/><EventID>10</EventID><Version>3</Version><Level>4</Level><Task>10</Task><Opcode>0</Opcode><Keywords>0x8000000000000000</Keywords><TimeCreated SystemTime='2023-04-19T09:13:04.7429468Z'/><EventRecordID>4777</EventRecordID><Correlation/><Execution ProcessID='3388' ThreadID='5444'/><Channel>Microsoft-Windows-Sysmon/Operational</Channel><Computer>ThinkPad-Win10</Computer><Security UserID='S-1-5-18'/></System><EventData><Data Name='RuleName'>-</Data><Data Name='UtcTime'>2023-04-19 09:13:04.742</Data><Data Name='SourceProcessGUID'>{1255fde1-90a2-643f-6700-00000000ee00}</Data><Data Name='SourceProcessId'>4620</Data><Data Name='SourceThreadId'>9028</Data><Data Name='SourceImage'>C:\Program Files\Parallels\Parallels Tools\Services\prl_tools.exe</Data><Data Name='TargetProcessGUID'>{1255fde1-b07c-643f-8a02-00000000ee00}</Data><Data Name='TargetProcessId'>8960</Data><Data Name='TargetImage'>C:\Users\smith\Desktop\Emergency Response\SysmonView.exe</Data><Data Name='GrantedAccess'>0x1410</Data><Data Name='CallTrace'>C:\Windows\SYSTEM32\ntdll.dll+9d524|C:\Windows\System32\KERNELBASE.dll+3053e|C:\Program Files\Parallels\Parallels Tools\Services\Plugins\UserInputEmulation.dll+d8ae|C:\Program Files\Parallels\Parallels Tools\Services\Plugins\UserInputEmulation.dll+e623|C:\Program Files\Parallels\Parallels Tools\Services\Plugins\UserInputEmulation.dll+e3d8|C:\Program Files\Parallels\Parallels Tools\Services\Plugins\UserInputEmulation.dll+eafe|C:\Windows\System32\msvcrt.dll+3af5a|C:\Windows\System32\msvcrt.dll+3b02c|C:\Windows\System32\KERNEL32.DLL+17604|C:\Windows\SYSTEM32\ntdll.dll+526a1</Data><Data Name='SourceUser'>NT AUTHORITY\SYSTEM</Data><Data Name='TargetUser'>THINKPAD-WIN10\smith</Data></EventData></Event>