<Event xmlns='http://schemas.microsoft.com/win/2004/08/events/event'><System><Provider Name='Microsoft-Windows-Sysmon' Guid='{5770385f-c22a-43e0-bf4c-06f5698ffbd9}'/><EventID>13</EventID><Version>2</Version><Level>4</Level><Task>13</Task><Opcode>0</Opcode><Keywords>0x8000000000000000</Keywords><TimeCreated SystemTime='2023-04-19T09:44:02.8529592Z'/><EventRecordID>4938</EventRecordID><Correlation/><Execution ProcessID='9012' ThreadID='1992'/><Channel>Microsoft-Windows-Sysmon/Operational</Channel><Computer>ThinkPad-Win10</Computer><Security UserID='S-1-5-18'/></System><EventData><Data Name='RuleName'>InvDB</Data><Data Name='EventType'>SetValue</Data><Data Name='UtcTime'>2023-04-19 09:44:02.851</Data><Data Name='ProcessGuid'>{1255fde1-959a-643f-2202-00000000ee00}</Data><Data Name='ProcessId'>4944</Data><Data Name='Image'>C:\Windows\system32\svchost.exe</Data><Data Name='TargetObject'>HKU\S-1-5-21-3737481589-311315860-1775043708-1000\SOFTWARE\Microsoft\Windows NT\CurrentVersion\AppCompatFlags\Compatibility Assistant\Store\C:\Users\smith\Desktop\Emergency Response\SysmonView.exe</Data><Data Name='Details'>Binary Data</Data><Data Name='User'>NT AUTHORITY\SYSTEM</Data></EventData></Event><Event xmlns='http://schemas.microsoft.com/win/2004/08/events/event'><System><Provider Name='Microsoft-Windows-Sysmon' Guid='{5770385f-c22a-43e0-bf4c-06f5698ffbd9}'/><EventID>5</EventID><Version>3</Version><Level>4</Level><Task>5</Task><Opcode>0</Opcode><Keywords>0x8000000000000000</Keywords><TimeCreated SystemTime='2023-04-19T09:44:00.8424794Z'/><EventRecordID>4937</EventRecordID><Correlation/><Execution ProcessID='9012' ThreadID='1992'/><Channel>Microsoft-Windows-Sysmon/Operational</Channel><Computer>ThinkPad-Win10</Computer><Security UserID='S-1-5-18'/></System><EventData><Data Name='RuleName'>-</Data><Data Name='UtcTime'>2023-04-19 09:44:00.841</Data><Data Name='ProcessGuid'>{1255fde1-b76b-643f-cd02-00000000ee00}</Data><Data Name='ProcessId'>3692</Data><Data Name='Image'>C:\Users\smith\Desktop\Emergency Response\SysmonView.exe</Data><Data Name='User'>THINKPAD-WIN10\smith</Data></EventData></Event><Event xmlns='http://schemas.microsoft.com/win/2004/08/events/event'><System><Provider Name='Microsoft-Windows-Sysmon' Guid='{5770385f-c22a-43e0-bf4c-06f5698ffbd9}'/><EventID>1</EventID><Version>5</Version><Level>4</Level><Task>1</Task><Opcode>0</Opcode><Keywords>0x8000000000000000</Keywords><TimeCreated SystemTime='2023-04-19T09:43:45.8680197Z'/><EventRecordID>4936</EventRecordID><Correlation/><Execution ProcessID='9012' ThreadID='1992'/><Channel>Microsoft-Windows-Sysmon/Operational</Channel><Computer>ThinkPad-Win10</Computer><Security UserID='S-1-5-18'/></System><EventData><Data Name='RuleName'>-</Data><Data Name='UtcTime'>2023-04-19 09:43:45.865</Data><Data Name='ProcessGuid'>{1255fde1-b7d1-643f-ee02-00000000ee00}</Data><Data Name='ProcessId'>6892</Data><Data Name='Image'>C:\Windows\System32\ipconfig.exe</Data><Data Name='FileVersion'>10.0.19041.1 (WinBuild.160101.0800)</Data><Data Name='Description'>IP Configuration Utility</Data><Data Name='Product'>Microsoft® Windows® Operating System</Data><Data Name='Company'>Microsoft Corporation</Data><Data Name='OriginalFileName'>ipconfig.exe</Data><Data Name='CommandLine'>ipconfig</Data><Data Name='CurrentDirectory'>C:\Users\smith\</Data><Data Name='User'>THINKPAD-WIN10\smith</Data><Data Name='LogonGuid'>{1255fde1-90a0-643f-d9c3-020000000000}</Data><Data Name='LogonId'>0x2c3d9</Data><Data Name='TerminalSessionId'>1</Data><Data Name='IntegrityLevel'>Medium</Data><Data Name='Hashes'>MD5=62F170FB07FDBB79CEB7147101406EB8,SHA256=53E000F5AA9B3A00934319DB8080BB99CB323BF48FC628A64F75D7847C265606,IMPHASH=1002D523645A81BC52877D82D9E88417</Data><Data Name='ParentProcessGuid'>{1255fde1-b7ce-643f-ec02-00000000ee00}</Data><Data Name='ParentProcessId'>7736</Data><Data Name='ParentImage'>C:\Windows\System32\cmd.exe</Data><Data Name='ParentCommandLine'>"C:\Windows\system32\cmd.exe" </Data><Data Name='ParentUser'>THINKPAD-WIN10\smith</Data></EventData></Event><Event xmlns='http://schemas.microsoft.com/win/2004/08/events/event'><System><Provider Name='Microsoft-Windows-Sysmon' Guid='{5770385f-c22a-43e0-bf4c-06f5698ffbd9}'/><EventID>1</EventID><Version>5</Version><Level>4</Level><Task>1</Task><Opcode>0</Opcode><Keywords>0x8000000000000000</Keywords><TimeCreated SystemTime='2023-04-19T09:43:42.6321433Z'/><EventRecordID>4935</EventRecordID><Correlation/><Execution ProcessID='9012' ThreadID='1992'/><Channel>Microsoft-Windows-Sysmon/Operational</Channel><Computer>ThinkPad-Win10</Computer><Security UserID='S-1-5-18'/></System><EventData><Data Name='RuleName'>-</Data><Data Name='UtcTime'>2023-04-19 09:43:42.629</Data><Data Name='ProcessGuid'>{1255fde1-b7ce-643f-ec02-00000000ee00}</Data><Data Name='ProcessId'>7736</Data><Data Name='Image'>C:\Windows\System32\cmd.exe</Data><Data Name='FileVersion'>10.0.19041.746 (WinBuild.160101.0800)</Data><Data Name='Description'>Windows Command Processor</Data><Data Name='Product'>Microsoft® Windows® Operating System</Data><Data Name='Company'>Microsoft Corporation</Data><Data Name='OriginalFileName'>Cmd.Exe</Data><Data Name='CommandLine'>"C:\Windows\system32\cmd.exe" </Data><Data Name='CurrentDirectory'>C:\Users\smith\</Data><Data Name='User'>THINKPAD-WIN10\smith</Data><Data Name='LogonGuid'>{1255fde1-90a0-643f-d9c3-020000000000}</Data><Data Name='LogonId'>0x2c3d9</Data><Data Name='TerminalSessionId'>1</Data><Data Name='IntegrityLevel'>Medium</Data><Data Name='Hashes'>MD5=8A2122E8162DBEF04694B9C3E0B6CDEE,SHA256=B99D61D874728EDC0918CA0EB10EAB93D381E7367E377406E65963366C874450,IMPHASH=272245E2988E1E430500B852C4FB5E18</Data><Data Name='ParentProcessGuid'>{1255fde1-90be-643f-9300-00000000ee00}</Data><Data Name='ParentProcessId'>7828</Data><Data Name='ParentImage'>C:\Windows\explorer.exe</Data><Data Name='ParentCommandLine'>C:\Windows\Explorer.EXE</Data><Data Name='ParentUser'>THINKPAD-WIN10\smith</Data></EventData></Event><Event xmlns='http://schemas.microsoft.com/win/2004/08/events/event'><System><Provider Name='Microsoft-Windows-Sysmon' Guid='{5770385f-c22a-43e0-bf4c-06f5698ffbd9}'/><EventID>13</EventID><Version>2</Version><Level>4</Level><Task>13</Task><Opcode>0</Opcode><Keywords>0x8000000000000000</Keywords><TimeCreated SystemTime='2023-04-19T09:43:34.5579401Z'/><EventRecordID>4934</EventRecordID><Correlation/><Execution ProcessID='9012' ThreadID='1992'/><Channel>Microsoft-Windows-Sysmon/Operational</Channel><Computer>ThinkPad-Win10</Computer><Security UserID='S-1-5-18'/></System><EventData><Data Name='RuleName'>InvDB</Data><Data Name='EventType'>SetValue</Data><Data Name='UtcTime'>2023-04-19 09:43:34.556</Data><Data Name='ProcessGuid'>{1255fde1-959a-643f-2202-00000000ee00}</Data><Data Name='ProcessId'>4944</Data><Data Name='Image'>C:\Windows\system32\svchost.exe</Data><Data Name='TargetObject'>HKU\S-1-5-21-3737481589-311315860-1775043708-1000\SOFTWARE\Microsoft\Windows NT\CurrentVersion\AppCompatFlags\Compatibility Assistant\Store\C:\Windows\Temp\DeleteHelper.exe</Data><Data Name='Details'>Binary Data</Data><Data Name='User'>NT AUTHORITY\SYSTEM</Data></EventData></Event><Event xmlns='http://schemas.microsoft.com/win/2004/08/events/event'><System><Provider Name='Microsoft-Windows-Sysmon' Guid='{5770385f-c22a-43e0-bf4c-06f5698ffbd9}'/><EventID>1</EventID><Version>5</Version><Level>4</Level><Task>1</Task><Opcode>0</Opcode><Keywords>0x8000000000000000</Keywords><TimeCreated SystemTime='2023-04-19T09:43:24.7037932Z'/><EventRecordID>4933</EventRecordID><Correlation/><Execution ProcessID='9012' ThreadID='1992'/><Channel>Microsoft-Windows-Sysmon/Operational</Channel><Computer>ThinkPad-Win10</Computer><Security UserID='S-1-5-18'/></System><EventData><Data Name='RuleName'>-</Data><Data Name='UtcTime'>2023-04-19 09:43:24.701</Data><Data Name='ProcessGuid'>{1255fde1-b7bc-643f-ea02-00000000ee00}</Data><Data Name='ProcessId'>9644</Data><Data Name='Image'>C:\Windows\System32\findstr.exe</Data><Data Name='FileVersion'>10.0.19041.1 (WinBuild.160101.0800)</Data><Data Name='Description'>Find String (QGREP) Utility</Data><Data Name='Product'>Microsoft® Windows® Operating System</Data><Data Name='Company'>Microsoft Corporation</Data><Data Name='OriginalFileName'>FINDSTR.EXE</Data><Data Name='CommandLine'>findstr  LISTENING</Data><Data Name='CurrentDirectory'>C:\phpstudy_pro\</Data><Data Name='User'>THINKPAD-WIN10\smith</Data><Data Name='LogonGuid'>{1255fde1-909f-643f-3ac3-020000000000}</Data><Data Name='LogonId'>0x2c33a</Data><Data Name='TerminalSessionId'>1</Data><Data Name='IntegrityLevel'>High</Data><Data Name='Hashes'>MD5=804A6AE28E88689E0CF1946A6CB3FEE5,SHA256=B29BE6DA54121F5D9350C545ECECCE26F30A7F209CE0D9AAEA8E00C27DDA27A2,IMPHASH=A27641A39DA5A6B0717E06BA00E56B7F</Data><Data Name='ParentProcessGuid'>{1255fde1-b7bc-643f-e702-00000000ee00}</Data><Data Name='ParentProcessId'>1452</Data><Data Name='ParentImage'>C:\Windows\System32\cmd.exe</Data><Data Name='ParentCommandLine'>C:\Windows\system32\cmd.exe /c C:\phpstudy_pro\COM\tmpPort.bat </Data><Data Name='ParentUser'>THINKPAD-WIN10\smith</Data></EventData></Event><Event xmlns='http://schemas.microsoft.com/win/2004/08/events/event'><System><Provider Name='Microsoft-Windows-Sysmon' Guid='{5770385f-c22a-43e0-bf4c-06f5698ffbd9}'/><EventID>1</EventID><Version>5</Version><Level>4</Level><Task>1</Task><Opcode>0</Opcode><Keywords>0x8000000000000000</Keywords><TimeCreated SystemTime='2023-04-19T09:43:24.6982314Z'/><EventRecordID>4932</EventRecordID><Correlation/><Execution ProcessID='9012' ThreadID='1992'/><Channel>Microsoft-Windows-Sysmon/Operational</Channel><Computer>ThinkPad-Win10</Computer><Security UserID='S-1-5-18'/></System><EventData><Data Name='RuleName'>-</Data><Data Name='UtcTime'>2023-04-19 09:43:24.695</Data><Data Name='ProcessGuid'>{1255fde1-b7bc-643f-e902-00000000ee00}</Data><Data Name='ProcessId'>1684</Data><Data Name='Image'>C:\Windows\System32\NETSTAT.EXE</Data><Data Name='FileVersion'>10.0.19041.1 (WinBuild.160101.0800)</Data><Data Name='Description'>TCP/IP Netstat Command</Data><Data Name='Product'>Microsoft® Windows® Operating System</Data><Data Name='Company'>Microsoft Corporation</Data><Data Name='OriginalFileName'>netstat.exe</Data><Data Name='CommandLine'>netstat  -ano </Data><Data Name='CurrentDirectory'>C:\phpstudy_pro\</Data><Data Name='User'>THINKPAD-WIN10\smith</Data><Data Name='LogonGuid'>{1255fde1-909f-643f-3ac3-020000000000}</Data><Data Name='LogonId'>0x2c33a</Data><Data Name='TerminalSessionId'>1</Data><Data Name='IntegrityLevel'>High</Data><Data Name='Hashes'>MD5=7FDDD6681EA81CE26E64452336F479E6,SHA256=B094E827AF70241D71BED9767EC1A254FDC4164A646B2BA4C7105CD783ADBA0D,IMPHASH=F495C58FFEE3A623AD7AAA6BE78756D5</Data><Data Name='ParentProcessGuid'>{1255fde1-b7bc-643f-e702-00000000ee00}</Data><Data Name='ParentProcessId'>1452</Data><Data Name='ParentImage'>C:\Windows\System32\cmd.exe</Data><Data Name='ParentCommandLine'>C:\Windows\system32\cmd.exe /c C:\phpstudy_pro\COM\tmpPort.bat </Data><Data Name='ParentUser'>THINKPAD-WIN10\smith</Data></EventData></Event><Event xmlns='http://schemas.microsoft.com/win/2004/08/events/event'><System><Provider Name='Microsoft-Windows-Sysmon' Guid='{5770385f-c22a-43e0-bf4c-06f5698ffbd9}'/><EventID>1</EventID><Version>5</Version><Level>4</Level><Task>1</Task><Opcode>0</Opcode><Keywords>0x8000000000000000</Keywords><TimeCreated SystemTime='2023-04-19T09:43:24.6428084Z'/><EventRecordID>4931</EventRecordID><Correlation/><Execution ProcessID='9012' ThreadID='1992'/><Channel>Microsoft-Windows-Sysmon/Operational</Channel><Computer>ThinkPad-Win10</Computer><Security UserID='S-1-5-18'/></System><EventData><Data Name='RuleName'>-</Data><Data Name='UtcTime'>2023-04-19 09:43:24.639</Data><Data Name='ProcessGuid'>{1255fde1-b7bc-643f-e702-00000000ee00}</Data><Data Name='ProcessId'>1452</Data><Data Name='Image'>C:\Windows\System32\cmd.exe</Data><Data Name='FileVersion'>10.0.19041.746 (WinBuild.160101.0800)</Data><Data Name='Description'>Windows Command Processor</Data><Data Name='Product'>Microsoft® Windows® Operating System</Data><Data Name='Company'>Microsoft Corporation</Data><Data Name='OriginalFileName'>Cmd.Exe</Data><Data Name='CommandLine'>C:\Windows\system32\cmd.exe /c C:\phpstudy_pro\COM\tmpPort.bat </Data><Data Name='CurrentDirectory'>C:\phpstudy_pro\</Data><Data Name='User'>THINKPAD-WIN10\smith</Data><Data Name='LogonGuid'>{1255fde1-909f-643f-3ac3-020000000000}</Data><Data Name='LogonId'>0x2c33a</Data><Data Name='TerminalSessionId'>1</Data><Data Name='IntegrityLevel'>High</Data><Data Name='Hashes'>MD5=8A2122E8162DBEF04694B9C3E0B6CDEE,SHA256=B99D61D874728EDC0918CA0EB10EAB93D381E7367E377406E65963366C874450,IMPHASH=272245E2988E1E430500B852C4FB5E18</Data><Data Name='ParentProcessGuid'>{1255fde1-b7b7-643f-d802-00000000ee00}</Data><Data Name='ParentProcessId'>10124</Data><Data Name='ParentImage'>C:\phpstudy_pro\COM\phpstudy_pro.exe</Data><Data Name='ParentCommandLine'>"C:\phpstudy_pro\COM\phpstudy_pro.exe" </Data><Data Name='ParentUser'>THINKPAD-WIN10\smith</Data></EventData></Event><Event xmlns='http://schemas.microsoft.com/win/2004/08/events/event'><System><Provider Name='Microsoft-Windows-Sysmon' Guid='{5770385f-c22a-43e0-bf4c-06f5698ffbd9}'/><EventID>11</EventID><Version>2</Version><Level>4</Level><Task>11</Task><Opcode>0</Opcode><Keywords>0x8000000000000000</Keywords><TimeCreated SystemTime='2023-04-19T09:43:24.6385453Z'/><EventRecordID>4930</EventRecordID><Correlation/><Execution ProcessID='9012' ThreadID='1992'/><Channel>Microsoft-Windows-Sysmon/Operational</Channel><Computer>ThinkPad-Win10</Computer><Security UserID='S-1-5-18'/></System><EventData><Data Name='RuleName'>-</Data><Data Name='UtcTime'>2023-04-19 09:43:24.638</Data><Data Name='ProcessGuid'>{1255fde1-b7b7-643f-d802-00000000ee00}</Data><Data Name='ProcessId'>10124</Data><Data Name='Image'>C:\phpstudy_pro\COM\phpstudy_pro.exe</Data><Data Name='TargetFilename'>C:\phpstudy_pro\COM\tmpPort.bat</Data><Data Name='CreationUtcTime'>2023-04-19 09:43:24.638</Data><Data Name='User'>THINKPAD-WIN10\smith</Data></EventData></Event><Event xmlns='http://schemas.microsoft.com/win/2004/08/events/event'><System><Provider Name='Microsoft-Windows-Sysmon' Guid='{5770385f-c22a-43e0-bf4c-06f5698ffbd9}'/><EventID>13</EventID><Version>2</Version><Level>4</Level><Task>13</Task><Opcode>0</Opcode><Keywords>0x8000000000000000</Keywords><TimeCreated SystemTime='2023-04-19T09:43:24.4171488Z'/><EventRecordID>4929</EventRecordID><Correlation/><Execution ProcessID='9012' ThreadID='1992'/><Channel>Microsoft-Windows-Sysmon/Operational</Channel><Computer>ThinkPad-Win10</Computer><Security UserID='S-1-5-18'/></System><EventData><Data Name='RuleName'>T1031,T1050</Data><Data Name='EventType'>SetValue</Data><Data Name='UtcTime'>2023-04-19 09:43:24.416</Data><Data Name='ProcessGuid'>{1255fde1-9091-643f-0b00-00000000ee00}</Data><Data Name='ProcessId'>776</Data><Data Name='Image'>C:\Windows\system32\services.exe</Data><Data Name='TargetObject'>HKLM\System\CurrentControlSet\Services\phpStudySrv\Start</Data><Data Name='Details'>DWORD (0x00000002)</Data><Data Name='User'>NT AUTHORITY\SYSTEM</Data></EventData></Event><Event xmlns='http://schemas.microsoft.com/win/2004/08/events/event'><System><Provider Name='Microsoft-Windows-Sysmon' Guid='{5770385f-c22a-43e0-bf4c-06f5698ffbd9}'/><EventID>1</EventID><Version>5</Version><Level>4</Level><Task>1</Task><Opcode>0</Opcode><Keywords>0x8000000000000000</Keywords><TimeCreated SystemTime='2023-04-19T09:43:24.4113730Z'/><EventRecordID>4928</EventRecordID><Correlation/><Execution ProcessID='9012' ThreadID='1992'/><Channel>Microsoft-Windows-Sysmon/Operational</Channel><Computer>ThinkPad-Win10</Computer><Security UserID='S-1-5-18'/></System><EventData><Data Name='RuleName'>-</Data><Data Name='UtcTime'>2023-04-19 09:43:24.409</Data><Data Name='ProcessGuid'>{1255fde1-b7bc-643f-e602-00000000ee00}</Data><Data Name='ProcessId'>10076</Data><Data Name='Image'>C:\Windows\System32\sc.exe</Data><Data Name='FileVersion'>10.0.19041.1 (WinBuild.160101.0800)</Data><Data Name='Description'>Service Control Manager Configuration Tool</Data><Data Name='Product'>Microsoft® Windows® Operating System</Data><Data Name='Company'>Microsoft Corporation</Data><Data Name='OriginalFileName'>sc.exe</Data><Data Name='CommandLine'>sc  config phpStudySrv start= auto</Data><Data Name='CurrentDirectory'>C:\phpstudy_pro\</Data><Data Name='User'>THINKPAD-WIN10\smith</Data><Data Name='LogonGuid'>{1255fde1-909f-643f-3ac3-020000000000}</Data><Data Name='LogonId'>0x2c33a</Data><Data Name='TerminalSessionId'>1</Data><Data Name='IntegrityLevel'>High</Data><Data Name='Hashes'>MD5=3FB5CF71F7E7EB49790CB0E663434D80,SHA256=41F067C3A11B02FE39947F9EBA68AE5C7CB5BD1872A6009A4CD1506554A9ABA9,IMPHASH=803254E010814E69947095A2725B2AFD</Data><Data Name='ParentProcessGuid'>{1255fde1-b7bc-643f-e402-00000000ee00}</Data><Data Name='ParentProcessId'>7268</Data><Data Name='ParentImage'>C:\Windows\System32\cmd.exe</Data><Data Name='ParentCommandLine'>cmd.exe </Data><Data Name='ParentUser'>THINKPAD-WIN10\smith</Data></EventData></Event><Event xmlns='http://schemas.microsoft.com/win/2004/08/events/event'><System><Provider Name='Microsoft-Windows-Sysmon' Guid='{5770385f-c22a-43e0-bf4c-06f5698ffbd9}'/><EventID>1</EventID><Version>5</Version><Level>4</Level><Task>1</Task><Opcode>0</Opcode><Keywords>0x8000000000000000</Keywords><TimeCreated SystemTime='2023-04-19T09:43:24.3733998Z'/><EventRecordID>4927</EventRecordID><Correlation/><Execution ProcessID='9012' ThreadID='1992'/><Channel>Microsoft-Windows-Sysmon/Operational</Channel><Computer>ThinkPad-Win10</Computer><Security UserID='S-1-5-18'/></System><EventData><Data Name='RuleName'>-</Data><Data Name='UtcTime'>2023-04-19 09:43:24.368</Data><Data Name='ProcessGuid'>{1255fde1-b7bc-643f-e402-00000000ee00}</Data><Data Name='ProcessId'>7268</Data><Data Name='Image'>C:\Windows\System32\cmd.exe</Data><Data Name='FileVersion'>10.0.19041.746 (WinBuild.160101.0800)</Data><Data Name='Description'>Windows Command Processor</Data><Data Name='Product'>Microsoft® Windows® Operating System</Data><Data Name='Company'>Microsoft Corporation</Data><Data Name='OriginalFileName'>Cmd.Exe</Data><Data Name='CommandLine'>cmd.exe </Data><Data Name='CurrentDirectory'>C:\phpstudy_pro\</Data><Data Name='User'>THINKPAD-WIN10\smith</Data><Data Name='LogonGuid'>{1255fde1-909f-643f-3ac3-020000000000}</Data><Data Name='LogonId'>0x2c33a</Data><Data Name='TerminalSessionId'>1</Data><Data Name='IntegrityLevel'>High</Data><Data Name='Hashes'>MD5=8A2122E8162DBEF04694B9C3E0B6CDEE,SHA256=B99D61D874728EDC0918CA0EB10EAB93D381E7367E377406E65963366C874450,IMPHASH=272245E2988E1E430500B852C4FB5E18</Data><Data Name='ParentProcessGuid'>{1255fde1-b7b7-643f-d802-00000000ee00}</Data><Data Name='ParentProcessId'>10124</Data><Data Name='ParentImage'>C:\phpstudy_pro\COM\phpstudy_pro.exe</Data><Data Name='ParentCommandLine'>"C:\phpstudy_pro\COM\phpstudy_pro.exe" </Data><Data Name='ParentUser'>THINKPAD-WIN10\smith</Data></EventData></Event><Event xmlns='http://schemas.microsoft.com/win/2004/08/events/event'><System><Provider Name='Microsoft-Windows-Sysmon' Guid='{5770385f-c22a-43e0-bf4c-06f5698ffbd9}'/><EventID>1</EventID><Version>5</Version><Level>4</Level><Task>1</Task><Opcode>0</Opcode><Keywords>0x8000000000000000</Keywords><TimeCreated SystemTime='2023-04-19T09:43:24.3364420Z'/><EventRecordID>4926</EventRecordID><Correlation/><Execution ProcessID='9012' ThreadID='1992'/><Channel>Microsoft-Windows-Sysmon/Operational</Channel><Computer>ThinkPad-Win10</Computer><Security UserID='S-1-5-18'/></System><EventData><Data Name='RuleName'>-</Data><Data Name='UtcTime'>2023-04-19 09:43:24.334</Data><Data Name='ProcessGuid'>{1255fde1-b7bc-643f-e302-00000000ee00}</Data><Data Name='ProcessId'>8000</Data><Data Name='Image'>C:\Windows\System32\find.exe</Data><Data Name='FileVersion'>10.0.19041.1806 (WinBuild.160101.0800)</Data><Data Name='Description'>Find String (grep) Utility</Data><Data Name='Product'>Microsoft® Windows® Operating System</Data><Data Name='Company'>Microsoft Corporation</Data><Data Name='OriginalFileName'>FIND.EXE</Data><Data Name='CommandLine'>find  "START_TYPE"</Data><Data Name='CurrentDirectory'>C:\phpstudy_pro\</Data><Data Name='User'>THINKPAD-WIN10\smith</Data><Data Name='LogonGuid'>{1255fde1-909f-643f-3ac3-020000000000}</Data><Data Name='LogonId'>0x2c33a</Data><Data Name='TerminalSessionId'>1</Data><Data Name='IntegrityLevel'>High</Data><Data Name='Hashes'>MD5=4BF76A28D31FC73AA9FC970B22D056AF,SHA256=3796ECBF04E6A1162078AD914AC76CC41761166574B7A2F5E07E5E0D1E80D3DD,IMPHASH=EF85879194FF4D8C5632D025B0B0AFDE</Data><Data Name='ParentProcessGuid'>{1255fde1-b7bc-643f-e002-00000000ee00}</Data><Data Name='ParentProcessId'>5440</Data><Data Name='ParentImage'>C:\Windows\System32\cmd.exe</Data><Data Name='ParentCommandLine'>cmd.exe </Data><Data Name='ParentUser'>THINKPAD-WIN10\smith</Data></EventData></Event><Event xmlns='http://schemas.microsoft.com/win/2004/08/events/event'><System><Provider Name='Microsoft-Windows-Sysmon' Guid='{5770385f-c22a-43e0-bf4c-06f5698ffbd9}'/><EventID>1</EventID><Version>5</Version><Level>4</Level><Task>1</Task><Opcode>0</Opcode><Keywords>0x8000000000000000</Keywords><TimeCreated SystemTime='2023-04-19T09:43:24.3313882Z'/><EventRecordID>4925</EventRecordID><Correlation/><Execution ProcessID='9012' ThreadID='1992'/><Channel>Microsoft-Windows-Sysmon/Operational</Channel><Computer>ThinkPad-Win10</Computer><Security UserID='S-1-5-18'/></System><EventData><Data Name='RuleName'>-</Data><Data Name='UtcTime'>2023-04-19 09:43:24.329</Data><Data Name='ProcessGuid'>{1255fde1-b7bc-643f-e202-00000000ee00}</Data><Data Name='ProcessId'>384</Data><Data Name='Image'>C:\Windows\System32\sc.exe</Data><Data Name='FileVersion'>10.0.19041.1 (WinBuild.160101.0800)</Data><Data Name='Description'>Service Control Manager Configuration Tool</Data><Data Name='Product'>Microsoft® Windows® Operating System</Data><Data Name='Company'>Microsoft Corporation</Data><Data Name='OriginalFileName'>sc.exe</Data><Data Name='CommandLine'>sc  qc phpStudySrv </Data><Data Name='CurrentDirectory'>C:\phpstudy_pro\</Data><Data Name='User'>THINKPAD-WIN10\smith</Data><Data Name='LogonGuid'>{1255fde1-909f-643f-3ac3-020000000000}</Data><Data Name='LogonId'>0x2c33a</Data><Data Name='TerminalSessionId'>1</Data><Data Name='IntegrityLevel'>High</Data><Data Name='Hashes'>MD5=3FB5CF71F7E7EB49790CB0E663434D80,SHA256=41F067C3A11B02FE39947F9EBA68AE5C7CB5BD1872A6009A4CD1506554A9ABA9,IMPHASH=803254E010814E69947095A2725B2AFD</Data><Data Name='ParentProcessGuid'>{1255fde1-b7bc-643f-e002-00000000ee00}</Data><Data Name='ParentProcessId'>5440</Data><Data Name='ParentImage'>C:\Windows\System32\cmd.exe</Data><Data Name='ParentCommandLine'>cmd.exe </Data><Data Name='ParentUser'>THINKPAD-WIN10\smith</Data></EventData></Event><Event xmlns='http://schemas.microsoft.com/win/2004/08/events/event'><System><Provider Name='Microsoft-Windows-Sysmon' Guid='{5770385f-c22a-43e0-bf4c-06f5698ffbd9}'/><EventID>1</EventID><Version>5</Version><Level>4</Level><Task>1</Task><Opcode>0</Opcode><Keywords>0x8000000000000000</Keywords><TimeCreated SystemTime='2023-04-19T09:43:24.2925622Z'/><EventRecordID>4924</EventRecordID><Correlation/><Execution ProcessID='9012' ThreadID='1992'/><Channel>Microsoft-Windows-Sysmon/Operational</Channel><Computer>ThinkPad-Win10</Computer><Security UserID='S-1-5-18'/></System><EventData><Data Name='RuleName'>-</Data><Data Name='UtcTime'>2023-04-19 09:43:24.290</Data><Data Name='ProcessGuid'>{1255fde1-b7bc-643f-e002-00000000ee00}</Data><Data Name='ProcessId'>5440</Data><Data Name='Image'>C:\Windows\System32\cmd.exe</Data><Data Name='FileVersion'>10.0.19041.746 (WinBuild.160101.0800)</Data><Data Name='Description'>Windows Command Processor</Data><Data Name='Product'>Microsoft® Windows® Operating System</Data><Data Name='Company'>Microsoft Corporation</Data><Data Name='OriginalFileName'>Cmd.Exe</Data><Data Name='CommandLine'>cmd.exe </Data><Data Name='CurrentDirectory'>C:\phpstudy_pro\</Data><Data Name='User'>THINKPAD-WIN10\smith</Data><Data Name='LogonGuid'>{1255fde1-909f-643f-3ac3-020000000000}</Data><Data Name='LogonId'>0x2c33a</Data><Data Name='TerminalSessionId'>1</Data><Data Name='IntegrityLevel'>High</Data><Data Name='Hashes'>MD5=8A2122E8162DBEF04694B9C3E0B6CDEE,SHA256=B99D61D874728EDC0918CA0EB10EAB93D381E7367E377406E65963366C874450,IMPHASH=272245E2988E1E430500B852C4FB5E18</Data><Data Name='ParentProcessGuid'>{1255fde1-b7b7-643f-d802-00000000ee00}</Data><Data Name='ParentProcessId'>10124</Data><Data Name='ParentImage'>C:\phpstudy_pro\COM\phpstudy_pro.exe</Data><Data Name='ParentCommandLine'>"C:\phpstudy_pro\COM\phpstudy_pro.exe" </Data><Data Name='ParentUser'>THINKPAD-WIN10\smith</Data></EventData></Event><Event xmlns='http://schemas.microsoft.com/win/2004/08/events/event'><System><Provider Name='Microsoft-Windows-Sysmon' Guid='{5770385f-c22a-43e0-bf4c-06f5698ffbd9}'/><EventID>1</EventID><Version>5</Version><Level>4</Level><Task>1</Task><Opcode>0</Opcode><Keywords>0x8000000000000000</Keywords><TimeCreated SystemTime='2023-04-19T09:43:24.1171757Z'/><EventRecordID>4923</EventRecordID><Correlation/><Execution ProcessID='9012' ThreadID='1992'/><Channel>Microsoft-Windows-Sysmon/Operational</Channel><Computer>ThinkPad-Win10</Computer><Security UserID='S-1-5-18'/></System><EventData><Data Name='RuleName'>-</Data><Data Name='UtcTime'>2023-04-19 09:43:24.115</Data><Data Name='ProcessGuid'>{1255fde1-b7bc-643f-df02-00000000ee00}</Data><Data Name='ProcessId'>6760</Data><Data Name='Image'>C:\Windows\System32\find.exe</Data><Data Name='FileVersion'>10.0.19041.1806 (WinBuild.160101.0800)</Data><Data Name='Description'>Find String (grep) Utility</Data><Data Name='Product'>Microsoft® Windows® Operating System</Data><Data Name='Company'>Microsoft Corporation</Data><Data Name='OriginalFileName'>FIND.EXE</Data><Data Name='CommandLine'>find  "START_TYPE"</Data><Data Name='CurrentDirectory'>C:\phpstudy_pro\</Data><Data Name='User'>THINKPAD-WIN10\smith</Data><Data Name='LogonGuid'>{1255fde1-909f-643f-3ac3-020000000000}</Data><Data Name='LogonId'>0x2c33a</Data><Data Name='TerminalSessionId'>1</Data><Data Name='IntegrityLevel'>High</Data><Data Name='Hashes'>MD5=4BF76A28D31FC73AA9FC970B22D056AF,SHA256=3796ECBF04E6A1162078AD914AC76CC41761166574B7A2F5E07E5E0D1E80D3DD,IMPHASH=EF85879194FF4D8C5632D025B0B0AFDE</Data><Data Name='ParentProcessGuid'>{1255fde1-b7bc-643f-dc02-00000000ee00}</Data><Data Name='ParentProcessId'>2416</Data><Data Name='ParentImage'>C:\Windows\System32\cmd.exe</Data><Data Name='ParentCommandLine'>cmd.exe </Data><Data Name='ParentUser'>THINKPAD-WIN10\smith</Data></EventData></Event><Event xmlns='http://schemas.microsoft.com/win/2004/08/events/event'><System><Provider Name='Microsoft-Windows-Sysmon' Guid='{5770385f-c22a-43e0-bf4c-06f5698ffbd9}'/><EventID>1</EventID><Version>5</Version><Level>4</Level><Task>1</Task><Opcode>0</Opcode><Keywords>0x8000000000000000</Keywords><TimeCreated SystemTime='2023-04-19T09:43:24.1124118Z'/><EventRecordID>4922</EventRecordID><Correlation/><Execution ProcessID='9012' ThreadID='1992'/><Channel>Microsoft-Windows-Sysmon/Operational</Channel><Computer>ThinkPad-Win10</Computer><Security UserID='S-1-5-18'/></System><EventData><Data Name='RuleName'>-</Data><Data Name='UtcTime'>2023-04-19 09:43:24.110</Data><Data Name='ProcessGuid'>{1255fde1-b7bc-643f-de02-00000000ee00}</Data><Data Name='ProcessId'>6376</Data><Data Name='Image'>C:\Windows\System32\sc.exe</Data><Data Name='FileVersion'>10.0.19041.1 (WinBuild.160101.0800)</Data><Data Name='Description'>Service Control Manager Configuration Tool</Data><Data Name='Product'>Microsoft® Windows® Operating System</Data><Data Name='Company'>Microsoft Corporation</Data><Data Name='OriginalFileName'>sc.exe</Data><Data Name='CommandLine'>sc  qc phpStudySrv </Data><Data Name='CurrentDirectory'>C:\phpstudy_pro\</Data><Data Name='User'>THINKPAD-WIN10\smith</Data><Data Name='LogonGuid'>{1255fde1-909f-643f-3ac3-020000000000}</Data><Data Name='LogonId'>0x2c33a</Data><Data Name='TerminalSessionId'>1</Data><Data Name='IntegrityLevel'>High</Data><Data Name='Hashes'>MD5=3FB5CF71F7E7EB49790CB0E663434D80,SHA256=41F067C3A11B02FE39947F9EBA68AE5C7CB5BD1872A6009A4CD1506554A9ABA9,IMPHASH=803254E010814E69947095A2725B2AFD</Data><Data Name='ParentProcessGuid'>{1255fde1-b7bc-643f-dc02-00000000ee00}</Data><Data Name='ParentProcessId'>2416</Data><Data Name='ParentImage'>C:\Windows\System32\cmd.exe</Data><Data Name='ParentCommandLine'>cmd.exe </Data><Data Name='ParentUser'>THINKPAD-WIN10\smith</Data></EventData></Event><Event xmlns='http://schemas.microsoft.com/win/2004/08/events/event'><System><Provider Name='Microsoft-Windows-Sysmon' Guid='{5770385f-c22a-43e0-bf4c-06f5698ffbd9}'/><EventID>1</EventID><Version>5</Version><Level>4</Level><Task>1</Task><Opcode>0</Opcode><Keywords>0x8000000000000000</Keywords><TimeCreated SystemTime='2023-04-19T09:43:24.0631012Z'/><EventRecordID>4921</EventRecordID><Correlation/><Execution ProcessID='9012' ThreadID='1992'/><Channel>Microsoft-Windows-Sysmon/Operational</Channel><Computer>ThinkPad-Win10</Computer><Security UserID='S-1-5-18'/></System><EventData><Data Name='RuleName'>-</Data><Data Name='UtcTime'>2023-04-19 09:43:24.050</Data><Data Name='ProcessGuid'>{1255fde1-b7bc-643f-dc02-00000000ee00}</Data><Data Name='ProcessId'>2416</Data><Data Name='Image'>C:\Windows\System32\cmd.exe</Data><Data Name='FileVersion'>10.0.19041.746 (WinBuild.160101.0800)</Data><Data Name='Description'>Windows Command Processor</Data><Data Name='Product'>Microsoft® Windows® Operating System</Data><Data Name='Company'>Microsoft Corporation</Data><Data Name='OriginalFileName'>Cmd.Exe</Data><Data Name='CommandLine'>cmd.exe </Data><Data Name='CurrentDirectory'>C:\phpstudy_pro\</Data><Data Name='User'>THINKPAD-WIN10\smith</Data><Data Name='LogonGuid'>{1255fde1-909f-643f-3ac3-020000000000}</Data><Data Name='LogonId'>0x2c33a</Data><Data Name='TerminalSessionId'>1</Data><Data Name='IntegrityLevel'>High</Data><Data Name='Hashes'>MD5=8A2122E8162DBEF04694B9C3E0B6CDEE,SHA256=B99D61D874728EDC0918CA0EB10EAB93D381E7367E377406E65963366C874450,IMPHASH=272245E2988E1E430500B852C4FB5E18</Data><Data Name='ParentProcessGuid'>{1255fde1-b7b7-643f-d802-00000000ee00}</Data><Data Name='ParentProcessId'>10124</Data><Data Name='ParentImage'>C:\phpstudy_pro\COM\phpstudy_pro.exe</Data><Data Name='ParentCommandLine'>"C:\phpstudy_pro\COM\phpstudy_pro.exe" </Data><Data Name='ParentUser'>THINKPAD-WIN10\smith</Data></EventData></Event><Event xmlns='http://schemas.microsoft.com/win/2004/08/events/event'><System><Provider Name='Microsoft-Windows-Sysmon' Guid='{5770385f-c22a-43e0-bf4c-06f5698ffbd9}'/><EventID>1</EventID><Version>5</Version><Level>4</Level><Task>1</Task><Opcode>0</Opcode><Keywords>0x8000000000000000</Keywords><TimeCreated SystemTime='2023-04-19T09:43:22.6904222Z'/><EventRecordID>4920</EventRecordID><Correlation/><Execution ProcessID='9012' ThreadID='1992'/><Channel>Microsoft-Windows-Sysmon/Operational</Channel><Computer>ThinkPad-Win10</Computer><Security UserID='S-1-5-18'/></System><EventData><Data Name='RuleName'>-</Data><Data Name='UtcTime'>2023-04-19 09:43:22.688</Data><Data Name='ProcessGuid'>{1255fde1-b7ba-643f-db02-00000000ee00}</Data><Data Name='ProcessId'>9792</Data><Data Name='Image'>C:\phpstudy_pro\COM\phpStudyServer.exe</Data><Data Name='FileVersion'>-</Data><Data Name='Description'>-</Data><Data Name='Product'>-</Data><Data Name='Company'>-</Data><Data Name='OriginalFileName'>-</Data><Data Name='CommandLine'>C:\phpstudy_pro\COM\phpStudyServer.exe  -install</Data><Data Name='CurrentDirectory'>C:\phpstudy_pro\COM\</Data><Data Name='User'>THINKPAD-WIN10\smith</Data><Data Name='LogonGuid'>{1255fde1-909f-643f-3ac3-020000000000}</Data><Data Name='LogonId'>0x2c33a</Data><Data Name='TerminalSessionId'>1</Data><Data Name='IntegrityLevel'>High</Data><Data Name='Hashes'>MD5=142E1260A3F5D654934F14A85F4AD633,SHA256=BB6D0841F48BE424199238D3DFBCC83CA5DE1D845D70437AFDB15661DEA31700,IMPHASH=3B977646CB83C46CD646F98D2218BB93</Data><Data Name='ParentProcessGuid'>{1255fde1-b7b7-643f-d802-00000000ee00}</Data><Data Name='ParentProcessId'>10124</Data><Data Name='ParentImage'>C:\phpstudy_pro\COM\phpstudy_pro.exe</Data><Data Name='ParentCommandLine'>"C:\phpstudy_pro\COM\phpstudy_pro.exe" </Data><Data Name='ParentUser'>THINKPAD-WIN10\smith</Data></EventData></Event><Event xmlns='http://schemas.microsoft.com/win/2004/08/events/event'><System><Provider Name='Microsoft-Windows-Sysmon' Guid='{5770385f-c22a-43e0-bf4c-06f5698ffbd9}'/><EventID>22</EventID><Version>5</Version><Level>4</Level><Task>22</Task><Opcode>0</Opcode><Keywords>0x8000000000000000</Keywords><TimeCreated SystemTime='2023-04-19T09:43:22.1624427Z'/><EventRecordID>4919</EventRecordID><Correlation/><Execution ProcessID='9012' ThreadID='388'/><Channel>Microsoft-Windows-Sysmon/Operational</Channel><Computer>ThinkPad-Win10</Computer><Security UserID='S-1-5-18'/></System><EventData><Data Name='RuleName'>-</Data><Data Name='UtcTime'>2023-04-19 09:43:19.655</Data><Data Name='ProcessGuid'>{1255fde1-b7b7-643f-d802-00000000ee00}</Data><Data Name='ProcessId'>10124</Data><Data Name='QueryName'>updates.xp.cn</Data><Data Name='QueryStatus'>0</Data><Data Name='QueryResults'>type:  5 updates.xp.cn.w.kunlunpi.com;::ffff:106.39.240.56;</Data><Data Name='Image'>C:\phpstudy_pro\COM\phpstudy_pro.exe</Data><Data Name='User'>THINKPAD-WIN10\smith</Data></EventData></Event><Event xmlns='http://schemas.microsoft.com/win/2004/08/events/event'><System><Provider Name='Microsoft-Windows-Sysmon' Guid='{5770385f-c22a-43e0-bf4c-06f5698ffbd9}'/><EventID>22</EventID><Version>5</Version><Level>4</Level><Task>22</Task><Opcode>0</Opcode><Keywords>0x8000000000000000</Keywords><TimeCreated SystemTime='2023-04-19T09:43:21.1504828Z'/><EventRecordID>4918</EventRecordID><Correlation/><Execution ProcessID='9012' ThreadID='388'/><Channel>Microsoft-Windows-Sysmon/Operational</Channel><Computer>ThinkPad-Win10</Computer><Security UserID='S-1-5-18'/></System><EventData><Data Name='RuleName'>-</Data><Data Name='UtcTime'>2023-04-19 09:43:19.652</Data><Data Name='ProcessGuid'>{1255fde1-b7b4-643f-d302-00000000ee00}</Data><Data Name='ProcessId'>2960</Data><Data Name='QueryName'>meeting.tencent.com</Data><Data Name='QueryStatus'>0</Data><Data Name='QueryResults'>120.53.67.225;120.53.85.25;</Data><Data Name='Image'>C:\Program Files (x86)\Tencent\WeMeet\wemeetapp.exe</Data><Data Name='User'>THINKPAD-WIN10\smith</Data></EventData></Event><Event xmlns='http://schemas.microsoft.com/win/2004/08/events/event'><System><Provider Name='Microsoft-Windows-Sysmon' Guid='{5770385f-c22a-43e0-bf4c-06f5698ffbd9}'/><EventID>22</EventID><Version>5</Version><Level>4</Level><Task>22</Task><Opcode>0</Opcode><Keywords>0x8000000000000000</Keywords><TimeCreated SystemTime='2023-04-19T09:43:21.1504635Z'/><EventRecordID>4917</EventRecordID><Correlation/><Execution ProcessID='9012' ThreadID='388'/><Channel>Microsoft-Windows-Sysmon/Operational</Channel><Computer>ThinkPad-Win10</Computer><Security UserID='S-1-5-18'/></System><EventData><Data Name='RuleName'>-</Data><Data Name='UtcTime'>2023-04-19 09:43:19.649</Data><Data Name='ProcessGuid'>{1255fde1-b7b4-643f-d302-00000000ee00}</Data><Data Name='ProcessId'>2960</Data><Data Name='QueryName'>down-30005.sz.gfp.tencent-cloud.com</Data><Data Name='QueryStatus'>0</Data><Data Name='QueryResults'>::ffff:183.47.120.52;::ffff:183.47.120.87;::ffff:183.47.120.125;::ffff:183.2.144.13;::ffff:183.47.120.45;::ffff:183.47.120.41;</Data><Data Name='Image'>C:\Program Files (x86)\Tencent\WeMeet\wemeetapp.exe</Data><Data Name='User'>THINKPAD-WIN10\smith</Data></EventData></Event><Event xmlns='http://schemas.microsoft.com/win/2004/08/events/event'><System><Provider Name='Microsoft-Windows-Sysmon' Guid='{5770385f-c22a-43e0-bf4c-06f5698ffbd9}'/><EventID>1</EventID><Version>5</Version><Level>4</Level><Task>1</Task><Opcode>0</Opcode><Keywords>0x8000000000000000</Keywords><TimeCreated SystemTime='2023-04-19T09:43:19.7649882Z'/><EventRecordID>4916</EventRecordID><Correlation/><Execution ProcessID='9012' ThreadID='1992'/><Channel>Microsoft-Windows-Sysmon/Operational</Channel><Computer>ThinkPad-Win10</Computer><Security UserID='S-1-5-18'/></System><EventData><Data Name='RuleName'>-</Data><Data Name='UtcTime'>2023-04-19 09:43:19.762</Data><Data Name='ProcessGuid'>{1255fde1-b7b7-643f-d902-00000000ee00}</Data><Data Name='ProcessId'>8652</Data><Data Name='Image'>C:\Windows\Temp\DeleteHelper.exe</Data><Data Name='FileVersion'>-</Data><Data Name='Description'>-</Data><Data Name='Product'>-</Data><Data Name='Company'>-</Data><Data Name='OriginalFileName'>-</Data><Data Name='CommandLine'>"C:\Windows\Temp\DeleteHelper.exe" 10184 C:\Windows\SysWOW64\config\SYSTEM~1\AppData\Local\tencent\wemeet\temp\{4BF11864-A7CA-475A-AF44-B03FABC4D8D9}\WemeetRepair.exe</Data><Data Name='CurrentDirectory'>C:\Windows\Temp\</Data><Data Name='User'>THINKPAD-WIN10\smith</Data><Data Name='LogonGuid'>{1255fde1-909f-643f-3ac3-020000000000}</Data><Data Name='LogonId'>0x2c33a</Data><Data Name='TerminalSessionId'>1</Data><Data Name='IntegrityLevel'>High</Data><Data Name='Hashes'>MD5=54B5D53EF7814B10B25B875DBEC07943,SHA256=DD4CB9C666CB1B88B0F056467784043FEDFAE693310C4A355EDB8130F99F9F55,IMPHASH=AF4D7E2CAB83BFA9921C0E735D7F5955</Data><Data Name='ParentProcessGuid'>{1255fde1-b7b5-643f-d502-00000000ee00}</Data><Data Name='ParentProcessId'>10184</Data><Data Name='ParentImage'>C:\Windows\SysWOW64\config\SYSTEM~1\AppData\Local\tencent\wemeet\temp\{4BF11864-A7CA-475A-AF44-B03FABC4D8D9}\WemeetRepair.exe</Data><Data Name='ParentCommandLine'>C:\Windows\System32\config\SYSTEM~1\AppData\Local\tencent\wemeet\temp\{4BF11864-A7CA-475A-AF44-B03FABC4D8D9}\WemeetRepair.exe /WemeetPath=C:\Program Files (x86)\Tencent\WeMeet /WemeetRepairPath=C:\Program Files (x86)\Tencent\WeMeet\3.14.10.401\WemeetRepair.exe</Data><Data Name='ParentUser'>THINKPAD-WIN10\smith</Data></EventData></Event><Event xmlns='http://schemas.microsoft.com/win/2004/08/events/event'><System><Provider Name='Microsoft-Windows-Sysmon' Guid='{5770385f-c22a-43e0-bf4c-06f5698ffbd9}'/><EventID>11</EventID><Version>2</Version><Level>4</Level><Task>11</Task><Opcode>0</Opcode><Keywords>0x8000000000000000</Keywords><TimeCreated SystemTime='2023-04-19T09:43:19.6367404Z'/><EventRecordID>4915</EventRecordID><Correlation/><Execution ProcessID='9012' ThreadID='1992'/><Channel>Microsoft-Windows-Sysmon/Operational</Channel><Computer>ThinkPad-Win10</Computer><Security UserID='S-1-5-18'/></System><EventData><Data Name='RuleName'>DLL</Data><Data Name='UtcTime'>2023-04-19 09:43:19.636</Data><Data Name='ProcessGuid'>{1255fde1-b7b5-643f-d502-00000000ee00}</Data><Data Name='ProcessId'>10184</Data><Data Name='Image'>C:\Windows\SysWOW64\config\SYSTEM~1\AppData\Local\tencent\wemeet\temp\{4BF11864-A7CA-475A-AF44-B03FABC4D8D9}\WemeetRepair.exe</Data><Data Name='TargetFilename'>C:\Users\smith\AppData\Local\Temp\nso210D.tmp\System.dll</Data><Data Name='CreationUtcTime'>2023-04-19 09:43:19.636</Data><Data Name='User'>THINKPAD-WIN10\smith</Data></EventData></Event><Event xmlns='http://schemas.microsoft.com/win/2004/08/events/event'><System><Provider Name='Microsoft-Windows-Sysmon' Guid='{5770385f-c22a-43e0-bf4c-06f5698ffbd9}'/><EventID>2</EventID><Version>5</Version><Level>4</Level><Task>2</Task><Opcode>0</Opcode><Keywords>0x8000000000000000</Keywords><TimeCreated SystemTime='2023-04-19T09:43:19.6347192Z'/><EventRecordID>4914</EventRecordID><Correlation/><Execution ProcessID='9012' ThreadID='1992'/><Channel>Microsoft-Windows-Sysmon/Operational</Channel><Computer>ThinkPad-Win10</Computer><Security UserID='S-1-5-18'/></System><EventData><Data Name='RuleName'>T1099</Data><Data Name='UtcTime'>2023-04-19 09:43:19.634</Data><Data Name='ProcessGuid'>{1255fde1-b7b5-643f-d502-00000000ee00}</Data><Data Name='ProcessId'>10184</Data><Data Name='Image'>C:\Windows\SysWOW64\config\SYSTEM~1\AppData\Local\tencent\wemeet\temp\{4BF11864-A7CA-475A-AF44-B03FABC4D8D9}\WemeetRepair.exe</Data><Data Name='TargetFilename'>C:\Windows\Temp\DeleteHelper.exe</Data><Data Name='CreationUtcTime'>2023-01-03 07:35:56.000</Data><Data Name='PreviousCreationUtcTime'>2023-04-19 09:43:19.633</Data><Data Name='User'>THINKPAD-WIN10\smith</Data></EventData></Event><Event xmlns='http://schemas.microsoft.com/win/2004/08/events/event'><System><Provider Name='Microsoft-Windows-Sysmon' Guid='{5770385f-c22a-43e0-bf4c-06f5698ffbd9}'/><EventID>11</EventID><Version>2</Version><Level>4</Level><Task>11</Task><Opcode>0</Opcode><Keywords>0x8000000000000000</Keywords><TimeCreated SystemTime='2023-04-19T09:43:19.6334220Z'/><EventRecordID>4913</EventRecordID><Correlation/><Execution ProcessID='9012' ThreadID='1992'/><Channel>Microsoft-Windows-Sysmon/Operational</Channel><Computer>ThinkPad-Win10</Computer><Security UserID='S-1-5-18'/></System><EventData><Data Name='RuleName'>EXE</Data><Data Name='UtcTime'>2023-04-19 09:43:19.633</Data><Data Name='ProcessGuid'>{1255fde1-b7b5-643f-d502-00000000ee00}</Data><Data Name='ProcessId'>10184</Data><Data Name='Image'>C:\Windows\SysWOW64\config\SYSTEM~1\AppData\Local\tencent\wemeet\temp\{4BF11864-A7CA-475A-AF44-B03FABC4D8D9}\WemeetRepair.exe</Data><Data Name='TargetFilename'>C:\Windows\Temp\DeleteHelper.exe</Data><Data Name='CreationUtcTime'>2023-04-19 09:43:19.633</Data><Data Name='User'>THINKPAD-WIN10\smith</Data></EventData></Event><Event xmlns='http://schemas.microsoft.com/win/2004/08/events/event'><System><Provider Name='Microsoft-Windows-Sysmon' Guid='{5770385f-c22a-43e0-bf4c-06f5698ffbd9}'/><EventID>11</EventID><Version>2</Version><Level>4</Level><Task>11</Task><Opcode>0</Opcode><Keywords>0x8000000000000000</Keywords><TimeCreated SystemTime='2023-04-19T09:43:19.5983265Z'/><EventRecordID>4912</EventRecordID><Correlation/><Execution ProcessID='9012' ThreadID='1992'/><Channel>Microsoft-Windows-Sysmon/Operational</Channel><Computer>ThinkPad-Win10</Computer><Security UserID='S-1-5-18'/></System><EventData><Data Name='RuleName'>DLL</Data><Data Name='UtcTime'>2023-04-19 09:43:19.598</Data><Data Name='ProcessGuid'>{1255fde1-b7b5-643f-d502-00000000ee00}</Data><Data Name='ProcessId'>10184</Data><Data Name='Image'>C:\Windows\SysWOW64\config\SYSTEM~1\AppData\Local\tencent\wemeet\temp\{4BF11864-A7CA-475A-AF44-B03FABC4D8D9}\WemeetRepair.exe</Data><Data Name='TargetFilename'>C:\Users\smith\AppData\Local\Temp\nso210D.tmp\WeMeetHelper.dll</Data><Data Name='CreationUtcTime'>2023-04-19 09:43:19.598</Data><Data Name='User'>THINKPAD-WIN10\smith</Data></EventData></Event><Event xmlns='http://schemas.microsoft.com/win/2004/08/events/event'><System><Provider Name='Microsoft-Windows-Sysmon' Guid='{5770385f-c22a-43e0-bf4c-06f5698ffbd9}'/><EventID>1</EventID><Version>5</Version><Level>4</Level><Task>1</Task><Opcode>0</Opcode><Keywords>0x8000000000000000</Keywords><TimeCreated SystemTime='2023-04-19T09:43:19.2255735Z'/><EventRecordID>4911</EventRecordID><Correlation/><Execution ProcessID='9012' ThreadID='1992'/><Channel>Microsoft-Windows-Sysmon/Operational</Channel><Computer>ThinkPad-Win10</Computer><Security UserID='S-1-5-18'/></System><EventData><Data Name='RuleName'>-</Data><Data Name='UtcTime'>2023-04-19 09:43:19.216</Data><Data Name='ProcessGuid'>{1255fde1-b7b7-643f-d802-00000000ee00}</Data><Data Name='ProcessId'>10124</Data><Data Name='Image'>C:\phpstudy_pro\COM\phpstudy_pro.exe</Data><Data Name='FileVersion'>8.1.1.3</Data><Data Name='Description'>phpstudy集成环境</Data><Data Name='Product'>phpstudy集成环境</Data><Data Name='Company'>安徽小皮教育科技有限公司</Data><Data Name='OriginalFileName'>phpstudy_pro.exe</Data><Data Name='CommandLine'>"C:\phpstudy_pro\COM\phpstudy_pro.exe" </Data><Data Name='CurrentDirectory'>C:\phpstudy_pro\</Data><Data Name='User'>THINKPAD-WIN10\smith</Data><Data Name='LogonGuid'>{1255fde1-909f-643f-3ac3-020000000000}</Data><Data Name='LogonId'>0x2c33a</Data><Data Name='TerminalSessionId'>1</Data><Data Name='IntegrityLevel'>High</Data><Data Name='Hashes'>MD5=B0E271EFD4D6C8521EA6AEC0AE13C6A1,SHA256=07554DACEA0A3C07DF78105F6427628CFFC6705B005BAEDC03B2A1DB7DFFA42C,IMPHASH=CE8D670A101685474381C712CEE0E618</Data><Data Name='ParentProcessGuid'>{1255fde1-90be-643f-9300-00000000ee00}</Data><Data Name='ParentProcessId'>7828</Data><Data Name='ParentImage'>C:\Windows\explorer.exe</Data><Data Name='ParentCommandLine'>C:\Windows\Explorer.EXE</Data><Data Name='ParentUser'>THINKPAD-WIN10\smith</Data></EventData></Event><Event xmlns='http://schemas.microsoft.com/win/2004/08/events/event'><System><Provider Name='Microsoft-Windows-Sysmon' Guid='{5770385f-c22a-43e0-bf4c-06f5698ffbd9}'/><EventID>1</EventID><Version>5</Version><Level>4</Level><Task>1</Task><Opcode>0</Opcode><Keywords>0x8000000000000000</Keywords><TimeCreated SystemTime='2023-04-19T09:43:19.0919144Z'/><EventRecordID>4910</EventRecordID><Correlation/><Execution ProcessID='9012' ThreadID='1992'/><Channel>Microsoft-Windows-Sysmon/Operational</Channel><Computer>ThinkPad-Win10</Computer><Security UserID='S-1-5-18'/></System><EventData><Data Name='RuleName'>-</Data><Data Name='UtcTime'>2023-04-19 09:43:19.089</Data><Data Name='ProcessGuid'>{1255fde1-b7b7-643f-d702-00000000ee00}</Data><Data Name='ProcessId'>2956</Data><Data Name='Image'>C:\Windows\System32\consent.exe</Data><Data Name='FileVersion'>10.0.19041.1865 (WinBuild.160101.0800)</Data><Data Name='Description'>Consent UI for administrative applications</Data><Data Name='Product'>Microsoft® Windows® Operating System</Data><Data Name='Company'>Microsoft Corporation</Data><Data Name='OriginalFileName'>consent.exe</Data><Data Name='CommandLine'>consent.exe 8088 342 000001640267ACC0</Data><Data Name='CurrentDirectory'>C:\Windows\system32\</Data><Data Name='User'>NT AUTHORITY\SYSTEM</Data><Data Name='LogonGuid'>{1255fde1-9095-643f-e703-000000000000}</Data><Data Name='LogonId'>0x3e7</Data><Data Name='TerminalSessionId'>1</Data><Data Name='IntegrityLevel'>System</Data><Data Name='Hashes'>MD5=DD5032EF160209E470E2612A8A3D5F59,SHA256=7FF00DE6D57E83E0A3D566935C7557F11F9B12270529582987FF14EE65502EA6,IMPHASH=7001337914CFB426620F508E54CDF72F</Data><Data Name='ParentProcessGuid'>{1255fde1-a35a-643f-3302-00000000ee00}</Data><Data Name='ParentProcessId'>8088</Data><Data Name='ParentImage'>C:\Windows\System32\svchost.exe</Data><Data Name='ParentCommandLine'>C:\Windows\system32\svchost.exe -k netsvcs -p -s Appinfo</Data><Data Name='ParentUser'>NT AUTHORITY\SYSTEM</Data></EventData></Event><Event xmlns='http://schemas.microsoft.com/win/2004/08/events/event'><System><Provider Name='Microsoft-Windows-Sysmon' Guid='{5770385f-c22a-43e0-bf4c-06f5698ffbd9}'/><EventID>1</EventID><Version>5</Version><Level>4</Level><Task>1</Task><Opcode>0</Opcode><Keywords>0x8000000000000000</Keywords><TimeCreated SystemTime='2023-04-19T09:43:19.0534853Z'/><EventRecordID>4909</EventRecordID><Correlation/><Execution ProcessID='9012' ThreadID='1992'/><Channel>Microsoft-Windows-Sysmon/Operational</Channel><Computer>ThinkPad-Win10</Computer><Security UserID='S-1-5-18'/></System><EventData><Data Name='RuleName'>-</Data><Data Name='UtcTime'>2023-04-19 09:43:19.025</Data><Data Name='ProcessGuid'>{1255fde1-b7b7-643f-d602-00000000ee00}</Data><Data Name='ProcessId'>3988</Data><Data Name='Image'>C:\phpstudy_pro\COM\phpstudy_pro.exe</Data><Data Name='FileVersion'>8.1.1.3</Data><Data Name='Description'>phpstudy集成环境</Data><Data Name='Product'>phpstudy集成环境</Data><Data Name='Company'>安徽小皮教育科技有限公司</Data><Data Name='OriginalFileName'>phpstudy_pro.exe</Data><Data Name='CommandLine'>"C:\phpstudy_pro\COM\phpstudy_pro.exe" </Data><Data Name='CurrentDirectory'>C:\phpstudy_pro\</Data><Data Name='User'>THINKPAD-WIN10\smith</Data><Data Name='LogonGuid'>{1255fde1-90a0-643f-d9c3-020000000000}</Data><Data Name='LogonId'>0x2c3d9</Data><Data Name='TerminalSessionId'>1</Data><Data Name='IntegrityLevel'>Medium</Data><Data Name='Hashes'>MD5=B0E271EFD4D6C8521EA6AEC0AE13C6A1,SHA256=07554DACEA0A3C07DF78105F6427628CFFC6705B005BAEDC03B2A1DB7DFFA42C,IMPHASH=CE8D670A101685474381C712CEE0E618</Data><Data Name='ParentProcessGuid'>{1255fde1-90be-643f-9300-00000000ee00}</Data><Data Name='ParentProcessId'>7828</Data><Data Name='ParentImage'>C:\Windows\explorer.exe</Data><Data Name='ParentCommandLine'>C:\Windows\Explorer.EXE</Data><Data Name='ParentUser'>THINKPAD-WIN10\smith</Data></EventData></Event>