<Event xmlns='http://schemas.microsoft.com/win/2004/08/events/event'><System><Provider Name='Microsoft-Windows-Sysmon' Guid='{5770385f-c22a-43e0-bf4c-06f5698ffbd9}'/><EventID>10</EventID><Version>3</Version><Level>4</Level><Task>10</Task><Opcode>0</Opcode><Keywords>0x8000000000000000</Keywords><TimeCreated SystemTime='2023-04-19T09:11:57.3347678Z'/><EventRecordID>4384</EventRecordID><Correlation/><Execution ProcessID='3388' ThreadID='5444'/><Channel>Microsoft-Windows-Sysmon/Operational</Channel><Computer>ThinkPad-Win10</Computer><Security UserID='S-1-5-18'/></System><EventData><Data Name='RuleName'>-</Data><Data Name='UtcTime'>2023-04-19 09:11:57.334</Data><Data Name='SourceProcessGUID'>{1255fde1-90bc-643f-8c00-00000000ee00}</Data><Data Name='SourceProcessId'>2228</Data><Data Name='SourceThreadId'>7188</Data><Data Name='SourceImage'>C:\Program Files (x86)\Huorong\Sysdiag\bin\PopBlock.exe</Data><Data Name='TargetProcessGUID'>{1255fde1-affd-643f-7a02-00000000ee00}</Data><Data Name='TargetProcessId'>6136</Data><Data Name='TargetImage'>C:\Users\smith\Desktop\Emergency Response\SysmonView.exe</Data><Data Name='GrantedAccess'>0x1410</Data><Data Name='CallTrace'>C:\Windows\SYSTEM32\ntdll.dll+9d524|C:\Windows\System32\wow64.dll+10955|C:\Windows\System32\wow64.dll+901a|C:\Windows\System32\wow64cpu.dll+17c3|C:\Windows\System32\wow64cpu.dll+11b9|C:\Windows\System32\wow64.dll+38c9|C:\Windows\System32\wow64.dll+32bd|C:\Windows\SYSTEM32\ntdll.dll+75089|C:\Windows\SYSTEM32\ntdll.dll+74c73|C:\Windows\SYSTEM32\ntdll.dll+74c1e|C:\Windows\SYSTEM32\ntdll.dll+72d1c(wow64)|C:\Windows\System32\KERNELBASE.dll+112bc8(wow64)|C:\Program Files (x86)\Huorong\Sysdiag\bin\POPBLKENG.dll+18730(wow64)|C:\Program Files (x86)\Huorong\Sysdiag\bin\POPBLKENG.dll+7572(wow64)|C:\Program Files (x86)\Huorong\Sysdiag\bin\POPBLKENG.dll+7cf0(wow64)|C:\Program Files (x86)\Huorong\Sysdiag\bin\POPBLKENG.dll+7426(wow64)|C:\Windows\System32\KERNEL32.DLL+20099(wow64)|C:\Windows\SYSTEM32\ntdll.dll+67b6e(wow64)|C:\Windows\SYSTEM32\ntdll.dll+67b3e(wow64)</Data><Data Name='SourceUser'>THINKPAD-WIN10\smith</Data><Data Name='TargetUser'>THINKPAD-WIN10\smith</Data></EventData></Event><Event xmlns='http://schemas.microsoft.com/win/2004/08/events/event'><System><Provider Name='Microsoft-Windows-Sysmon' Guid='{5770385f-c22a-43e0-bf4c-06f5698ffbd9}'/><EventID>10</EventID><Version>3</Version><Level>4</Level><Task>10</Task><Opcode>0</Opcode><Keywords>0x8000000000000000</Keywords><TimeCreated SystemTime='2023-04-19T09:11:54.4727200Z'/><EventRecordID>4383</EventRecordID><Correlation/><Execution ProcessID='3388' ThreadID='5444'/><Channel>Microsoft-Windows-Sysmon/Operational</Channel><Computer>ThinkPad-Win10</Computer><Security UserID='S-1-5-18'/></System><EventData><Data Name='RuleName'>-</Data><Data Name='UtcTime'>2023-04-19 09:11:54.472</Data><Data Name='SourceProcessGUID'>{1255fde1-90be-643f-9300-00000000ee00}</Data><Data Name='SourceProcessId'>7828</Data><Data Name='SourceThreadId'>7228</Data><Data Name='SourceImage'>C:\Windows\Explorer.EXE</Data><Data Name='TargetProcessGUID'>{1255fde1-affd-643f-7a02-00000000ee00}</Data><Data Name='TargetProcessId'>6136</Data><Data Name='TargetImage'>C:\Users\smith\Desktop\Emergency Response\SysmonView.exe</Data><Data Name='GrantedAccess'>0x2000</Data><Data Name='CallTrace'>C:\Windows\SYSTEM32\ntdll.dll+9d524|C:\Windows\System32\KERNELBASE.dll+3053e|C:\Windows\system32\twinui.dll+331cb|C:\Windows\system32\twinui.dll+32a3c|C:\Windows\system32\twinui.dll+68bdc|C:\Windows\system32\twinui.dll+68b3c|C:\Windows\system32\twinui.dll+60c7a|C:\Windows\system32\twinui.dll+605aa|C:\Windows\system32\twinui.dll+60e4b|C:\Windows\system32\twinui.dll+6066d|C:\Windows\System32\user32.dll+e858|C:\Windows\System32\user32.dll+e299|C:\Windows\System32\windows.immersiveshell.serviceprovider.dll+c7e3|C:\Windows\System32\windows.immersiveshell.serviceprovider.dll+c377|C:\Windows\System32\windows.immersiveshell.serviceprovider.dll+c9c7|C:\Windows\System32\windows.immersiveshell.serviceprovider.dll+ca22|C:\Windows\System32\KERNEL32.DLL+17604|C:\Windows\SYSTEM32\ntdll.dll+526a1</Data><Data Name='SourceUser'>THINKPAD-WIN10\smith</Data><Data Name='TargetUser'>THINKPAD-WIN10\smith</Data></EventData></Event><Event xmlns='http://schemas.microsoft.com/win/2004/08/events/event'><System><Provider Name='Microsoft-Windows-Sysmon' Guid='{5770385f-c22a-43e0-bf4c-06f5698ffbd9}'/><EventID>11</EventID><Version>2</Version><Level>4</Level><Task>11</Task><Opcode>0</Opcode><Keywords>0x8000000000000000</Keywords><TimeCreated SystemTime='2023-04-19T09:11:52.6653739Z'/><EventRecordID>4382</EventRecordID><Correlation/><Execution ProcessID='3388' ThreadID='5444'/><Channel>Microsoft-Windows-Sysmon/Operational</Channel><Computer>ThinkPad-Win10</Computer><Security UserID='S-1-5-18'/></System><EventData><Data Name='RuleName'>technique_id=T1574.010,technique_name=Services File Permissions Weakness</Data><Data Name='UtcTime'>2023-04-19 09:11:52.664</Data><Data Name='ProcessGuid'>{1255fde1-909e-643f-3f00-00000000ee00}</Data><Data Name='ProcessId'>2580</Data><Data Name='Image'>C:\Windows\system32\svchost.exe</Data><Data Name='TargetFilename'>C:\Windows\Prefetch\CHROME.EXE-039F1FD0.pf</Data><Data Name='CreationUtcTime'>2023-04-19 09:11:52.664</Data><Data Name='User'>NT AUTHORITY\SYSTEM</Data></EventData></Event><Event xmlns='http://schemas.microsoft.com/win/2004/08/events/event'><System><Provider Name='Microsoft-Windows-Sysmon' Guid='{5770385f-c22a-43e0-bf4c-06f5698ffbd9}'/><EventID>13</EventID><Version>2</Version><Level>4</Level><Task>13</Task><Opcode>0</Opcode><Keywords>0x8000000000000000</Keywords><TimeCreated SystemTime='2023-04-19T09:11:52.6642304Z'/><EventRecordID>4381</EventRecordID><Correlation/><Execution ProcessID='3388' ThreadID='5444'/><Channel>Microsoft-Windows-Sysmon/Operational</Channel><Computer>ThinkPad-Win10</Computer><Security UserID='S-1-5-18'/></System><EventData><Data Name='RuleName'>technique_id=T1543,technique_name=Service Creation</Data><Data Name='EventType'>SetValue</Data><Data Name='UtcTime'>2023-04-19 09:11:52.663</Data><Data Name='ProcessGuid'>{1255fde1-b053-643f-7f02-00000000ee00}</Data><Data Name='ProcessId'>3760</Data><Data Name='Image'>C:\Program Files\Google\Chrome\Application\chrome.exe</Data><Data Name='TargetObject'>HKLM\System\CurrentControlSet\Services\bam\State\UserSettings\S-1-5-21-3737481589-311315860-1775043708-1000\\Device\HarddiskVolume4\Program Files\Google\Chrome\Application\chrome.exe</Data><Data Name='Details'>Binary Data</Data><Data Name='User'>THINKPAD-WIN10\smith</Data></EventData></Event><Event xmlns='http://schemas.microsoft.com/win/2004/08/events/event'><System><Provider Name='Microsoft-Windows-Sysmon' Guid='{5770385f-c22a-43e0-bf4c-06f5698ffbd9}'/><EventID>13</EventID><Version>2</Version><Level>4</Level><Task>13</Task><Opcode>0</Opcode><Keywords>0x8000000000000000</Keywords><TimeCreated SystemTime='2023-04-19T09:11:52.6474608Z'/><EventRecordID>4380</EventRecordID><Correlation/><Execution ProcessID='3388' ThreadID='5444'/><Channel>Microsoft-Windows-Sysmon/Operational</Channel><Computer>ThinkPad-Win10</Computer><Security UserID='S-1-5-18'/></System><EventData><Data Name='RuleName'>technique_id=T1543,technique_name=Service Creation</Data><Data Name='EventType'>SetValue</Data><Data Name='UtcTime'>2023-04-19 09:11:52.646</Data><Data Name='ProcessGuid'>{1255fde1-b052-643f-7e02-00000000ee00}</Data><Data Name='ProcessId'>4272</Data><Data Name='Image'>C:\Program Files\Google\Chrome\Application\chrome.exe</Data><Data Name='TargetObject'>HKLM\System\CurrentControlSet\Services\bam\State\UserSettings\S-1-5-21-3737481589-311315860-1775043708-1000\\Device\HarddiskVolume4\Program Files\Google\Chrome\Application\chrome.exe</Data><Data Name='Details'>Binary Data</Data><Data Name='User'>THINKPAD-WIN10\smith</Data></EventData></Event><Event xmlns='http://schemas.microsoft.com/win/2004/08/events/event'><System><Provider Name='Microsoft-Windows-Sysmon' Guid='{5770385f-c22a-43e0-bf4c-06f5698ffbd9}'/><EventID>12</EventID><Version>2</Version><Level>4</Level><Task>12</Task><Opcode>0</Opcode><Keywords>0x8000000000000000</Keywords><TimeCreated SystemTime='2023-04-19T09:11:52.6291377Z'/><EventRecordID>4379</EventRecordID><Correlation/><Execution ProcessID='3388' ThreadID='5444'/><Channel>Microsoft-Windows-Sysmon/Operational</Channel><Computer>ThinkPad-Win10</Computer><Security UserID='S-1-5-18'/></System><EventData><Data Name='RuleName'>technique_id=T1547.001,technique_name=Registry Run Keys / Start Folder</Data><Data Name='EventType'>CreateKey</Data><Data Name='UtcTime'>2023-04-19 09:11:52.627</Data><Data Name='ProcessGuid'>{1255fde1-b052-643f-7e02-00000000ee00}</Data><Data Name='ProcessId'>4272</Data><Data Name='Image'>C:\Program Files\Google\Chrome\Application\chrome.exe</Data><Data Name='TargetObject'>HKU\S-1-5-21-3737481589-311315860-1775043708-1000\SOFTWARE\Microsoft\Windows\CurrentVersion\Run</Data><Data Name='User'>THINKPAD-WIN10\smith</Data></EventData></Event><Event xmlns='http://schemas.microsoft.com/win/2004/08/events/event'><System><Provider Name='Microsoft-Windows-Sysmon' Guid='{5770385f-c22a-43e0-bf4c-06f5698ffbd9}'/><EventID>11</EventID><Version>2</Version><Level>4</Level><Task>11</Task><Opcode>0</Opcode><Keywords>0x8000000000000000</Keywords><TimeCreated SystemTime='2023-04-19T09:11:52.6274672Z'/><EventRecordID>4378</EventRecordID><Correlation/><Execution ProcessID='3388' ThreadID='5444'/><Channel>Microsoft-Windows-Sysmon/Operational</Channel><Computer>ThinkPad-Win10</Computer><Security UserID='S-1-5-18'/></System><EventData><Data Name='RuleName'>technique_id=T1574.010,technique_name=Services File Permissions Weakness</Data><Data Name='UtcTime'>2023-04-19 09:11:52.625</Data><Data Name='ProcessGuid'>{1255fde1-909e-643f-3f00-00000000ee00}</Data><Data Name='ProcessId'>2580</Data><Data Name='Image'>C:\Windows\system32\svchost.exe</Data><Data Name='TargetFilename'>C:\Windows\Prefetch\CHROME.EXE-039F1FCB.pf</Data><Data Name='CreationUtcTime'>2023-04-19 09:11:52.625</Data><Data Name='User'>NT AUTHORITY\SYSTEM</Data></EventData></Event><Event xmlns='http://schemas.microsoft.com/win/2004/08/events/event'><System><Provider Name='Microsoft-Windows-Sysmon' Guid='{5770385f-c22a-43e0-bf4c-06f5698ffbd9}'/><EventID>13</EventID><Version>2</Version><Level>4</Level><Task>13</Task><Opcode>0</Opcode><Keywords>0x8000000000000000</Keywords><TimeCreated SystemTime='2023-04-19T09:11:52.6243931Z'/><EventRecordID>4377</EventRecordID><Correlation/><Execution ProcessID='3388' ThreadID='5444'/><Channel>Microsoft-Windows-Sysmon/Operational</Channel><Computer>ThinkPad-Win10</Computer><Security UserID='S-1-5-18'/></System><EventData><Data Name='RuleName'>technique_id=T1543,technique_name=Service Creation</Data><Data Name='EventType'>SetValue</Data><Data Name='UtcTime'>2023-04-19 09:11:52.623</Data><Data Name='ProcessGuid'>{1255fde1-b056-643f-8002-00000000ee00}</Data><Data Name='ProcessId'>6992</Data><Data Name='Image'>C:\Program Files\Google\Chrome\Application\chrome.exe</Data><Data Name='TargetObject'>HKLM\System\CurrentControlSet\Services\bam\State\UserSettings\S-1-5-21-3737481589-311315860-1775043708-1000\\Device\HarddiskVolume4\Program Files\Google\Chrome\Application\chrome.exe</Data><Data Name='Details'>Binary Data</Data><Data Name='User'>THINKPAD-WIN10\smith</Data></EventData></Event><Event xmlns='http://schemas.microsoft.com/win/2004/08/events/event'><System><Provider Name='Microsoft-Windows-Sysmon' Guid='{5770385f-c22a-43e0-bf4c-06f5698ffbd9}'/><EventID>11</EventID><Version>2</Version><Level>4</Level><Task>11</Task><Opcode>0</Opcode><Keywords>0x8000000000000000</Keywords><TimeCreated SystemTime='2023-04-19T09:11:52.5815764Z'/><EventRecordID>4376</EventRecordID><Correlation/><Execution ProcessID='3388' ThreadID='5444'/><Channel>Microsoft-Windows-Sysmon/Operational</Channel><Computer>ThinkPad-Win10</Computer><Security UserID='S-1-5-18'/></System><EventData><Data Name='RuleName'>technique_id=T1574.010,technique_name=Services File Permissions Weakness</Data><Data Name='UtcTime'>2023-04-19 09:11:52.580</Data><Data Name='ProcessGuid'>{1255fde1-909e-643f-3f00-00000000ee00}</Data><Data Name='ProcessId'>2580</Data><Data Name='Image'>C:\Windows\system32\svchost.exe</Data><Data Name='TargetFilename'>C:\Windows\Prefetch\CHROME.EXE-039F1FD1.pf</Data><Data Name='CreationUtcTime'>2023-04-19 09:11:52.572</Data><Data Name='User'>NT AUTHORITY\SYSTEM</Data></EventData></Event><Event xmlns='http://schemas.microsoft.com/win/2004/08/events/event'><System><Provider Name='Microsoft-Windows-Sysmon' Guid='{5770385f-c22a-43e0-bf4c-06f5698ffbd9}'/><EventID>13</EventID><Version>2</Version><Level>4</Level><Task>13</Task><Opcode>0</Opcode><Keywords>0x8000000000000000</Keywords><TimeCreated SystemTime='2023-04-19T09:11:52.5783134Z'/><EventRecordID>4375</EventRecordID><Correlation/><Execution ProcessID='3388' ThreadID='5444'/><Channel>Microsoft-Windows-Sysmon/Operational</Channel><Computer>ThinkPad-Win10</Computer><Security UserID='S-1-5-18'/></System><EventData><Data Name='RuleName'>technique_id=T1543,technique_name=Service Creation</Data><Data Name='EventType'>SetValue</Data><Data Name='UtcTime'>2023-04-19 09:11:52.577</Data><Data Name='ProcessGuid'>{1255fde1-b056-643f-8202-00000000ee00}</Data><Data Name='ProcessId'>3996</Data><Data Name='Image'>C:\Program Files\Google\Chrome\Application\chrome.exe</Data><Data Name='TargetObject'>HKLM\System\CurrentControlSet\Services\bam\State\UserSettings\S-1-5-21-3737481589-311315860-1775043708-1000\\Device\HarddiskVolume4\Program Files\Google\Chrome\Application\chrome.exe</Data><Data Name='Details'>Binary Data</Data><Data Name='User'>THINKPAD-WIN10\smith</Data></EventData></Event><Event xmlns='http://schemas.microsoft.com/win/2004/08/events/event'><System><Provider Name='Microsoft-Windows-Sysmon' Guid='{5770385f-c22a-43e0-bf4c-06f5698ffbd9}'/><EventID>11</EventID><Version>2</Version><Level>4</Level><Task>11</Task><Opcode>0</Opcode><Keywords>0x8000000000000000</Keywords><TimeCreated SystemTime='2023-04-19T09:11:52.5740048Z'/><EventRecordID>4374</EventRecordID><Correlation/><Execution ProcessID='3388' ThreadID='5444'/><Channel>Microsoft-Windows-Sysmon/Operational</Channel><Computer>ThinkPad-Win10</Computer><Security UserID='S-1-5-18'/></System><EventData><Data Name='RuleName'>technique_id=T1574.010,technique_name=Services File Permissions Weakness</Data><Data Name='UtcTime'>2023-04-19 09:11:52.573</Data><Data Name='ProcessGuid'>{1255fde1-909e-643f-3f00-00000000ee00}</Data><Data Name='ProcessId'>2580</Data><Data Name='Image'>C:\Windows\system32\svchost.exe</Data><Data Name='TargetFilename'>C:\Windows\Prefetch\CHROME.EXE-039F1FD1.pf</Data><Data Name='CreationUtcTime'>2023-04-19 09:11:52.572</Data><Data Name='User'>NT AUTHORITY\SYSTEM</Data></EventData></Event><Event xmlns='http://schemas.microsoft.com/win/2004/08/events/event'><System><Provider Name='Microsoft-Windows-Sysmon' Guid='{5770385f-c22a-43e0-bf4c-06f5698ffbd9}'/><EventID>13</EventID><Version>2</Version><Level>4</Level><Task>13</Task><Opcode>0</Opcode><Keywords>0x8000000000000000</Keywords><TimeCreated SystemTime='2023-04-19T09:11:52.5709464Z'/><EventRecordID>4373</EventRecordID><Correlation/><Execution ProcessID='3388' ThreadID='5444'/><Channel>Microsoft-Windows-Sysmon/Operational</Channel><Computer>ThinkPad-Win10</Computer><Security UserID='S-1-5-18'/></System><EventData><Data Name='RuleName'>technique_id=T1543,technique_name=Service Creation</Data><Data Name='EventType'>SetValue</Data><Data Name='UtcTime'>2023-04-19 09:11:52.569</Data><Data Name='ProcessGuid'>{1255fde1-b056-643f-8102-00000000ee00}</Data><Data Name='ProcessId'>7408</Data><Data Name='Image'>C:\Program Files\Google\Chrome\Application\chrome.exe</Data><Data Name='TargetObject'>HKLM\System\CurrentControlSet\Services\bam\State\UserSettings\S-1-5-21-3737481589-311315860-1775043708-1000\\Device\HarddiskVolume4\Program Files\Google\Chrome\Application\chrome.exe</Data><Data Name='Details'>Binary Data</Data><Data Name='User'>THINKPAD-WIN10\smith</Data></EventData></Event><Event xmlns='http://schemas.microsoft.com/win/2004/08/events/event'><System><Provider Name='Microsoft-Windows-Sysmon' Guid='{5770385f-c22a-43e0-bf4c-06f5698ffbd9}'/><EventID>10</EventID><Version>3</Version><Level>4</Level><Task>10</Task><Opcode>0</Opcode><Keywords>0x8000000000000000</Keywords><TimeCreated SystemTime='2023-04-19T09:11:52.5618290Z'/><EventRecordID>4372</EventRecordID><Correlation/><Execution ProcessID='3388' ThreadID='5444'/><Channel>Microsoft-Windows-Sysmon/Operational</Channel><Computer>ThinkPad-Win10</Computer><Security UserID='S-1-5-18'/></System><EventData><Data Name='RuleName'>-</Data><Data Name='UtcTime'>2023-04-19 09:11:52.560</Data><Data Name='SourceProcessGUID'>{1255fde1-90be-643f-9300-00000000ee00}</Data><Data Name='SourceProcessId'>7828</Data><Data Name='SourceThreadId'>7228</Data><Data Name='SourceImage'>C:\Windows\Explorer.EXE</Data><Data Name='TargetProcessGUID'>{1255fde1-affd-643f-7a02-00000000ee00}</Data><Data Name='TargetProcessId'>6136</Data><Data Name='TargetImage'>C:\Users\smith\Desktop\Emergency Response\SysmonView.exe</Data><Data Name='GrantedAccess'>0x2000</Data><Data Name='CallTrace'>C:\Windows\SYSTEM32\ntdll.dll+9d524|C:\Windows\System32\KERNELBASE.dll+3053e|C:\Windows\system32\twinui.dll+331cb|C:\Windows\system32\twinui.dll+32a3c|C:\Windows\system32\twinui.dll+68bdc|C:\Windows\system32\twinui.dll+68b3c|C:\Windows\system32\twinui.dll+60c7a|C:\Windows\system32\twinui.dll+605aa|C:\Windows\system32\twinui.dll+60e4b|C:\Windows\system32\twinui.dll+6066d|C:\Windows\System32\user32.dll+e858|C:\Windows\System32\user32.dll+e299|C:\Windows\System32\windows.immersiveshell.serviceprovider.dll+c7e3|C:\Windows\System32\windows.immersiveshell.serviceprovider.dll+c377|C:\Windows\System32\windows.immersiveshell.serviceprovider.dll+c9c7|C:\Windows\System32\windows.immersiveshell.serviceprovider.dll+ca22|C:\Windows\System32\KERNEL32.DLL+17604|C:\Windows\SYSTEM32\ntdll.dll+526a1</Data><Data Name='SourceUser'>THINKPAD-WIN10\smith</Data><Data Name='TargetUser'>THINKPAD-WIN10\smith</Data></EventData></Event><Event xmlns='http://schemas.microsoft.com/win/2004/08/events/event'><System><Provider Name='Microsoft-Windows-Sysmon' Guid='{5770385f-c22a-43e0-bf4c-06f5698ffbd9}'/><EventID>10</EventID><Version>3</Version><Level>4</Level><Task>10</Task><Opcode>0</Opcode><Keywords>0x8000000000000000</Keywords><TimeCreated SystemTime='2023-04-19T09:11:52.5467574Z'/><EventRecordID>4371</EventRecordID><Correlation/><Execution ProcessID='3388' ThreadID='5444'/><Channel>Microsoft-Windows-Sysmon/Operational</Channel><Computer>ThinkPad-Win10</Computer><Security UserID='S-1-5-18'/></System><EventData><Data Name='RuleName'>-</Data><Data Name='UtcTime'>2023-04-19 09:11:52.545</Data><Data Name='SourceProcessGUID'>{1255fde1-90be-643f-9300-00000000ee00}</Data><Data Name='SourceProcessId'>7828</Data><Data Name='SourceThreadId'>7228</Data><Data Name='SourceImage'>C:\Windows\Explorer.EXE</Data><Data Name='TargetProcessGUID'>{1255fde1-affd-643f-7a02-00000000ee00}</Data><Data Name='TargetProcessId'>6136</Data><Data Name='TargetImage'>C:\Users\smith\Desktop\Emergency Response\SysmonView.exe</Data><Data Name='GrantedAccess'>0x2000</Data><Data Name='CallTrace'>C:\Windows\SYSTEM32\ntdll.dll+9d524|C:\Windows\System32\KERNELBASE.dll+3053e|C:\Windows\system32\twinui.dll+32833|C:\Windows\system32\twinui.dll+68bdc|C:\Windows\system32\twinui.dll+68b3c|C:\Windows\system32\twinui.dll+60c7a|C:\Windows\system32\twinui.dll+605aa|C:\Windows\system32\twinui.dll+60e4b|C:\Windows\system32\twinui.dll+6066d|C:\Windows\System32\user32.dll+e858|C:\Windows\System32\user32.dll+e299|C:\Windows\System32\windows.immersiveshell.serviceprovider.dll+c7e3|C:\Windows\System32\windows.immersiveshell.serviceprovider.dll+c377|C:\Windows\System32\windows.immersiveshell.serviceprovider.dll+c9c7|C:\Windows\System32\windows.immersiveshell.serviceprovider.dll+ca22|C:\Windows\System32\KERNEL32.DLL+17604|C:\Windows\SYSTEM32\ntdll.dll+526a1</Data><Data Name='SourceUser'>THINKPAD-WIN10\smith</Data><Data Name='TargetUser'>THINKPAD-WIN10\smith</Data></EventData></Event><Event xmlns='http://schemas.microsoft.com/win/2004/08/events/event'><System><Provider Name='Microsoft-Windows-Sysmon' Guid='{5770385f-c22a-43e0-bf4c-06f5698ffbd9}'/><EventID>10</EventID><Version>3</Version><Level>4</Level><Task>10</Task><Opcode>0</Opcode><Keywords>0x8000000000000000</Keywords><TimeCreated SystemTime='2023-04-19T09:11:52.5466365Z'/><EventRecordID>4370</EventRecordID><Correlation/><Execution ProcessID='3388' ThreadID='5444'/><Channel>Microsoft-Windows-Sysmon/Operational</Channel><Computer>ThinkPad-Win10</Computer><Security UserID='S-1-5-18'/></System><EventData><Data Name='RuleName'>-</Data><Data Name='UtcTime'>2023-04-19 09:11:52.545</Data><Data Name='SourceProcessGUID'>{1255fde1-90be-643f-9300-00000000ee00}</Data><Data Name='SourceProcessId'>7828</Data><Data Name='SourceThreadId'>7392</Data><Data Name='SourceImage'>C:\Windows\Explorer.EXE</Data><Data Name='TargetProcessGUID'>{1255fde1-affd-643f-7a02-00000000ee00}</Data><Data Name='TargetProcessId'>6136</Data><Data Name='TargetImage'>C:\Users\smith\Desktop\Emergency Response\SysmonView.exe</Data><Data Name='GrantedAccess'>0x1410</Data><Data Name='CallTrace'>C:\Windows\SYSTEM32\ntdll.dll+9d524|C:\Windows\System32\KERNELBASE.dll+3053e|C:\Windows\System32\appresolver.dll+24d21|C:\Windows\System32\appresolver.dll+21ce7|C:\Windows\System32\appresolver.dll+21a26|C:\Windows\Explorer.EXE+35ee0|C:\Windows\Explorer.EXE+35df4|C:\Windows\Explorer.EXE+81cc0|C:\Windows\SYSTEM32\windows.storage.dll+11b75c|C:\Windows\SYSTEM32\windows.storage.dll+11b3a1|C:\Windows\SYSTEM32\windows.storage.dll+195af4|C:\Windows\System32\shcore.dll+33106|C:\Windows\SYSTEM32\ntdll.dll+6fcd3|C:\Windows\SYSTEM32\ntdll.dll+531aa|C:\Windows\System32\KERNEL32.DLL+17604|C:\Windows\SYSTEM32\ntdll.dll+526a1</Data><Data Name='SourceUser'>THINKPAD-WIN10\smith</Data><Data Name='TargetUser'>THINKPAD-WIN10\smith</Data></EventData></Event><Event xmlns='http://schemas.microsoft.com/win/2004/08/events/event'><System><Provider Name='Microsoft-Windows-Sysmon' Guid='{5770385f-c22a-43e0-bf4c-06f5698ffbd9}'/><EventID>10</EventID><Version>3</Version><Level>4</Level><Task>10</Task><Opcode>0</Opcode><Keywords>0x8000000000000000</Keywords><TimeCreated SystemTime='2023-04-19T09:11:52.5221830Z'/><EventRecordID>4369</EventRecordID><Correlation/><Execution ProcessID='3388' ThreadID='5444'/><Channel>Microsoft-Windows-Sysmon/Operational</Channel><Computer>ThinkPad-Win10</Computer><Security UserID='S-1-5-18'/></System><EventData><Data Name='RuleName'>-</Data><Data Name='UtcTime'>2023-04-19 09:11:52.521</Data><Data Name='SourceProcessGUID'>{1255fde1-9096-643f-0f00-00000000ee00}</Data><Data Name='SourceProcessId'>1004</Data><Data Name='SourceThreadId'>7076</Data><Data Name='SourceImage'>C:\Windows\system32\svchost.exe</Data><Data Name='TargetProcessGUID'>{1255fde1-affd-643f-7a02-00000000ee00}</Data><Data Name='TargetProcessId'>6136</Data><Data Name='TargetImage'>C:\Users\smith\Desktop\Emergency Response\SysmonView.exe</Data><Data Name='GrantedAccess'>0x2000</Data><Data Name='CallTrace'>C:\Windows\SYSTEM32\ntdll.dll+9d524|C:\Windows\SYSTEM32\psmserviceexthost.dll+9f49|C:\Windows\SYSTEM32\psmserviceexthost.dll+9d43|C:\Windows\SYSTEM32\ntdll.dll+62df9|C:\Windows\SYSTEM32\ntdll.dll+62a81|C:\Windows\SYSTEM32\ntdll.dll+628e0|C:\Windows\SYSTEM32\ntdll.dll+10ebc|C:\Windows\SYSTEM32\ntdll.dll+52f76|C:\Windows\System32\KERNEL32.DLL+17604|C:\Windows\SYSTEM32\ntdll.dll+526a1</Data><Data Name='SourceUser'>NT AUTHORITY\SYSTEM</Data><Data Name='TargetUser'>THINKPAD-WIN10\smith</Data></EventData></Event><Event xmlns='http://schemas.microsoft.com/win/2004/08/events/event'><System><Provider Name='Microsoft-Windows-Sysmon' Guid='{5770385f-c22a-43e0-bf4c-06f5698ffbd9}'/><EventID>10</EventID><Version>3</Version><Level>4</Level><Task>10</Task><Opcode>0</Opcode><Keywords>0x8000000000000000</Keywords><TimeCreated SystemTime='2023-04-19T09:11:52.4834956Z'/><EventRecordID>4368</EventRecordID><Correlation/><Execution ProcessID='3388' ThreadID='5444'/><Channel>Microsoft-Windows-Sysmon/Operational</Channel><Computer>ThinkPad-Win10</Computer><Security UserID='S-1-5-18'/></System><EventData><Data Name='RuleName'>-</Data><Data Name='UtcTime'>2023-04-19 09:11:52.482</Data><Data Name='SourceProcessGUID'>{1255fde1-90be-643f-9300-00000000ee00}</Data><Data Name='SourceProcessId'>7828</Data><Data Name='SourceThreadId'>576</Data><Data Name='SourceImage'>C:\Windows\Explorer.EXE</Data><Data Name='TargetProcessGUID'>{1255fde1-affd-643f-7a02-00000000ee00}</Data><Data Name='TargetProcessId'>6136</Data><Data Name='TargetImage'>C:\Users\smith\Desktop\Emergency Response\SysmonView.exe</Data><Data Name='GrantedAccess'>0x1410</Data><Data Name='CallTrace'>C:\Windows\SYSTEM32\ntdll.dll+9d524|C:\Windows\System32\KERNELBASE.dll+3053e|C:\Windows\System32\appresolver.dll+24d21|C:\Windows\System32\appresolver.dll+21ce7|C:\Windows\system32\twinui.pcshell.dll+2b067|C:\Windows\system32\twinui.pcshell.dll+136fee|C:\Windows\System32\KERNEL32.DLL+17604|C:\Windows\SYSTEM32\ntdll.dll+526a1</Data><Data Name='SourceUser'>THINKPAD-WIN10\smith</Data><Data Name='TargetUser'>THINKPAD-WIN10\smith</Data></EventData></Event><Event xmlns='http://schemas.microsoft.com/win/2004/08/events/event'><System><Provider Name='Microsoft-Windows-Sysmon' Guid='{5770385f-c22a-43e0-bf4c-06f5698ffbd9}'/><EventID>10</EventID><Version>3</Version><Level>4</Level><Task>10</Task><Opcode>0</Opcode><Keywords>0x8000000000000000</Keywords><TimeCreated SystemTime='2023-04-19T09:11:52.4827305Z'/><EventRecordID>4367</EventRecordID><Correlation/><Execution ProcessID='3388' ThreadID='5444'/><Channel>Microsoft-Windows-Sysmon/Operational</Channel><Computer>ThinkPad-Win10</Computer><Security UserID='S-1-5-18'/></System><EventData><Data Name='RuleName'>-</Data><Data Name='UtcTime'>2023-04-19 09:11:52.481</Data><Data Name='SourceProcessGUID'>{1255fde1-90be-643f-9300-00000000ee00}</Data><Data Name='SourceProcessId'>7828</Data><Data Name='SourceThreadId'>576</Data><Data Name='SourceImage'>C:\Windows\Explorer.EXE</Data><Data Name='TargetProcessGUID'>{1255fde1-affd-643f-7a02-00000000ee00}</Data><Data Name='TargetProcessId'>6136</Data><Data Name='TargetImage'>C:\Users\smith\Desktop\Emergency Response\SysmonView.exe</Data><Data Name='GrantedAccess'>0x1410</Data><Data Name='CallTrace'>C:\Windows\SYSTEM32\ntdll.dll+9d524|C:\Windows\System32\KERNELBASE.dll+3053e|C:\Windows\system32\twinui.pcshell.dll+2ae1f|C:\Windows\system32\twinui.pcshell.dll+136fee|C:\Windows\System32\KERNEL32.DLL+17604|C:\Windows\SYSTEM32\ntdll.dll+526a1</Data><Data Name='SourceUser'>THINKPAD-WIN10\smith</Data><Data Name='TargetUser'>THINKPAD-WIN10\smith</Data></EventData></Event><Event xmlns='http://schemas.microsoft.com/win/2004/08/events/event'><System><Provider Name='Microsoft-Windows-Sysmon' Guid='{5770385f-c22a-43e0-bf4c-06f5698ffbd9}'/><EventID>10</EventID><Version>3</Version><Level>4</Level><Task>10</Task><Opcode>0</Opcode><Keywords>0x8000000000000000</Keywords><TimeCreated SystemTime='2023-04-19T09:11:52.4826699Z'/><EventRecordID>4366</EventRecordID><Correlation/><Execution ProcessID='3388' ThreadID='5444'/><Channel>Microsoft-Windows-Sysmon/Operational</Channel><Computer>ThinkPad-Win10</Computer><Security UserID='S-1-5-18'/></System><EventData><Data Name='RuleName'>-</Data><Data Name='UtcTime'>2023-04-19 09:11:52.481</Data><Data Name='SourceProcessGUID'>{1255fde1-9096-643f-0f00-00000000ee00}</Data><Data Name='SourceProcessId'>1004</Data><Data Name='SourceThreadId'>7076</Data><Data Name='SourceImage'>C:\Windows\system32\svchost.exe</Data><Data Name='TargetProcessGUID'>{1255fde1-affd-643f-7a02-00000000ee00}</Data><Data Name='TargetProcessId'>6136</Data><Data Name='TargetImage'>C:\Users\smith\Desktop\Emergency Response\SysmonView.exe</Data><Data Name='GrantedAccess'>0x2000</Data><Data Name='CallTrace'>C:\Windows\SYSTEM32\ntdll.dll+9d524|C:\Windows\SYSTEM32\psmserviceexthost.dll+9f49|C:\Windows\SYSTEM32\psmserviceexthost.dll+9d43|C:\Windows\SYSTEM32\ntdll.dll+62df9|C:\Windows\SYSTEM32\ntdll.dll+62a81|C:\Windows\SYSTEM32\ntdll.dll+628e0|C:\Windows\SYSTEM32\ntdll.dll+10ebc|C:\Windows\SYSTEM32\ntdll.dll+52f76|C:\Windows\System32\KERNEL32.DLL+17604|C:\Windows\SYSTEM32\ntdll.dll+526a1</Data><Data Name='SourceUser'>NT AUTHORITY\SYSTEM</Data><Data Name='TargetUser'>THINKPAD-WIN10\smith</Data></EventData></Event><Event xmlns='http://schemas.microsoft.com/win/2004/08/events/event'><System><Provider Name='Microsoft-Windows-Sysmon' Guid='{5770385f-c22a-43e0-bf4c-06f5698ffbd9}'/><EventID>11</EventID><Version>2</Version><Level>4</Level><Task>11</Task><Opcode>0</Opcode><Keywords>0x8000000000000000</Keywords><TimeCreated SystemTime='2023-04-19T09:11:52.4607186Z'/><EventRecordID>4365</EventRecordID><Correlation/><Execution ProcessID='3388' ThreadID='5444'/><Channel>Microsoft-Windows-Sysmon/Operational</Channel><Computer>ThinkPad-Win10</Computer><Security UserID='S-1-5-18'/></System><EventData><Data Name='RuleName'>technique_id=T1574.010,technique_name=Services File Permissions Weakness</Data><Data Name='UtcTime'>2023-04-19 09:11:52.458</Data><Data Name='ProcessGuid'>{1255fde1-909e-643f-3f00-00000000ee00}</Data><Data Name='ProcessId'>2580</Data><Data Name='Image'>C:\Windows\system32\svchost.exe</Data><Data Name='TargetFilename'>C:\Windows\Prefetch\CHROME.EXE-039F1FCA.pf</Data><Data Name='CreationUtcTime'>2023-04-19 09:11:52.433</Data><Data Name='User'>NT AUTHORITY\SYSTEM</Data></EventData></Event><Event xmlns='http://schemas.microsoft.com/win/2004/08/events/event'><System><Provider Name='Microsoft-Windows-Sysmon' Guid='{5770385f-c22a-43e0-bf4c-06f5698ffbd9}'/><EventID>11</EventID><Version>2</Version><Level>4</Level><Task>11</Task><Opcode>0</Opcode><Keywords>0x8000000000000000</Keywords><TimeCreated SystemTime='2023-04-19T09:11:52.4503804Z'/><EventRecordID>4364</EventRecordID><Correlation/><Execution ProcessID='3388' ThreadID='5444'/><Channel>Microsoft-Windows-Sysmon/Operational</Channel><Computer>ThinkPad-Win10</Computer><Security UserID='S-1-5-18'/></System><EventData><Data Name='RuleName'>technique_id=T1574.010,technique_name=Services File Permissions Weakness</Data><Data Name='UtcTime'>2023-04-19 09:11:52.449</Data><Data Name='ProcessGuid'>{1255fde1-909e-643f-3f00-00000000ee00}</Data><Data Name='ProcessId'>2580</Data><Data Name='Image'>C:\Windows\system32\svchost.exe</Data><Data Name='TargetFilename'>C:\Windows\Prefetch\CHROME.EXE-039F1FCA.pf</Data><Data Name='CreationUtcTime'>2023-04-19 09:11:52.433</Data><Data Name='User'>NT AUTHORITY\SYSTEM</Data></EventData></Event><Event xmlns='http://schemas.microsoft.com/win/2004/08/events/event'><System><Provider Name='Microsoft-Windows-Sysmon' Guid='{5770385f-c22a-43e0-bf4c-06f5698ffbd9}'/><EventID>13</EventID><Version>2</Version><Level>4</Level><Task>13</Task><Opcode>0</Opcode><Keywords>0x8000000000000000</Keywords><TimeCreated SystemTime='2023-04-19T09:11:52.4497172Z'/><EventRecordID>4363</EventRecordID><Correlation/><Execution ProcessID='3388' ThreadID='5444'/><Channel>Microsoft-Windows-Sysmon/Operational</Channel><Computer>ThinkPad-Win10</Computer><Security UserID='S-1-5-18'/></System><EventData><Data Name='RuleName'>technique_id=T1543,technique_name=Service Creation</Data><Data Name='EventType'>SetValue</Data><Data Name='UtcTime'>2023-04-19 09:11:52.448</Data><Data Name='ProcessGuid'>{1255fde1-b056-643f-8402-00000000ee00}</Data><Data Name='ProcessId'>1020</Data><Data Name='Image'>C:\Program Files\Google\Chrome\Application\chrome.exe</Data><Data Name='TargetObject'>HKLM\System\CurrentControlSet\Services\bam\State\UserSettings\S-1-5-21-3737481589-311315860-1775043708-1000\\Device\HarddiskVolume4\Program Files\Google\Chrome\Application\chrome.exe</Data><Data Name='Details'>Binary Data</Data><Data Name='User'>THINKPAD-WIN10\smith</Data></EventData></Event><Event xmlns='http://schemas.microsoft.com/win/2004/08/events/event'><System><Provider Name='Microsoft-Windows-Sysmon' Guid='{5770385f-c22a-43e0-bf4c-06f5698ffbd9}'/><EventID>11</EventID><Version>2</Version><Level>4</Level><Task>11</Task><Opcode>0</Opcode><Keywords>0x8000000000000000</Keywords><TimeCreated SystemTime='2023-04-19T09:11:52.4420597Z'/><EventRecordID>4362</EventRecordID><Correlation/><Execution ProcessID='3388' ThreadID='5444'/><Channel>Microsoft-Windows-Sysmon/Operational</Channel><Computer>ThinkPad-Win10</Computer><Security UserID='S-1-5-18'/></System><EventData><Data Name='RuleName'>technique_id=T1574.010,technique_name=Services File Permissions Weakness</Data><Data Name='UtcTime'>2023-04-19 09:11:52.440</Data><Data Name='ProcessGuid'>{1255fde1-909e-643f-3f00-00000000ee00}</Data><Data Name='ProcessId'>2580</Data><Data Name='Image'>C:\Windows\system32\svchost.exe</Data><Data Name='TargetFilename'>C:\Windows\Prefetch\CHROME.EXE-039F1FCA.pf</Data><Data Name='CreationUtcTime'>2023-04-19 09:11:52.433</Data><Data Name='User'>NT AUTHORITY\SYSTEM</Data></EventData></Event><Event xmlns='http://schemas.microsoft.com/win/2004/08/events/event'><System><Provider Name='Microsoft-Windows-Sysmon' Guid='{5770385f-c22a-43e0-bf4c-06f5698ffbd9}'/><EventID>13</EventID><Version>2</Version><Level>4</Level><Task>13</Task><Opcode>0</Opcode><Keywords>0x8000000000000000</Keywords><TimeCreated SystemTime='2023-04-19T09:11:52.4364745Z'/><EventRecordID>4361</EventRecordID><Correlation/><Execution ProcessID='3388' ThreadID='5444'/><Channel>Microsoft-Windows-Sysmon/Operational</Channel><Computer>ThinkPad-Win10</Computer><Security UserID='S-1-5-18'/></System><EventData><Data Name='RuleName'>technique_id=T1543,technique_name=Service Creation</Data><Data Name='EventType'>SetValue</Data><Data Name='UtcTime'>2023-04-19 09:11:52.435</Data><Data Name='ProcessGuid'>{1255fde1-b056-643f-8502-00000000ee00}</Data><Data Name='ProcessId'>6376</Data><Data Name='Image'>C:\Program Files\Google\Chrome\Application\chrome.exe</Data><Data Name='TargetObject'>HKLM\System\CurrentControlSet\Services\bam\State\UserSettings\S-1-5-21-3737481589-311315860-1775043708-1000\\Device\HarddiskVolume4\Program Files\Google\Chrome\Application\chrome.exe</Data><Data Name='Details'>Binary Data</Data><Data Name='User'>THINKPAD-WIN10\smith</Data></EventData></Event><Event xmlns='http://schemas.microsoft.com/win/2004/08/events/event'><System><Provider Name='Microsoft-Windows-Sysmon' Guid='{5770385f-c22a-43e0-bf4c-06f5698ffbd9}'/><EventID>11</EventID><Version>2</Version><Level>4</Level><Task>11</Task><Opcode>0</Opcode><Keywords>0x8000000000000000</Keywords><TimeCreated SystemTime='2023-04-19T09:11:52.4347397Z'/><EventRecordID>4360</EventRecordID><Correlation/><Execution ProcessID='3388' ThreadID='5444'/><Channel>Microsoft-Windows-Sysmon/Operational</Channel><Computer>ThinkPad-Win10</Computer><Security UserID='S-1-5-18'/></System><EventData><Data Name='RuleName'>technique_id=T1574.010,technique_name=Services File Permissions Weakness</Data><Data Name='UtcTime'>2023-04-19 09:11:52.433</Data><Data Name='ProcessGuid'>{1255fde1-909e-643f-3f00-00000000ee00}</Data><Data Name='ProcessId'>2580</Data><Data Name='Image'>C:\Windows\system32\svchost.exe</Data><Data Name='TargetFilename'>C:\Windows\Prefetch\CHROME.EXE-039F1FCA.pf</Data><Data Name='CreationUtcTime'>2023-04-19 09:11:52.433</Data><Data Name='User'>NT AUTHORITY\SYSTEM</Data></EventData></Event><Event xmlns='http://schemas.microsoft.com/win/2004/08/events/event'><System><Provider Name='Microsoft-Windows-Sysmon' Guid='{5770385f-c22a-43e0-bf4c-06f5698ffbd9}'/><EventID>13</EventID><Version>2</Version><Level>4</Level><Task>13</Task><Opcode>0</Opcode><Keywords>0x8000000000000000</Keywords><TimeCreated SystemTime='2023-04-19T09:11:52.4320497Z'/><EventRecordID>4359</EventRecordID><Correlation/><Execution ProcessID='3388' ThreadID='5444'/><Channel>Microsoft-Windows-Sysmon/Operational</Channel><Computer>ThinkPad-Win10</Computer><Security UserID='S-1-5-18'/></System><EventData><Data Name='RuleName'>technique_id=T1543,technique_name=Service Creation</Data><Data Name='EventType'>SetValue</Data><Data Name='UtcTime'>2023-04-19 09:11:52.430</Data><Data Name='ProcessGuid'>{1255fde1-b056-643f-8302-00000000ee00}</Data><Data Name='ProcessId'>8784</Data><Data Name='Image'>C:\Program Files\Google\Chrome\Application\chrome.exe</Data><Data Name='TargetObject'>HKLM\System\CurrentControlSet\Services\bam\State\UserSettings\S-1-5-21-3737481589-311315860-1775043708-1000\\Device\HarddiskVolume4\Program Files\Google\Chrome\Application\chrome.exe</Data><Data Name='Details'>Binary Data</Data><Data Name='User'>THINKPAD-WIN10\smith</Data></EventData></Event><Event xmlns='http://schemas.microsoft.com/win/2004/08/events/event'><System><Provider Name='Microsoft-Windows-Sysmon' Guid='{5770385f-c22a-43e0-bf4c-06f5698ffbd9}'/><EventID>13</EventID><Version>2</Version><Level>4</Level><Task>13</Task><Opcode>0</Opcode><Keywords>0x8000000000000000</Keywords><TimeCreated SystemTime='2023-04-19T09:11:52.4318369Z'/><EventRecordID>4358</EventRecordID><Correlation/><Execution ProcessID='3388' ThreadID='5444'/><Channel>Microsoft-Windows-Sysmon/Operational</Channel><Computer>ThinkPad-Win10</Computer><Security UserID='S-1-5-18'/></System><EventData><Data Name='RuleName'>technique_id=T1543,technique_name=Service Creation</Data><Data Name='EventType'>SetValue</Data><Data Name='UtcTime'>2023-04-19 09:11:52.430</Data><Data Name='ProcessGuid'>{1255fde1-b057-643f-8702-00000000ee00}</Data><Data Name='ProcessId'>5456</Data><Data Name='Image'>C:\Program Files\Google\Chrome\Application\chrome.exe</Data><Data Name='TargetObject'>HKLM\System\CurrentControlSet\Services\bam\State\UserSettings\S-1-5-21-3737481589-311315860-1775043708-1000\\Device\HarddiskVolume4\Program Files\Google\Chrome\Application\chrome.exe</Data><Data Name='Details'>Binary Data</Data><Data Name='User'>THINKPAD-WIN10\smith</Data></EventData></Event><Event xmlns='http://schemas.microsoft.com/win/2004/08/events/event'><System><Provider Name='Microsoft-Windows-Sysmon' Guid='{5770385f-c22a-43e0-bf4c-06f5698ffbd9}'/><EventID>10</EventID><Version>3</Version><Level>4</Level><Task>10</Task><Opcode>0</Opcode><Keywords>0x8000000000000000</Keywords><TimeCreated SystemTime='2023-04-19T09:11:52.2472230Z'/><EventRecordID>4357</EventRecordID><Correlation/><Execution ProcessID='3388' ThreadID='5444'/><Channel>Microsoft-Windows-Sysmon/Operational</Channel><Computer>ThinkPad-Win10</Computer><Security UserID='S-1-5-18'/></System><EventData><Data Name='RuleName'>-</Data><Data Name='UtcTime'>2023-04-19 09:11:52.245</Data><Data Name='SourceProcessGUID'>{1255fde1-90bc-643f-8c00-00000000ee00}</Data><Data Name='SourceProcessId'>2228</Data><Data Name='SourceThreadId'>7188</Data><Data Name='SourceImage'>C:\Program Files (x86)\Huorong\Sysdiag\bin\PopBlock.exe</Data><Data Name='TargetProcessGUID'>{1255fde1-affd-643f-7a02-00000000ee00}</Data><Data Name='TargetProcessId'>6136</Data><Data Name='TargetImage'>C:\Users\smith\Desktop\Emergency Response\SysmonView.exe</Data><Data Name='GrantedAccess'>0x1410</Data><Data Name='CallTrace'>C:\Windows\SYSTEM32\ntdll.dll+9d524|C:\Windows\System32\wow64.dll+10955|C:\Windows\System32\wow64.dll+901a|C:\Windows\System32\wow64cpu.dll+17c3|C:\Windows\System32\wow64cpu.dll+11b9|C:\Windows\System32\wow64.dll+38c9|C:\Windows\System32\wow64.dll+32bd|C:\Windows\SYSTEM32\ntdll.dll+75089|C:\Windows\SYSTEM32\ntdll.dll+74c73|C:\Windows\SYSTEM32\ntdll.dll+74c1e|C:\Windows\SYSTEM32\ntdll.dll+72d1c(wow64)|C:\Windows\System32\KERNELBASE.dll+112bc8(wow64)|C:\Program Files (x86)\Huorong\Sysdiag\bin\POPBLKENG.dll+18730(wow64)|C:\Program Files (x86)\Huorong\Sysdiag\bin\POPBLKENG.dll+7572(wow64)|C:\Program Files (x86)\Huorong\Sysdiag\bin\POPBLKENG.dll+7cf0(wow64)|C:\Program Files (x86)\Huorong\Sysdiag\bin\POPBLKENG.dll+7426(wow64)|C:\Windows\System32\KERNEL32.DLL+20099(wow64)|C:\Windows\SYSTEM32\ntdll.dll+67b6e(wow64)|C:\Windows\SYSTEM32\ntdll.dll+67b3e(wow64)</Data><Data Name='SourceUser'>THINKPAD-WIN10\smith</Data><Data Name='TargetUser'>THINKPAD-WIN10\smith</Data></EventData></Event><Event xmlns='http://schemas.microsoft.com/win/2004/08/events/event'><System><Provider Name='Microsoft-Windows-Sysmon' Guid='{5770385f-c22a-43e0-bf4c-06f5698ffbd9}'/><EventID>13</EventID><Version>2</Version><Level>4</Level><Task>13</Task><Opcode>0</Opcode><Keywords>0x8000000000000000</Keywords><TimeCreated SystemTime='2023-04-19T09:11:52.2367851Z'/><EventRecordID>4356</EventRecordID><Correlation/><Execution ProcessID='3388' ThreadID='5444'/><Channel>Microsoft-Windows-Sysmon/Operational</Channel><Computer>ThinkPad-Win10</Computer><Security UserID='S-1-5-18'/></System><EventData><Data Name='RuleName'>technique_id=T1543,technique_name=Service Creation</Data><Data Name='EventType'>SetValue</Data><Data Name='UtcTime'>2023-04-19 09:11:52.235</Data><Data Name='ProcessGuid'>{1255fde1-b058-643f-8902-00000000ee00}</Data><Data Name='ProcessId'>9968</Data><Data Name='Image'>C:\Program Files\Google\Chrome\Application\chrome.exe</Data><Data Name='TargetObject'>HKLM\System\CurrentControlSet\Services\bam\State\UserSettings\S-1-5-21-3737481589-311315860-1775043708-1000\\Device\HarddiskVolume4\Program Files\Google\Chrome\Application\chrome.exe</Data><Data Name='Details'>Binary Data</Data><Data Name='User'>THINKPAD-WIN10\smith</Data></EventData></Event><Event xmlns='http://schemas.microsoft.com/win/2004/08/events/event'><System><Provider Name='Microsoft-Windows-Sysmon' Guid='{5770385f-c22a-43e0-bf4c-06f5698ffbd9}'/><EventID>13</EventID><Version>2</Version><Level>4</Level><Task>13</Task><Opcode>0</Opcode><Keywords>0x8000000000000000</Keywords><TimeCreated SystemTime='2023-04-19T09:11:52.1918535Z'/><EventRecordID>4355</EventRecordID><Correlation/><Execution ProcessID='3388' ThreadID='5444'/><Channel>Microsoft-Windows-Sysmon/Operational</Channel><Computer>ThinkPad-Win10</Computer><Security UserID='S-1-5-18'/></System><EventData><Data Name='RuleName'>technique_id=T1543,technique_name=Service Creation</Data><Data Name='EventType'>SetValue</Data><Data Name='UtcTime'>2023-04-19 09:11:52.190</Data><Data Name='ProcessGuid'>{1255fde1-b058-643f-8802-00000000ee00}</Data><Data Name='ProcessId'>3744</Data><Data Name='Image'>C:\Program Files\Google\Chrome\Application\chrome.exe</Data><Data Name='TargetObject'>HKLM\System\CurrentControlSet\Services\bam\State\UserSettings\S-1-5-21-3737481589-311315860-1775043708-1000\\Device\HarddiskVolume4\Program Files\Google\Chrome\Application\chrome.exe</Data><Data Name='Details'>Binary Data</Data><Data Name='User'>THINKPAD-WIN10\smith</Data></EventData></Event><Event xmlns='http://schemas.microsoft.com/win/2004/08/events/event'><System><Provider Name='Microsoft-Windows-Sysmon' Guid='{5770385f-c22a-43e0-bf4c-06f5698ffbd9}'/><EventID>13</EventID><Version>2</Version><Level>4</Level><Task>13</Task><Opcode>0</Opcode><Keywords>0x8000000000000000</Keywords><TimeCreated SystemTime='2023-04-19T09:11:52.1652797Z'/><EventRecordID>4354</EventRecordID><Correlation/><Execution ProcessID='3388' ThreadID='5444'/><Channel>Microsoft-Windows-Sysmon/Operational</Channel><Computer>ThinkPad-Win10</Computer><Security UserID='S-1-5-18'/></System><EventData><Data Name='RuleName'>technique_id=T1543,technique_name=Service Creation</Data><Data Name='EventType'>SetValue</Data><Data Name='UtcTime'>2023-04-19 09:11:52.165</Data><Data Name='ProcessGuid'>{1255fde1-b052-643f-7e02-00000000ee00}</Data><Data Name='ProcessId'>4272</Data><Data Name='Image'>C:\Program Files\Google\Chrome\Application\chrome.exe</Data><Data Name='TargetObject'>HKLM\System\CurrentControlSet\Services\bam\State\UserSettings\S-1-5-21-3737481589-311315860-1775043708-1000\\Device\HarddiskVolume4\Program Files\Google\Chrome\Application\chrome.exe</Data><Data Name='Details'>Binary Data</Data><Data Name='User'>THINKPAD-WIN10\smith</Data></EventData></Event><Event xmlns='http://schemas.microsoft.com/win/2004/08/events/event'><System><Provider Name='Microsoft-Windows-Sysmon' Guid='{5770385f-c22a-43e0-bf4c-06f5698ffbd9}'/><EventID>13</EventID><Version>2</Version><Level>4</Level><Task>13</Task><Opcode>0</Opcode><Keywords>0x8000000000000000</Keywords><TimeCreated SystemTime='2023-04-19T09:11:52.1193660Z'/><EventRecordID>4353</EventRecordID><Correlation/><Execution ProcessID='3388' ThreadID='5444'/><Channel>Microsoft-Windows-Sysmon/Operational</Channel><Computer>ThinkPad-Win10</Computer><Security UserID='S-1-5-18'/></System><EventData><Data Name='RuleName'>technique_id=T1543,technique_name=Service Creation</Data><Data Name='EventType'>SetValue</Data><Data Name='UtcTime'>2023-04-19 09:11:52.118</Data><Data Name='ProcessGuid'>{1255fde1-b052-643f-7e02-00000000ee00}</Data><Data Name='ProcessId'>4272</Data><Data Name='Image'>C:\Program Files\Google\Chrome\Application\chrome.exe</Data><Data Name='TargetObject'>HKLM\System\CurrentControlSet\Services\bam\State\UserSettings\S-1-5-21-3737481589-311315860-1775043708-1000\\Device\HarddiskVolume4\Program Files\Google\Chrome\Application\chrome.exe</Data><Data Name='Details'>Binary Data</Data><Data Name='User'>THINKPAD-WIN10\smith</Data></EventData></Event><Event xmlns='http://schemas.microsoft.com/win/2004/08/events/event'><System><Provider Name='Microsoft-Windows-Sysmon' Guid='{5770385f-c22a-43e0-bf4c-06f5698ffbd9}'/><EventID>10</EventID><Version>3</Version><Level>4</Level><Task>10</Task><Opcode>0</Opcode><Keywords>0x8000000000000000</Keywords><TimeCreated SystemTime='2023-04-19T09:11:51.9977960Z'/><EventRecordID>4352</EventRecordID><Correlation/><Execution ProcessID='3388' ThreadID='5444'/><Channel>Microsoft-Windows-Sysmon/Operational</Channel><Computer>ThinkPad-Win10</Computer><Security UserID='S-1-5-18'/></System><EventData><Data Name='RuleName'>-</Data><Data Name='UtcTime'>2023-04-19 09:11:51.997</Data><Data Name='SourceProcessGUID'>{1255fde1-90be-643f-9300-00000000ee00}</Data><Data Name='SourceProcessId'>7828</Data><Data Name='SourceThreadId'>3220</Data><Data Name='SourceImage'>C:\Windows\Explorer.EXE</Data><Data Name='TargetProcessGUID'>{1255fde1-affd-643f-7a02-00000000ee00}</Data><Data Name='TargetProcessId'>6136</Data><Data Name='TargetImage'>C:\Users\smith\Desktop\Emergency Response\SysmonView.exe</Data><Data Name='GrantedAccess'>0x2000</Data><Data Name='CallTrace'>C:\Windows\SYSTEM32\ntdll.dll+9d524|C:\Windows\System32\KERNELBASE.dll+3053e|C:\Windows\system32\twinui.dll+331cb|C:\Windows\SYSTEM32\ntdll.dll+71719|C:\Windows\SYSTEM32\ntdll.dll+531aa|C:\Windows\System32\KERNEL32.DLL+17604|C:\Windows\SYSTEM32\ntdll.dll+526a1</Data><Data Name='SourceUser'>THINKPAD-WIN10\smith</Data><Data Name='TargetUser'>THINKPAD-WIN10\smith</Data></EventData></Event><Event xmlns='http://schemas.microsoft.com/win/2004/08/events/event'><System><Provider Name='Microsoft-Windows-Sysmon' Guid='{5770385f-c22a-43e0-bf4c-06f5698ffbd9}'/><EventID>11</EventID><Version>2</Version><Level>4</Level><Task>11</Task><Opcode>0</Opcode><Keywords>0x8000000000000000</Keywords><TimeCreated SystemTime='2023-04-19T09:11:51.9175807Z'/><EventRecordID>4351</EventRecordID><Correlation/><Execution ProcessID='3388' ThreadID='5444'/><Channel>Microsoft-Windows-Sysmon/Operational</Channel><Computer>ThinkPad-Win10</Computer><Security UserID='S-1-5-18'/></System><EventData><Data Name='RuleName'>technique_id=T1574.010,technique_name=Services File Permissions Weakness</Data><Data Name='UtcTime'>2023-04-19 09:11:51.917</Data><Data Name='ProcessGuid'>{1255fde1-909b-643f-3000-00000000ee00}</Data><Data Name='ProcessId'>2232</Data><Data Name='Image'>C:\Program Files (x86)\Huorong\Sysdiag\bin\HipsDaemon.exe</Data><Data Name='TargetFilename'>C:\Windows\Temp\swapfs-28</Data><Data Name='CreationUtcTime'>2023-04-19 09:11:51.917</Data><Data Name='User'>NT AUTHORITY\SYSTEM</Data></EventData></Event><Event xmlns='http://schemas.microsoft.com/win/2004/08/events/event'><System><Provider Name='Microsoft-Windows-Sysmon' Guid='{5770385f-c22a-43e0-bf4c-06f5698ffbd9}'/><EventID>13</EventID><Version>2</Version><Level>4</Level><Task>13</Task><Opcode>0</Opcode><Keywords>0x8000000000000000</Keywords><TimeCreated SystemTime='2023-04-19T09:11:51.6146401Z'/><EventRecordID>4350</EventRecordID><Correlation/><Execution ProcessID='3388' ThreadID='5444'/><Channel>Microsoft-Windows-Sysmon/Operational</Channel><Computer>ThinkPad-Win10</Computer><Security UserID='S-1-5-18'/></System><EventData><Data Name='RuleName'>technique_id=T1543,technique_name=Service Creation</Data><Data Name='EventType'>SetValue</Data><Data Name='UtcTime'>2023-04-19 09:11:51.613</Data><Data Name='ProcessGuid'>{1255fde1-b052-643f-7e02-00000000ee00}</Data><Data Name='ProcessId'>4272</Data><Data Name='Image'>C:\Program Files\Google\Chrome\Application\chrome.exe</Data><Data Name='TargetObject'>HKLM\System\CurrentControlSet\Services\bam\State\UserSettings\S-1-5-21-3737481589-311315860-1775043708-1000\\Device\HarddiskVolume4\Program Files\Google\Chrome\Application\chrome.exe</Data><Data Name='Details'>Binary Data</Data><Data Name='User'>THINKPAD-WIN10\smith</Data></EventData></Event>