<Event xmlns='http://schemas.microsoft.com/win/2004/08/events/event'><System><Provider Name='Microsoft-Windows-Sysmon' Guid='{5770385f-c22a-43e0-bf4c-06f5698ffbd9}'/><EventID>10</EventID><Version>3</Version><Level>4</Level><Task>10</Task><Opcode>0</Opcode><Keywords>0x8000000000000000</Keywords><TimeCreated SystemTime='2023-04-19T09:11:20.9583168Z'/><EventRecordID>4231</EventRecordID><Correlation/><Execution ProcessID='3388' ThreadID='5444'/><Channel>Microsoft-Windows-Sysmon/Operational</Channel><Computer>ThinkPad-Win10</Computer><Security UserID='S-1-5-18'/></System><EventData><Data Name='RuleName'>-</Data><Data Name='UtcTime'>2023-04-19 09:11:20.957</Data><Data Name='SourceProcessGUID'>{1255fde1-90a2-643f-6700-00000000ee00}</Data><Data Name='SourceProcessId'>4620</Data><Data Name='SourceThreadId'>9028</Data><Data Name='SourceImage'>C:\Program Files\Parallels\Parallels Tools\Services\prl_tools.exe</Data><Data Name='TargetProcessGUID'>{1255fde1-affd-643f-7a02-00000000ee00}</Data><Data Name='TargetProcessId'>6136</Data><Data Name='TargetImage'>C:\Users\smith\Desktop\Emergency Response\SysmonView.exe</Data><Data Name='GrantedAccess'>0x1410</Data><Data Name='CallTrace'>C:\Windows\SYSTEM32\ntdll.dll+9d524|C:\Windows\System32\KERNELBASE.dll+3053e|C:\Program Files\Parallels\Parallels Tools\Services\Plugins\UserInputEmulation.dll+d8ae|C:\Program Files\Parallels\Parallels Tools\Services\Plugins\UserInputEmulation.dll+e623|C:\Program Files\Parallels\Parallels Tools\Services\Plugins\UserInputEmulation.dll+e3d8|C:\Program Files\Parallels\Parallels Tools\Services\Plugins\UserInputEmulation.dll+eafe|C:\Windows\System32\msvcrt.dll+3af5a|C:\Windows\System32\msvcrt.dll+3b02c|C:\Windows\System32\KERNEL32.DLL+17604|C:\Windows\SYSTEM32\ntdll.dll+526a1</Data><Data Name='SourceUser'>NT AUTHORITY\SYSTEM</Data><Data Name='TargetUser'>THINKPAD-WIN10\smith</Data></EventData></Event><Event xmlns='http://schemas.microsoft.com/win/2004/08/events/event'><System><Provider Name='Microsoft-Windows-Sysmon' Guid='{5770385f-c22a-43e0-bf4c-06f5698ffbd9}'/><EventID>10</EventID><Version>3</Version><Level>4</Level><Task>10</Task><Opcode>0</Opcode><Keywords>0x8000000000000000</Keywords><TimeCreated SystemTime='2023-04-19T09:11:20.9570889Z'/><EventRecordID>4230</EventRecordID><Correlation/><Execution ProcessID='3388' ThreadID='5444'/><Channel>Microsoft-Windows-Sysmon/Operational</Channel><Computer>ThinkPad-Win10</Computer><Security UserID='S-1-5-18'/></System><EventData><Data Name='RuleName'>-</Data><Data Name='UtcTime'>2023-04-19 09:11:20.956</Data><Data Name='SourceProcessGUID'>{1255fde1-90a2-643f-6700-00000000ee00}</Data><Data Name='SourceProcessId'>4620</Data><Data Name='SourceThreadId'>9028</Data><Data Name='SourceImage'>C:\Program Files\Parallels\Parallels Tools\Services\prl_tools.exe</Data><Data Name='TargetProcessGUID'>{1255fde1-affd-643f-7a02-00000000ee00}</Data><Data Name='TargetProcessId'>6136</Data><Data Name='TargetImage'>C:\Users\smith\Desktop\Emergency Response\SysmonView.exe</Data><Data Name='GrantedAccess'>0x1410</Data><Data Name='CallTrace'>C:\Windows\SYSTEM32\ntdll.dll+9d524|C:\Windows\System32\KERNELBASE.dll+3053e|C:\Program Files\Parallels\Parallels Tools\Services\Plugins\UserInputEmulation.dll+d8ae|C:\Program Files\Parallels\Parallels Tools\Services\Plugins\UserInputEmulation.dll+e623|C:\Program Files\Parallels\Parallels Tools\Services\Plugins\UserInputEmulation.dll+e3d8|C:\Program Files\Parallels\Parallels Tools\Services\Plugins\UserInputEmulation.dll+eafe|C:\Windows\System32\msvcrt.dll+3af5a|C:\Windows\System32\msvcrt.dll+3b02c|C:\Windows\System32\KERNEL32.DLL+17604|C:\Windows\SYSTEM32\ntdll.dll+526a1</Data><Data Name='SourceUser'>NT AUTHORITY\SYSTEM</Data><Data Name='TargetUser'>THINKPAD-WIN10\smith</Data></EventData></Event><Event xmlns='http://schemas.microsoft.com/win/2004/08/events/event'><System><Provider Name='Microsoft-Windows-Sysmon' Guid='{5770385f-c22a-43e0-bf4c-06f5698ffbd9}'/><EventID>10</EventID><Version>3</Version><Level>4</Level><Task>10</Task><Opcode>0</Opcode><Keywords>0x8000000000000000</Keywords><TimeCreated SystemTime='2023-04-19T09:11:20.9388253Z'/><EventRecordID>4229</EventRecordID><Correlation/><Execution ProcessID='3388' ThreadID='5444'/><Channel>Microsoft-Windows-Sysmon/Operational</Channel><Computer>ThinkPad-Win10</Computer><Security UserID='S-1-5-18'/></System><EventData><Data Name='RuleName'>-</Data><Data Name='UtcTime'>2023-04-19 09:11:20.937</Data><Data Name='SourceProcessGUID'>{1255fde1-90a2-643f-6700-00000000ee00}</Data><Data Name='SourceProcessId'>4620</Data><Data Name='SourceThreadId'>9028</Data><Data Name='SourceImage'>C:\Program Files\Parallels\Parallels Tools\Services\prl_tools.exe</Data><Data Name='TargetProcessGUID'>{1255fde1-affd-643f-7a02-00000000ee00}</Data><Data Name='TargetProcessId'>6136</Data><Data Name='TargetImage'>C:\Users\smith\Desktop\Emergency Response\SysmonView.exe</Data><Data Name='GrantedAccess'>0x1410</Data><Data Name='CallTrace'>C:\Windows\SYSTEM32\ntdll.dll+9d524|C:\Windows\System32\KERNELBASE.dll+3053e|C:\Program Files\Parallels\Parallels Tools\Services\Plugins\UserInputEmulation.dll+d8ae|C:\Program Files\Parallels\Parallels Tools\Services\Plugins\UserInputEmulation.dll+e623|C:\Program Files\Parallels\Parallels Tools\Services\Plugins\UserInputEmulation.dll+e3d8|C:\Program Files\Parallels\Parallels Tools\Services\Plugins\UserInputEmulation.dll+eafe|C:\Windows\System32\msvcrt.dll+3af5a|C:\Windows\System32\msvcrt.dll+3b02c|C:\Windows\System32\KERNEL32.DLL+17604|C:\Windows\SYSTEM32\ntdll.dll+526a1</Data><Data Name='SourceUser'>NT AUTHORITY\SYSTEM</Data><Data Name='TargetUser'>THINKPAD-WIN10\smith</Data></EventData></Event><Event xmlns='http://schemas.microsoft.com/win/2004/08/events/event'><System><Provider Name='Microsoft-Windows-Sysmon' Guid='{5770385f-c22a-43e0-bf4c-06f5698ffbd9}'/><EventID>10</EventID><Version>3</Version><Level>4</Level><Task>10</Task><Opcode>0</Opcode><Keywords>0x8000000000000000</Keywords><TimeCreated SystemTime='2023-04-19T09:11:20.9382394Z'/><EventRecordID>4228</EventRecordID><Correlation/><Execution ProcessID='3388' ThreadID='5444'/><Channel>Microsoft-Windows-Sysmon/Operational</Channel><Computer>ThinkPad-Win10</Computer><Security UserID='S-1-5-18'/></System><EventData><Data Name='RuleName'>-</Data><Data Name='UtcTime'>2023-04-19 09:11:20.937</Data><Data Name='SourceProcessGUID'>{1255fde1-90a2-643f-6700-00000000ee00}</Data><Data Name='SourceProcessId'>4620</Data><Data Name='SourceThreadId'>9028</Data><Data Name='SourceImage'>C:\Program Files\Parallels\Parallels Tools\Services\prl_tools.exe</Data><Data Name='TargetProcessGUID'>{1255fde1-affd-643f-7a02-00000000ee00}</Data><Data Name='TargetProcessId'>6136</Data><Data Name='TargetImage'>C:\Users\smith\Desktop\Emergency Response\SysmonView.exe</Data><Data Name='GrantedAccess'>0x1410</Data><Data Name='CallTrace'>C:\Windows\SYSTEM32\ntdll.dll+9d524|C:\Windows\System32\KERNELBASE.dll+3053e|C:\Program Files\Parallels\Parallels Tools\Services\Plugins\UserInputEmulation.dll+d8ae|C:\Program Files\Parallels\Parallels Tools\Services\Plugins\UserInputEmulation.dll+e623|C:\Program Files\Parallels\Parallels Tools\Services\Plugins\UserInputEmulation.dll+e3d8|C:\Program Files\Parallels\Parallels Tools\Services\Plugins\UserInputEmulation.dll+eafe|C:\Windows\System32\msvcrt.dll+3af5a|C:\Windows\System32\msvcrt.dll+3b02c|C:\Windows\System32\KERNEL32.DLL+17604|C:\Windows\SYSTEM32\ntdll.dll+526a1</Data><Data Name='SourceUser'>NT AUTHORITY\SYSTEM</Data><Data Name='TargetUser'>THINKPAD-WIN10\smith</Data></EventData></Event><Event xmlns='http://schemas.microsoft.com/win/2004/08/events/event'><System><Provider Name='Microsoft-Windows-Sysmon' Guid='{5770385f-c22a-43e0-bf4c-06f5698ffbd9}'/><EventID>10</EventID><Version>3</Version><Level>4</Level><Task>10</Task><Opcode>0</Opcode><Keywords>0x8000000000000000</Keywords><TimeCreated SystemTime='2023-04-19T09:11:20.0321802Z'/><EventRecordID>4227</EventRecordID><Correlation/><Execution ProcessID='3388' ThreadID='5444'/><Channel>Microsoft-Windows-Sysmon/Operational</Channel><Computer>ThinkPad-Win10</Computer><Security UserID='S-1-5-18'/></System><EventData><Data Name='RuleName'>-</Data><Data Name='UtcTime'>2023-04-19 09:11:20.031</Data><Data Name='SourceProcessGUID'>{1255fde1-90be-643f-9300-00000000ee00}</Data><Data Name='SourceProcessId'>7828</Data><Data Name='SourceThreadId'>9040</Data><Data Name='SourceImage'>C:\Windows\Explorer.EXE</Data><Data Name='TargetProcessGUID'>{1255fde1-affd-643f-7a02-00000000ee00}</Data><Data Name='TargetProcessId'>6136</Data><Data Name='TargetImage'>C:\Users\smith\Desktop\Emergency Response\SysmonView.exe</Data><Data Name='GrantedAccess'>0x2000</Data><Data Name='CallTrace'>C:\Windows\SYSTEM32\ntdll.dll+9d524|C:\Windows\System32\KERNELBASE.dll+3053e|C:\Windows\system32\twinui.dll+331cb|C:\Windows\SYSTEM32\ntdll.dll+71719|C:\Windows\SYSTEM32\ntdll.dll+531aa|C:\Windows\System32\KERNEL32.DLL+17604|C:\Windows\SYSTEM32\ntdll.dll+526a1</Data><Data Name='SourceUser'>THINKPAD-WIN10\smith</Data><Data Name='TargetUser'>THINKPAD-WIN10\smith</Data></EventData></Event><Event xmlns='http://schemas.microsoft.com/win/2004/08/events/event'><System><Provider Name='Microsoft-Windows-Sysmon' Guid='{5770385f-c22a-43e0-bf4c-06f5698ffbd9}'/><EventID>10</EventID><Version>3</Version><Level>4</Level><Task>10</Task><Opcode>0</Opcode><Keywords>0x8000000000000000</Keywords><TimeCreated SystemTime='2023-04-19T09:11:17.5268225Z'/><EventRecordID>4226</EventRecordID><Correlation/><Execution ProcessID='3388' ThreadID='5444'/><Channel>Microsoft-Windows-Sysmon/Operational</Channel><Computer>ThinkPad-Win10</Computer><Security UserID='S-1-5-18'/></System><EventData><Data Name='RuleName'>-</Data><Data Name='UtcTime'>2023-04-19 09:11:17.525</Data><Data Name='SourceProcessGUID'>{1255fde1-90a2-643f-6700-00000000ee00}</Data><Data Name='SourceProcessId'>4620</Data><Data Name='SourceThreadId'>9028</Data><Data Name='SourceImage'>C:\Program Files\Parallels\Parallels Tools\Services\prl_tools.exe</Data><Data Name='TargetProcessGUID'>{1255fde1-affd-643f-7a02-00000000ee00}</Data><Data Name='TargetProcessId'>6136</Data><Data Name='TargetImage'>C:\Users\smith\Desktop\Emergency Response\SysmonView.exe</Data><Data Name='GrantedAccess'>0x1410</Data><Data Name='CallTrace'>C:\Windows\SYSTEM32\ntdll.dll+9d524|C:\Windows\System32\KERNELBASE.dll+3053e|C:\Program Files\Parallels\Parallels Tools\Services\Plugins\UserInputEmulation.dll+d8ae|C:\Program Files\Parallels\Parallels Tools\Services\Plugins\UserInputEmulation.dll+e623|C:\Program Files\Parallels\Parallels Tools\Services\Plugins\UserInputEmulation.dll+e3d8|C:\Program Files\Parallels\Parallels Tools\Services\Plugins\UserInputEmulation.dll+eafe|C:\Windows\System32\msvcrt.dll+3af5a|C:\Windows\System32\msvcrt.dll+3b02c|C:\Windows\System32\KERNEL32.DLL+17604|C:\Windows\SYSTEM32\ntdll.dll+526a1</Data><Data Name='SourceUser'>NT AUTHORITY\SYSTEM</Data><Data Name='TargetUser'>THINKPAD-WIN10\smith</Data></EventData></Event><Event xmlns='http://schemas.microsoft.com/win/2004/08/events/event'><System><Provider Name='Microsoft-Windows-Sysmon' Guid='{5770385f-c22a-43e0-bf4c-06f5698ffbd9}'/><EventID>10</EventID><Version>3</Version><Level>4</Level><Task>10</Task><Opcode>0</Opcode><Keywords>0x8000000000000000</Keywords><TimeCreated SystemTime='2023-04-19T09:11:17.5256580Z'/><EventRecordID>4225</EventRecordID><Correlation/><Execution ProcessID='3388' ThreadID='5444'/><Channel>Microsoft-Windows-Sysmon/Operational</Channel><Computer>ThinkPad-Win10</Computer><Security UserID='S-1-5-18'/></System><EventData><Data Name='RuleName'>-</Data><Data Name='UtcTime'>2023-04-19 09:11:17.524</Data><Data Name='SourceProcessGUID'>{1255fde1-90a2-643f-6700-00000000ee00}</Data><Data Name='SourceProcessId'>4620</Data><Data Name='SourceThreadId'>9028</Data><Data Name='SourceImage'>C:\Program Files\Parallels\Parallels Tools\Services\prl_tools.exe</Data><Data Name='TargetProcessGUID'>{1255fde1-affd-643f-7a02-00000000ee00}</Data><Data Name='TargetProcessId'>6136</Data><Data Name='TargetImage'>C:\Users\smith\Desktop\Emergency Response\SysmonView.exe</Data><Data Name='GrantedAccess'>0x1410</Data><Data Name='CallTrace'>C:\Windows\SYSTEM32\ntdll.dll+9d524|C:\Windows\System32\KERNELBASE.dll+3053e|C:\Program Files\Parallels\Parallels Tools\Services\Plugins\UserInputEmulation.dll+d8ae|C:\Program Files\Parallels\Parallels Tools\Services\Plugins\UserInputEmulation.dll+e623|C:\Program Files\Parallels\Parallels Tools\Services\Plugins\UserInputEmulation.dll+e3d8|C:\Program Files\Parallels\Parallels Tools\Services\Plugins\UserInputEmulation.dll+eafe|C:\Windows\System32\msvcrt.dll+3af5a|C:\Windows\System32\msvcrt.dll+3b02c|C:\Windows\System32\KERNEL32.DLL+17604|C:\Windows\SYSTEM32\ntdll.dll+526a1</Data><Data Name='SourceUser'>NT AUTHORITY\SYSTEM</Data><Data Name='TargetUser'>THINKPAD-WIN10\smith</Data></EventData></Event><Event xmlns='http://schemas.microsoft.com/win/2004/08/events/event'><System><Provider Name='Microsoft-Windows-Sysmon' Guid='{5770385f-c22a-43e0-bf4c-06f5698ffbd9}'/><EventID>10</EventID><Version>3</Version><Level>4</Level><Task>10</Task><Opcode>0</Opcode><Keywords>0x8000000000000000</Keywords><TimeCreated SystemTime='2023-04-19T09:11:16.9881738Z'/><EventRecordID>4224</EventRecordID><Correlation/><Execution ProcessID='3388' ThreadID='5444'/><Channel>Microsoft-Windows-Sysmon/Operational</Channel><Computer>ThinkPad-Win10</Computer><Security UserID='S-1-5-18'/></System><EventData><Data Name='RuleName'>-</Data><Data Name='UtcTime'>2023-04-19 09:11:16.987</Data><Data Name='SourceProcessGUID'>{1255fde1-90a2-643f-6700-00000000ee00}</Data><Data Name='SourceProcessId'>4620</Data><Data Name='SourceThreadId'>9028</Data><Data Name='SourceImage'>C:\Program Files\Parallels\Parallels Tools\Services\prl_tools.exe</Data><Data Name='TargetProcessGUID'>{1255fde1-affd-643f-7a02-00000000ee00}</Data><Data Name='TargetProcessId'>6136</Data><Data Name='TargetImage'>C:\Users\smith\Desktop\Emergency Response\SysmonView.exe</Data><Data Name='GrantedAccess'>0x1410</Data><Data Name='CallTrace'>C:\Windows\SYSTEM32\ntdll.dll+9d524|C:\Windows\System32\KERNELBASE.dll+3053e|C:\Program Files\Parallels\Parallels Tools\Services\Plugins\UserInputEmulation.dll+d8ae|C:\Program Files\Parallels\Parallels Tools\Services\Plugins\UserInputEmulation.dll+e623|C:\Program Files\Parallels\Parallels Tools\Services\Plugins\UserInputEmulation.dll+e3d8|C:\Program Files\Parallels\Parallels Tools\Services\Plugins\UserInputEmulation.dll+eafe|C:\Windows\System32\msvcrt.dll+3af5a|C:\Windows\System32\msvcrt.dll+3b02c|C:\Windows\System32\KERNEL32.DLL+17604|C:\Windows\SYSTEM32\ntdll.dll+526a1</Data><Data Name='SourceUser'>NT AUTHORITY\SYSTEM</Data><Data Name='TargetUser'>THINKPAD-WIN10\smith</Data></EventData></Event><Event xmlns='http://schemas.microsoft.com/win/2004/08/events/event'><System><Provider Name='Microsoft-Windows-Sysmon' Guid='{5770385f-c22a-43e0-bf4c-06f5698ffbd9}'/><EventID>10</EventID><Version>3</Version><Level>4</Level><Task>10</Task><Opcode>0</Opcode><Keywords>0x8000000000000000</Keywords><TimeCreated SystemTime='2023-04-19T09:11:16.9880275Z'/><EventRecordID>4223</EventRecordID><Correlation/><Execution ProcessID='3388' ThreadID='5444'/><Channel>Microsoft-Windows-Sysmon/Operational</Channel><Computer>ThinkPad-Win10</Computer><Security UserID='S-1-5-18'/></System><EventData><Data Name='RuleName'>-</Data><Data Name='UtcTime'>2023-04-19 09:11:16.986</Data><Data Name='SourceProcessGUID'>{1255fde1-90a2-643f-6700-00000000ee00}</Data><Data Name='SourceProcessId'>4620</Data><Data Name='SourceThreadId'>9028</Data><Data Name='SourceImage'>C:\Program Files\Parallels\Parallels Tools\Services\prl_tools.exe</Data><Data Name='TargetProcessGUID'>{1255fde1-affd-643f-7a02-00000000ee00}</Data><Data Name='TargetProcessId'>6136</Data><Data Name='TargetImage'>C:\Users\smith\Desktop\Emergency Response\SysmonView.exe</Data><Data Name='GrantedAccess'>0x1410</Data><Data Name='CallTrace'>C:\Windows\SYSTEM32\ntdll.dll+9d524|C:\Windows\System32\KERNELBASE.dll+3053e|C:\Program Files\Parallels\Parallels Tools\Services\Plugins\UserInputEmulation.dll+d8ae|C:\Program Files\Parallels\Parallels Tools\Services\Plugins\UserInputEmulation.dll+e623|C:\Program Files\Parallels\Parallels Tools\Services\Plugins\UserInputEmulation.dll+e3d8|C:\Program Files\Parallels\Parallels Tools\Services\Plugins\UserInputEmulation.dll+eafe|C:\Windows\System32\msvcrt.dll+3af5a|C:\Windows\System32\msvcrt.dll+3b02c|C:\Windows\System32\KERNEL32.DLL+17604|C:\Windows\SYSTEM32\ntdll.dll+526a1</Data><Data Name='SourceUser'>NT AUTHORITY\SYSTEM</Data><Data Name='TargetUser'>THINKPAD-WIN10\smith</Data></EventData></Event><Event xmlns='http://schemas.microsoft.com/win/2004/08/events/event'><System><Provider Name='Microsoft-Windows-Sysmon' Guid='{5770385f-c22a-43e0-bf4c-06f5698ffbd9}'/><EventID>10</EventID><Version>3</Version><Level>4</Level><Task>10</Task><Opcode>0</Opcode><Keywords>0x8000000000000000</Keywords><TimeCreated SystemTime='2023-04-19T09:11:16.9740611Z'/><EventRecordID>4222</EventRecordID><Correlation/><Execution ProcessID='3388' ThreadID='5444'/><Channel>Microsoft-Windows-Sysmon/Operational</Channel><Computer>ThinkPad-Win10</Computer><Security UserID='S-1-5-18'/></System><EventData><Data Name='RuleName'>-</Data><Data Name='UtcTime'>2023-04-19 09:11:16.973</Data><Data Name='SourceProcessGUID'>{1255fde1-90a2-643f-6700-00000000ee00}</Data><Data Name='SourceProcessId'>4620</Data><Data Name='SourceThreadId'>9028</Data><Data Name='SourceImage'>C:\Program Files\Parallels\Parallels Tools\Services\prl_tools.exe</Data><Data Name='TargetProcessGUID'>{1255fde1-affd-643f-7a02-00000000ee00}</Data><Data Name='TargetProcessId'>6136</Data><Data Name='TargetImage'>C:\Users\smith\Desktop\Emergency Response\SysmonView.exe</Data><Data Name='GrantedAccess'>0x1410</Data><Data Name='CallTrace'>C:\Windows\SYSTEM32\ntdll.dll+9d524|C:\Windows\System32\KERNELBASE.dll+3053e|C:\Program Files\Parallels\Parallels Tools\Services\Plugins\UserInputEmulation.dll+d8ae|C:\Program Files\Parallels\Parallels Tools\Services\Plugins\UserInputEmulation.dll+e623|C:\Program Files\Parallels\Parallels Tools\Services\Plugins\UserInputEmulation.dll+e3d8|C:\Program Files\Parallels\Parallels Tools\Services\Plugins\UserInputEmulation.dll+eafe|C:\Windows\System32\msvcrt.dll+3af5a|C:\Windows\System32\msvcrt.dll+3b02c|C:\Windows\System32\KERNEL32.DLL+17604|C:\Windows\SYSTEM32\ntdll.dll+526a1</Data><Data Name='SourceUser'>NT AUTHORITY\SYSTEM</Data><Data Name='TargetUser'>THINKPAD-WIN10\smith</Data></EventData></Event><Event xmlns='http://schemas.microsoft.com/win/2004/08/events/event'><System><Provider Name='Microsoft-Windows-Sysmon' Guid='{5770385f-c22a-43e0-bf4c-06f5698ffbd9}'/><EventID>10</EventID><Version>3</Version><Level>4</Level><Task>10</Task><Opcode>0</Opcode><Keywords>0x8000000000000000</Keywords><TimeCreated SystemTime='2023-04-19T09:11:16.9720307Z'/><EventRecordID>4221</EventRecordID><Correlation/><Execution ProcessID='3388' ThreadID='5444'/><Channel>Microsoft-Windows-Sysmon/Operational</Channel><Computer>ThinkPad-Win10</Computer><Security UserID='S-1-5-18'/></System><EventData><Data Name='RuleName'>-</Data><Data Name='UtcTime'>2023-04-19 09:11:16.971</Data><Data Name='SourceProcessGUID'>{1255fde1-90a2-643f-6700-00000000ee00}</Data><Data Name='SourceProcessId'>4620</Data><Data Name='SourceThreadId'>9028</Data><Data Name='SourceImage'>C:\Program Files\Parallels\Parallels Tools\Services\prl_tools.exe</Data><Data Name='TargetProcessGUID'>{1255fde1-affd-643f-7a02-00000000ee00}</Data><Data Name='TargetProcessId'>6136</Data><Data Name='TargetImage'>C:\Users\smith\Desktop\Emergency Response\SysmonView.exe</Data><Data Name='GrantedAccess'>0x1410</Data><Data Name='CallTrace'>C:\Windows\SYSTEM32\ntdll.dll+9d524|C:\Windows\System32\KERNELBASE.dll+3053e|C:\Program Files\Parallels\Parallels Tools\Services\Plugins\UserInputEmulation.dll+d8ae|C:\Program Files\Parallels\Parallels Tools\Services\Plugins\UserInputEmulation.dll+e623|C:\Program Files\Parallels\Parallels Tools\Services\Plugins\UserInputEmulation.dll+e3d8|C:\Program Files\Parallels\Parallels Tools\Services\Plugins\UserInputEmulation.dll+eafe|C:\Windows\System32\msvcrt.dll+3af5a|C:\Windows\System32\msvcrt.dll+3b02c|C:\Windows\System32\KERNEL32.DLL+17604|C:\Windows\SYSTEM32\ntdll.dll+526a1</Data><Data Name='SourceUser'>NT AUTHORITY\SYSTEM</Data><Data Name='TargetUser'>THINKPAD-WIN10\smith</Data></EventData></Event><Event xmlns='http://schemas.microsoft.com/win/2004/08/events/event'><System><Provider Name='Microsoft-Windows-Sysmon' Guid='{5770385f-c22a-43e0-bf4c-06f5698ffbd9}'/><EventID>10</EventID><Version>3</Version><Level>4</Level><Task>10</Task><Opcode>0</Opcode><Keywords>0x8000000000000000</Keywords><TimeCreated SystemTime='2023-04-19T09:11:16.9557979Z'/><EventRecordID>4220</EventRecordID><Correlation/><Execution ProcessID='3388' ThreadID='5444'/><Channel>Microsoft-Windows-Sysmon/Operational</Channel><Computer>ThinkPad-Win10</Computer><Security UserID='S-1-5-18'/></System><EventData><Data Name='RuleName'>-</Data><Data Name='UtcTime'>2023-04-19 09:11:16.955</Data><Data Name='SourceProcessGUID'>{1255fde1-90a2-643f-6700-00000000ee00}</Data><Data Name='SourceProcessId'>4620</Data><Data Name='SourceThreadId'>9028</Data><Data Name='SourceImage'>C:\Program Files\Parallels\Parallels Tools\Services\prl_tools.exe</Data><Data Name='TargetProcessGUID'>{1255fde1-affd-643f-7a02-00000000ee00}</Data><Data Name='TargetProcessId'>6136</Data><Data Name='TargetImage'>C:\Users\smith\Desktop\Emergency Response\SysmonView.exe</Data><Data Name='GrantedAccess'>0x1410</Data><Data Name='CallTrace'>C:\Windows\SYSTEM32\ntdll.dll+9d524|C:\Windows\System32\KERNELBASE.dll+3053e|C:\Program Files\Parallels\Parallels Tools\Services\Plugins\UserInputEmulation.dll+d8ae|C:\Program Files\Parallels\Parallels Tools\Services\Plugins\UserInputEmulation.dll+e623|C:\Program Files\Parallels\Parallels Tools\Services\Plugins\UserInputEmulation.dll+e3d8|C:\Program Files\Parallels\Parallels Tools\Services\Plugins\UserInputEmulation.dll+eafe|C:\Windows\System32\msvcrt.dll+3af5a|C:\Windows\System32\msvcrt.dll+3b02c|C:\Windows\System32\KERNEL32.DLL+17604|C:\Windows\SYSTEM32\ntdll.dll+526a1</Data><Data Name='SourceUser'>NT AUTHORITY\SYSTEM</Data><Data Name='TargetUser'>THINKPAD-WIN10\smith</Data></EventData></Event><Event xmlns='http://schemas.microsoft.com/win/2004/08/events/event'><System><Provider Name='Microsoft-Windows-Sysmon' Guid='{5770385f-c22a-43e0-bf4c-06f5698ffbd9}'/><EventID>10</EventID><Version>3</Version><Level>4</Level><Task>10</Task><Opcode>0</Opcode><Keywords>0x8000000000000000</Keywords><TimeCreated SystemTime='2023-04-19T09:11:16.9547434Z'/><EventRecordID>4219</EventRecordID><Correlation/><Execution ProcessID='3388' ThreadID='5444'/><Channel>Microsoft-Windows-Sysmon/Operational</Channel><Computer>ThinkPad-Win10</Computer><Security UserID='S-1-5-18'/></System><EventData><Data Name='RuleName'>-</Data><Data Name='UtcTime'>2023-04-19 09:11:16.953</Data><Data Name='SourceProcessGUID'>{1255fde1-90a2-643f-6700-00000000ee00}</Data><Data Name='SourceProcessId'>4620</Data><Data Name='SourceThreadId'>9028</Data><Data Name='SourceImage'>C:\Program Files\Parallels\Parallels Tools\Services\prl_tools.exe</Data><Data Name='TargetProcessGUID'>{1255fde1-affd-643f-7a02-00000000ee00}</Data><Data Name='TargetProcessId'>6136</Data><Data Name='TargetImage'>C:\Users\smith\Desktop\Emergency Response\SysmonView.exe</Data><Data Name='GrantedAccess'>0x1410</Data><Data Name='CallTrace'>C:\Windows\SYSTEM32\ntdll.dll+9d524|C:\Windows\System32\KERNELBASE.dll+3053e|C:\Program Files\Parallels\Parallels Tools\Services\Plugins\UserInputEmulation.dll+d8ae|C:\Program Files\Parallels\Parallels Tools\Services\Plugins\UserInputEmulation.dll+e623|C:\Program Files\Parallels\Parallels Tools\Services\Plugins\UserInputEmulation.dll+e3d8|C:\Program Files\Parallels\Parallels Tools\Services\Plugins\UserInputEmulation.dll+eafe|C:\Windows\System32\msvcrt.dll+3af5a|C:\Windows\System32\msvcrt.dll+3b02c|C:\Windows\System32\KERNEL32.DLL+17604|C:\Windows\SYSTEM32\ntdll.dll+526a1</Data><Data Name='SourceUser'>NT AUTHORITY\SYSTEM</Data><Data Name='TargetUser'>THINKPAD-WIN10\smith</Data></EventData></Event><Event xmlns='http://schemas.microsoft.com/win/2004/08/events/event'><System><Provider Name='Microsoft-Windows-Sysmon' Guid='{5770385f-c22a-43e0-bf4c-06f5698ffbd9}'/><EventID>10</EventID><Version>3</Version><Level>4</Level><Task>10</Task><Opcode>0</Opcode><Keywords>0x8000000000000000</Keywords><TimeCreated SystemTime='2023-04-19T09:11:16.9399959Z'/><EventRecordID>4218</EventRecordID><Correlation/><Execution ProcessID='3388' ThreadID='5444'/><Channel>Microsoft-Windows-Sysmon/Operational</Channel><Computer>ThinkPad-Win10</Computer><Security UserID='S-1-5-18'/></System><EventData><Data Name='RuleName'>-</Data><Data Name='UtcTime'>2023-04-19 09:11:16.939</Data><Data Name='SourceProcessGUID'>{1255fde1-90a2-643f-6700-00000000ee00}</Data><Data Name='SourceProcessId'>4620</Data><Data Name='SourceThreadId'>9028</Data><Data Name='SourceImage'>C:\Program Files\Parallels\Parallels Tools\Services\prl_tools.exe</Data><Data Name='TargetProcessGUID'>{1255fde1-affd-643f-7a02-00000000ee00}</Data><Data Name='TargetProcessId'>6136</Data><Data Name='TargetImage'>C:\Users\smith\Desktop\Emergency Response\SysmonView.exe</Data><Data Name='GrantedAccess'>0x1410</Data><Data Name='CallTrace'>C:\Windows\SYSTEM32\ntdll.dll+9d524|C:\Windows\System32\KERNELBASE.dll+3053e|C:\Program Files\Parallels\Parallels Tools\Services\Plugins\UserInputEmulation.dll+d8ae|C:\Program Files\Parallels\Parallels Tools\Services\Plugins\UserInputEmulation.dll+e623|C:\Program Files\Parallels\Parallels Tools\Services\Plugins\UserInputEmulation.dll+e3d8|C:\Program Files\Parallels\Parallels Tools\Services\Plugins\UserInputEmulation.dll+eafe|C:\Windows\System32\msvcrt.dll+3af5a|C:\Windows\System32\msvcrt.dll+3b02c|C:\Windows\System32\KERNEL32.DLL+17604|C:\Windows\SYSTEM32\ntdll.dll+526a1</Data><Data Name='SourceUser'>NT AUTHORITY\SYSTEM</Data><Data Name='TargetUser'>THINKPAD-WIN10\smith</Data></EventData></Event><Event xmlns='http://schemas.microsoft.com/win/2004/08/events/event'><System><Provider Name='Microsoft-Windows-Sysmon' Guid='{5770385f-c22a-43e0-bf4c-06f5698ffbd9}'/><EventID>10</EventID><Version>3</Version><Level>4</Level><Task>10</Task><Opcode>0</Opcode><Keywords>0x8000000000000000</Keywords><TimeCreated SystemTime='2023-04-19T09:11:16.9384867Z'/><EventRecordID>4217</EventRecordID><Correlation/><Execution ProcessID='3388' ThreadID='5444'/><Channel>Microsoft-Windows-Sysmon/Operational</Channel><Computer>ThinkPad-Win10</Computer><Security UserID='S-1-5-18'/></System><EventData><Data Name='RuleName'>-</Data><Data Name='UtcTime'>2023-04-19 09:11:16.937</Data><Data Name='SourceProcessGUID'>{1255fde1-90a2-643f-6700-00000000ee00}</Data><Data Name='SourceProcessId'>4620</Data><Data Name='SourceThreadId'>9028</Data><Data Name='SourceImage'>C:\Program Files\Parallels\Parallels Tools\Services\prl_tools.exe</Data><Data Name='TargetProcessGUID'>{1255fde1-affd-643f-7a02-00000000ee00}</Data><Data Name='TargetProcessId'>6136</Data><Data Name='TargetImage'>C:\Users\smith\Desktop\Emergency Response\SysmonView.exe</Data><Data Name='GrantedAccess'>0x1410</Data><Data Name='CallTrace'>C:\Windows\SYSTEM32\ntdll.dll+9d524|C:\Windows\System32\KERNELBASE.dll+3053e|C:\Program Files\Parallels\Parallels Tools\Services\Plugins\UserInputEmulation.dll+d8ae|C:\Program Files\Parallels\Parallels Tools\Services\Plugins\UserInputEmulation.dll+e623|C:\Program Files\Parallels\Parallels Tools\Services\Plugins\UserInputEmulation.dll+e3d8|C:\Program Files\Parallels\Parallels Tools\Services\Plugins\UserInputEmulation.dll+eafe|C:\Windows\System32\msvcrt.dll+3af5a|C:\Windows\System32\msvcrt.dll+3b02c|C:\Windows\System32\KERNEL32.DLL+17604|C:\Windows\SYSTEM32\ntdll.dll+526a1</Data><Data Name='SourceUser'>NT AUTHORITY\SYSTEM</Data><Data Name='TargetUser'>THINKPAD-WIN10\smith</Data></EventData></Event><Event xmlns='http://schemas.microsoft.com/win/2004/08/events/event'><System><Provider Name='Microsoft-Windows-Sysmon' Guid='{5770385f-c22a-43e0-bf4c-06f5698ffbd9}'/><EventID>10</EventID><Version>3</Version><Level>4</Level><Task>10</Task><Opcode>0</Opcode><Keywords>0x8000000000000000</Keywords><TimeCreated SystemTime='2023-04-19T09:11:16.5042276Z'/><EventRecordID>4216</EventRecordID><Correlation/><Execution ProcessID='3388' ThreadID='5444'/><Channel>Microsoft-Windows-Sysmon/Operational</Channel><Computer>ThinkPad-Win10</Computer><Security UserID='S-1-5-18'/></System><EventData><Data Name='RuleName'>-</Data><Data Name='UtcTime'>2023-04-19 09:11:16.503</Data><Data Name='SourceProcessGUID'>{1255fde1-90bc-643f-8c00-00000000ee00}</Data><Data Name='SourceProcessId'>2228</Data><Data Name='SourceThreadId'>7188</Data><Data Name='SourceImage'>C:\Program Files (x86)\Huorong\Sysdiag\bin\PopBlock.exe</Data><Data Name='TargetProcessGUID'>{1255fde1-affd-643f-7a02-00000000ee00}</Data><Data Name='TargetProcessId'>6136</Data><Data Name='TargetImage'>C:\Users\smith\Desktop\Emergency Response\SysmonView.exe</Data><Data Name='GrantedAccess'>0x1410</Data><Data Name='CallTrace'>C:\Windows\SYSTEM32\ntdll.dll+9d524|C:\Windows\System32\wow64.dll+10955|C:\Windows\System32\wow64.dll+901a|C:\Windows\System32\wow64cpu.dll+17c3|C:\Windows\System32\wow64cpu.dll+11b9|C:\Windows\System32\wow64.dll+38c9|C:\Windows\System32\wow64.dll+32bd|C:\Windows\SYSTEM32\ntdll.dll+75089|C:\Windows\SYSTEM32\ntdll.dll+74c73|C:\Windows\SYSTEM32\ntdll.dll+74c1e|C:\Windows\SYSTEM32\ntdll.dll+72d1c(wow64)|C:\Windows\System32\KERNELBASE.dll+112bc8(wow64)|C:\Program Files (x86)\Huorong\Sysdiag\bin\POPBLKENG.dll+18730(wow64)|C:\Program Files (x86)\Huorong\Sysdiag\bin\POPBLKENG.dll+7572(wow64)|C:\Program Files (x86)\Huorong\Sysdiag\bin\POPBLKENG.dll+7cf0(wow64)|C:\Program Files (x86)\Huorong\Sysdiag\bin\POPBLKENG.dll+7426(wow64)|C:\Windows\System32\KERNEL32.DLL+20099(wow64)|C:\Windows\SYSTEM32\ntdll.dll+67b6e(wow64)|C:\Windows\SYSTEM32\ntdll.dll+67b3e(wow64)</Data><Data Name='SourceUser'>THINKPAD-WIN10\smith</Data><Data Name='TargetUser'>THINKPAD-WIN10\smith</Data></EventData></Event><Event xmlns='http://schemas.microsoft.com/win/2004/08/events/event'><System><Provider Name='Microsoft-Windows-Sysmon' Guid='{5770385f-c22a-43e0-bf4c-06f5698ffbd9}'/><EventID>10</EventID><Version>3</Version><Level>4</Level><Task>10</Task><Opcode>0</Opcode><Keywords>0x8000000000000000</Keywords><TimeCreated SystemTime='2023-04-19T09:11:16.1550813Z'/><EventRecordID>4215</EventRecordID><Correlation/><Execution ProcessID='3388' ThreadID='5444'/><Channel>Microsoft-Windows-Sysmon/Operational</Channel><Computer>ThinkPad-Win10</Computer><Security UserID='S-1-5-18'/></System><EventData><Data Name='RuleName'>-</Data><Data Name='UtcTime'>2023-04-19 09:11:16.154</Data><Data Name='SourceProcessGUID'>{1255fde1-90a2-643f-6700-00000000ee00}</Data><Data Name='SourceProcessId'>4620</Data><Data Name='SourceThreadId'>9028</Data><Data Name='SourceImage'>C:\Program Files\Parallels\Parallels Tools\Services\prl_tools.exe</Data><Data Name='TargetProcessGUID'>{1255fde1-affd-643f-7a02-00000000ee00}</Data><Data Name='TargetProcessId'>6136</Data><Data Name='TargetImage'>C:\Users\smith\Desktop\Emergency Response\SysmonView.exe</Data><Data Name='GrantedAccess'>0x1410</Data><Data Name='CallTrace'>C:\Windows\SYSTEM32\ntdll.dll+9d524|C:\Windows\System32\KERNELBASE.dll+3053e|C:\Program Files\Parallels\Parallels Tools\Services\Plugins\UserInputEmulation.dll+d8ae|C:\Program Files\Parallels\Parallels Tools\Services\Plugins\UserInputEmulation.dll+e623|C:\Program Files\Parallels\Parallels Tools\Services\Plugins\UserInputEmulation.dll+e3d8|C:\Program Files\Parallels\Parallels Tools\Services\Plugins\UserInputEmulation.dll+eafe|C:\Windows\System32\msvcrt.dll+3af5a|C:\Windows\System32\msvcrt.dll+3b02c|C:\Windows\System32\KERNEL32.DLL+17604|C:\Windows\SYSTEM32\ntdll.dll+526a1</Data><Data Name='SourceUser'>NT AUTHORITY\SYSTEM</Data><Data Name='TargetUser'>THINKPAD-WIN10\smith</Data></EventData></Event><Event xmlns='http://schemas.microsoft.com/win/2004/08/events/event'><System><Provider Name='Microsoft-Windows-Sysmon' Guid='{5770385f-c22a-43e0-bf4c-06f5698ffbd9}'/><EventID>10</EventID><Version>3</Version><Level>4</Level><Task>10</Task><Opcode>0</Opcode><Keywords>0x8000000000000000</Keywords><TimeCreated SystemTime='2023-04-19T09:11:16.1546803Z'/><EventRecordID>4214</EventRecordID><Correlation/><Execution ProcessID='3388' ThreadID='5444'/><Channel>Microsoft-Windows-Sysmon/Operational</Channel><Computer>ThinkPad-Win10</Computer><Security UserID='S-1-5-18'/></System><EventData><Data Name='RuleName'>-</Data><Data Name='UtcTime'>2023-04-19 09:11:16.154</Data><Data Name='SourceProcessGUID'>{1255fde1-90a2-643f-6700-00000000ee00}</Data><Data Name='SourceProcessId'>4620</Data><Data Name='SourceThreadId'>9028</Data><Data Name='SourceImage'>C:\Program Files\Parallels\Parallels Tools\Services\prl_tools.exe</Data><Data Name='TargetProcessGUID'>{1255fde1-affd-643f-7a02-00000000ee00}</Data><Data Name='TargetProcessId'>6136</Data><Data Name='TargetImage'>C:\Users\smith\Desktop\Emergency Response\SysmonView.exe</Data><Data Name='GrantedAccess'>0x1410</Data><Data Name='CallTrace'>C:\Windows\SYSTEM32\ntdll.dll+9d524|C:\Windows\System32\KERNELBASE.dll+3053e|C:\Program Files\Parallels\Parallels Tools\Services\Plugins\UserInputEmulation.dll+d8ae|C:\Program Files\Parallels\Parallels Tools\Services\Plugins\UserInputEmulation.dll+e623|C:\Program Files\Parallels\Parallels Tools\Services\Plugins\UserInputEmulation.dll+e3d8|C:\Program Files\Parallels\Parallels Tools\Services\Plugins\UserInputEmulation.dll+eafe|C:\Windows\System32\msvcrt.dll+3af5a|C:\Windows\System32\msvcrt.dll+3b02c|C:\Windows\System32\KERNEL32.DLL+17604|C:\Windows\SYSTEM32\ntdll.dll+526a1</Data><Data Name='SourceUser'>NT AUTHORITY\SYSTEM</Data><Data Name='TargetUser'>THINKPAD-WIN10\smith</Data></EventData></Event><Event xmlns='http://schemas.microsoft.com/win/2004/08/events/event'><System><Provider Name='Microsoft-Windows-Sysmon' Guid='{5770385f-c22a-43e0-bf4c-06f5698ffbd9}'/><EventID>10</EventID><Version>3</Version><Level>4</Level><Task>10</Task><Opcode>0</Opcode><Keywords>0x8000000000000000</Keywords><TimeCreated SystemTime='2023-04-19T09:11:16.1384662Z'/><EventRecordID>4213</EventRecordID><Correlation/><Execution ProcessID='3388' ThreadID='5444'/><Channel>Microsoft-Windows-Sysmon/Operational</Channel><Computer>ThinkPad-Win10</Computer><Security UserID='S-1-5-18'/></System><EventData><Data Name='RuleName'>-</Data><Data Name='UtcTime'>2023-04-19 09:11:16.138</Data><Data Name='SourceProcessGUID'>{1255fde1-90a2-643f-6700-00000000ee00}</Data><Data Name='SourceProcessId'>4620</Data><Data Name='SourceThreadId'>9028</Data><Data Name='SourceImage'>C:\Program Files\Parallels\Parallels Tools\Services\prl_tools.exe</Data><Data Name='TargetProcessGUID'>{1255fde1-affd-643f-7a02-00000000ee00}</Data><Data Name='TargetProcessId'>6136</Data><Data Name='TargetImage'>C:\Users\smith\Desktop\Emergency Response\SysmonView.exe</Data><Data Name='GrantedAccess'>0x1410</Data><Data Name='CallTrace'>C:\Windows\SYSTEM32\ntdll.dll+9d524|C:\Windows\System32\KERNELBASE.dll+3053e|C:\Program Files\Parallels\Parallels Tools\Services\Plugins\UserInputEmulation.dll+d8ae|C:\Program Files\Parallels\Parallels Tools\Services\Plugins\UserInputEmulation.dll+e623|C:\Program Files\Parallels\Parallels Tools\Services\Plugins\UserInputEmulation.dll+e3d8|C:\Program Files\Parallels\Parallels Tools\Services\Plugins\UserInputEmulation.dll+eafe|C:\Windows\System32\msvcrt.dll+3af5a|C:\Windows\System32\msvcrt.dll+3b02c|C:\Windows\System32\KERNEL32.DLL+17604|C:\Windows\SYSTEM32\ntdll.dll+526a1</Data><Data Name='SourceUser'>NT AUTHORITY\SYSTEM</Data><Data Name='TargetUser'>THINKPAD-WIN10\smith</Data></EventData></Event><Event xmlns='http://schemas.microsoft.com/win/2004/08/events/event'><System><Provider Name='Microsoft-Windows-Sysmon' Guid='{5770385f-c22a-43e0-bf4c-06f5698ffbd9}'/><EventID>10</EventID><Version>3</Version><Level>4</Level><Task>10</Task><Opcode>0</Opcode><Keywords>0x8000000000000000</Keywords><TimeCreated SystemTime='2023-04-19T09:11:16.1379541Z'/><EventRecordID>4212</EventRecordID><Correlation/><Execution ProcessID='3388' ThreadID='5444'/><Channel>Microsoft-Windows-Sysmon/Operational</Channel><Computer>ThinkPad-Win10</Computer><Security UserID='S-1-5-18'/></System><EventData><Data Name='RuleName'>-</Data><Data Name='UtcTime'>2023-04-19 09:11:16.137</Data><Data Name='SourceProcessGUID'>{1255fde1-90a2-643f-6700-00000000ee00}</Data><Data Name='SourceProcessId'>4620</Data><Data Name='SourceThreadId'>9028</Data><Data Name='SourceImage'>C:\Program Files\Parallels\Parallels Tools\Services\prl_tools.exe</Data><Data Name='TargetProcessGUID'>{1255fde1-affd-643f-7a02-00000000ee00}</Data><Data Name='TargetProcessId'>6136</Data><Data Name='TargetImage'>C:\Users\smith\Desktop\Emergency Response\SysmonView.exe</Data><Data Name='GrantedAccess'>0x1410</Data><Data Name='CallTrace'>C:\Windows\SYSTEM32\ntdll.dll+9d524|C:\Windows\System32\KERNELBASE.dll+3053e|C:\Program Files\Parallels\Parallels Tools\Services\Plugins\UserInputEmulation.dll+d8ae|C:\Program Files\Parallels\Parallels Tools\Services\Plugins\UserInputEmulation.dll+e623|C:\Program Files\Parallels\Parallels Tools\Services\Plugins\UserInputEmulation.dll+e3d8|C:\Program Files\Parallels\Parallels Tools\Services\Plugins\UserInputEmulation.dll+eafe|C:\Windows\System32\msvcrt.dll+3af5a|C:\Windows\System32\msvcrt.dll+3b02c|C:\Windows\System32\KERNEL32.DLL+17604|C:\Windows\SYSTEM32\ntdll.dll+526a1</Data><Data Name='SourceUser'>NT AUTHORITY\SYSTEM</Data><Data Name='TargetUser'>THINKPAD-WIN10\smith</Data></EventData></Event><Event xmlns='http://schemas.microsoft.com/win/2004/08/events/event'><System><Provider Name='Microsoft-Windows-Sysmon' Guid='{5770385f-c22a-43e0-bf4c-06f5698ffbd9}'/><EventID>10</EventID><Version>3</Version><Level>4</Level><Task>10</Task><Opcode>0</Opcode><Keywords>0x8000000000000000</Keywords><TimeCreated SystemTime='2023-04-19T09:11:16.1241428Z'/><EventRecordID>4211</EventRecordID><Correlation/><Execution ProcessID='3388' ThreadID='5444'/><Channel>Microsoft-Windows-Sysmon/Operational</Channel><Computer>ThinkPad-Win10</Computer><Security UserID='S-1-5-18'/></System><EventData><Data Name='RuleName'>-</Data><Data Name='UtcTime'>2023-04-19 09:11:16.123</Data><Data Name='SourceProcessGUID'>{1255fde1-90a2-643f-6700-00000000ee00}</Data><Data Name='SourceProcessId'>4620</Data><Data Name='SourceThreadId'>9028</Data><Data Name='SourceImage'>C:\Program Files\Parallels\Parallels Tools\Services\prl_tools.exe</Data><Data Name='TargetProcessGUID'>{1255fde1-affd-643f-7a02-00000000ee00}</Data><Data Name='TargetProcessId'>6136</Data><Data Name='TargetImage'>C:\Users\smith\Desktop\Emergency Response\SysmonView.exe</Data><Data Name='GrantedAccess'>0x1410</Data><Data Name='CallTrace'>C:\Windows\SYSTEM32\ntdll.dll+9d524|C:\Windows\System32\KERNELBASE.dll+3053e|C:\Program Files\Parallels\Parallels Tools\Services\Plugins\UserInputEmulation.dll+d8ae|C:\Program Files\Parallels\Parallels Tools\Services\Plugins\UserInputEmulation.dll+e623|C:\Program Files\Parallels\Parallels Tools\Services\Plugins\UserInputEmulation.dll+e3d8|C:\Program Files\Parallels\Parallels Tools\Services\Plugins\UserInputEmulation.dll+eafe|C:\Windows\System32\msvcrt.dll+3af5a|C:\Windows\System32\msvcrt.dll+3b02c|C:\Windows\System32\KERNEL32.DLL+17604|C:\Windows\SYSTEM32\ntdll.dll+526a1</Data><Data Name='SourceUser'>NT AUTHORITY\SYSTEM</Data><Data Name='TargetUser'>THINKPAD-WIN10\smith</Data></EventData></Event><Event xmlns='http://schemas.microsoft.com/win/2004/08/events/event'><System><Provider Name='Microsoft-Windows-Sysmon' Guid='{5770385f-c22a-43e0-bf4c-06f5698ffbd9}'/><EventID>10</EventID><Version>3</Version><Level>4</Level><Task>10</Task><Opcode>0</Opcode><Keywords>0x8000000000000000</Keywords><TimeCreated SystemTime='2023-04-19T09:11:16.1052058Z'/><EventRecordID>4210</EventRecordID><Correlation/><Execution ProcessID='3388' ThreadID='5444'/><Channel>Microsoft-Windows-Sysmon/Operational</Channel><Computer>ThinkPad-Win10</Computer><Security UserID='S-1-5-18'/></System><EventData><Data Name='RuleName'>-</Data><Data Name='UtcTime'>2023-04-19 09:11:16.104</Data><Data Name='SourceProcessGUID'>{1255fde1-90a2-643f-6700-00000000ee00}</Data><Data Name='SourceProcessId'>4620</Data><Data Name='SourceThreadId'>9028</Data><Data Name='SourceImage'>C:\Program Files\Parallels\Parallels Tools\Services\prl_tools.exe</Data><Data Name='TargetProcessGUID'>{1255fde1-affd-643f-7a02-00000000ee00}</Data><Data Name='TargetProcessId'>6136</Data><Data Name='TargetImage'>C:\Users\smith\Desktop\Emergency Response\SysmonView.exe</Data><Data Name='GrantedAccess'>0x1410</Data><Data Name='CallTrace'>C:\Windows\SYSTEM32\ntdll.dll+9d524|C:\Windows\System32\KERNELBASE.dll+3053e|C:\Program Files\Parallels\Parallels Tools\Services\Plugins\UserInputEmulation.dll+d8ae|C:\Program Files\Parallels\Parallels Tools\Services\Plugins\UserInputEmulation.dll+e623|C:\Program Files\Parallels\Parallels Tools\Services\Plugins\UserInputEmulation.dll+e3d8|C:\Program Files\Parallels\Parallels Tools\Services\Plugins\UserInputEmulation.dll+eafe|C:\Windows\System32\msvcrt.dll+3af5a|C:\Windows\System32\msvcrt.dll+3b02c|C:\Windows\System32\KERNEL32.DLL+17604|C:\Windows\SYSTEM32\ntdll.dll+526a1</Data><Data Name='SourceUser'>NT AUTHORITY\SYSTEM</Data><Data Name='TargetUser'>THINKPAD-WIN10\smith</Data></EventData></Event><Event xmlns='http://schemas.microsoft.com/win/2004/08/events/event'><System><Provider Name='Microsoft-Windows-Sysmon' Guid='{5770385f-c22a-43e0-bf4c-06f5698ffbd9}'/><EventID>10</EventID><Version>3</Version><Level>4</Level><Task>10</Task><Opcode>0</Opcode><Keywords>0x8000000000000000</Keywords><TimeCreated SystemTime='2023-04-19T09:11:16.1046836Z'/><EventRecordID>4209</EventRecordID><Correlation/><Execution ProcessID='3388' ThreadID='5444'/><Channel>Microsoft-Windows-Sysmon/Operational</Channel><Computer>ThinkPad-Win10</Computer><Security UserID='S-1-5-18'/></System><EventData><Data Name='RuleName'>-</Data><Data Name='UtcTime'>2023-04-19 09:11:16.104</Data><Data Name='SourceProcessGUID'>{1255fde1-90a2-643f-6700-00000000ee00}</Data><Data Name='SourceProcessId'>4620</Data><Data Name='SourceThreadId'>9028</Data><Data Name='SourceImage'>C:\Program Files\Parallels\Parallels Tools\Services\prl_tools.exe</Data><Data Name='TargetProcessGUID'>{1255fde1-affd-643f-7a02-00000000ee00}</Data><Data Name='TargetProcessId'>6136</Data><Data Name='TargetImage'>C:\Users\smith\Desktop\Emergency Response\SysmonView.exe</Data><Data Name='GrantedAccess'>0x1410</Data><Data Name='CallTrace'>C:\Windows\SYSTEM32\ntdll.dll+9d524|C:\Windows\System32\KERNELBASE.dll+3053e|C:\Program Files\Parallels\Parallels Tools\Services\Plugins\UserInputEmulation.dll+d8ae|C:\Program Files\Parallels\Parallels Tools\Services\Plugins\UserInputEmulation.dll+e623|C:\Program Files\Parallels\Parallels Tools\Services\Plugins\UserInputEmulation.dll+e3d8|C:\Program Files\Parallels\Parallels Tools\Services\Plugins\UserInputEmulation.dll+eafe|C:\Windows\System32\msvcrt.dll+3af5a|C:\Windows\System32\msvcrt.dll+3b02c|C:\Windows\System32\KERNEL32.DLL+17604|C:\Windows\SYSTEM32\ntdll.dll+526a1</Data><Data Name='SourceUser'>NT AUTHORITY\SYSTEM</Data><Data Name='TargetUser'>THINKPAD-WIN10\smith</Data></EventData></Event><Event xmlns='http://schemas.microsoft.com/win/2004/08/events/event'><System><Provider Name='Microsoft-Windows-Sysmon' Guid='{5770385f-c22a-43e0-bf4c-06f5698ffbd9}'/><EventID>10</EventID><Version>3</Version><Level>4</Level><Task>10</Task><Opcode>0</Opcode><Keywords>0x8000000000000000</Keywords><TimeCreated SystemTime='2023-04-19T09:11:16.0909535Z'/><EventRecordID>4208</EventRecordID><Correlation/><Execution ProcessID='3388' ThreadID='5444'/><Channel>Microsoft-Windows-Sysmon/Operational</Channel><Computer>ThinkPad-Win10</Computer><Security UserID='S-1-5-18'/></System><EventData><Data Name='RuleName'>-</Data><Data Name='UtcTime'>2023-04-19 09:11:16.090</Data><Data Name='SourceProcessGUID'>{1255fde1-90a2-643f-6700-00000000ee00}</Data><Data Name='SourceProcessId'>4620</Data><Data Name='SourceThreadId'>9028</Data><Data Name='SourceImage'>C:\Program Files\Parallels\Parallels Tools\Services\prl_tools.exe</Data><Data Name='TargetProcessGUID'>{1255fde1-affd-643f-7a02-00000000ee00}</Data><Data Name='TargetProcessId'>6136</Data><Data Name='TargetImage'>C:\Users\smith\Desktop\Emergency Response\SysmonView.exe</Data><Data Name='GrantedAccess'>0x1410</Data><Data Name='CallTrace'>C:\Windows\SYSTEM32\ntdll.dll+9d524|C:\Windows\System32\KERNELBASE.dll+3053e|C:\Program Files\Parallels\Parallels Tools\Services\Plugins\UserInputEmulation.dll+d8ae|C:\Program Files\Parallels\Parallels Tools\Services\Plugins\UserInputEmulation.dll+e623|C:\Program Files\Parallels\Parallels Tools\Services\Plugins\UserInputEmulation.dll+e3d8|C:\Program Files\Parallels\Parallels Tools\Services\Plugins\UserInputEmulation.dll+eafe|C:\Windows\System32\msvcrt.dll+3af5a|C:\Windows\System32\msvcrt.dll+3b02c|C:\Windows\System32\KERNEL32.DLL+17604|C:\Windows\SYSTEM32\ntdll.dll+526a1</Data><Data Name='SourceUser'>NT AUTHORITY\SYSTEM</Data><Data Name='TargetUser'>THINKPAD-WIN10\smith</Data></EventData></Event><Event xmlns='http://schemas.microsoft.com/win/2004/08/events/event'><System><Provider Name='Microsoft-Windows-Sysmon' Guid='{5770385f-c22a-43e0-bf4c-06f5698ffbd9}'/><EventID>10</EventID><Version>3</Version><Level>4</Level><Task>10</Task><Opcode>0</Opcode><Keywords>0x8000000000000000</Keywords><TimeCreated SystemTime='2023-04-19T09:11:16.0892243Z'/><EventRecordID>4207</EventRecordID><Correlation/><Execution ProcessID='3388' ThreadID='5444'/><Channel>Microsoft-Windows-Sysmon/Operational</Channel><Computer>ThinkPad-Win10</Computer><Security UserID='S-1-5-18'/></System><EventData><Data Name='RuleName'>-</Data><Data Name='UtcTime'>2023-04-19 09:11:16.088</Data><Data Name='SourceProcessGUID'>{1255fde1-90a2-643f-6700-00000000ee00}</Data><Data Name='SourceProcessId'>4620</Data><Data Name='SourceThreadId'>9028</Data><Data Name='SourceImage'>C:\Program Files\Parallels\Parallels Tools\Services\prl_tools.exe</Data><Data Name='TargetProcessGUID'>{1255fde1-affd-643f-7a02-00000000ee00}</Data><Data Name='TargetProcessId'>6136</Data><Data Name='TargetImage'>C:\Users\smith\Desktop\Emergency Response\SysmonView.exe</Data><Data Name='GrantedAccess'>0x1410</Data><Data Name='CallTrace'>C:\Windows\SYSTEM32\ntdll.dll+9d524|C:\Windows\System32\KERNELBASE.dll+3053e|C:\Program Files\Parallels\Parallels Tools\Services\Plugins\UserInputEmulation.dll+d8ae|C:\Program Files\Parallels\Parallels Tools\Services\Plugins\UserInputEmulation.dll+e623|C:\Program Files\Parallels\Parallels Tools\Services\Plugins\UserInputEmulation.dll+e3d8|C:\Program Files\Parallels\Parallels Tools\Services\Plugins\UserInputEmulation.dll+eafe|C:\Windows\System32\msvcrt.dll+3af5a|C:\Windows\System32\msvcrt.dll+3b02c|C:\Windows\System32\KERNEL32.DLL+17604|C:\Windows\SYSTEM32\ntdll.dll+526a1</Data><Data Name='SourceUser'>NT AUTHORITY\SYSTEM</Data><Data Name='TargetUser'>THINKPAD-WIN10\smith</Data></EventData></Event><Event xmlns='http://schemas.microsoft.com/win/2004/08/events/event'><System><Provider Name='Microsoft-Windows-Sysmon' Guid='{5770385f-c22a-43e0-bf4c-06f5698ffbd9}'/><EventID>10</EventID><Version>3</Version><Level>4</Level><Task>10</Task><Opcode>0</Opcode><Keywords>0x8000000000000000</Keywords><TimeCreated SystemTime='2023-04-19T09:11:15.0685545Z'/><EventRecordID>4206</EventRecordID><Correlation/><Execution ProcessID='3388' ThreadID='5444'/><Channel>Microsoft-Windows-Sysmon/Operational</Channel><Computer>ThinkPad-Win10</Computer><Security UserID='S-1-5-18'/></System><EventData><Data Name='RuleName'>-</Data><Data Name='UtcTime'>2023-04-19 09:11:15.067</Data><Data Name='SourceProcessGUID'>{1255fde1-90be-643f-9300-00000000ee00}</Data><Data Name='SourceProcessId'>7828</Data><Data Name='SourceThreadId'>7228</Data><Data Name='SourceImage'>C:\Windows\Explorer.EXE</Data><Data Name='TargetProcessGUID'>{1255fde1-affd-643f-7a02-00000000ee00}</Data><Data Name='TargetProcessId'>6136</Data><Data Name='TargetImage'>C:\Users\smith\Desktop\Emergency Response\SysmonView.exe</Data><Data Name='GrantedAccess'>0x2000</Data><Data Name='CallTrace'>C:\Windows\SYSTEM32\ntdll.dll+9d524|C:\Windows\System32\KERNELBASE.dll+3053e|C:\Windows\system32\twinui.dll+331cb|C:\Windows\system32\twinui.dll+32a3c|C:\Windows\system32\twinui.dll+68bdc|C:\Windows\system32\twinui.dll+68b3c|C:\Windows\system32\twinui.dll+60c7a|C:\Windows\system32\twinui.dll+605aa|C:\Windows\system32\twinui.dll+60e4b|C:\Windows\system32\twinui.dll+6066d|C:\Windows\System32\user32.dll+e858|C:\Windows\System32\user32.dll+e299|C:\Windows\System32\windows.immersiveshell.serviceprovider.dll+c7e3|C:\Windows\System32\windows.immersiveshell.serviceprovider.dll+c377|C:\Windows\System32\windows.immersiveshell.serviceprovider.dll+c9c7|C:\Windows\System32\windows.immersiveshell.serviceprovider.dll+ca22|C:\Windows\System32\KERNEL32.DLL+17604|C:\Windows\SYSTEM32\ntdll.dll+526a1</Data><Data Name='SourceUser'>THINKPAD-WIN10\smith</Data><Data Name='TargetUser'>THINKPAD-WIN10\smith</Data></EventData></Event>