<Event xmlns='http://schemas.microsoft.com/win/2004/08/events/event'><System><Provider Name='Microsoft-Windows-Sysmon' Guid='{5770385f-c22a-43e0-bf4c-06f5698ffbd9}'/><EventID>10</EventID><Version>3</Version><Level>4</Level><Task>10</Task><Opcode>0</Opcode><Keywords>0x8000000000000000</Keywords><TimeCreated SystemTime='2023-04-19T09:12:30.2629389Z'/><EventRecordID>4414</EventRecordID><Correlation/><Execution ProcessID='3388' ThreadID='5444'/><Channel>Microsoft-Windows-Sysmon/Operational</Channel><Computer>ThinkPad-Win10</Computer><Security UserID='S-1-5-18'/></System><EventData><Data Name='RuleName'>-</Data><Data Name='UtcTime'>2023-04-19 09:12:30.262</Data><Data Name='SourceProcessGUID'>{1255fde1-9096-643f-0f00-00000000ee00}</Data><Data Name='SourceProcessId'>1004</Data><Data Name='SourceThreadId'>7076</Data><Data Name='SourceImage'>C:\Windows\system32\svchost.exe</Data><Data Name='TargetProcessGUID'>{1255fde1-b07c-643f-8a02-00000000ee00}</Data><Data Name='TargetProcessId'>8960</Data><Data Name='TargetImage'>C:\Users\smith\Desktop\Emergency Response\SysmonView.exe</Data><Data Name='GrantedAccess'>0x2000</Data><Data Name='CallTrace'>C:\Windows\SYSTEM32\ntdll.dll+9d524|C:\Windows\SYSTEM32\psmserviceexthost.dll+9f49|C:\Windows\SYSTEM32\psmserviceexthost.dll+9d43|C:\Windows\SYSTEM32\ntdll.dll+62df9|C:\Windows\SYSTEM32\ntdll.dll+62a81|C:\Windows\SYSTEM32\ntdll.dll+628e0|C:\Windows\SYSTEM32\ntdll.dll+10ebc|C:\Windows\SYSTEM32\ntdll.dll+52f76|C:\Windows\System32\KERNEL32.DLL+17604|C:\Windows\SYSTEM32\ntdll.dll+526a1</Data><Data Name='SourceUser'>NT AUTHORITY\SYSTEM</Data><Data Name='TargetUser'>THINKPAD-WIN10\smith</Data></EventData></Event><Event xmlns='http://schemas.microsoft.com/win/2004/08/events/event'><System><Provider Name='Microsoft-Windows-Sysmon' Guid='{5770385f-c22a-43e0-bf4c-06f5698ffbd9}'/><EventID>10</EventID><Version>3</Version><Level>4</Level><Task>10</Task><Opcode>0</Opcode><Keywords>0x8000000000000000</Keywords><TimeCreated SystemTime='2023-04-19T09:12:30.1185304Z'/><EventRecordID>4413</EventRecordID><Correlation/><Execution ProcessID='3388' ThreadID='5444'/><Channel>Microsoft-Windows-Sysmon/Operational</Channel><Computer>ThinkPad-Win10</Computer><Security UserID='S-1-5-18'/></System><EventData><Data Name='RuleName'>-</Data><Data Name='UtcTime'>2023-04-19 09:12:30.117</Data><Data Name='SourceProcessGUID'>{1255fde1-90be-643f-9300-00000000ee00}</Data><Data Name='SourceProcessId'>7828</Data><Data Name='SourceThreadId'>7228</Data><Data Name='SourceImage'>C:\Windows\Explorer.EXE</Data><Data Name='TargetProcessGUID'>{1255fde1-b07c-643f-8a02-00000000ee00}</Data><Data Name='TargetProcessId'>8960</Data><Data Name='TargetImage'>C:\Users\smith\Desktop\Emergency Response\SysmonView.exe</Data><Data Name='GrantedAccess'>0x1410</Data><Data Name='CallTrace'>C:\Windows\SYSTEM32\ntdll.dll+9d524|C:\Windows\System32\KERNELBASE.dll+3053e|C:\Windows\System32\appresolver.dll+24d21|C:\Windows\System32\appresolver.dll+21ce7|C:\Windows\system32\twinui.pcshell.dll+46b386|C:\Windows\system32\twinui.pcshell.dll+118996|C:\Windows\system32\twinui.pcshell.dll+36002|C:\Windows\system32\twinui.pcshell.dll+38388|C:\Windows\system32\twinui.pcshell.dll+5645f|C:\Windows\system32\twinui.pcshell.dll+5792e|C:\Windows\system32\twinui.pcshell.dll+7ff5d|C:\Windows\system32\twinui.pcshell.dll+5ac9c|C:\Windows\System32\user32.dll+e858|C:\Windows\System32\user32.dll+e299|C:\Windows\system32\twinui.pcshell.dll+f156|C:\Windows\system32\twinui.pcshell.dll+eb39|C:\Windows\system32\twinui.pcshell.dll+bc6c|C:\Windows\system32\twinui.pcshell.dll+39784|C:\Windows\system32\twinui.dll+6e516|C:\Windows\system32\twinui.dll+6e28b|C:\Windows\system32\twinui.dll+6de43|C:\Windows\System32\user32.dll+e858|C:\Windows\System32\user32.dll+e3dc|C:\Windows\System32\user32.dll+26962</Data><Data Name='SourceUser'>THINKPAD-WIN10\smith</Data><Data Name='TargetUser'>THINKPAD-WIN10\smith</Data></EventData></Event><Event xmlns='http://schemas.microsoft.com/win/2004/08/events/event'><System><Provider Name='Microsoft-Windows-Sysmon' Guid='{5770385f-c22a-43e0-bf4c-06f5698ffbd9}'/><EventID>7</EventID><Version>3</Version><Level>4</Level><Task>7</Task><Opcode>0</Opcode><Keywords>0x8000000000000000</Keywords><TimeCreated SystemTime='2023-04-19T09:12:29.5763520Z'/><EventRecordID>4412</EventRecordID><Correlation/><Execution ProcessID='3388' ThreadID='5444'/><Channel>Microsoft-Windows-Sysmon/Operational</Channel><Computer>ThinkPad-Win10</Computer><Security UserID='S-1-5-18'/></System><EventData><Data Name='RuleName'>technique_id=1210,technique_name=Exploitation of Remote Services</Data><Data Name='UtcTime'>2023-04-19 09:12:29.575</Data><Data Name='ProcessGuid'>{1255fde1-b07c-643f-8a02-00000000ee00}</Data><Data Name='ProcessId'>8960</Data><Data Name='Image'>C:\Users\smith\Desktop\Emergency Response\SysmonView.exe</Data><Data Name='ImageLoaded'>C:\Windows\System32\spool\drivers\x64\3\PSCRIPT5.DLL</Data><Data Name='FileVersion'>10.0.19041.2788 (WinBuild.160101.0800)</Data><Data Name='Description'>PostScript 打印机驱动程序</Data><Data Name='Product'>Microsoft® Windows® Operating System</Data><Data Name='Company'>Microsoft Corporation</Data><Data Name='OriginalFileName'>PSCRIPT5.DLL</Data><Data Name='Hashes'>SHA1=AF2117CC02368B51189855FF64644305821E0438,MD5=8EDF984B679C1EBAFB5E23BCC9CC90A3,SHA256=1BECAD9A360EB5BF8F0CCD72EE6BF8E822392F0C76DDBDE9A0B75FFEAF793DDC,IMPHASH=E439AD76DED37E65A96843A8B04F89E7</Data><Data Name='Signed'>true</Data><Data Name='Signature'>Microsoft Windows</Data><Data Name='SignatureStatus'>Valid</Data><Data Name='User'>THINKPAD-WIN10\smith</Data></EventData></Event><Event xmlns='http://schemas.microsoft.com/win/2004/08/events/event'><System><Provider Name='Microsoft-Windows-Sysmon' Guid='{5770385f-c22a-43e0-bf4c-06f5698ffbd9}'/><EventID>7</EventID><Version>3</Version><Level>4</Level><Task>7</Task><Opcode>0</Opcode><Keywords>0x8000000000000000</Keywords><TimeCreated SystemTime='2023-04-19T09:12:29.4100111Z'/><EventRecordID>4411</EventRecordID><Correlation/><Execution ProcessID='3388' ThreadID='5444'/><Channel>Microsoft-Windows-Sysmon/Operational</Channel><Computer>ThinkPad-Win10</Computer><Security UserID='S-1-5-18'/></System><EventData><Data Name='RuleName'>technique_id=1210,technique_name=Exploitation of Remote Services</Data><Data Name='UtcTime'>2023-04-19 09:12:29.408</Data><Data Name='ProcessGuid'>{1255fde1-b07c-643f-8a02-00000000ee00}</Data><Data Name='ProcessId'>8960</Data><Data Name='Image'>C:\Users\smith\Desktop\Emergency Response\SysmonView.exe</Data><Data Name='ImageLoaded'>C:\Windows\System32\spool\drivers\x64\3\PS5UI.DLL</Data><Data Name='FileVersion'>10.0.19041.2788 (WinBuild.160101.0800)</Data><Data Name='Description'>PostScript 驱动程序用户界面</Data><Data Name='Product'>Microsoft® Windows® Operating System</Data><Data Name='Company'>Microsoft Corporation</Data><Data Name='OriginalFileName'>PS5UI.DLL</Data><Data Name='Hashes'>SHA1=84318BC63020B2D568BD6F62BD19F2581D53FA09,MD5=40AF89F820719F5427E378AD99EDB519,SHA256=3B9BE3497D73469D3227D296B2E008DB2402B563DD42CCB2805A199091728F8A,IMPHASH=3B3CE428390ACC66B2003A8D357FA6C0</Data><Data Name='Signed'>true</Data><Data Name='Signature'>Microsoft Windows</Data><Data Name='SignatureStatus'>Valid</Data><Data Name='User'>THINKPAD-WIN10\smith</Data></EventData></Event><Event xmlns='http://schemas.microsoft.com/win/2004/08/events/event'><System><Provider Name='Microsoft-Windows-Sysmon' Guid='{5770385f-c22a-43e0-bf4c-06f5698ffbd9}'/><EventID>10</EventID><Version>3</Version><Level>4</Level><Task>10</Task><Opcode>0</Opcode><Keywords>0x8000000000000000</Keywords><TimeCreated SystemTime='2023-04-19T09:12:29.3295891Z'/><EventRecordID>4410</EventRecordID><Correlation/><Execution ProcessID='3388' ThreadID='5444'/><Channel>Microsoft-Windows-Sysmon/Operational</Channel><Computer>ThinkPad-Win10</Computer><Security UserID='S-1-5-18'/></System><EventData><Data Name='RuleName'>-</Data><Data Name='UtcTime'>2023-04-19 09:12:29.328</Data><Data Name='SourceProcessGUID'>{1255fde1-9097-643f-1300-00000000ee00}</Data><Data Name='SourceProcessId'>1036</Data><Data Name='SourceThreadId'>940</Data><Data Name='SourceImage'>C:\Windows\system32\svchost.exe</Data><Data Name='TargetProcessGUID'>{1255fde1-b07c-643f-8a02-00000000ee00}</Data><Data Name='TargetProcessId'>8960</Data><Data Name='TargetImage'>C:\Users\smith\Desktop\Emergency Response\SysmonView.exe</Data><Data Name='GrantedAccess'>0x100000</Data><Data Name='CallTrace'>C:\Windows\SYSTEM32\ntdll.dll+9e134|C:\Windows\System32\RPCRT4.dll+4ea84|c:\windows\system32\rpcss.dll+fd55|c:\windows\system32\rpcss.dll+e647|C:\Windows\System32\RPCRT4.dll+7aec3|C:\Windows\System32\RPCRT4.dll+79c92|C:\Windows\System32\RPCRT4.dll+1e09a|C:\Windows\System32\RPCRT4.dll+5d9ea|C:\Windows\System32\RPCRT4.dll+58bd8|C:\Windows\System32\RPCRT4.dll+3a1b6|C:\Windows\System32\RPCRT4.dll+39b08|C:\Windows\System32\RPCRT4.dll+472cf|C:\Windows\System32\RPCRT4.dll+466d8|C:\Windows\System32\RPCRT4.dll+45cc1|C:\Windows\System32\RPCRT4.dll+4572e|C:\Windows\System32\RPCRT4.dll+49e42|C:\Windows\SYSTEM32\ntdll.dll+20330|C:\Windows\SYSTEM32\ntdll.dll+52f76|C:\Windows\System32\KERNEL32.DLL+17604|C:\Windows\SYSTEM32\ntdll.dll+526a1</Data><Data Name='SourceUser'>NT AUTHORITY\NETWORK SERVICE</Data><Data Name='TargetUser'>THINKPAD-WIN10\smith</Data></EventData></Event><Event xmlns='http://schemas.microsoft.com/win/2004/08/events/event'><System><Provider Name='Microsoft-Windows-Sysmon' Guid='{5770385f-c22a-43e0-bf4c-06f5698ffbd9}'/><EventID>10</EventID><Version>3</Version><Level>4</Level><Task>10</Task><Opcode>0</Opcode><Keywords>0x8000000000000000</Keywords><TimeCreated SystemTime='2023-04-19T09:12:29.2821417Z'/><EventRecordID>4409</EventRecordID><Correlation/><Execution ProcessID='3388' ThreadID='5444'/><Channel>Microsoft-Windows-Sysmon/Operational</Channel><Computer>ThinkPad-Win10</Computer><Security UserID='S-1-5-18'/></System><EventData><Data Name='RuleName'>-</Data><Data Name='UtcTime'>2023-04-19 09:12:29.281</Data><Data Name='SourceProcessGUID'>{1255fde1-909e-643f-3e00-00000000ee00}</Data><Data Name='SourceProcessId'>2376</Data><Data Name='SourceThreadId'>3132</Data><Data Name='SourceImage'>C:\Windows\system32\svchost.exe</Data><Data Name='TargetProcessGUID'>{1255fde1-b07c-643f-8a02-00000000ee00}</Data><Data Name='TargetProcessId'>8960</Data><Data Name='TargetImage'>C:\Users\smith\Desktop\Emergency Response\SysmonView.exe</Data><Data Name='GrantedAccess'>0x40</Data><Data Name='CallTrace'>C:\Windows\SYSTEM32\ntdll.dll+9e134|c:\windows\system32\fntcache.dll+37e9f|c:\windows\system32\fntcache.dll+3807c|c:\windows\system32\fntcache.dll+3d0b6|c:\windows\system32\fntcache.dll+614fa|c:\windows\system32\fntcache.dll+613c7|C:\Windows\System32\KERNEL32.DLL+17604|C:\Windows\SYSTEM32\ntdll.dll+526a1</Data><Data Name='SourceUser'>NT AUTHORITY\LOCAL SERVICE</Data><Data Name='TargetUser'>THINKPAD-WIN10\smith</Data></EventData></Event><Event xmlns='http://schemas.microsoft.com/win/2004/08/events/event'><System><Provider Name='Microsoft-Windows-Sysmon' Guid='{5770385f-c22a-43e0-bf4c-06f5698ffbd9}'/><EventID>10</EventID><Version>3</Version><Level>4</Level><Task>10</Task><Opcode>0</Opcode><Keywords>0x8000000000000000</Keywords><TimeCreated SystemTime='2023-04-19T09:12:29.2812391Z'/><EventRecordID>4408</EventRecordID><Correlation/><Execution ProcessID='3388' ThreadID='5444'/><Channel>Microsoft-Windows-Sysmon/Operational</Channel><Computer>ThinkPad-Win10</Computer><Security UserID='S-1-5-18'/></System><EventData><Data Name='RuleName'>-</Data><Data Name='UtcTime'>2023-04-19 09:12:29.280</Data><Data Name='SourceProcessGUID'>{1255fde1-909e-643f-3e00-00000000ee00}</Data><Data Name='SourceProcessId'>2376</Data><Data Name='SourceThreadId'>3132</Data><Data Name='SourceImage'>C:\Windows\system32\svchost.exe</Data><Data Name='TargetProcessGUID'>{1255fde1-b07c-643f-8a02-00000000ee00}</Data><Data Name='TargetProcessId'>8960</Data><Data Name='TargetImage'>C:\Users\smith\Desktop\Emergency Response\SysmonView.exe</Data><Data Name='GrantedAccess'>0x40</Data><Data Name='CallTrace'>C:\Windows\SYSTEM32\ntdll.dll+9e134|c:\windows\system32\fntcache.dll+37e9f|c:\windows\system32\fntcache.dll+3807c|c:\windows\system32\fntcache.dll+3d0b6|c:\windows\system32\fntcache.dll+614fa|c:\windows\system32\fntcache.dll+613c7|C:\Windows\System32\KERNEL32.DLL+17604|C:\Windows\SYSTEM32\ntdll.dll+526a1</Data><Data Name='SourceUser'>NT AUTHORITY\LOCAL SERVICE</Data><Data Name='TargetUser'>THINKPAD-WIN10\smith</Data></EventData></Event><Event xmlns='http://schemas.microsoft.com/win/2004/08/events/event'><System><Provider Name='Microsoft-Windows-Sysmon' Guid='{5770385f-c22a-43e0-bf4c-06f5698ffbd9}'/><EventID>10</EventID><Version>3</Version><Level>4</Level><Task>10</Task><Opcode>0</Opcode><Keywords>0x8000000000000000</Keywords><TimeCreated SystemTime='2023-04-19T09:12:29.2809877Z'/><EventRecordID>4407</EventRecordID><Correlation/><Execution ProcessID='3388' ThreadID='5444'/><Channel>Microsoft-Windows-Sysmon/Operational</Channel><Computer>ThinkPad-Win10</Computer><Security UserID='S-1-5-18'/></System><EventData><Data Name='RuleName'>-</Data><Data Name='UtcTime'>2023-04-19 09:12:29.280</Data><Data Name='SourceProcessGUID'>{1255fde1-909e-643f-3e00-00000000ee00}</Data><Data Name='SourceProcessId'>2376</Data><Data Name='SourceThreadId'>3132</Data><Data Name='SourceImage'>C:\Windows\system32\svchost.exe</Data><Data Name='TargetProcessGUID'>{1255fde1-b07c-643f-8a02-00000000ee00}</Data><Data Name='TargetProcessId'>8960</Data><Data Name='TargetImage'>C:\Users\smith\Desktop\Emergency Response\SysmonView.exe</Data><Data Name='GrantedAccess'>0x40</Data><Data Name='CallTrace'>C:\Windows\SYSTEM32\ntdll.dll+9e134|c:\windows\system32\fntcache.dll+37e9f|c:\windows\system32\fntcache.dll+34cbb|c:\windows\system32\fntcache.dll+34bd2|c:\windows\system32\fntcache.dll+3d167|c:\windows\system32\fntcache.dll+614fa|c:\windows\system32\fntcache.dll+613c7|C:\Windows\System32\KERNEL32.DLL+17604|C:\Windows\SYSTEM32\ntdll.dll+526a1</Data><Data Name='SourceUser'>NT AUTHORITY\LOCAL SERVICE</Data><Data Name='TargetUser'>THINKPAD-WIN10\smith</Data></EventData></Event><Event xmlns='http://schemas.microsoft.com/win/2004/08/events/event'><System><Provider Name='Microsoft-Windows-Sysmon' Guid='{5770385f-c22a-43e0-bf4c-06f5698ffbd9}'/><EventID>10</EventID><Version>3</Version><Level>4</Level><Task>10</Task><Opcode>0</Opcode><Keywords>0x8000000000000000</Keywords><TimeCreated SystemTime='2023-04-19T09:12:28.8867242Z'/><EventRecordID>4406</EventRecordID><Correlation/><Execution ProcessID='3388' ThreadID='5444'/><Channel>Microsoft-Windows-Sysmon/Operational</Channel><Computer>ThinkPad-Win10</Computer><Security UserID='S-1-5-18'/></System><EventData><Data Name='RuleName'>-</Data><Data Name='UtcTime'>2023-04-19 09:12:28.881</Data><Data Name='SourceProcessGUID'>{1255fde1-9091-643f-0d00-00000000ee00}</Data><Data Name='SourceProcessId'>832</Data><Data Name='SourceThreadId'>952</Data><Data Name='SourceImage'>C:\Windows\system32\lsass.exe</Data><Data Name='TargetProcessGUID'>{1255fde1-b07c-643f-8a02-00000000ee00}</Data><Data Name='TargetProcessId'>8960</Data><Data Name='TargetImage'>C:\Users\smith\Desktop\Emergency Response\SysmonView.exe</Data><Data Name='GrantedAccess'>0x1478</Data><Data Name='CallTrace'>C:\Windows\SYSTEM32\ntdll.dll+9d524|C:\Windows\system32\lsasrv.dll+ac12|C:\Windows\system32\lsasrv.dll+b030|C:\Windows\system32\lsasrv.dll+b3fb|C:\Windows\SYSTEM32\SspiSrv.dll+1a82|C:\Windows\System32\RPCRT4.dll+7aec3|C:\Windows\System32\RPCRT4.dll+de77b|C:\Windows\System32\RPCRT4.dll+5b8cc|C:\Windows\System32\RPCRT4.dll+58bd8|C:\Windows\System32\RPCRT4.dll+3a1b6|C:\Windows\System32\RPCRT4.dll+39b08|C:\Windows\System32\RPCRT4.dll+472cf|C:\Windows\System32\RPCRT4.dll+466d8|C:\Windows\System32\RPCRT4.dll+45cc1|C:\Windows\System32\RPCRT4.dll+4572e|C:\Windows\System32\RPCRT4.dll+49e42|C:\Windows\SYSTEM32\ntdll.dll+20330|C:\Windows\SYSTEM32\ntdll.dll+52f76|C:\Windows\System32\KERNEL32.DLL+17604|C:\Windows\SYSTEM32\ntdll.dll+526a1</Data><Data Name='SourceUser'>NT AUTHORITY\SYSTEM</Data><Data Name='TargetUser'>THINKPAD-WIN10\smith</Data></EventData></Event><Event xmlns='http://schemas.microsoft.com/win/2004/08/events/event'><System><Provider Name='Microsoft-Windows-Sysmon' Guid='{5770385f-c22a-43e0-bf4c-06f5698ffbd9}'/><EventID>10</EventID><Version>3</Version><Level>4</Level><Task>10</Task><Opcode>0</Opcode><Keywords>0x8000000000000000</Keywords><TimeCreated SystemTime='2023-04-19T09:12:28.7726209Z'/><EventRecordID>4405</EventRecordID><Correlation/><Execution ProcessID='3388' ThreadID='5444'/><Channel>Microsoft-Windows-Sysmon/Operational</Channel><Computer>ThinkPad-Win10</Computer><Security UserID='S-1-5-18'/></System><EventData><Data Name='RuleName'>-</Data><Data Name='UtcTime'>2023-04-19 09:12:28.765</Data><Data Name='SourceProcessGUID'>{1255fde1-909e-643f-4000-00000000ee00}</Data><Data Name='SourceProcessId'>2668</Data><Data Name='SourceThreadId'>2728</Data><Data Name='SourceImage'>C:\Windows\System32\svchost.exe</Data><Data Name='TargetProcessGUID'>{1255fde1-b07c-643f-8a02-00000000ee00}</Data><Data Name='TargetProcessId'>8960</Data><Data Name='TargetImage'>C:\Users\smith\Desktop\Emergency Response\SysmonView.exe</Data><Data Name='GrantedAccess'>0x1478</Data><Data Name='CallTrace'>C:\Windows\SYSTEM32\ntdll.dll+9d524|c:\windows\system32\themeservice.dll+1bdb|c:\windows\system32\themeservice.dll+1836|c:\windows\system32\themeservice.dll+65ac|c:\windows\system32\themeservice.dll+b9d8|c:\windows\system32\themeservice.dll+a846|C:\Windows\System32\svchost.exe+4340|C:\Windows\System32\sechost.dll+dfd8|C:\Windows\System32\KERNEL32.DLL+17604|C:\Windows\SYSTEM32\ntdll.dll+526a1</Data><Data Name='SourceUser'>NT AUTHORITY\SYSTEM</Data><Data Name='TargetUser'>THINKPAD-WIN10\smith</Data></EventData></Event><Event xmlns='http://schemas.microsoft.com/win/2004/08/events/event'><System><Provider Name='Microsoft-Windows-Sysmon' Guid='{5770385f-c22a-43e0-bf4c-06f5698ffbd9}'/><EventID>10</EventID><Version>3</Version><Level>4</Level><Task>10</Task><Opcode>0</Opcode><Keywords>0x8000000000000000</Keywords><TimeCreated SystemTime='2023-04-19T09:12:28.7423065Z'/><EventRecordID>4404</EventRecordID><Correlation/><Execution ProcessID='3388' ThreadID='5444'/><Channel>Microsoft-Windows-Sysmon/Operational</Channel><Computer>ThinkPad-Win10</Computer><Security UserID='S-1-5-18'/></System><EventData><Data Name='RuleName'>-</Data><Data Name='UtcTime'>2023-04-19 09:12:28.734</Data><Data Name='SourceProcessGUID'>{1255fde1-959a-643f-2202-00000000ee00}</Data><Data Name='SourceProcessId'>4944</Data><Data Name='SourceThreadId'>7316</Data><Data Name='SourceImage'>C:\Windows\system32\svchost.exe</Data><Data Name='TargetProcessGUID'>{1255fde1-b07c-643f-8a02-00000000ee00}</Data><Data Name='TargetProcessId'>8960</Data><Data Name='TargetImage'>C:\Users\smith\Desktop\Emergency Response\SysmonView.exe</Data><Data Name='GrantedAccess'>0x1fffff</Data><Data Name='CallTrace'>C:\Windows\SYSTEM32\ntdll.dll+9d524|C:\Windows\System32\KERNELBASE.dll+3053e|c:\windows\system32\pcasvc.dll+bd07|c:\windows\system32\pcasvc.dll+cca6|c:\windows\system32\pcasvc.dll+115ed|C:\Windows\System32\KERNEL32.DLL+17604|C:\Windows\SYSTEM32\ntdll.dll+526a1</Data><Data Name='SourceUser'>NT AUTHORITY\SYSTEM</Data><Data Name='TargetUser'>THINKPAD-WIN10\smith</Data></EventData></Event><Event xmlns='http://schemas.microsoft.com/win/2004/08/events/event'><System><Provider Name='Microsoft-Windows-Sysmon' Guid='{5770385f-c22a-43e0-bf4c-06f5698ffbd9}'/><EventID>10</EventID><Version>3</Version><Level>4</Level><Task>10</Task><Opcode>0</Opcode><Keywords>0x8000000000000000</Keywords><TimeCreated SystemTime='2023-04-19T09:12:28.7384246Z'/><EventRecordID>4403</EventRecordID><Correlation/><Execution ProcessID='3388' ThreadID='5444'/><Channel>Microsoft-Windows-Sysmon/Operational</Channel><Computer>ThinkPad-Win10</Computer><Security UserID='S-1-5-18'/></System><EventData><Data Name='RuleName'>-</Data><Data Name='UtcTime'>2023-04-19 09:12:28.734</Data><Data Name='SourceProcessGUID'>{1255fde1-9090-643f-0a00-00000000ee00}</Data><Data Name='SourceProcessId'>724</Data><Data Name='SourceThreadId'>740</Data><Data Name='SourceImage'>C:\Windows\system32\csrss.exe</Data><Data Name='TargetProcessGUID'>{1255fde1-b07c-643f-8a02-00000000ee00}</Data><Data Name='TargetProcessId'>8960</Data><Data Name='TargetImage'>C:\Users\smith\Desktop\Emergency Response\SysmonView.exe</Data><Data Name='GrantedAccess'>0x1fffff</Data><Data Name='CallTrace'>C:\Windows\SYSTEM32\ntdll.dll+9d524|C:\Windows\system32\basesrv.DLL+326f|C:\Windows\SYSTEM32\CSRSRV.dll+6490|C:\Windows\SYSTEM32\ntdll.dll+526af</Data><Data Name='SourceUser'>NT AUTHORITY\SYSTEM</Data><Data Name='TargetUser'>THINKPAD-WIN10\smith</Data></EventData></Event><Event xmlns='http://schemas.microsoft.com/win/2004/08/events/event'><System><Provider Name='Microsoft-Windows-Sysmon' Guid='{5770385f-c22a-43e0-bf4c-06f5698ffbd9}'/><EventID>10</EventID><Version>3</Version><Level>4</Level><Task>10</Task><Opcode>0</Opcode><Keywords>0x8000000000000000</Keywords><TimeCreated SystemTime='2023-04-19T09:12:28.7383916Z'/><EventRecordID>4402</EventRecordID><Correlation/><Execution ProcessID='3388' ThreadID='5444'/><Channel>Microsoft-Windows-Sysmon/Operational</Channel><Computer>ThinkPad-Win10</Computer><Security UserID='S-1-5-18'/></System><EventData><Data Name='RuleName'>-</Data><Data Name='UtcTime'>2023-04-19 09:12:28.734</Data><Data Name='SourceProcessGUID'>{1255fde1-90be-643f-9300-00000000ee00}</Data><Data Name='SourceProcessId'>7828</Data><Data Name='SourceThreadId'>3804</Data><Data Name='SourceImage'>C:\Windows\Explorer.EXE</Data><Data Name='TargetProcessGUID'>{1255fde1-b07c-643f-8a02-00000000ee00}</Data><Data Name='TargetProcessId'>8960</Data><Data Name='TargetImage'>C:\Users\smith\Desktop\Emergency Response\SysmonView.exe</Data><Data Name='GrantedAccess'>0x1fffff</Data><Data Name='CallTrace'>C:\Windows\SYSTEM32\ntdll.dll+9e974|C:\Windows\System32\dtrampo.dll+ae6f|UNKNOWN(00007FFF62680303)</Data><Data Name='SourceUser'>THINKPAD-WIN10\smith</Data><Data Name='TargetUser'>THINKPAD-WIN10\smith</Data></EventData></Event><Event xmlns='http://schemas.microsoft.com/win/2004/08/events/event'><System><Provider Name='Microsoft-Windows-Sysmon' Guid='{5770385f-c22a-43e0-bf4c-06f5698ffbd9}'/><EventID>1</EventID><Version>5</Version><Level>4</Level><Task>1</Task><Opcode>0</Opcode><Keywords>0x8000000000000000</Keywords><TimeCreated SystemTime='2023-04-19T09:12:28.7383260Z'/><EventRecordID>4401</EventRecordID><Correlation/><Execution ProcessID='3388' ThreadID='5444'/><Channel>Microsoft-Windows-Sysmon/Operational</Channel><Computer>ThinkPad-Win10</Computer><Security UserID='S-1-5-18'/></System><EventData><Data Name='RuleName'>technique_id=T1204,technique_name=User Execution</Data><Data Name='UtcTime'>2023-04-19 09:12:28.692</Data><Data Name='ProcessGuid'>{1255fde1-b07c-643f-8a02-00000000ee00}</Data><Data Name='ProcessId'>8960</Data><Data Name='Image'>C:\Users\smith\Desktop\Emergency Response\SysmonView.exe</Data><Data Name='FileVersion'>3.2.0.0</Data><Data Name='Description'>SysmonView (Sysmon log view utility)</Data><Data Name='Product'>SysmonView</Data><Data Name='Company'>nosecurecode.com</Data><Data Name='OriginalFileName'>SysmonView</Data><Data Name='CommandLine'>"C:\Users\smith\Desktop\Emergency Response\SysmonView.exe" </Data><Data Name='CurrentDirectory'>C:\Users\smith\Desktop\Emergency Response\</Data><Data Name='User'>THINKPAD-WIN10\smith</Data><Data Name='LogonGuid'>{1255fde1-90a0-643f-d9c3-020000000000}</Data><Data Name='LogonId'>0x2c3d9</Data><Data Name='TerminalSessionId'>1</Data><Data Name='IntegrityLevel'>Medium</Data><Data Name='Hashes'>SHA1=BF00EAD5B68D45BF0030FD756657466FB3BEF4A9,MD5=31E5E61CA54CD052CED8BA0E801C65F1,SHA256=9E630F07D78A3401362053435BF20BDBC36AE52DA781B6E2C73647CE4CF88943,IMPHASH=49A66563C2735A53AD475F53FCDC6E30</Data><Data Name='ParentProcessGuid'>{1255fde1-90be-643f-9300-00000000ee00}</Data><Data Name='ParentProcessId'>7828</Data><Data Name='ParentImage'>C:\Windows\explorer.exe</Data><Data Name='ParentCommandLine'>C:\Windows\Explorer.EXE</Data><Data Name='ParentUser'>THINKPAD-WIN10\smith</Data></EventData></Event><Event xmlns='http://schemas.microsoft.com/win/2004/08/events/event'><System><Provider Name='Microsoft-Windows-Sysmon' Guid='{5770385f-c22a-43e0-bf4c-06f5698ffbd9}'/><EventID>13</EventID><Version>2</Version><Level>4</Level><Task>13</Task><Opcode>0</Opcode><Keywords>0x8000000000000000</Keywords><TimeCreated SystemTime='2023-04-19T09:12:28.7375309Z'/><EventRecordID>4400</EventRecordID><Correlation/><Execution ProcessID='3388' ThreadID='5444'/><Channel>Microsoft-Windows-Sysmon/Operational</Channel><Computer>ThinkPad-Win10</Computer><Security UserID='S-1-5-18'/></System><EventData><Data Name='RuleName'>technique_id=T1543,technique_name=Service Creation</Data><Data Name='EventType'>SetValue</Data><Data Name='UtcTime'>2023-04-19 09:12:28.734</Data><Data Name='ProcessGuid'>{1255fde1-90be-643f-9300-00000000ee00}</Data><Data Name='ProcessId'>7828</Data><Data Name='Image'>C:\Windows\Explorer.EXE</Data><Data Name='TargetObject'>HKLM\System\CurrentControlSet\Services\bam\State\UserSettings\S-1-5-21-3737481589-311315860-1775043708-1000\\Device\HarddiskVolume4\Users\smith\Desktop\Emergency Response\SysmonView.exe</Data><Data Name='Details'>Binary Data</Data><Data Name='User'>THINKPAD-WIN10\smith</Data></EventData></Event><Event xmlns='http://schemas.microsoft.com/win/2004/08/events/event'><System><Provider Name='Microsoft-Windows-Sysmon' Guid='{5770385f-c22a-43e0-bf4c-06f5698ffbd9}'/><EventID>12</EventID><Version>2</Version><Level>4</Level><Task>12</Task><Opcode>0</Opcode><Keywords>0x8000000000000000</Keywords><TimeCreated SystemTime='2023-04-19T09:12:23.3359641Z'/><EventRecordID>4399</EventRecordID><Correlation/><Execution ProcessID='3388' ThreadID='5444'/><Channel>Microsoft-Windows-Sysmon/Operational</Channel><Computer>ThinkPad-Win10</Computer><Security UserID='S-1-5-18'/></System><EventData><Data Name='RuleName'>technique_name=Outlook Server 95/98 Identity Keys</Data><Data Name='EventType'>DeleteKey</Data><Data Name='UtcTime'>2023-04-19 09:12:23.327</Data><Data Name='ProcessGuid'>{1255fde1-90be-643f-9300-00000000ee00}</Data><Data Name='ProcessId'>7828</Data><Data Name='Image'>C:\Windows\Explorer.EXE</Data><Data Name='TargetObject'>HKU\S-1-5-21-3737481589-311315860-1775043708-1000_Classes\Local Settings\Software\Microsoft\Windows\CurrentVersion\TrayNotify\ToastAppIdentities\Microsoft.Explorer.Notification.{172C0501-287A-803C-AA1E-4DA7C38433DF}</Data><Data Name='User'>THINKPAD-WIN10\smith</Data></EventData></Event><Event xmlns='http://schemas.microsoft.com/win/2004/08/events/event'><System><Provider Name='Microsoft-Windows-Sysmon' Guid='{5770385f-c22a-43e0-bf4c-06f5698ffbd9}'/><EventID>12</EventID><Version>2</Version><Level>4</Level><Task>12</Task><Opcode>0</Opcode><Keywords>0x8000000000000000</Keywords><TimeCreated SystemTime='2023-04-19T09:12:19.8635781Z'/><EventRecordID>4398</EventRecordID><Correlation/><Execution ProcessID='3388' ThreadID='5444'/><Channel>Microsoft-Windows-Sysmon/Operational</Channel><Computer>ThinkPad-Win10</Computer><Security UserID='S-1-5-18'/></System><EventData><Data Name='RuleName'>technique_name=Outlook Server 95/98 Identity Keys</Data><Data Name='EventType'>CreateKey</Data><Data Name='UtcTime'>2023-04-19 09:12:19.862</Data><Data Name='ProcessGuid'>{1255fde1-90be-643f-9300-00000000ee00}</Data><Data Name='ProcessId'>7828</Data><Data Name='Image'>C:\Windows\Explorer.EXE</Data><Data Name='TargetObject'>HKU\S-1-5-21-3737481589-311315860-1775043708-1000_Classes\Local Settings\Software\Microsoft\Windows\CurrentVersion\TrayNotify\ToastAppIdentities\Microsoft.Explorer.Notification.{172C0501-287A-803C-AA1E-4DA7C38433DF}</Data><Data Name='User'>THINKPAD-WIN10\smith</Data></EventData></Event><Event xmlns='http://schemas.microsoft.com/win/2004/08/events/event'><System><Provider Name='Microsoft-Windows-Sysmon' Guid='{5770385f-c22a-43e0-bf4c-06f5698ffbd9}'/><EventID>11</EventID><Version>2</Version><Level>4</Level><Task>11</Task><Opcode>0</Opcode><Keywords>0x8000000000000000</Keywords><TimeCreated SystemTime='2023-04-19T09:12:19.4101983Z'/><EventRecordID>4397</EventRecordID><Correlation/><Execution ProcessID='3388' ThreadID='5444'/><Channel>Microsoft-Windows-Sysmon/Operational</Channel><Computer>ThinkPad-Win10</Computer><Security UserID='S-1-5-18'/></System><EventData><Data Name='RuleName'>-</Data><Data Name='UtcTime'>2023-04-19 09:12:19.407</Data><Data Name='ProcessGuid'>{1255fde1-a35a-643f-3602-00000000ee00}</Data><Data Name='ProcessId'>1708</Data><Data Name='Image'>C:\Windows\system32\mmc.exe</Data><Data Name='TargetFilename'>C:\Users\smith\Desktop\1.xml</Data><Data Name='CreationUtcTime'>2023-04-19 05:15:24.540</Data><Data Name='User'>THINKPAD-WIN10\smith</Data></EventData></Event><Event xmlns='http://schemas.microsoft.com/win/2004/08/events/event'><System><Provider Name='Microsoft-Windows-Sysmon' Guid='{5770385f-c22a-43e0-bf4c-06f5698ffbd9}'/><EventID>23</EventID><Version>5</Version><Level>4</Level><Task>23</Task><Opcode>0</Opcode><Keywords>0x8000000000000000</Keywords><TimeCreated SystemTime='2023-04-19T09:12:17.3759706Z'/><EventRecordID>4396</EventRecordID><Correlation/><Execution ProcessID='3388' ThreadID='5444'/><Channel>Microsoft-Windows-Sysmon/Operational</Channel><Computer>ThinkPad-Win10</Computer><Security UserID='S-1-5-18'/></System><EventData><Data Name='RuleName'>Scripts and payloads</Data><Data Name='UtcTime'>2023-04-19 09:12:17.368</Data><Data Name='ProcessGuid'>{1255fde1-90be-643f-9300-00000000ee00}</Data><Data Name='ProcessId'>7828</Data><Data Name='User'>THINKPAD-WIN10\smith</Data><Data Name='Image'>C:\Windows\Explorer.EXE</Data><Data Name='TargetFilename'>C:\Users\smith\AppData\Roaming\Microsoft\Windows\Recent\1.xml.lnk</Data><Data Name='Hashes'>SHA1=F6AD1165D3D302E43CFB2AD808A8F38160DE183A,MD5=C53D5029031541D012B959D38B05A01E,SHA256=C9538D9573860B6B3B114F8E8A1658008B76B72569B906153267767E54AB10D0,IMPHASH=00000000000000000000000000000000</Data><Data Name='IsExecutable'>false</Data><Data Name='Archived'>true</Data></EventData></Event><Event xmlns='http://schemas.microsoft.com/win/2004/08/events/event'><System><Provider Name='Microsoft-Windows-Sysmon' Guid='{5770385f-c22a-43e0-bf4c-06f5698ffbd9}'/><EventID>13</EventID><Version>2</Version><Level>4</Level><Task>13</Task><Opcode>0</Opcode><Keywords>0x8000000000000000</Keywords><TimeCreated SystemTime='2023-04-19T09:12:04.3569430Z'/><EventRecordID>4395</EventRecordID><Correlation/><Execution ProcessID='3388' ThreadID='5444'/><Channel>Microsoft-Windows-Sysmon/Operational</Channel><Computer>ThinkPad-Win10</Computer><Security UserID='S-1-5-18'/></System><EventData><Data Name='RuleName'>technique_id=T1543,technique_name=Service Creation</Data><Data Name='EventType'>SetValue</Data><Data Name='UtcTime'>2023-04-19 09:12:04.351</Data><Data Name='ProcessGuid'>{1255fde1-affd-643f-7a02-00000000ee00}</Data><Data Name='ProcessId'>6136</Data><Data Name='Image'>C:\Users\smith\Desktop\Emergency Response\SysmonView.exe</Data><Data Name='TargetObject'>HKLM\System\CurrentControlSet\Services\bam\State\UserSettings\S-1-5-21-3737481589-311315860-1775043708-1000\\Device\HarddiskVolume4\Users\smith\Desktop\Emergency Response\SysmonView.exe</Data><Data Name='Details'>Binary Data</Data><Data Name='User'>THINKPAD-WIN10\smith</Data></EventData></Event><Event xmlns='http://schemas.microsoft.com/win/2004/08/events/event'><System><Provider Name='Microsoft-Windows-Sysmon' Guid='{5770385f-c22a-43e0-bf4c-06f5698ffbd9}'/><EventID>5</EventID><Version>3</Version><Level>4</Level><Task>5</Task><Opcode>0</Opcode><Keywords>0x8000000000000000</Keywords><TimeCreated SystemTime='2023-04-19T09:12:04.3564348Z'/><EventRecordID>4394</EventRecordID><Correlation/><Execution ProcessID='3388' ThreadID='5444'/><Channel>Microsoft-Windows-Sysmon/Operational</Channel><Computer>ThinkPad-Win10</Computer><Security UserID='S-1-5-18'/></System><EventData><Data Name='RuleName'>-</Data><Data Name='UtcTime'>2023-04-19 09:12:04.351</Data><Data Name='ProcessGuid'>{1255fde1-affd-643f-7a02-00000000ee00}</Data><Data Name='ProcessId'>6136</Data><Data Name='Image'>C:\Users\smith\Desktop\Emergency Response\SysmonView.exe</Data><Data Name='User'>THINKPAD-WIN10\smith</Data></EventData></Event><Event xmlns='http://schemas.microsoft.com/win/2004/08/events/event'><System><Provider Name='Microsoft-Windows-Sysmon' Guid='{5770385f-c22a-43e0-bf4c-06f5698ffbd9}'/><EventID>10</EventID><Version>3</Version><Level>4</Level><Task>10</Task><Opcode>0</Opcode><Keywords>0x8000000000000000</Keywords><TimeCreated SystemTime='2023-04-19T09:12:04.2493697Z'/><EventRecordID>4393</EventRecordID><Correlation/><Execution ProcessID='3388' ThreadID='5444'/><Channel>Microsoft-Windows-Sysmon/Operational</Channel><Computer>ThinkPad-Win10</Computer><Security UserID='S-1-5-18'/></System><EventData><Data Name='RuleName'>-</Data><Data Name='UtcTime'>2023-04-19 09:12:04.249</Data><Data Name='SourceProcessGUID'>{1255fde1-90be-643f-9300-00000000ee00}</Data><Data Name='SourceProcessId'>7828</Data><Data Name='SourceThreadId'>7228</Data><Data Name='SourceImage'>C:\Windows\Explorer.EXE</Data><Data Name='TargetProcessGUID'>{1255fde1-affd-643f-7a02-00000000ee00}</Data><Data Name='TargetProcessId'>6136</Data><Data Name='TargetImage'>C:\Users\smith\Desktop\Emergency Response\SysmonView.exe</Data><Data Name='GrantedAccess'>0x2000</Data><Data Name='CallTrace'>C:\Windows\SYSTEM32\ntdll.dll+9d524|C:\Windows\System32\KERNELBASE.dll+3053e|C:\Windows\system32\twinui.dll+80cd9|C:\Windows\system32\twinui.dll+33ec1|C:\Windows\system32\twinui.dll+32a3c|C:\Windows\system32\twinui.dll+68bdc|C:\Windows\system32\twinui.dll+68b3c|C:\Windows\system32\twinui.dll+60c7a|C:\Windows\system32\twinui.dll+605aa|C:\Windows\system32\twinui.dll+60e4b|C:\Windows\system32\twinui.dll+6066d|C:\Windows\System32\user32.dll+e858|C:\Windows\System32\user32.dll+e299|C:\Windows\System32\windows.immersiveshell.serviceprovider.dll+c7e3|C:\Windows\System32\windows.immersiveshell.serviceprovider.dll+c377|C:\Windows\System32\windows.immersiveshell.serviceprovider.dll+c9c7|C:\Windows\System32\windows.immersiveshell.serviceprovider.dll+ca22|C:\Windows\System32\KERNEL32.DLL+17604|C:\Windows\SYSTEM32\ntdll.dll+526a1</Data><Data Name='SourceUser'>THINKPAD-WIN10\smith</Data><Data Name='TargetUser'>THINKPAD-WIN10\smith</Data></EventData></Event><Event xmlns='http://schemas.microsoft.com/win/2004/08/events/event'><System><Provider Name='Microsoft-Windows-Sysmon' Guid='{5770385f-c22a-43e0-bf4c-06f5698ffbd9}'/><EventID>10</EventID><Version>3</Version><Level>4</Level><Task>10</Task><Opcode>0</Opcode><Keywords>0x8000000000000000</Keywords><TimeCreated SystemTime='2023-04-19T09:12:02.4194351Z'/><EventRecordID>4392</EventRecordID><Correlation/><Execution ProcessID='3388' ThreadID='5444'/><Channel>Microsoft-Windows-Sysmon/Operational</Channel><Computer>ThinkPad-Win10</Computer><Security UserID='S-1-5-18'/></System><EventData><Data Name='RuleName'>-</Data><Data Name='UtcTime'>2023-04-19 09:12:02.418</Data><Data Name='SourceProcessGUID'>{1255fde1-90bc-643f-8c00-00000000ee00}</Data><Data Name='SourceProcessId'>2228</Data><Data Name='SourceThreadId'>7188</Data><Data Name='SourceImage'>C:\Program Files (x86)\Huorong\Sysdiag\bin\PopBlock.exe</Data><Data Name='TargetProcessGUID'>{1255fde1-affd-643f-7a02-00000000ee00}</Data><Data Name='TargetProcessId'>6136</Data><Data Name='TargetImage'>C:\Users\smith\Desktop\Emergency Response\SysmonView.exe</Data><Data Name='GrantedAccess'>0x1410</Data><Data Name='CallTrace'>C:\Windows\SYSTEM32\ntdll.dll+9d524|C:\Windows\System32\wow64.dll+10955|C:\Windows\System32\wow64.dll+901a|C:\Windows\System32\wow64cpu.dll+17c3|C:\Windows\System32\wow64cpu.dll+11b9|C:\Windows\System32\wow64.dll+38c9|C:\Windows\System32\wow64.dll+32bd|C:\Windows\SYSTEM32\ntdll.dll+75089|C:\Windows\SYSTEM32\ntdll.dll+74c73|C:\Windows\SYSTEM32\ntdll.dll+74c1e|C:\Windows\SYSTEM32\ntdll.dll+72d1c(wow64)|C:\Windows\System32\KERNELBASE.dll+112bc8(wow64)|C:\Program Files (x86)\Huorong\Sysdiag\bin\POPBLKENG.dll+18730(wow64)|C:\Program Files (x86)\Huorong\Sysdiag\bin\POPBLKENG.dll+7572(wow64)|C:\Program Files (x86)\Huorong\Sysdiag\bin\POPBLKENG.dll+7cf0(wow64)|C:\Program Files (x86)\Huorong\Sysdiag\bin\POPBLKENG.dll+7426(wow64)|C:\Windows\System32\KERNEL32.DLL+20099(wow64)|C:\Windows\SYSTEM32\ntdll.dll+67b6e(wow64)|C:\Windows\SYSTEM32\ntdll.dll+67b3e(wow64)</Data><Data Name='SourceUser'>THINKPAD-WIN10\smith</Data><Data Name='TargetUser'>THINKPAD-WIN10\smith</Data></EventData></Event><Event xmlns='http://schemas.microsoft.com/win/2004/08/events/event'><System><Provider Name='Microsoft-Windows-Sysmon' Guid='{5770385f-c22a-43e0-bf4c-06f5698ffbd9}'/><EventID>10</EventID><Version>3</Version><Level>4</Level><Task>10</Task><Opcode>0</Opcode><Keywords>0x8000000000000000</Keywords><TimeCreated SystemTime='2023-04-19T09:12:01.4931619Z'/><EventRecordID>4391</EventRecordID><Correlation/><Execution ProcessID='3388' ThreadID='5444'/><Channel>Microsoft-Windows-Sysmon/Operational</Channel><Computer>ThinkPad-Win10</Computer><Security UserID='S-1-5-18'/></System><EventData><Data Name='RuleName'>-</Data><Data Name='UtcTime'>2023-04-19 09:12:01.492</Data><Data Name='SourceProcessGUID'>{1255fde1-90be-643f-9300-00000000ee00}</Data><Data Name='SourceProcessId'>7828</Data><Data Name='SourceThreadId'>7228</Data><Data Name='SourceImage'>C:\Windows\Explorer.EXE</Data><Data Name='TargetProcessGUID'>{1255fde1-affd-643f-7a02-00000000ee00}</Data><Data Name='TargetProcessId'>6136</Data><Data Name='TargetImage'>C:\Users\smith\Desktop\Emergency Response\SysmonView.exe</Data><Data Name='GrantedAccess'>0x2000</Data><Data Name='CallTrace'>C:\Windows\SYSTEM32\ntdll.dll+9d524|C:\Windows\System32\KERNELBASE.dll+3053e|C:\Windows\system32\twinui.dll+331cb|C:\Windows\system32\twinui.dll+32a3c|C:\Windows\system32\twinui.dll+68bdc|C:\Windows\system32\twinui.dll+68b3c|C:\Windows\system32\twinui.dll+60c7a|C:\Windows\system32\twinui.dll+605aa|C:\Windows\system32\twinui.dll+60e4b|C:\Windows\system32\twinui.dll+6066d|C:\Windows\System32\user32.dll+e858|C:\Windows\System32\user32.dll+e299|C:\Windows\System32\windows.immersiveshell.serviceprovider.dll+c7e3|C:\Windows\System32\windows.immersiveshell.serviceprovider.dll+c377|C:\Windows\System32\windows.immersiveshell.serviceprovider.dll+c9c7|C:\Windows\System32\windows.immersiveshell.serviceprovider.dll+ca22|C:\Windows\System32\KERNEL32.DLL+17604|C:\Windows\SYSTEM32\ntdll.dll+526a1</Data><Data Name='SourceUser'>THINKPAD-WIN10\smith</Data><Data Name='TargetUser'>THINKPAD-WIN10\smith</Data></EventData></Event><Event xmlns='http://schemas.microsoft.com/win/2004/08/events/event'><System><Provider Name='Microsoft-Windows-Sysmon' Guid='{5770385f-c22a-43e0-bf4c-06f5698ffbd9}'/><EventID>10</EventID><Version>3</Version><Level>4</Level><Task>10</Task><Opcode>0</Opcode><Keywords>0x8000000000000000</Keywords><TimeCreated SystemTime='2023-04-19T09:12:01.4878195Z'/><EventRecordID>4390</EventRecordID><Correlation/><Execution ProcessID='3388' ThreadID='5444'/><Channel>Microsoft-Windows-Sysmon/Operational</Channel><Computer>ThinkPad-Win10</Computer><Security UserID='S-1-5-18'/></System><EventData><Data Name='RuleName'>-</Data><Data Name='UtcTime'>2023-04-19 09:12:01.487</Data><Data Name='SourceProcessGUID'>{1255fde1-90be-643f-9300-00000000ee00}</Data><Data Name='SourceProcessId'>7828</Data><Data Name='SourceThreadId'>7228</Data><Data Name='SourceImage'>C:\Windows\Explorer.EXE</Data><Data Name='TargetProcessGUID'>{1255fde1-affd-643f-7a02-00000000ee00}</Data><Data Name='TargetProcessId'>6136</Data><Data Name='TargetImage'>C:\Users\smith\Desktop\Emergency Response\SysmonView.exe</Data><Data Name='GrantedAccess'>0x2000</Data><Data Name='CallTrace'>C:\Windows\SYSTEM32\ntdll.dll+9d524|C:\Windows\System32\KERNELBASE.dll+3053e|C:\Windows\system32\twinui.dll+32833|C:\Windows\system32\twinui.dll+68bdc|C:\Windows\system32\twinui.dll+68b3c|C:\Windows\system32\twinui.dll+60c7a|C:\Windows\system32\twinui.dll+605aa|C:\Windows\system32\twinui.dll+60e4b|C:\Windows\system32\twinui.dll+6066d|C:\Windows\System32\user32.dll+e858|C:\Windows\System32\user32.dll+e299|C:\Windows\System32\windows.immersiveshell.serviceprovider.dll+c7e3|C:\Windows\System32\windows.immersiveshell.serviceprovider.dll+c377|C:\Windows\System32\windows.immersiveshell.serviceprovider.dll+c9c7|C:\Windows\System32\windows.immersiveshell.serviceprovider.dll+ca22|C:\Windows\System32\KERNEL32.DLL+17604|C:\Windows\SYSTEM32\ntdll.dll+526a1</Data><Data Name='SourceUser'>THINKPAD-WIN10\smith</Data><Data Name='TargetUser'>THINKPAD-WIN10\smith</Data></EventData></Event><Event xmlns='http://schemas.microsoft.com/win/2004/08/events/event'><System><Provider Name='Microsoft-Windows-Sysmon' Guid='{5770385f-c22a-43e0-bf4c-06f5698ffbd9}'/><EventID>10</EventID><Version>3</Version><Level>4</Level><Task>10</Task><Opcode>0</Opcode><Keywords>0x8000000000000000</Keywords><TimeCreated SystemTime='2023-04-19T09:12:01.4842754Z'/><EventRecordID>4389</EventRecordID><Correlation/><Execution ProcessID='3388' ThreadID='5444'/><Channel>Microsoft-Windows-Sysmon/Operational</Channel><Computer>ThinkPad-Win10</Computer><Security UserID='S-1-5-18'/></System><EventData><Data Name='RuleName'>-</Data><Data Name='UtcTime'>2023-04-19 09:12:01.483</Data><Data Name='SourceProcessGUID'>{1255fde1-90be-643f-9300-00000000ee00}</Data><Data Name='SourceProcessId'>7828</Data><Data Name='SourceThreadId'>7392</Data><Data Name='SourceImage'>C:\Windows\Explorer.EXE</Data><Data Name='TargetProcessGUID'>{1255fde1-affd-643f-7a02-00000000ee00}</Data><Data Name='TargetProcessId'>6136</Data><Data Name='TargetImage'>C:\Users\smith\Desktop\Emergency Response\SysmonView.exe</Data><Data Name='GrantedAccess'>0x1410</Data><Data Name='CallTrace'>C:\Windows\SYSTEM32\ntdll.dll+9d524|C:\Windows\System32\KERNELBASE.dll+3053e|C:\Windows\System32\appresolver.dll+24d21|C:\Windows\System32\appresolver.dll+21ce7|C:\Windows\System32\appresolver.dll+21a26|C:\Windows\Explorer.EXE+35ee0|C:\Windows\Explorer.EXE+35df4|C:\Windows\Explorer.EXE+81cc0|C:\Windows\SYSTEM32\windows.storage.dll+11b75c|C:\Windows\SYSTEM32\windows.storage.dll+11b3a1|C:\Windows\SYSTEM32\windows.storage.dll+195af4|C:\Windows\System32\shcore.dll+33106|C:\Windows\SYSTEM32\ntdll.dll+6fcd3|C:\Windows\SYSTEM32\ntdll.dll+531aa|C:\Windows\System32\KERNEL32.DLL+17604|C:\Windows\SYSTEM32\ntdll.dll+526a1</Data><Data Name='SourceUser'>THINKPAD-WIN10\smith</Data><Data Name='TargetUser'>THINKPAD-WIN10\smith</Data></EventData></Event><Event xmlns='http://schemas.microsoft.com/win/2004/08/events/event'><System><Provider Name='Microsoft-Windows-Sysmon' Guid='{5770385f-c22a-43e0-bf4c-06f5698ffbd9}'/><EventID>10</EventID><Version>3</Version><Level>4</Level><Task>10</Task><Opcode>0</Opcode><Keywords>0x8000000000000000</Keywords><TimeCreated SystemTime='2023-04-19T09:12:01.4620263Z'/><EventRecordID>4388</EventRecordID><Correlation/><Execution ProcessID='3388' ThreadID='5444'/><Channel>Microsoft-Windows-Sysmon/Operational</Channel><Computer>ThinkPad-Win10</Computer><Security UserID='S-1-5-18'/></System><EventData><Data Name='RuleName'>-</Data><Data Name='UtcTime'>2023-04-19 09:12:01.461</Data><Data Name='SourceProcessGUID'>{1255fde1-90be-643f-9300-00000000ee00}</Data><Data Name='SourceProcessId'>7828</Data><Data Name='SourceThreadId'>576</Data><Data Name='SourceImage'>C:\Windows\Explorer.EXE</Data><Data Name='TargetProcessGUID'>{1255fde1-affd-643f-7a02-00000000ee00}</Data><Data Name='TargetProcessId'>6136</Data><Data Name='TargetImage'>C:\Users\smith\Desktop\Emergency Response\SysmonView.exe</Data><Data Name='GrantedAccess'>0x1410</Data><Data Name='CallTrace'>C:\Windows\SYSTEM32\ntdll.dll+9d524|C:\Windows\System32\KERNELBASE.dll+3053e|C:\Windows\System32\appresolver.dll+24d21|C:\Windows\System32\appresolver.dll+21ce7|C:\Windows\system32\twinui.pcshell.dll+2b067|C:\Windows\system32\twinui.pcshell.dll+136fee|C:\Windows\System32\KERNEL32.DLL+17604|C:\Windows\SYSTEM32\ntdll.dll+526a1</Data><Data Name='SourceUser'>THINKPAD-WIN10\smith</Data><Data Name='TargetUser'>THINKPAD-WIN10\smith</Data></EventData></Event><Event xmlns='http://schemas.microsoft.com/win/2004/08/events/event'><System><Provider Name='Microsoft-Windows-Sysmon' Guid='{5770385f-c22a-43e0-bf4c-06f5698ffbd9}'/><EventID>10</EventID><Version>3</Version><Level>4</Level><Task>10</Task><Opcode>0</Opcode><Keywords>0x8000000000000000</Keywords><TimeCreated SystemTime='2023-04-19T09:12:01.4613150Z'/><EventRecordID>4387</EventRecordID><Correlation/><Execution ProcessID='3388' ThreadID='5444'/><Channel>Microsoft-Windows-Sysmon/Operational</Channel><Computer>ThinkPad-Win10</Computer><Security UserID='S-1-5-18'/></System><EventData><Data Name='RuleName'>-</Data><Data Name='UtcTime'>2023-04-19 09:12:01.460</Data><Data Name='SourceProcessGUID'>{1255fde1-90be-643f-9300-00000000ee00}</Data><Data Name='SourceProcessId'>7828</Data><Data Name='SourceThreadId'>576</Data><Data Name='SourceImage'>C:\Windows\Explorer.EXE</Data><Data Name='TargetProcessGUID'>{1255fde1-affd-643f-7a02-00000000ee00}</Data><Data Name='TargetProcessId'>6136</Data><Data Name='TargetImage'>C:\Users\smith\Desktop\Emergency Response\SysmonView.exe</Data><Data Name='GrantedAccess'>0x1410</Data><Data Name='CallTrace'>C:\Windows\SYSTEM32\ntdll.dll+9d524|C:\Windows\System32\KERNELBASE.dll+3053e|C:\Windows\system32\twinui.pcshell.dll+2ae1f|C:\Windows\system32\twinui.pcshell.dll+136fee|C:\Windows\System32\KERNEL32.DLL+17604|C:\Windows\SYSTEM32\ntdll.dll+526a1</Data><Data Name='SourceUser'>THINKPAD-WIN10\smith</Data><Data Name='TargetUser'>THINKPAD-WIN10\smith</Data></EventData></Event><Event xmlns='http://schemas.microsoft.com/win/2004/08/events/event'><System><Provider Name='Microsoft-Windows-Sysmon' Guid='{5770385f-c22a-43e0-bf4c-06f5698ffbd9}'/><EventID>10</EventID><Version>3</Version><Level>4</Level><Task>10</Task><Opcode>0</Opcode><Keywords>0x8000000000000000</Keywords><TimeCreated SystemTime='2023-04-19T09:12:01.4612749Z'/><EventRecordID>4386</EventRecordID><Correlation/><Execution ProcessID='3388' ThreadID='5444'/><Channel>Microsoft-Windows-Sysmon/Operational</Channel><Computer>ThinkPad-Win10</Computer><Security UserID='S-1-5-18'/></System><EventData><Data Name='RuleName'>-</Data><Data Name='UtcTime'>2023-04-19 09:12:01.460</Data><Data Name='SourceProcessGUID'>{1255fde1-9096-643f-0f00-00000000ee00}</Data><Data Name='SourceProcessId'>1004</Data><Data Name='SourceThreadId'>10144</Data><Data Name='SourceImage'>C:\Windows\system32\svchost.exe</Data><Data Name='TargetProcessGUID'>{1255fde1-affd-643f-7a02-00000000ee00}</Data><Data Name='TargetProcessId'>6136</Data><Data Name='TargetImage'>C:\Users\smith\Desktop\Emergency Response\SysmonView.exe</Data><Data Name='GrantedAccess'>0x2000</Data><Data Name='CallTrace'>C:\Windows\SYSTEM32\ntdll.dll+9d524|C:\Windows\SYSTEM32\psmserviceexthost.dll+9f49|C:\Windows\SYSTEM32\psmserviceexthost.dll+9d43|C:\Windows\SYSTEM32\ntdll.dll+62df9|C:\Windows\SYSTEM32\ntdll.dll+62a81|C:\Windows\SYSTEM32\ntdll.dll+628e0|C:\Windows\SYSTEM32\ntdll.dll+10ebc|C:\Windows\SYSTEM32\ntdll.dll+52f76|C:\Windows\System32\KERNEL32.DLL+17604|C:\Windows\SYSTEM32\ntdll.dll+526a1</Data><Data Name='SourceUser'>NT AUTHORITY\SYSTEM</Data><Data Name='TargetUser'>THINKPAD-WIN10\smith</Data></EventData></Event><Event xmlns='http://schemas.microsoft.com/win/2004/08/events/event'><System><Provider Name='Microsoft-Windows-Sysmon' Guid='{5770385f-c22a-43e0-bf4c-06f5698ffbd9}'/><EventID>10</EventID><Version>3</Version><Level>4</Level><Task>10</Task><Opcode>0</Opcode><Keywords>0x8000000000000000</Keywords><TimeCreated SystemTime='2023-04-19T09:11:57.4661408Z'/><EventRecordID>4385</EventRecordID><Correlation/><Execution ProcessID='3388' ThreadID='5444'/><Channel>Microsoft-Windows-Sysmon/Operational</Channel><Computer>ThinkPad-Win10</Computer><Security UserID='S-1-5-18'/></System><EventData><Data Name='RuleName'>-</Data><Data Name='UtcTime'>2023-04-19 09:11:57.465</Data><Data Name='SourceProcessGUID'>{1255fde1-90be-643f-9300-00000000ee00}</Data><Data Name='SourceProcessId'>7828</Data><Data Name='SourceThreadId'>3220</Data><Data Name='SourceImage'>C:\Windows\Explorer.EXE</Data><Data Name='TargetProcessGUID'>{1255fde1-affd-643f-7a02-00000000ee00}</Data><Data Name='TargetProcessId'>6136</Data><Data Name='TargetImage'>C:\Users\smith\Desktop\Emergency Response\SysmonView.exe</Data><Data Name='GrantedAccess'>0x2000</Data><Data Name='CallTrace'>C:\Windows\SYSTEM32\ntdll.dll+9d524|C:\Windows\System32\KERNELBASE.dll+3053e|C:\Windows\system32\twinui.dll+331cb|C:\Windows\SYSTEM32\ntdll.dll+71719|C:\Windows\SYSTEM32\ntdll.dll+531aa|C:\Windows\System32\KERNEL32.DLL+17604|C:\Windows\SYSTEM32\ntdll.dll+526a1</Data><Data Name='SourceUser'>THINKPAD-WIN10\smith</Data><Data Name='TargetUser'>THINKPAD-WIN10\smith</Data></EventData></Event>