<Event xmlns='http://schemas.microsoft.com/win/2004/08/events/event'><System><Provider Name='Microsoft-Windows-Sysmon' Guid='{5770385f-c22a-43e0-bf4c-06f5698ffbd9}'/><EventID>10</EventID><Version>3</Version><Level>4</Level><Task>10</Task><Opcode>0</Opcode><Keywords>0x8000000000000000</Keywords><TimeCreated SystemTime='2023-04-19T09:10:40.3464533Z'/><EventRecordID>3868</EventRecordID><Correlation/><Execution ProcessID='3388' ThreadID='5444'/><Channel>Microsoft-Windows-Sysmon/Operational</Channel><Computer>ThinkPad-Win10</Computer><Security UserID='S-1-5-18'/></System><EventData><Data Name='RuleName'>-</Data><Data Name='UtcTime'>2023-04-19 09:10:40.345</Data><Data Name='SourceProcessGUID'>{1255fde1-90bc-643f-8c00-00000000ee00}</Data><Data Name='SourceProcessId'>2228</Data><Data Name='SourceThreadId'>7188</Data><Data Name='SourceImage'>C:\Program Files (x86)\Huorong\Sysdiag\bin\PopBlock.exe</Data><Data Name='TargetProcessGUID'>{1255fde1-affd-643f-7a02-00000000ee00}</Data><Data Name='TargetProcessId'>6136</Data><Data Name='TargetImage'>C:\Users\smith\Desktop\Emergency Response\SysmonView.exe</Data><Data Name='GrantedAccess'>0x1410</Data><Data Name='CallTrace'>C:\Windows\SYSTEM32\ntdll.dll+9d524|C:\Windows\System32\wow64.dll+10955|C:\Windows\System32\wow64.dll+901a|C:\Windows\System32\wow64cpu.dll+17c3|C:\Windows\System32\wow64cpu.dll+11b9|C:\Windows\System32\wow64.dll+38c9|C:\Windows\System32\wow64.dll+32bd|C:\Windows\SYSTEM32\ntdll.dll+75089|C:\Windows\SYSTEM32\ntdll.dll+74c73|C:\Windows\SYSTEM32\ntdll.dll+74c1e|C:\Windows\SYSTEM32\ntdll.dll+72d1c(wow64)|C:\Windows\System32\KERNELBASE.dll+112bc8(wow64)|C:\Program Files (x86)\Huorong\Sysdiag\bin\POPBLKENG.dll+18304(wow64)|C:\Program Files (x86)\Huorong\Sysdiag\bin\POPBLKENG.dll+df45(wow64)|C:\Program Files (x86)\Huorong\Sysdiag\bin\POPBLKENG.dll+795f(wow64)|C:\Program Files (x86)\Huorong\Sysdiag\bin\POPBLKENG.dll+7454(wow64)|C:\Windows\System32\USER32.dll+35921(wow64)|C:\Windows\System32\USER32.dll+297ca(wow64)|C:\Program Files (x86)\Huorong\Sysdiag\bin\POPBLKENG.dll+7cd7(wow64)|C:\Program Files (x86)\Huorong\Sysdiag\bin\POPBLKENG.dll+7426(wow64)|C:\Windows\System32\KERNEL32.DLL+20099(wow64)|C:\Windows\SYSTEM32\ntdll.dll+67b6e(wow64)|C:\Windows\SYSTEM32\ntdll.dll+67b3e(wow64)</Data><Data Name='SourceUser'>THINKPAD-WIN10\smith</Data><Data Name='TargetUser'>THINKPAD-WIN10\smith</Data></EventData></Event><Event xmlns='http://schemas.microsoft.com/win/2004/08/events/event'><System><Provider Name='Microsoft-Windows-Sysmon' Guid='{5770385f-c22a-43e0-bf4c-06f5698ffbd9}'/><EventID>10</EventID><Version>3</Version><Level>4</Level><Task>10</Task><Opcode>0</Opcode><Keywords>0x8000000000000000</Keywords><TimeCreated SystemTime='2023-04-19T09:10:39.7381026Z'/><EventRecordID>3867</EventRecordID><Correlation/><Execution ProcessID='3388' ThreadID='5444'/><Channel>Microsoft-Windows-Sysmon/Operational</Channel><Computer>ThinkPad-Win10</Computer><Security UserID='S-1-5-18'/></System><EventData><Data Name='RuleName'>-</Data><Data Name='UtcTime'>2023-04-19 09:10:39.736</Data><Data Name='SourceProcessGUID'>{1255fde1-90be-643f-9300-00000000ee00}</Data><Data Name='SourceProcessId'>7828</Data><Data Name='SourceThreadId'>8972</Data><Data Name='SourceImage'>C:\Windows\Explorer.EXE</Data><Data Name='TargetProcessGUID'>{1255fde1-affd-643f-7a02-00000000ee00}</Data><Data Name='TargetProcessId'>6136</Data><Data Name='TargetImage'>C:\Users\smith\Desktop\Emergency Response\SysmonView.exe</Data><Data Name='GrantedAccess'>0x2000</Data><Data Name='CallTrace'>C:\Windows\SYSTEM32\ntdll.dll+9d524|C:\Windows\System32\KERNELBASE.dll+3053e|C:\Windows\system32\twinui.dll+331cb|C:\Windows\SYSTEM32\ntdll.dll+71719|C:\Windows\SYSTEM32\ntdll.dll+531aa|C:\Windows\System32\KERNEL32.DLL+17604|C:\Windows\SYSTEM32\ntdll.dll+526a1</Data><Data Name='SourceUser'>THINKPAD-WIN10\smith</Data><Data Name='TargetUser'>THINKPAD-WIN10\smith</Data></EventData></Event><Event xmlns='http://schemas.microsoft.com/win/2004/08/events/event'><System><Provider Name='Microsoft-Windows-Sysmon' Guid='{5770385f-c22a-43e0-bf4c-06f5698ffbd9}'/><EventID>10</EventID><Version>3</Version><Level>4</Level><Task>10</Task><Opcode>0</Opcode><Keywords>0x8000000000000000</Keywords><TimeCreated SystemTime='2023-04-19T09:10:35.7894814Z'/><EventRecordID>3866</EventRecordID><Correlation/><Execution ProcessID='3388' ThreadID='5444'/><Channel>Microsoft-Windows-Sysmon/Operational</Channel><Computer>ThinkPad-Win10</Computer><Security UserID='S-1-5-18'/></System><EventData><Data Name='RuleName'>-</Data><Data Name='UtcTime'>2023-04-19 09:10:35.788</Data><Data Name='SourceProcessGUID'>{1255fde1-90bc-643f-8c00-00000000ee00}</Data><Data Name='SourceProcessId'>2228</Data><Data Name='SourceThreadId'>7188</Data><Data Name='SourceImage'>C:\Program Files (x86)\Huorong\Sysdiag\bin\PopBlock.exe</Data><Data Name='TargetProcessGUID'>{1255fde1-affd-643f-7a02-00000000ee00}</Data><Data Name='TargetProcessId'>6136</Data><Data Name='TargetImage'>C:\Users\smith\Desktop\Emergency Response\SysmonView.exe</Data><Data Name='GrantedAccess'>0x1410</Data><Data Name='CallTrace'>C:\Windows\SYSTEM32\ntdll.dll+9d524|C:\Windows\System32\wow64.dll+10955|C:\Windows\System32\wow64.dll+901a|C:\Windows\System32\wow64cpu.dll+17c3|C:\Windows\System32\wow64cpu.dll+11b9|C:\Windows\System32\wow64.dll+38c9|C:\Windows\System32\wow64.dll+32bd|C:\Windows\SYSTEM32\ntdll.dll+75089|C:\Windows\SYSTEM32\ntdll.dll+74c73|C:\Windows\SYSTEM32\ntdll.dll+74c1e|C:\Windows\SYSTEM32\ntdll.dll+72d1c(wow64)|C:\Windows\System32\KERNELBASE.dll+112bc8(wow64)|C:\Program Files (x86)\Huorong\Sysdiag\bin\POPBLKENG.dll+18730(wow64)|C:\Program Files (x86)\Huorong\Sysdiag\bin\POPBLKENG.dll+7572(wow64)|C:\Program Files (x86)\Huorong\Sysdiag\bin\POPBLKENG.dll+7cf0(wow64)|C:\Program Files (x86)\Huorong\Sysdiag\bin\POPBLKENG.dll+7426(wow64)|C:\Windows\System32\KERNEL32.DLL+20099(wow64)|C:\Windows\SYSTEM32\ntdll.dll+67b6e(wow64)|C:\Windows\SYSTEM32\ntdll.dll+67b3e(wow64)</Data><Data Name='SourceUser'>THINKPAD-WIN10\smith</Data><Data Name='TargetUser'>THINKPAD-WIN10\smith</Data></EventData></Event><Event xmlns='http://schemas.microsoft.com/win/2004/08/events/event'><System><Provider Name='Microsoft-Windows-Sysmon' Guid='{5770385f-c22a-43e0-bf4c-06f5698ffbd9}'/><EventID>10</EventID><Version>3</Version><Level>4</Level><Task>10</Task><Opcode>0</Opcode><Keywords>0x8000000000000000</Keywords><TimeCreated SystemTime='2023-04-19T09:10:34.7284778Z'/><EventRecordID>3865</EventRecordID><Correlation/><Execution ProcessID='3388' ThreadID='5444'/><Channel>Microsoft-Windows-Sysmon/Operational</Channel><Computer>ThinkPad-Win10</Computer><Security UserID='S-1-5-18'/></System><EventData><Data Name='RuleName'>-</Data><Data Name='UtcTime'>2023-04-19 09:10:34.727</Data><Data Name='SourceProcessGUID'>{1255fde1-90be-643f-9300-00000000ee00}</Data><Data Name='SourceProcessId'>7828</Data><Data Name='SourceThreadId'>9040</Data><Data Name='SourceImage'>C:\Windows\Explorer.EXE</Data><Data Name='TargetProcessGUID'>{1255fde1-affd-643f-7a02-00000000ee00}</Data><Data Name='TargetProcessId'>6136</Data><Data Name='TargetImage'>C:\Users\smith\Desktop\Emergency Response\SysmonView.exe</Data><Data Name='GrantedAccess'>0x1410</Data><Data Name='CallTrace'>C:\Windows\SYSTEM32\ntdll.dll+9d524|C:\Windows\System32\KERNELBASE.dll+3053e|C:\Windows\System32\appresolver.dll+24d21|C:\Windows\System32\appresolver.dll+21ce7|C:\Windows\System32\appresolver.dll+21a26|C:\Windows\Explorer.EXE+35ee0|C:\Windows\Explorer.EXE+35df4|C:\Windows\Explorer.EXE+81cc0|C:\Windows\SYSTEM32\windows.storage.dll+11b75c|C:\Windows\SYSTEM32\windows.storage.dll+11b3a1|C:\Windows\SYSTEM32\windows.storage.dll+195af4|C:\Windows\System32\shcore.dll+33106|C:\Windows\SYSTEM32\ntdll.dll+6fcd3|C:\Windows\SYSTEM32\ntdll.dll+531aa|C:\Windows\System32\KERNEL32.DLL+17604|C:\Windows\SYSTEM32\ntdll.dll+526a1</Data><Data Name='SourceUser'>THINKPAD-WIN10\smith</Data><Data Name='TargetUser'>THINKPAD-WIN10\smith</Data></EventData></Event><Event xmlns='http://schemas.microsoft.com/win/2004/08/events/event'><System><Provider Name='Microsoft-Windows-Sysmon' Guid='{5770385f-c22a-43e0-bf4c-06f5698ffbd9}'/><EventID>10</EventID><Version>3</Version><Level>4</Level><Task>10</Task><Opcode>0</Opcode><Keywords>0x8000000000000000</Keywords><TimeCreated SystemTime='2023-04-19T09:10:33.9007635Z'/><EventRecordID>3864</EventRecordID><Correlation/><Execution ProcessID='3388' ThreadID='5444'/><Channel>Microsoft-Windows-Sysmon/Operational</Channel><Computer>ThinkPad-Win10</Computer><Security UserID='S-1-5-18'/></System><EventData><Data Name='RuleName'>-</Data><Data Name='UtcTime'>2023-04-19 09:10:33.900</Data><Data Name='SourceProcessGUID'>{1255fde1-90be-643f-9300-00000000ee00}</Data><Data Name='SourceProcessId'>7828</Data><Data Name='SourceThreadId'>5168</Data><Data Name='SourceImage'>C:\Windows\Explorer.EXE</Data><Data Name='TargetProcessGUID'>{1255fde1-affd-643f-7a02-00000000ee00}</Data><Data Name='TargetProcessId'>6136</Data><Data Name='TargetImage'>C:\Users\smith\Desktop\Emergency Response\SysmonView.exe</Data><Data Name='GrantedAccess'>0x2000</Data><Data Name='CallTrace'>C:\Windows\SYSTEM32\ntdll.dll+9d524|C:\Windows\System32\KERNELBASE.dll+3053e|C:\Windows\system32\twinui.dll+331cb|C:\Windows\SYSTEM32\ntdll.dll+71719|C:\Windows\SYSTEM32\ntdll.dll+531aa|C:\Windows\System32\KERNEL32.DLL+17604|C:\Windows\SYSTEM32\ntdll.dll+526a1</Data><Data Name='SourceUser'>THINKPAD-WIN10\smith</Data><Data Name='TargetUser'>THINKPAD-WIN10\smith</Data></EventData></Event><Event xmlns='http://schemas.microsoft.com/win/2004/08/events/event'><System><Provider Name='Microsoft-Windows-Sysmon' Guid='{5770385f-c22a-43e0-bf4c-06f5698ffbd9}'/><EventID>11</EventID><Version>2</Version><Level>4</Level><Task>11</Task><Opcode>0</Opcode><Keywords>0x8000000000000000</Keywords><TimeCreated SystemTime='2023-04-19T09:10:33.6095612Z'/><EventRecordID>3863</EventRecordID><Correlation/><Execution ProcessID='3388' ThreadID='5444'/><Channel>Microsoft-Windows-Sysmon/Operational</Channel><Computer>ThinkPad-Win10</Computer><Security UserID='S-1-5-18'/></System><EventData><Data Name='RuleName'>-</Data><Data Name='UtcTime'>2023-04-19 09:10:33.608</Data><Data Name='ProcessGuid'>{1255fde1-affd-643f-7a02-00000000ee00}</Data><Data Name='ProcessId'>6136</Data><Data Name='Image'>C:\Users\smith\Desktop\Emergency Response\SysmonView.exe</Data><Data Name='TargetFilename'>C:\Users\smith\Desktop\Emergency Response\SysmonViewDB-journal</Data><Data Name='CreationUtcTime'>2023-04-19 09:10:33.608</Data><Data Name='User'>THINKPAD-WIN10\smith</Data></EventData></Event><Event xmlns='http://schemas.microsoft.com/win/2004/08/events/event'><System><Provider Name='Microsoft-Windows-Sysmon' Guid='{5770385f-c22a-43e0-bf4c-06f5698ffbd9}'/><EventID>11</EventID><Version>2</Version><Level>4</Level><Task>11</Task><Opcode>0</Opcode><Keywords>0x8000000000000000</Keywords><TimeCreated SystemTime='2023-04-19T09:10:32.8397046Z'/><EventRecordID>3862</EventRecordID><Correlation/><Execution ProcessID='3388' ThreadID='5444'/><Channel>Microsoft-Windows-Sysmon/Operational</Channel><Computer>ThinkPad-Win10</Computer><Security UserID='S-1-5-18'/></System><EventData><Data Name='RuleName'>technique_id=T1574.010,technique_name=Services File Permissions Weakness</Data><Data Name='UtcTime'>2023-04-19 09:10:32.839</Data><Data Name='ProcessGuid'>{1255fde1-909e-643f-3f00-00000000ee00}</Data><Data Name='ProcessId'>2580</Data><Data Name='Image'>C:\Windows\system32\svchost.exe</Data><Data Name='TargetFilename'>C:\Windows\Prefetch\SYSMONVIEW.EXE-E3627290.pf</Data><Data Name='CreationUtcTime'>2023-04-19 05:10:27.096</Data><Data Name='User'>NT AUTHORITY\SYSTEM</Data></EventData></Event><Event xmlns='http://schemas.microsoft.com/win/2004/08/events/event'><System><Provider Name='Microsoft-Windows-Sysmon' Guid='{5770385f-c22a-43e0-bf4c-06f5698ffbd9}'/><EventID>10</EventID><Version>3</Version><Level>4</Level><Task>10</Task><Opcode>0</Opcode><Keywords>0x8000000000000000</Keywords><TimeCreated SystemTime='2023-04-19T09:10:32.7693246Z'/><EventRecordID>3861</EventRecordID><Correlation/><Execution ProcessID='3388' ThreadID='5444'/><Channel>Microsoft-Windows-Sysmon/Operational</Channel><Computer>ThinkPad-Win10</Computer><Security UserID='S-1-5-18'/></System><EventData><Data Name='RuleName'>-</Data><Data Name='UtcTime'>2023-04-19 09:10:32.768</Data><Data Name='SourceProcessGUID'>{1255fde1-90bc-643f-8c00-00000000ee00}</Data><Data Name='SourceProcessId'>2228</Data><Data Name='SourceThreadId'>7188</Data><Data Name='SourceImage'>C:\Program Files (x86)\Huorong\Sysdiag\bin\PopBlock.exe</Data><Data Name='TargetProcessGUID'>{1255fde1-affd-643f-7a02-00000000ee00}</Data><Data Name='TargetProcessId'>6136</Data><Data Name='TargetImage'>C:\Users\smith\Desktop\Emergency Response\SysmonView.exe</Data><Data Name='GrantedAccess'>0x1410</Data><Data Name='CallTrace'>C:\Windows\SYSTEM32\ntdll.dll+9d524|C:\Windows\System32\wow64.dll+10955|C:\Windows\System32\wow64.dll+901a|C:\Windows\System32\wow64cpu.dll+17c3|C:\Windows\System32\wow64cpu.dll+11b9|C:\Windows\System32\wow64.dll+38c9|C:\Windows\System32\wow64.dll+32bd|C:\Windows\SYSTEM32\ntdll.dll+75089|C:\Windows\SYSTEM32\ntdll.dll+74c73|C:\Windows\SYSTEM32\ntdll.dll+74c1e|C:\Windows\SYSTEM32\ntdll.dll+72d1c(wow64)|C:\Windows\System32\KERNELBASE.dll+112bc8(wow64)|C:\Program Files (x86)\Huorong\Sysdiag\bin\POPBLKENG.dll+18304(wow64)|C:\Program Files (x86)\Huorong\Sysdiag\bin\POPBLKENG.dll+df45(wow64)|C:\Program Files (x86)\Huorong\Sysdiag\bin\POPBLKENG.dll+795f(wow64)|C:\Program Files (x86)\Huorong\Sysdiag\bin\POPBLKENG.dll+7454(wow64)|C:\Windows\System32\USER32.dll+35921(wow64)|C:\Windows\System32\USER32.dll+297ca(wow64)|C:\Program Files (x86)\Huorong\Sysdiag\bin\POPBLKENG.dll+7cd7(wow64)|C:\Program Files (x86)\Huorong\Sysdiag\bin\POPBLKENG.dll+7426(wow64)|C:\Windows\System32\KERNEL32.DLL+20099(wow64)|C:\Windows\SYSTEM32\ntdll.dll+67b6e(wow64)|C:\Windows\SYSTEM32\ntdll.dll+67b3e(wow64)</Data><Data Name='SourceUser'>THINKPAD-WIN10\smith</Data><Data Name='TargetUser'>THINKPAD-WIN10\smith</Data></EventData></Event><Event xmlns='http://schemas.microsoft.com/win/2004/08/events/event'><System><Provider Name='Microsoft-Windows-Sysmon' Guid='{5770385f-c22a-43e0-bf4c-06f5698ffbd9}'/><EventID>10</EventID><Version>3</Version><Level>4</Level><Task>10</Task><Opcode>0</Opcode><Keywords>0x8000000000000000</Keywords><TimeCreated SystemTime='2023-04-19T09:10:32.5647304Z'/><EventRecordID>3860</EventRecordID><Correlation/><Execution ProcessID='3388' ThreadID='5444'/><Channel>Microsoft-Windows-Sysmon/Operational</Channel><Computer>ThinkPad-Win10</Computer><Security UserID='S-1-5-18'/></System><EventData><Data Name='RuleName'>-</Data><Data Name='UtcTime'>2023-04-19 09:10:32.563</Data><Data Name='SourceProcessGUID'>{1255fde1-90be-643f-9300-00000000ee00}</Data><Data Name='SourceProcessId'>7828</Data><Data Name='SourceThreadId'>7228</Data><Data Name='SourceImage'>C:\Windows\Explorer.EXE</Data><Data Name='TargetProcessGUID'>{1255fde1-affd-643f-7a02-00000000ee00}</Data><Data Name='TargetProcessId'>6136</Data><Data Name='TargetImage'>C:\Users\smith\Desktop\Emergency Response\SysmonView.exe</Data><Data Name='GrantedAccess'>0x2000</Data><Data Name='CallTrace'>C:\Windows\SYSTEM32\ntdll.dll+9d524|C:\Windows\System32\KERNELBASE.dll+3053e|C:\Windows\system32\twinui.dll+331cb|C:\Windows\system32\twinui.dll+32a3c|C:\Windows\system32\twinui.dll+68bdc|C:\Windows\system32\twinui.dll+68b3c|C:\Windows\system32\twinui.dll+60c7a|C:\Windows\system32\twinui.dll+605aa|C:\Windows\system32\twinui.dll+60e4b|C:\Windows\system32\twinui.dll+6066d|C:\Windows\System32\user32.dll+e858|C:\Windows\System32\user32.dll+e299|C:\Windows\System32\windows.immersiveshell.serviceprovider.dll+c7e3|C:\Windows\System32\windows.immersiveshell.serviceprovider.dll+c377|C:\Windows\System32\windows.immersiveshell.serviceprovider.dll+c9c7|C:\Windows\System32\windows.immersiveshell.serviceprovider.dll+ca22|C:\Windows\System32\KERNEL32.DLL+17604|C:\Windows\SYSTEM32\ntdll.dll+526a1</Data><Data Name='SourceUser'>THINKPAD-WIN10\smith</Data><Data Name='TargetUser'>THINKPAD-WIN10\smith</Data></EventData></Event><Event xmlns='http://schemas.microsoft.com/win/2004/08/events/event'><System><Provider Name='Microsoft-Windows-Sysmon' Guid='{5770385f-c22a-43e0-bf4c-06f5698ffbd9}'/><EventID>10</EventID><Version>3</Version><Level>4</Level><Task>10</Task><Opcode>0</Opcode><Keywords>0x8000000000000000</Keywords><TimeCreated SystemTime='2023-04-19T09:10:32.5618806Z'/><EventRecordID>3859</EventRecordID><Correlation/><Execution ProcessID='3388' ThreadID='5444'/><Channel>Microsoft-Windows-Sysmon/Operational</Channel><Computer>ThinkPad-Win10</Computer><Security UserID='S-1-5-18'/></System><EventData><Data Name='RuleName'>-</Data><Data Name='UtcTime'>2023-04-19 09:10:32.560</Data><Data Name='SourceProcessGUID'>{1255fde1-90be-643f-9300-00000000ee00}</Data><Data Name='SourceProcessId'>7828</Data><Data Name='SourceThreadId'>7228</Data><Data Name='SourceImage'>C:\Windows\Explorer.EXE</Data><Data Name='TargetProcessGUID'>{1255fde1-affd-643f-7a02-00000000ee00}</Data><Data Name='TargetProcessId'>6136</Data><Data Name='TargetImage'>C:\Users\smith\Desktop\Emergency Response\SysmonView.exe</Data><Data Name='GrantedAccess'>0x2000</Data><Data Name='CallTrace'>C:\Windows\SYSTEM32\ntdll.dll+9d524|C:\Windows\System32\KERNELBASE.dll+3053e|C:\Windows\system32\twinui.dll+32833|C:\Windows\system32\twinui.dll+68bdc|C:\Windows\system32\twinui.dll+68b3c|C:\Windows\system32\twinui.dll+60c7a|C:\Windows\system32\twinui.dll+605aa|C:\Windows\system32\twinui.dll+60e4b|C:\Windows\system32\twinui.dll+6066d|C:\Windows\System32\user32.dll+e858|C:\Windows\System32\user32.dll+e299|C:\Windows\System32\windows.immersiveshell.serviceprovider.dll+c7e3|C:\Windows\System32\windows.immersiveshell.serviceprovider.dll+c377|C:\Windows\System32\windows.immersiveshell.serviceprovider.dll+c9c7|C:\Windows\System32\windows.immersiveshell.serviceprovider.dll+ca22|C:\Windows\System32\KERNEL32.DLL+17604|C:\Windows\SYSTEM32\ntdll.dll+526a1</Data><Data Name='SourceUser'>THINKPAD-WIN10\smith</Data><Data Name='TargetUser'>THINKPAD-WIN10\smith</Data></EventData></Event><Event xmlns='http://schemas.microsoft.com/win/2004/08/events/event'><System><Provider Name='Microsoft-Windows-Sysmon' Guid='{5770385f-c22a-43e0-bf4c-06f5698ffbd9}'/><EventID>10</EventID><Version>3</Version><Level>4</Level><Task>10</Task><Opcode>0</Opcode><Keywords>0x8000000000000000</Keywords><TimeCreated SystemTime='2023-04-19T09:10:32.5608894Z'/><EventRecordID>3858</EventRecordID><Correlation/><Execution ProcessID='3388' ThreadID='5444'/><Channel>Microsoft-Windows-Sysmon/Operational</Channel><Computer>ThinkPad-Win10</Computer><Security UserID='S-1-5-18'/></System><EventData><Data Name='RuleName'>-</Data><Data Name='UtcTime'>2023-04-19 09:10:32.560</Data><Data Name='SourceProcessGUID'>{1255fde1-90be-643f-9300-00000000ee00}</Data><Data Name='SourceProcessId'>7828</Data><Data Name='SourceThreadId'>9040</Data><Data Name='SourceImage'>C:\Windows\Explorer.EXE</Data><Data Name='TargetProcessGUID'>{1255fde1-affd-643f-7a02-00000000ee00}</Data><Data Name='TargetProcessId'>6136</Data><Data Name='TargetImage'>C:\Users\smith\Desktop\Emergency Response\SysmonView.exe</Data><Data Name='GrantedAccess'>0x1410</Data><Data Name='CallTrace'>C:\Windows\SYSTEM32\ntdll.dll+9d524|C:\Windows\System32\KERNELBASE.dll+3053e|C:\Windows\System32\appresolver.dll+24d21|C:\Windows\System32\appresolver.dll+21ce7|C:\Windows\System32\appresolver.dll+21a26|C:\Windows\Explorer.EXE+35ee0|C:\Windows\Explorer.EXE+35df4|C:\Windows\Explorer.EXE+81cc0|C:\Windows\SYSTEM32\windows.storage.dll+11b75c|C:\Windows\SYSTEM32\windows.storage.dll+11b3a1|C:\Windows\SYSTEM32\windows.storage.dll+195af4|C:\Windows\System32\shcore.dll+33106|C:\Windows\SYSTEM32\ntdll.dll+6fcd3|C:\Windows\SYSTEM32\ntdll.dll+531aa|C:\Windows\System32\KERNEL32.DLL+17604|C:\Windows\SYSTEM32\ntdll.dll+526a1</Data><Data Name='SourceUser'>THINKPAD-WIN10\smith</Data><Data Name='TargetUser'>THINKPAD-WIN10\smith</Data></EventData></Event><Event xmlns='http://schemas.microsoft.com/win/2004/08/events/event'><System><Provider Name='Microsoft-Windows-Sysmon' Guid='{5770385f-c22a-43e0-bf4c-06f5698ffbd9}'/><EventID>10</EventID><Version>3</Version><Level>4</Level><Task>10</Task><Opcode>0</Opcode><Keywords>0x8000000000000000</Keywords><TimeCreated SystemTime='2023-04-19T09:10:32.5445204Z'/><EventRecordID>3857</EventRecordID><Correlation/><Execution ProcessID='3388' ThreadID='5444'/><Channel>Microsoft-Windows-Sysmon/Operational</Channel><Computer>ThinkPad-Win10</Computer><Security UserID='S-1-5-18'/></System><EventData><Data Name='RuleName'>-</Data><Data Name='UtcTime'>2023-04-19 09:10:32.543</Data><Data Name='SourceProcessGUID'>{1255fde1-90be-643f-9300-00000000ee00}</Data><Data Name='SourceProcessId'>7828</Data><Data Name='SourceThreadId'>7228</Data><Data Name='SourceImage'>C:\Windows\Explorer.EXE</Data><Data Name='TargetProcessGUID'>{1255fde1-affd-643f-7a02-00000000ee00}</Data><Data Name='TargetProcessId'>6136</Data><Data Name='TargetImage'>C:\Users\smith\Desktop\Emergency Response\SysmonView.exe</Data><Data Name='GrantedAccess'>0x2000</Data><Data Name='CallTrace'>C:\Windows\SYSTEM32\ntdll.dll+9d524|C:\Windows\System32\KERNELBASE.dll+3053e|C:\Windows\system32\twinui.dll+32833|C:\Windows\system32\twinui.dll+68bdc|C:\Windows\system32\twinui.dll+68b3c|C:\Windows\system32\twinui.dll+60c7a|C:\Windows\system32\twinui.dll+605aa|C:\Windows\system32\twinui.dll+60e4b|C:\Windows\system32\twinui.dll+6066d|C:\Windows\System32\user32.dll+e858|C:\Windows\System32\user32.dll+e299|C:\Windows\System32\windows.immersiveshell.serviceprovider.dll+c7e3|C:\Windows\System32\windows.immersiveshell.serviceprovider.dll+c377|C:\Windows\System32\windows.immersiveshell.serviceprovider.dll+c9c7|C:\Windows\System32\windows.immersiveshell.serviceprovider.dll+ca22|C:\Windows\System32\KERNEL32.DLL+17604|C:\Windows\SYSTEM32\ntdll.dll+526a1</Data><Data Name='SourceUser'>THINKPAD-WIN10\smith</Data><Data Name='TargetUser'>THINKPAD-WIN10\smith</Data></EventData></Event><Event xmlns='http://schemas.microsoft.com/win/2004/08/events/event'><System><Provider Name='Microsoft-Windows-Sysmon' Guid='{5770385f-c22a-43e0-bf4c-06f5698ffbd9}'/><EventID>10</EventID><Version>3</Version><Level>4</Level><Task>10</Task><Opcode>0</Opcode><Keywords>0x8000000000000000</Keywords><TimeCreated SystemTime='2023-04-19T09:10:32.4776493Z'/><EventRecordID>3856</EventRecordID><Correlation/><Execution ProcessID='3388' ThreadID='5444'/><Channel>Microsoft-Windows-Sysmon/Operational</Channel><Computer>ThinkPad-Win10</Computer><Security UserID='S-1-5-18'/></System><EventData><Data Name='RuleName'>-</Data><Data Name='UtcTime'>2023-04-19 09:10:32.476</Data><Data Name='SourceProcessGUID'>{1255fde1-90be-643f-9300-00000000ee00}</Data><Data Name='SourceProcessId'>7828</Data><Data Name='SourceThreadId'>9040</Data><Data Name='SourceImage'>C:\Windows\Explorer.EXE</Data><Data Name='TargetProcessGUID'>{1255fde1-affd-643f-7a02-00000000ee00}</Data><Data Name='TargetProcessId'>6136</Data><Data Name='TargetImage'>C:\Users\smith\Desktop\Emergency Response\SysmonView.exe</Data><Data Name='GrantedAccess'>0x1410</Data><Data Name='CallTrace'>C:\Windows\SYSTEM32\ntdll.dll+9d524|C:\Windows\System32\KERNELBASE.dll+3053e|C:\Windows\System32\appresolver.dll+24d21|C:\Windows\System32\appresolver.dll+21ce7|C:\Windows\System32\appresolver.dll+21a26|C:\Windows\Explorer.EXE+35ee0|C:\Windows\Explorer.EXE+35df4|C:\Windows\Explorer.EXE+81cc0|C:\Windows\SYSTEM32\windows.storage.dll+11b75c|C:\Windows\SYSTEM32\windows.storage.dll+11b3a1|C:\Windows\SYSTEM32\windows.storage.dll+195af4|C:\Windows\System32\shcore.dll+33106|C:\Windows\SYSTEM32\ntdll.dll+6fcd3|C:\Windows\SYSTEM32\ntdll.dll+531aa|C:\Windows\System32\KERNEL32.DLL+17604|C:\Windows\SYSTEM32\ntdll.dll+526a1</Data><Data Name='SourceUser'>THINKPAD-WIN10\smith</Data><Data Name='TargetUser'>THINKPAD-WIN10\smith</Data></EventData></Event><Event xmlns='http://schemas.microsoft.com/win/2004/08/events/event'><System><Provider Name='Microsoft-Windows-Sysmon' Guid='{5770385f-c22a-43e0-bf4c-06f5698ffbd9}'/><EventID>10</EventID><Version>3</Version><Level>4</Level><Task>10</Task><Opcode>0</Opcode><Keywords>0x8000000000000000</Keywords><TimeCreated SystemTime='2023-04-19T09:10:30.7370229Z'/><EventRecordID>3855</EventRecordID><Correlation/><Execution ProcessID='3388' ThreadID='5444'/><Channel>Microsoft-Windows-Sysmon/Operational</Channel><Computer>ThinkPad-Win10</Computer><Security UserID='S-1-5-18'/></System><EventData><Data Name='RuleName'>-</Data><Data Name='UtcTime'>2023-04-19 09:10:30.736</Data><Data Name='SourceProcessGUID'>{1255fde1-90bc-643f-8c00-00000000ee00}</Data><Data Name='SourceProcessId'>2228</Data><Data Name='SourceThreadId'>7188</Data><Data Name='SourceImage'>C:\Program Files (x86)\Huorong\Sysdiag\bin\PopBlock.exe</Data><Data Name='TargetProcessGUID'>{1255fde1-affd-643f-7a02-00000000ee00}</Data><Data Name='TargetProcessId'>6136</Data><Data Name='TargetImage'>C:\Users\smith\Desktop\Emergency Response\SysmonView.exe</Data><Data Name='GrantedAccess'>0x1410</Data><Data Name='CallTrace'>C:\Windows\SYSTEM32\ntdll.dll+9d524|C:\Windows\System32\wow64.dll+10955|C:\Windows\System32\wow64.dll+901a|C:\Windows\System32\wow64cpu.dll+17c3|C:\Windows\System32\wow64cpu.dll+11b9|C:\Windows\System32\wow64.dll+38c9|C:\Windows\System32\wow64.dll+32bd|C:\Windows\SYSTEM32\ntdll.dll+75089|C:\Windows\SYSTEM32\ntdll.dll+74c73|C:\Windows\SYSTEM32\ntdll.dll+74c1e|C:\Windows\SYSTEM32\ntdll.dll+72d1c(wow64)|C:\Windows\System32\KERNELBASE.dll+112bc8(wow64)|C:\Program Files (x86)\Huorong\Sysdiag\bin\POPBLKENG.dll+18730(wow64)|C:\Program Files (x86)\Huorong\Sysdiag\bin\POPBLKENG.dll+7572(wow64)|C:\Program Files (x86)\Huorong\Sysdiag\bin\POPBLKENG.dll+7cf0(wow64)|C:\Program Files (x86)\Huorong\Sysdiag\bin\POPBLKENG.dll+7426(wow64)|C:\Windows\System32\KERNEL32.DLL+20099(wow64)|C:\Windows\SYSTEM32\ntdll.dll+67b6e(wow64)|C:\Windows\SYSTEM32\ntdll.dll+67b3e(wow64)</Data><Data Name='SourceUser'>THINKPAD-WIN10\smith</Data><Data Name='TargetUser'>THINKPAD-WIN10\smith</Data></EventData></Event><Event xmlns='http://schemas.microsoft.com/win/2004/08/events/event'><System><Provider Name='Microsoft-Windows-Sysmon' Guid='{5770385f-c22a-43e0-bf4c-06f5698ffbd9}'/><EventID>10</EventID><Version>3</Version><Level>4</Level><Task>10</Task><Opcode>0</Opcode><Keywords>0x8000000000000000</Keywords><TimeCreated SystemTime='2023-04-19T09:10:29.7160675Z'/><EventRecordID>3854</EventRecordID><Correlation/><Execution ProcessID='3388' ThreadID='5444'/><Channel>Microsoft-Windows-Sysmon/Operational</Channel><Computer>ThinkPad-Win10</Computer><Security UserID='S-1-5-18'/></System><EventData><Data Name='RuleName'>-</Data><Data Name='UtcTime'>2023-04-19 09:10:29.715</Data><Data Name='SourceProcessGUID'>{1255fde1-90bc-643f-8c00-00000000ee00}</Data><Data Name='SourceProcessId'>2228</Data><Data Name='SourceThreadId'>7188</Data><Data Name='SourceImage'>C:\Program Files (x86)\Huorong\Sysdiag\bin\PopBlock.exe</Data><Data Name='TargetProcessGUID'>{1255fde1-affd-643f-7a02-00000000ee00}</Data><Data Name='TargetProcessId'>6136</Data><Data Name='TargetImage'>C:\Users\smith\Desktop\Emergency Response\SysmonView.exe</Data><Data Name='GrantedAccess'>0x1410</Data><Data Name='CallTrace'>C:\Windows\SYSTEM32\ntdll.dll+9d524|C:\Windows\System32\wow64.dll+10955|C:\Windows\System32\wow64.dll+901a|C:\Windows\System32\wow64cpu.dll+17c3|C:\Windows\System32\wow64cpu.dll+11b9|C:\Windows\System32\wow64.dll+38c9|C:\Windows\System32\wow64.dll+32bd|C:\Windows\SYSTEM32\ntdll.dll+75089|C:\Windows\SYSTEM32\ntdll.dll+74c73|C:\Windows\SYSTEM32\ntdll.dll+74c1e|C:\Windows\SYSTEM32\ntdll.dll+72d1c(wow64)|C:\Windows\System32\KERNELBASE.dll+112bc8(wow64)|C:\Program Files (x86)\Huorong\Sysdiag\bin\POPBLKENG.dll+18304(wow64)|C:\Program Files (x86)\Huorong\Sysdiag\bin\POPBLKENG.dll+df45(wow64)|C:\Program Files (x86)\Huorong\Sysdiag\bin\POPBLKENG.dll+795f(wow64)|C:\Program Files (x86)\Huorong\Sysdiag\bin\POPBLKENG.dll+7454(wow64)|C:\Windows\System32\USER32.dll+35921(wow64)|C:\Windows\System32\USER32.dll+297ca(wow64)|C:\Program Files (x86)\Huorong\Sysdiag\bin\POPBLKENG.dll+7cd7(wow64)|C:\Program Files (x86)\Huorong\Sysdiag\bin\POPBLKENG.dll+7426(wow64)|C:\Windows\System32\KERNEL32.DLL+20099(wow64)|C:\Windows\SYSTEM32\ntdll.dll+67b6e(wow64)|C:\Windows\SYSTEM32\ntdll.dll+67b3e(wow64)</Data><Data Name='SourceUser'>THINKPAD-WIN10\smith</Data><Data Name='TargetUser'>THINKPAD-WIN10\smith</Data></EventData></Event><Event xmlns='http://schemas.microsoft.com/win/2004/08/events/event'><System><Provider Name='Microsoft-Windows-Sysmon' Guid='{5770385f-c22a-43e0-bf4c-06f5698ffbd9}'/><EventID>10</EventID><Version>3</Version><Level>4</Level><Task>10</Task><Opcode>0</Opcode><Keywords>0x8000000000000000</Keywords><TimeCreated SystemTime='2023-04-19T09:10:29.6246785Z'/><EventRecordID>3853</EventRecordID><Correlation/><Execution ProcessID='3388' ThreadID='5444'/><Channel>Microsoft-Windows-Sysmon/Operational</Channel><Computer>ThinkPad-Win10</Computer><Security UserID='S-1-5-18'/></System><EventData><Data Name='RuleName'>-</Data><Data Name='UtcTime'>2023-04-19 09:10:29.623</Data><Data Name='SourceProcessGUID'>{1255fde1-90be-643f-9300-00000000ee00}</Data><Data Name='SourceProcessId'>7828</Data><Data Name='SourceThreadId'>7228</Data><Data Name='SourceImage'>C:\Windows\Explorer.EXE</Data><Data Name='TargetProcessGUID'>{1255fde1-affd-643f-7a02-00000000ee00}</Data><Data Name='TargetProcessId'>6136</Data><Data Name='TargetImage'>C:\Users\smith\Desktop\Emergency Response\SysmonView.exe</Data><Data Name='GrantedAccess'>0x2000</Data><Data Name='CallTrace'>C:\Windows\SYSTEM32\ntdll.dll+9d524|C:\Windows\System32\KERNELBASE.dll+3053e|C:\Windows\system32\twinui.dll+331cb|C:\Windows\system32\twinui.dll+32a3c|C:\Windows\system32\twinui.dll+68bdc|C:\Windows\system32\twinui.dll+68b3c|C:\Windows\system32\twinui.dll+60c7a|C:\Windows\system32\twinui.dll+605aa|C:\Windows\system32\twinui.dll+60e4b|C:\Windows\system32\twinui.dll+6066d|C:\Windows\System32\user32.dll+e858|C:\Windows\System32\user32.dll+e299|C:\Windows\System32\windows.immersiveshell.serviceprovider.dll+c7e3|C:\Windows\System32\windows.immersiveshell.serviceprovider.dll+c377|C:\Windows\System32\windows.immersiveshell.serviceprovider.dll+c9c7|C:\Windows\System32\windows.immersiveshell.serviceprovider.dll+ca22|C:\Windows\System32\KERNEL32.DLL+17604|C:\Windows\SYSTEM32\ntdll.dll+526a1</Data><Data Name='SourceUser'>THINKPAD-WIN10\smith</Data><Data Name='TargetUser'>THINKPAD-WIN10\smith</Data></EventData></Event><Event xmlns='http://schemas.microsoft.com/win/2004/08/events/event'><System><Provider Name='Microsoft-Windows-Sysmon' Guid='{5770385f-c22a-43e0-bf4c-06f5698ffbd9}'/><EventID>10</EventID><Version>3</Version><Level>4</Level><Task>10</Task><Opcode>0</Opcode><Keywords>0x8000000000000000</Keywords><TimeCreated SystemTime='2023-04-19T09:10:29.6197695Z'/><EventRecordID>3852</EventRecordID><Correlation/><Execution ProcessID='3388' ThreadID='5444'/><Channel>Microsoft-Windows-Sysmon/Operational</Channel><Computer>ThinkPad-Win10</Computer><Security UserID='S-1-5-18'/></System><EventData><Data Name='RuleName'>-</Data><Data Name='UtcTime'>2023-04-19 09:10:29.619</Data><Data Name='SourceProcessGUID'>{1255fde1-90be-643f-9300-00000000ee00}</Data><Data Name='SourceProcessId'>7828</Data><Data Name='SourceThreadId'>7228</Data><Data Name='SourceImage'>C:\Windows\Explorer.EXE</Data><Data Name='TargetProcessGUID'>{1255fde1-affd-643f-7a02-00000000ee00}</Data><Data Name='TargetProcessId'>6136</Data><Data Name='TargetImage'>C:\Users\smith\Desktop\Emergency Response\SysmonView.exe</Data><Data Name='GrantedAccess'>0x2000</Data><Data Name='CallTrace'>C:\Windows\SYSTEM32\ntdll.dll+9d524|C:\Windows\System32\KERNELBASE.dll+3053e|C:\Windows\system32\twinui.dll+32833|C:\Windows\system32\twinui.dll+68bdc|C:\Windows\system32\twinui.dll+68b3c|C:\Windows\system32\twinui.dll+60c7a|C:\Windows\system32\twinui.dll+605aa|C:\Windows\system32\twinui.dll+60e4b|C:\Windows\system32\twinui.dll+6066d|C:\Windows\System32\user32.dll+e858|C:\Windows\System32\user32.dll+e299|C:\Windows\System32\windows.immersiveshell.serviceprovider.dll+c7e3|C:\Windows\System32\windows.immersiveshell.serviceprovider.dll+c377|C:\Windows\System32\windows.immersiveshell.serviceprovider.dll+c9c7|C:\Windows\System32\windows.immersiveshell.serviceprovider.dll+ca22|C:\Windows\System32\KERNEL32.DLL+17604|C:\Windows\SYSTEM32\ntdll.dll+526a1</Data><Data Name='SourceUser'>THINKPAD-WIN10\smith</Data><Data Name='TargetUser'>THINKPAD-WIN10\smith</Data></EventData></Event><Event xmlns='http://schemas.microsoft.com/win/2004/08/events/event'><System><Provider Name='Microsoft-Windows-Sysmon' Guid='{5770385f-c22a-43e0-bf4c-06f5698ffbd9}'/><EventID>10</EventID><Version>3</Version><Level>4</Level><Task>10</Task><Opcode>0</Opcode><Keywords>0x8000000000000000</Keywords><TimeCreated SystemTime='2023-04-19T09:10:29.6185322Z'/><EventRecordID>3851</EventRecordID><Correlation/><Execution ProcessID='3388' ThreadID='5444'/><Channel>Microsoft-Windows-Sysmon/Operational</Channel><Computer>ThinkPad-Win10</Computer><Security UserID='S-1-5-18'/></System><EventData><Data Name='RuleName'>-</Data><Data Name='UtcTime'>2023-04-19 09:10:29.618</Data><Data Name='SourceProcessGUID'>{1255fde1-90be-643f-9300-00000000ee00}</Data><Data Name='SourceProcessId'>7828</Data><Data Name='SourceThreadId'>9040</Data><Data Name='SourceImage'>C:\Windows\Explorer.EXE</Data><Data Name='TargetProcessGUID'>{1255fde1-affd-643f-7a02-00000000ee00}</Data><Data Name='TargetProcessId'>6136</Data><Data Name='TargetImage'>C:\Users\smith\Desktop\Emergency Response\SysmonView.exe</Data><Data Name='GrantedAccess'>0x1410</Data><Data Name='CallTrace'>C:\Windows\SYSTEM32\ntdll.dll+9d524|C:\Windows\System32\KERNELBASE.dll+3053e|C:\Windows\System32\appresolver.dll+24d21|C:\Windows\System32\appresolver.dll+21ce7|C:\Windows\System32\appresolver.dll+21a26|C:\Windows\Explorer.EXE+35ee0|C:\Windows\Explorer.EXE+35df4|C:\Windows\Explorer.EXE+81cc0|C:\Windows\SYSTEM32\windows.storage.dll+11b75c|C:\Windows\SYSTEM32\windows.storage.dll+11b3a1|C:\Windows\SYSTEM32\windows.storage.dll+195af4|C:\Windows\System32\shcore.dll+33106|C:\Windows\SYSTEM32\ntdll.dll+6fcd3|C:\Windows\SYSTEM32\ntdll.dll+531aa|C:\Windows\System32\KERNEL32.DLL+17604|C:\Windows\SYSTEM32\ntdll.dll+526a1</Data><Data Name='SourceUser'>THINKPAD-WIN10\smith</Data><Data Name='TargetUser'>THINKPAD-WIN10\smith</Data></EventData></Event><Event xmlns='http://schemas.microsoft.com/win/2004/08/events/event'><System><Provider Name='Microsoft-Windows-Sysmon' Guid='{5770385f-c22a-43e0-bf4c-06f5698ffbd9}'/><EventID>10</EventID><Version>3</Version><Level>4</Level><Task>10</Task><Opcode>0</Opcode><Keywords>0x8000000000000000</Keywords><TimeCreated SystemTime='2023-04-19T09:10:29.5963665Z'/><EventRecordID>3850</EventRecordID><Correlation/><Execution ProcessID='3388' ThreadID='5444'/><Channel>Microsoft-Windows-Sysmon/Operational</Channel><Computer>ThinkPad-Win10</Computer><Security UserID='S-1-5-18'/></System><EventData><Data Name='RuleName'>-</Data><Data Name='UtcTime'>2023-04-19 09:10:29.595</Data><Data Name='SourceProcessGUID'>{1255fde1-90be-643f-9300-00000000ee00}</Data><Data Name='SourceProcessId'>7828</Data><Data Name='SourceThreadId'>7228</Data><Data Name='SourceImage'>C:\Windows\Explorer.EXE</Data><Data Name='TargetProcessGUID'>{1255fde1-affd-643f-7a02-00000000ee00}</Data><Data Name='TargetProcessId'>6136</Data><Data Name='TargetImage'>C:\Users\smith\Desktop\Emergency Response\SysmonView.exe</Data><Data Name='GrantedAccess'>0x2000</Data><Data Name='CallTrace'>C:\Windows\SYSTEM32\ntdll.dll+9d524|C:\Windows\System32\KERNELBASE.dll+3053e|C:\Windows\system32\twinui.dll+32833|C:\Windows\system32\twinui.dll+68bdc|C:\Windows\system32\twinui.dll+68b3c|C:\Windows\system32\twinui.dll+60c7a|C:\Windows\system32\twinui.dll+605aa|C:\Windows\system32\twinui.dll+60e4b|C:\Windows\system32\twinui.dll+6066d|C:\Windows\System32\user32.dll+e858|C:\Windows\System32\user32.dll+e299|C:\Windows\System32\windows.immersiveshell.serviceprovider.dll+c7e3|C:\Windows\System32\windows.immersiveshell.serviceprovider.dll+c377|C:\Windows\System32\windows.immersiveshell.serviceprovider.dll+c9c7|C:\Windows\System32\windows.immersiveshell.serviceprovider.dll+ca22|C:\Windows\System32\KERNEL32.DLL+17604|C:\Windows\SYSTEM32\ntdll.dll+526a1</Data><Data Name='SourceUser'>THINKPAD-WIN10\smith</Data><Data Name='TargetUser'>THINKPAD-WIN10\smith</Data></EventData></Event><Event xmlns='http://schemas.microsoft.com/win/2004/08/events/event'><System><Provider Name='Microsoft-Windows-Sysmon' Guid='{5770385f-c22a-43e0-bf4c-06f5698ffbd9}'/><EventID>11</EventID><Version>2</Version><Level>4</Level><Task>11</Task><Opcode>0</Opcode><Keywords>0x8000000000000000</Keywords><TimeCreated SystemTime='2023-04-19T09:10:28.8965896Z'/><EventRecordID>3849</EventRecordID><Correlation/><Execution ProcessID='3388' ThreadID='5444'/><Channel>Microsoft-Windows-Sysmon/Operational</Channel><Computer>ThinkPad-Win10</Computer><Security UserID='S-1-5-18'/></System><EventData><Data Name='RuleName'>-</Data><Data Name='UtcTime'>2023-04-19 09:10:28.895</Data><Data Name='ProcessGuid'>{1255fde1-affd-643f-7a02-00000000ee00}</Data><Data Name='ProcessId'>6136</Data><Data Name='Image'>C:\Users\smith\Desktop\Emergency Response\SysmonView.exe</Data><Data Name='TargetFilename'>C:\Users\smith\Desktop\Emergency Response\SysmonViewDB</Data><Data Name='CreationUtcTime'>2023-04-19 05:10:22.052</Data><Data Name='User'>THINKPAD-WIN10\smith</Data></EventData></Event><Event xmlns='http://schemas.microsoft.com/win/2004/08/events/event'><System><Provider Name='Microsoft-Windows-Sysmon' Guid='{5770385f-c22a-43e0-bf4c-06f5698ffbd9}'/><EventID>10</EventID><Version>3</Version><Level>4</Level><Task>10</Task><Opcode>0</Opcode><Keywords>0x8000000000000000</Keywords><TimeCreated SystemTime='2023-04-19T09:10:28.8895296Z'/><EventRecordID>3848</EventRecordID><Correlation/><Execution ProcessID='3388' ThreadID='5444'/><Channel>Microsoft-Windows-Sysmon/Operational</Channel><Computer>ThinkPad-Win10</Computer><Security UserID='S-1-5-18'/></System><EventData><Data Name='RuleName'>-</Data><Data Name='UtcTime'>2023-04-19 09:10:28.889</Data><Data Name='SourceProcessGUID'>{1255fde1-90be-643f-9300-00000000ee00}</Data><Data Name='SourceProcessId'>7828</Data><Data Name='SourceThreadId'>9040</Data><Data Name='SourceImage'>C:\Windows\Explorer.EXE</Data><Data Name='TargetProcessGUID'>{1255fde1-affd-643f-7a02-00000000ee00}</Data><Data Name='TargetProcessId'>6136</Data><Data Name='TargetImage'>C:\Users\smith\Desktop\Emergency Response\SysmonView.exe</Data><Data Name='GrantedAccess'>0x1410</Data><Data Name='CallTrace'>C:\Windows\SYSTEM32\ntdll.dll+9d524|C:\Windows\System32\KERNELBASE.dll+3053e|C:\Windows\System32\appresolver.dll+24d21|C:\Windows\System32\appresolver.dll+21ce7|C:\Windows\System32\appresolver.dll+21a26|C:\Windows\Explorer.EXE+35ee0|C:\Windows\Explorer.EXE+35df4|C:\Windows\Explorer.EXE+81cc0|C:\Windows\SYSTEM32\windows.storage.dll+11b75c|C:\Windows\SYSTEM32\windows.storage.dll+11b3a1|C:\Windows\SYSTEM32\windows.storage.dll+195af4|C:\Windows\System32\shcore.dll+33106|C:\Windows\SYSTEM32\ntdll.dll+6fcd3|C:\Windows\SYSTEM32\ntdll.dll+531aa|C:\Windows\System32\KERNEL32.DLL+17604|C:\Windows\SYSTEM32\ntdll.dll+526a1</Data><Data Name='SourceUser'>THINKPAD-WIN10\smith</Data><Data Name='TargetUser'>THINKPAD-WIN10\smith</Data></EventData></Event><Event xmlns='http://schemas.microsoft.com/win/2004/08/events/event'><System><Provider Name='Microsoft-Windows-Sysmon' Guid='{5770385f-c22a-43e0-bf4c-06f5698ffbd9}'/><EventID>10</EventID><Version>3</Version><Level>4</Level><Task>10</Task><Opcode>0</Opcode><Keywords>0x8000000000000000</Keywords><TimeCreated SystemTime='2023-04-19T09:10:28.7393455Z'/><EventRecordID>3847</EventRecordID><Correlation/><Execution ProcessID='3388' ThreadID='5444'/><Channel>Microsoft-Windows-Sysmon/Operational</Channel><Computer>ThinkPad-Win10</Computer><Security UserID='S-1-5-18'/></System><EventData><Data Name='RuleName'>-</Data><Data Name='UtcTime'>2023-04-19 09:10:28.738</Data><Data Name='SourceProcessGUID'>{1255fde1-90be-643f-9300-00000000ee00}</Data><Data Name='SourceProcessId'>7828</Data><Data Name='SourceThreadId'>5168</Data><Data Name='SourceImage'>C:\Windows\Explorer.EXE</Data><Data Name='TargetProcessGUID'>{1255fde1-affd-643f-7a02-00000000ee00}</Data><Data Name='TargetProcessId'>6136</Data><Data Name='TargetImage'>C:\Users\smith\Desktop\Emergency Response\SysmonView.exe</Data><Data Name='GrantedAccess'>0x2000</Data><Data Name='CallTrace'>C:\Windows\SYSTEM32\ntdll.dll+9d524|C:\Windows\System32\KERNELBASE.dll+3053e|C:\Windows\system32\twinui.dll+331cb|C:\Windows\SYSTEM32\ntdll.dll+71719|C:\Windows\SYSTEM32\ntdll.dll+531aa|C:\Windows\System32\KERNEL32.DLL+17604|C:\Windows\SYSTEM32\ntdll.dll+526a1</Data><Data Name='SourceUser'>THINKPAD-WIN10\smith</Data><Data Name='TargetUser'>THINKPAD-WIN10\smith</Data></EventData></Event><Event xmlns='http://schemas.microsoft.com/win/2004/08/events/event'><System><Provider Name='Microsoft-Windows-Sysmon' Guid='{5770385f-c22a-43e0-bf4c-06f5698ffbd9}'/><EventID>10</EventID><Version>3</Version><Level>4</Level><Task>10</Task><Opcode>0</Opcode><Keywords>0x8000000000000000</Keywords><TimeCreated SystemTime='2023-04-19T09:10:27.6696511Z'/><EventRecordID>3846</EventRecordID><Correlation/><Execution ProcessID='3388' ThreadID='5444'/><Channel>Microsoft-Windows-Sysmon/Operational</Channel><Computer>ThinkPad-Win10</Computer><Security UserID='S-1-5-18'/></System><EventData><Data Name='RuleName'>-</Data><Data Name='UtcTime'>2023-04-19 09:10:27.669</Data><Data Name='SourceProcessGUID'>{1255fde1-90bc-643f-8c00-00000000ee00}</Data><Data Name='SourceProcessId'>2228</Data><Data Name='SourceThreadId'>7188</Data><Data Name='SourceImage'>C:\Program Files (x86)\Huorong\Sysdiag\bin\PopBlock.exe</Data><Data Name='TargetProcessGUID'>{1255fde1-affd-643f-7a02-00000000ee00}</Data><Data Name='TargetProcessId'>6136</Data><Data Name='TargetImage'>C:\Users\smith\Desktop\Emergency Response\SysmonView.exe</Data><Data Name='GrantedAccess'>0x1410</Data><Data Name='CallTrace'>C:\Windows\SYSTEM32\ntdll.dll+9d524|C:\Windows\System32\wow64.dll+10955|C:\Windows\System32\wow64.dll+901a|C:\Windows\System32\wow64cpu.dll+17c3|C:\Windows\System32\wow64cpu.dll+11b9|C:\Windows\System32\wow64.dll+38c9|C:\Windows\System32\wow64.dll+32bd|C:\Windows\SYSTEM32\ntdll.dll+75089|C:\Windows\SYSTEM32\ntdll.dll+74c73|C:\Windows\SYSTEM32\ntdll.dll+74c1e|C:\Windows\SYSTEM32\ntdll.dll+72d1c(wow64)|C:\Windows\System32\KERNELBASE.dll+112bc8(wow64)|C:\Program Files (x86)\Huorong\Sysdiag\bin\POPBLKENG.dll+18304(wow64)|C:\Program Files (x86)\Huorong\Sysdiag\bin\POPBLKENG.dll+df45(wow64)|C:\Program Files (x86)\Huorong\Sysdiag\bin\POPBLKENG.dll+795f(wow64)|C:\Program Files (x86)\Huorong\Sysdiag\bin\POPBLKENG.dll+7454(wow64)|C:\Windows\System32\USER32.dll+35921(wow64)|C:\Windows\System32\USER32.dll+297ca(wow64)|C:\Program Files (x86)\Huorong\Sysdiag\bin\POPBLKENG.dll+7cd7(wow64)|C:\Program Files (x86)\Huorong\Sysdiag\bin\POPBLKENG.dll+7426(wow64)|C:\Windows\System32\KERNEL32.DLL+20099(wow64)|C:\Windows\SYSTEM32\ntdll.dll+67b6e(wow64)|C:\Windows\SYSTEM32\ntdll.dll+67b3e(wow64)</Data><Data Name='SourceUser'>THINKPAD-WIN10\smith</Data><Data Name='TargetUser'>THINKPAD-WIN10\smith</Data></EventData></Event><Event xmlns='http://schemas.microsoft.com/win/2004/08/events/event'><System><Provider Name='Microsoft-Windows-Sysmon' Guid='{5770385f-c22a-43e0-bf4c-06f5698ffbd9}'/><EventID>10</EventID><Version>3</Version><Level>4</Level><Task>10</Task><Opcode>0</Opcode><Keywords>0x8000000000000000</Keywords><TimeCreated SystemTime='2023-04-19T09:10:26.6491208Z'/><EventRecordID>3845</EventRecordID><Correlation/><Execution ProcessID='3388' ThreadID='5444'/><Channel>Microsoft-Windows-Sysmon/Operational</Channel><Computer>ThinkPad-Win10</Computer><Security UserID='S-1-5-18'/></System><EventData><Data Name='RuleName'>-</Data><Data Name='UtcTime'>2023-04-19 09:10:26.648</Data><Data Name='SourceProcessGUID'>{1255fde1-90bc-643f-8c00-00000000ee00}</Data><Data Name='SourceProcessId'>2228</Data><Data Name='SourceThreadId'>7188</Data><Data Name='SourceImage'>C:\Program Files (x86)\Huorong\Sysdiag\bin\PopBlock.exe</Data><Data Name='TargetProcessGUID'>{1255fde1-affd-643f-7a02-00000000ee00}</Data><Data Name='TargetProcessId'>6136</Data><Data Name='TargetImage'>C:\Users\smith\Desktop\Emergency Response\SysmonView.exe</Data><Data Name='GrantedAccess'>0x1410</Data><Data Name='CallTrace'>C:\Windows\SYSTEM32\ntdll.dll+9d524|C:\Windows\System32\wow64.dll+10955|C:\Windows\System32\wow64.dll+901a|C:\Windows\System32\wow64cpu.dll+17c3|C:\Windows\System32\wow64cpu.dll+11b9|C:\Windows\System32\wow64.dll+38c9|C:\Windows\System32\wow64.dll+32bd|C:\Windows\SYSTEM32\ntdll.dll+75089|C:\Windows\SYSTEM32\ntdll.dll+74c73|C:\Windows\SYSTEM32\ntdll.dll+74c1e|C:\Windows\SYSTEM32\ntdll.dll+72d1c(wow64)|C:\Windows\System32\KERNELBASE.dll+112bc8(wow64)|C:\Program Files (x86)\Huorong\Sysdiag\bin\POPBLKENG.dll+18304(wow64)|C:\Program Files (x86)\Huorong\Sysdiag\bin\POPBLKENG.dll+df45(wow64)|C:\Program Files (x86)\Huorong\Sysdiag\bin\POPBLKENG.dll+795f(wow64)|C:\Program Files (x86)\Huorong\Sysdiag\bin\POPBLKENG.dll+7454(wow64)|C:\Windows\System32\USER32.dll+35921(wow64)|C:\Windows\System32\USER32.dll+297ca(wow64)|C:\Program Files (x86)\Huorong\Sysdiag\bin\POPBLKENG.dll+7cd7(wow64)|C:\Program Files (x86)\Huorong\Sysdiag\bin\POPBLKENG.dll+7426(wow64)|C:\Windows\System32\KERNEL32.DLL+20099(wow64)|C:\Windows\SYSTEM32\ntdll.dll+67b6e(wow64)|C:\Windows\SYSTEM32\ntdll.dll+67b3e(wow64)</Data><Data Name='SourceUser'>THINKPAD-WIN10\smith</Data><Data Name='TargetUser'>THINKPAD-WIN10\smith</Data></EventData></Event><Event xmlns='http://schemas.microsoft.com/win/2004/08/events/event'><System><Provider Name='Microsoft-Windows-Sysmon' Guid='{5770385f-c22a-43e0-bf4c-06f5698ffbd9}'/><EventID>10</EventID><Version>3</Version><Level>4</Level><Task>10</Task><Opcode>0</Opcode><Keywords>0x8000000000000000</Keywords><TimeCreated SystemTime='2023-04-19T09:10:26.6490383Z'/><EventRecordID>3844</EventRecordID><Correlation/><Execution ProcessID='3388' ThreadID='5444'/><Channel>Microsoft-Windows-Sysmon/Operational</Channel><Computer>ThinkPad-Win10</Computer><Security UserID='S-1-5-18'/></System><EventData><Data Name='RuleName'>-</Data><Data Name='UtcTime'>2023-04-19 09:10:26.648</Data><Data Name='SourceProcessGUID'>{1255fde1-90bc-643f-8c00-00000000ee00}</Data><Data Name='SourceProcessId'>2228</Data><Data Name='SourceThreadId'>7188</Data><Data Name='SourceImage'>C:\Program Files (x86)\Huorong\Sysdiag\bin\PopBlock.exe</Data><Data Name='TargetProcessGUID'>{1255fde1-affd-643f-7a02-00000000ee00}</Data><Data Name='TargetProcessId'>6136</Data><Data Name='TargetImage'>C:\Users\smith\Desktop\Emergency Response\SysmonView.exe</Data><Data Name='GrantedAccess'>0x1410</Data><Data Name='CallTrace'>C:\Windows\SYSTEM32\ntdll.dll+9d524|C:\Windows\System32\wow64.dll+10955|C:\Windows\System32\wow64.dll+901a|C:\Windows\System32\wow64cpu.dll+17c3|C:\Windows\System32\wow64cpu.dll+11b9|C:\Windows\System32\wow64.dll+38c9|C:\Windows\System32\wow64.dll+32bd|C:\Windows\SYSTEM32\ntdll.dll+75089|C:\Windows\SYSTEM32\ntdll.dll+74c73|C:\Windows\SYSTEM32\ntdll.dll+74c1e|C:\Windows\SYSTEM32\ntdll.dll+72d1c(wow64)|C:\Windows\System32\KERNELBASE.dll+112bc8(wow64)|C:\Program Files (x86)\Huorong\Sysdiag\bin\POPBLKENG.dll+18304(wow64)|C:\Program Files (x86)\Huorong\Sysdiag\bin\POPBLKENG.dll+df45(wow64)|C:\Program Files (x86)\Huorong\Sysdiag\bin\POPBLKENG.dll+795f(wow64)|C:\Program Files (x86)\Huorong\Sysdiag\bin\POPBLKENG.dll+7454(wow64)|C:\Windows\System32\USER32.dll+35921(wow64)|C:\Windows\System32\USER32.dll+297ca(wow64)|C:\Program Files (x86)\Huorong\Sysdiag\bin\POPBLKENG.dll+7cd7(wow64)|C:\Program Files (x86)\Huorong\Sysdiag\bin\POPBLKENG.dll+7426(wow64)|C:\Windows\System32\KERNEL32.DLL+20099(wow64)|C:\Windows\SYSTEM32\ntdll.dll+67b6e(wow64)|C:\Windows\SYSTEM32\ntdll.dll+67b3e(wow64)</Data><Data Name='SourceUser'>THINKPAD-WIN10\smith</Data><Data Name='TargetUser'>THINKPAD-WIN10\smith</Data></EventData></Event>