<Event xmlns='http://schemas.microsoft.com/win/2004/08/events/event'><System><Provider Name='Microsoft-Windows-Sysmon' Guid='{5770385f-c22a-43e0-bf4c-06f5698ffbd9}'/><EventID>10</EventID><Version>3</Version><Level>4</Level><Task>10</Task><Opcode>0</Opcode><Keywords>0x8000000000000000</Keywords><TimeCreated SystemTime='2023-04-19T09:12:55.5535628Z'/><EventRecordID>4543</EventRecordID><Correlation/><Execution ProcessID='3388' ThreadID='5444'/><Channel>Microsoft-Windows-Sysmon/Operational</Channel><Computer>ThinkPad-Win10</Computer><Security UserID='S-1-5-18'/></System><EventData><Data Name='RuleName'>-</Data><Data Name='UtcTime'>2023-04-19 09:12:55.552</Data><Data Name='SourceProcessGUID'>{1255fde1-90be-643f-9300-00000000ee00}</Data><Data Name='SourceProcessId'>7828</Data><Data Name='SourceThreadId'>8052</Data><Data Name='SourceImage'>C:\Windows\Explorer.EXE</Data><Data Name='TargetProcessGUID'>{1255fde1-b07c-643f-8a02-00000000ee00}</Data><Data Name='TargetProcessId'>8960</Data><Data Name='TargetImage'>C:\Users\smith\Desktop\Emergency Response\SysmonView.exe</Data><Data Name='GrantedAccess'>0x2000</Data><Data Name='CallTrace'>C:\Windows\SYSTEM32\ntdll.dll+9d524|C:\Windows\System32\KERNELBASE.dll+3053e|C:\Windows\system32\twinui.dll+331cb|C:\Windows\SYSTEM32\ntdll.dll+71719|C:\Windows\SYSTEM32\ntdll.dll+531aa|C:\Windows\System32\KERNEL32.DLL+17604|C:\Windows\SYSTEM32\ntdll.dll+526a1</Data><Data Name='SourceUser'>THINKPAD-WIN10\smith</Data><Data Name='TargetUser'>THINKPAD-WIN10\smith</Data></EventData></Event><Event xmlns='http://schemas.microsoft.com/win/2004/08/events/event'><System><Provider Name='Microsoft-Windows-Sysmon' Guid='{5770385f-c22a-43e0-bf4c-06f5698ffbd9}'/><EventID>10</EventID><Version>3</Version><Level>4</Level><Task>10</Task><Opcode>0</Opcode><Keywords>0x8000000000000000</Keywords><TimeCreated SystemTime='2023-04-19T09:12:53.4231497Z'/><EventRecordID>4542</EventRecordID><Correlation/><Execution ProcessID='3388' ThreadID='5444'/><Channel>Microsoft-Windows-Sysmon/Operational</Channel><Computer>ThinkPad-Win10</Computer><Security UserID='S-1-5-18'/></System><EventData><Data Name='RuleName'>-</Data><Data Name='UtcTime'>2023-04-19 09:12:53.422</Data><Data Name='SourceProcessGUID'>{1255fde1-90bc-643f-8c00-00000000ee00}</Data><Data Name='SourceProcessId'>2228</Data><Data Name='SourceThreadId'>7188</Data><Data Name='SourceImage'>C:\Program Files (x86)\Huorong\Sysdiag\bin\PopBlock.exe</Data><Data Name='TargetProcessGUID'>{1255fde1-b07c-643f-8a02-00000000ee00}</Data><Data Name='TargetProcessId'>8960</Data><Data Name='TargetImage'>C:\Users\smith\Desktop\Emergency Response\SysmonView.exe</Data><Data Name='GrantedAccess'>0x1410</Data><Data Name='CallTrace'>C:\Windows\SYSTEM32\ntdll.dll+9d524|C:\Windows\System32\wow64.dll+10955|C:\Windows\System32\wow64.dll+901a|C:\Windows\System32\wow64cpu.dll+17c3|C:\Windows\System32\wow64cpu.dll+11b9|C:\Windows\System32\wow64.dll+38c9|C:\Windows\System32\wow64.dll+32bd|C:\Windows\SYSTEM32\ntdll.dll+75089|C:\Windows\SYSTEM32\ntdll.dll+74c73|C:\Windows\SYSTEM32\ntdll.dll+74c1e|C:\Windows\SYSTEM32\ntdll.dll+72d1c(wow64)|C:\Windows\System32\KERNELBASE.dll+112bc8(wow64)|C:\Program Files (x86)\Huorong\Sysdiag\bin\POPBLKENG.dll+18730(wow64)|C:\Program Files (x86)\Huorong\Sysdiag\bin\POPBLKENG.dll+7572(wow64)|C:\Program Files (x86)\Huorong\Sysdiag\bin\POPBLKENG.dll+7cf0(wow64)|C:\Program Files (x86)\Huorong\Sysdiag\bin\POPBLKENG.dll+7426(wow64)|C:\Windows\System32\KERNEL32.DLL+20099(wow64)|C:\Windows\SYSTEM32\ntdll.dll+67b6e(wow64)|C:\Windows\SYSTEM32\ntdll.dll+67b3e(wow64)</Data><Data Name='SourceUser'>THINKPAD-WIN10\smith</Data><Data Name='TargetUser'>THINKPAD-WIN10\smith</Data></EventData></Event><Event xmlns='http://schemas.microsoft.com/win/2004/08/events/event'><System><Provider Name='Microsoft-Windows-Sysmon' Guid='{5770385f-c22a-43e0-bf4c-06f5698ffbd9}'/><EventID>10</EventID><Version>3</Version><Level>4</Level><Task>10</Task><Opcode>0</Opcode><Keywords>0x8000000000000000</Keywords><TimeCreated SystemTime='2023-04-19T09:12:53.0783087Z'/><EventRecordID>4541</EventRecordID><Correlation/><Execution ProcessID='3388' ThreadID='5444'/><Channel>Microsoft-Windows-Sysmon/Operational</Channel><Computer>ThinkPad-Win10</Computer><Security UserID='S-1-5-18'/></System><EventData><Data Name='RuleName'>-</Data><Data Name='UtcTime'>2023-04-19 09:12:53.077</Data><Data Name='SourceProcessGUID'>{1255fde1-909e-643f-3f00-00000000ee00}</Data><Data Name='SourceProcessId'>2580</Data><Data Name='SourceThreadId'>2968</Data><Data Name='SourceImage'>C:\Windows\system32\svchost.exe</Data><Data Name='TargetProcessGUID'>{1255fde1-b07c-643f-8a02-00000000ee00}</Data><Data Name='TargetProcessId'>8960</Data><Data Name='TargetImage'>C:\Users\smith\Desktop\Emergency Response\SysmonView.exe</Data><Data Name='GrantedAccess'>0x3000</Data><Data Name='CallTrace'>C:\Windows\SYSTEM32\ntdll.dll+9d524|C:\Windows\System32\KERNELBASE.dll+3053e|c:\windows\system32\sysmain.dll+4737d|c:\windows\system32\sysmain.dll+471fc|c:\windows\system32\sysmain.dll+2a6d4|c:\windows\system32\sysmain.dll+2a331|c:\windows\system32\sysmain.dll+66cf1|c:\windows\system32\sysmain.dll+7b59e|c:\windows\system32\sysmain.dll+67ecf|C:\Windows\system32\svchost.exe+4340|C:\Windows\System32\sechost.dll+dfd8|C:\Windows\System32\KERNEL32.DLL+17604|C:\Windows\SYSTEM32\ntdll.dll+526a1</Data><Data Name='SourceUser'>NT AUTHORITY\SYSTEM</Data><Data Name='TargetUser'>THINKPAD-WIN10\smith</Data></EventData></Event><Event xmlns='http://schemas.microsoft.com/win/2004/08/events/event'><System><Provider Name='Microsoft-Windows-Sysmon' Guid='{5770385f-c22a-43e0-bf4c-06f5698ffbd9}'/><EventID>10</EventID><Version>3</Version><Level>4</Level><Task>10</Task><Opcode>0</Opcode><Keywords>0x8000000000000000</Keywords><TimeCreated SystemTime='2023-04-19T09:12:52.2038950Z'/><EventRecordID>4540</EventRecordID><Correlation/><Execution ProcessID='3388' ThreadID='5444'/><Channel>Microsoft-Windows-Sysmon/Operational</Channel><Computer>ThinkPad-Win10</Computer><Security UserID='S-1-5-18'/></System><EventData><Data Name='RuleName'>-</Data><Data Name='UtcTime'>2023-04-19 09:12:52.203</Data><Data Name='SourceProcessGUID'>{1255fde1-90a2-643f-6700-00000000ee00}</Data><Data Name='SourceProcessId'>4620</Data><Data Name='SourceThreadId'>9028</Data><Data Name='SourceImage'>C:\Program Files\Parallels\Parallels Tools\Services\prl_tools.exe</Data><Data Name='TargetProcessGUID'>{1255fde1-b07c-643f-8a02-00000000ee00}</Data><Data Name='TargetProcessId'>8960</Data><Data Name='TargetImage'>C:\Users\smith\Desktop\Emergency Response\SysmonView.exe</Data><Data Name='GrantedAccess'>0x1410</Data><Data Name='CallTrace'>C:\Windows\SYSTEM32\ntdll.dll+9d524|C:\Windows\System32\KERNELBASE.dll+3053e|C:\Program Files\Parallels\Parallels Tools\Services\Plugins\UserInputEmulation.dll+d8ae|C:\Program Files\Parallels\Parallels Tools\Services\Plugins\UserInputEmulation.dll+e623|C:\Program Files\Parallels\Parallels Tools\Services\Plugins\UserInputEmulation.dll+e3d8|C:\Program Files\Parallels\Parallels Tools\Services\Plugins\UserInputEmulation.dll+eafe|C:\Windows\System32\msvcrt.dll+3af5a|C:\Windows\System32\msvcrt.dll+3b02c|C:\Windows\System32\KERNEL32.DLL+17604|C:\Windows\SYSTEM32\ntdll.dll+526a1</Data><Data Name='SourceUser'>NT AUTHORITY\SYSTEM</Data><Data Name='TargetUser'>THINKPAD-WIN10\smith</Data></EventData></Event><Event xmlns='http://schemas.microsoft.com/win/2004/08/events/event'><System><Provider Name='Microsoft-Windows-Sysmon' Guid='{5770385f-c22a-43e0-bf4c-06f5698ffbd9}'/><EventID>10</EventID><Version>3</Version><Level>4</Level><Task>10</Task><Opcode>0</Opcode><Keywords>0x8000000000000000</Keywords><TimeCreated SystemTime='2023-04-19T09:12:52.2028271Z'/><EventRecordID>4539</EventRecordID><Correlation/><Execution ProcessID='3388' ThreadID='5444'/><Channel>Microsoft-Windows-Sysmon/Operational</Channel><Computer>ThinkPad-Win10</Computer><Security UserID='S-1-5-18'/></System><EventData><Data Name='RuleName'>-</Data><Data Name='UtcTime'>2023-04-19 09:12:52.202</Data><Data Name='SourceProcessGUID'>{1255fde1-90a2-643f-6700-00000000ee00}</Data><Data Name='SourceProcessId'>4620</Data><Data Name='SourceThreadId'>9028</Data><Data Name='SourceImage'>C:\Program Files\Parallels\Parallels Tools\Services\prl_tools.exe</Data><Data Name='TargetProcessGUID'>{1255fde1-b07c-643f-8a02-00000000ee00}</Data><Data Name='TargetProcessId'>8960</Data><Data Name='TargetImage'>C:\Users\smith\Desktop\Emergency Response\SysmonView.exe</Data><Data Name='GrantedAccess'>0x1410</Data><Data Name='CallTrace'>C:\Windows\SYSTEM32\ntdll.dll+9d524|C:\Windows\System32\KERNELBASE.dll+3053e|C:\Program Files\Parallels\Parallels Tools\Services\Plugins\UserInputEmulation.dll+d8ae|C:\Program Files\Parallels\Parallels Tools\Services\Plugins\UserInputEmulation.dll+e623|C:\Program Files\Parallels\Parallels Tools\Services\Plugins\UserInputEmulation.dll+e3d8|C:\Program Files\Parallels\Parallels Tools\Services\Plugins\UserInputEmulation.dll+eafe|C:\Windows\System32\msvcrt.dll+3af5a|C:\Windows\System32\msvcrt.dll+3b02c|C:\Windows\System32\KERNEL32.DLL+17604|C:\Windows\SYSTEM32\ntdll.dll+526a1</Data><Data Name='SourceUser'>NT AUTHORITY\SYSTEM</Data><Data Name='TargetUser'>THINKPAD-WIN10\smith</Data></EventData></Event><Event xmlns='http://schemas.microsoft.com/win/2004/08/events/event'><System><Provider Name='Microsoft-Windows-Sysmon' Guid='{5770385f-c22a-43e0-bf4c-06f5698ffbd9}'/><EventID>10</EventID><Version>3</Version><Level>4</Level><Task>10</Task><Opcode>0</Opcode><Keywords>0x8000000000000000</Keywords><TimeCreated SystemTime='2023-04-19T09:12:52.1548112Z'/><EventRecordID>4538</EventRecordID><Correlation/><Execution ProcessID='3388' ThreadID='5444'/><Channel>Microsoft-Windows-Sysmon/Operational</Channel><Computer>ThinkPad-Win10</Computer><Security UserID='S-1-5-18'/></System><EventData><Data Name='RuleName'>-</Data><Data Name='UtcTime'>2023-04-19 09:12:52.154</Data><Data Name='SourceProcessGUID'>{1255fde1-90a2-643f-6700-00000000ee00}</Data><Data Name='SourceProcessId'>4620</Data><Data Name='SourceThreadId'>9028</Data><Data Name='SourceImage'>C:\Program Files\Parallels\Parallels Tools\Services\prl_tools.exe</Data><Data Name='TargetProcessGUID'>{1255fde1-b07c-643f-8a02-00000000ee00}</Data><Data Name='TargetProcessId'>8960</Data><Data Name='TargetImage'>C:\Users\smith\Desktop\Emergency Response\SysmonView.exe</Data><Data Name='GrantedAccess'>0x1410</Data><Data Name='CallTrace'>C:\Windows\SYSTEM32\ntdll.dll+9d524|C:\Windows\System32\KERNELBASE.dll+3053e|C:\Program Files\Parallels\Parallels Tools\Services\Plugins\UserInputEmulation.dll+d8ae|C:\Program Files\Parallels\Parallels Tools\Services\Plugins\UserInputEmulation.dll+e623|C:\Program Files\Parallels\Parallels Tools\Services\Plugins\UserInputEmulation.dll+e3d8|C:\Program Files\Parallels\Parallels Tools\Services\Plugins\UserInputEmulation.dll+eafe|C:\Windows\System32\msvcrt.dll+3af5a|C:\Windows\System32\msvcrt.dll+3b02c|C:\Windows\System32\KERNEL32.DLL+17604|C:\Windows\SYSTEM32\ntdll.dll+526a1</Data><Data Name='SourceUser'>NT AUTHORITY\SYSTEM</Data><Data Name='TargetUser'>THINKPAD-WIN10\smith</Data></EventData></Event><Event xmlns='http://schemas.microsoft.com/win/2004/08/events/event'><System><Provider Name='Microsoft-Windows-Sysmon' Guid='{5770385f-c22a-43e0-bf4c-06f5698ffbd9}'/><EventID>10</EventID><Version>3</Version><Level>4</Level><Task>10</Task><Opcode>0</Opcode><Keywords>0x8000000000000000</Keywords><TimeCreated SystemTime='2023-04-19T09:12:52.1538283Z'/><EventRecordID>4537</EventRecordID><Correlation/><Execution ProcessID='3388' ThreadID='5444'/><Channel>Microsoft-Windows-Sysmon/Operational</Channel><Computer>ThinkPad-Win10</Computer><Security UserID='S-1-5-18'/></System><EventData><Data Name='RuleName'>-</Data><Data Name='UtcTime'>2023-04-19 09:12:52.153</Data><Data Name='SourceProcessGUID'>{1255fde1-90a2-643f-6700-00000000ee00}</Data><Data Name='SourceProcessId'>4620</Data><Data Name='SourceThreadId'>9028</Data><Data Name='SourceImage'>C:\Program Files\Parallels\Parallels Tools\Services\prl_tools.exe</Data><Data Name='TargetProcessGUID'>{1255fde1-b07c-643f-8a02-00000000ee00}</Data><Data Name='TargetProcessId'>8960</Data><Data Name='TargetImage'>C:\Users\smith\Desktop\Emergency Response\SysmonView.exe</Data><Data Name='GrantedAccess'>0x1410</Data><Data Name='CallTrace'>C:\Windows\SYSTEM32\ntdll.dll+9d524|C:\Windows\System32\KERNELBASE.dll+3053e|C:\Program Files\Parallels\Parallels Tools\Services\Plugins\UserInputEmulation.dll+d8ae|C:\Program Files\Parallels\Parallels Tools\Services\Plugins\UserInputEmulation.dll+e623|C:\Program Files\Parallels\Parallels Tools\Services\Plugins\UserInputEmulation.dll+e3d8|C:\Program Files\Parallels\Parallels Tools\Services\Plugins\UserInputEmulation.dll+eafe|C:\Windows\System32\msvcrt.dll+3af5a|C:\Windows\System32\msvcrt.dll+3b02c|C:\Windows\System32\KERNEL32.DLL+17604|C:\Windows\SYSTEM32\ntdll.dll+526a1</Data><Data Name='SourceUser'>NT AUTHORITY\SYSTEM</Data><Data Name='TargetUser'>THINKPAD-WIN10\smith</Data></EventData></Event><Event xmlns='http://schemas.microsoft.com/win/2004/08/events/event'><System><Provider Name='Microsoft-Windows-Sysmon' Guid='{5770385f-c22a-43e0-bf4c-06f5698ffbd9}'/><EventID>10</EventID><Version>3</Version><Level>4</Level><Task>10</Task><Opcode>0</Opcode><Keywords>0x8000000000000000</Keywords><TimeCreated SystemTime='2023-04-19T09:12:52.1367373Z'/><EventRecordID>4536</EventRecordID><Correlation/><Execution ProcessID='3388' ThreadID='5444'/><Channel>Microsoft-Windows-Sysmon/Operational</Channel><Computer>ThinkPad-Win10</Computer><Security UserID='S-1-5-18'/></System><EventData><Data Name='RuleName'>-</Data><Data Name='UtcTime'>2023-04-19 09:12:52.135</Data><Data Name='SourceProcessGUID'>{1255fde1-90a2-643f-6700-00000000ee00}</Data><Data Name='SourceProcessId'>4620</Data><Data Name='SourceThreadId'>9028</Data><Data Name='SourceImage'>C:\Program Files\Parallels\Parallels Tools\Services\prl_tools.exe</Data><Data Name='TargetProcessGUID'>{1255fde1-b07c-643f-8a02-00000000ee00}</Data><Data Name='TargetProcessId'>8960</Data><Data Name='TargetImage'>C:\Users\smith\Desktop\Emergency Response\SysmonView.exe</Data><Data Name='GrantedAccess'>0x1410</Data><Data Name='CallTrace'>C:\Windows\SYSTEM32\ntdll.dll+9d524|C:\Windows\System32\KERNELBASE.dll+3053e|C:\Program Files\Parallels\Parallels Tools\Services\Plugins\UserInputEmulation.dll+d8ae|C:\Program Files\Parallels\Parallels Tools\Services\Plugins\UserInputEmulation.dll+e623|C:\Program Files\Parallels\Parallels Tools\Services\Plugins\UserInputEmulation.dll+e3d8|C:\Program Files\Parallels\Parallels Tools\Services\Plugins\UserInputEmulation.dll+eafe|C:\Windows\System32\msvcrt.dll+3af5a|C:\Windows\System32\msvcrt.dll+3b02c|C:\Windows\System32\KERNEL32.DLL+17604|C:\Windows\SYSTEM32\ntdll.dll+526a1</Data><Data Name='SourceUser'>NT AUTHORITY\SYSTEM</Data><Data Name='TargetUser'>THINKPAD-WIN10\smith</Data></EventData></Event><Event xmlns='http://schemas.microsoft.com/win/2004/08/events/event'><System><Provider Name='Microsoft-Windows-Sysmon' Guid='{5770385f-c22a-43e0-bf4c-06f5698ffbd9}'/><EventID>10</EventID><Version>3</Version><Level>4</Level><Task>10</Task><Opcode>0</Opcode><Keywords>0x8000000000000000</Keywords><TimeCreated SystemTime='2023-04-19T09:12:52.1361588Z'/><EventRecordID>4535</EventRecordID><Correlation/><Execution ProcessID='3388' ThreadID='5444'/><Channel>Microsoft-Windows-Sysmon/Operational</Channel><Computer>ThinkPad-Win10</Computer><Security UserID='S-1-5-18'/></System><EventData><Data Name='RuleName'>-</Data><Data Name='UtcTime'>2023-04-19 09:12:52.135</Data><Data Name='SourceProcessGUID'>{1255fde1-90a2-643f-6700-00000000ee00}</Data><Data Name='SourceProcessId'>4620</Data><Data Name='SourceThreadId'>9028</Data><Data Name='SourceImage'>C:\Program Files\Parallels\Parallels Tools\Services\prl_tools.exe</Data><Data Name='TargetProcessGUID'>{1255fde1-b07c-643f-8a02-00000000ee00}</Data><Data Name='TargetProcessId'>8960</Data><Data Name='TargetImage'>C:\Users\smith\Desktop\Emergency Response\SysmonView.exe</Data><Data Name='GrantedAccess'>0x1410</Data><Data Name='CallTrace'>C:\Windows\SYSTEM32\ntdll.dll+9d524|C:\Windows\System32\KERNELBASE.dll+3053e|C:\Program Files\Parallels\Parallels Tools\Services\Plugins\UserInputEmulation.dll+d8ae|C:\Program Files\Parallels\Parallels Tools\Services\Plugins\UserInputEmulation.dll+e623|C:\Program Files\Parallels\Parallels Tools\Services\Plugins\UserInputEmulation.dll+e3d8|C:\Program Files\Parallels\Parallels Tools\Services\Plugins\UserInputEmulation.dll+eafe|C:\Windows\System32\msvcrt.dll+3af5a|C:\Windows\System32\msvcrt.dll+3b02c|C:\Windows\System32\KERNEL32.DLL+17604|C:\Windows\SYSTEM32\ntdll.dll+526a1</Data><Data Name='SourceUser'>NT AUTHORITY\SYSTEM</Data><Data Name='TargetUser'>THINKPAD-WIN10\smith</Data></EventData></Event><Event xmlns='http://schemas.microsoft.com/win/2004/08/events/event'><System><Provider Name='Microsoft-Windows-Sysmon' Guid='{5770385f-c22a-43e0-bf4c-06f5698ffbd9}'/><EventID>10</EventID><Version>3</Version><Level>4</Level><Task>10</Task><Opcode>0</Opcode><Keywords>0x8000000000000000</Keywords><TimeCreated SystemTime='2023-04-19T09:12:52.1216525Z'/><EventRecordID>4534</EventRecordID><Correlation/><Execution ProcessID='3388' ThreadID='5444'/><Channel>Microsoft-Windows-Sysmon/Operational</Channel><Computer>ThinkPad-Win10</Computer><Security UserID='S-1-5-18'/></System><EventData><Data Name='RuleName'>-</Data><Data Name='UtcTime'>2023-04-19 09:12:52.121</Data><Data Name='SourceProcessGUID'>{1255fde1-90a2-643f-6700-00000000ee00}</Data><Data Name='SourceProcessId'>4620</Data><Data Name='SourceThreadId'>9028</Data><Data Name='SourceImage'>C:\Program Files\Parallels\Parallels Tools\Services\prl_tools.exe</Data><Data Name='TargetProcessGUID'>{1255fde1-b07c-643f-8a02-00000000ee00}</Data><Data Name='TargetProcessId'>8960</Data><Data Name='TargetImage'>C:\Users\smith\Desktop\Emergency Response\SysmonView.exe</Data><Data Name='GrantedAccess'>0x1410</Data><Data Name='CallTrace'>C:\Windows\SYSTEM32\ntdll.dll+9d524|C:\Windows\System32\KERNELBASE.dll+3053e|C:\Program Files\Parallels\Parallels Tools\Services\Plugins\UserInputEmulation.dll+d8ae|C:\Program Files\Parallels\Parallels Tools\Services\Plugins\UserInputEmulation.dll+e623|C:\Program Files\Parallels\Parallels Tools\Services\Plugins\UserInputEmulation.dll+e3d8|C:\Program Files\Parallels\Parallels Tools\Services\Plugins\UserInputEmulation.dll+eafe|C:\Windows\System32\msvcrt.dll+3af5a|C:\Windows\System32\msvcrt.dll+3b02c|C:\Windows\System32\KERNEL32.DLL+17604|C:\Windows\SYSTEM32\ntdll.dll+526a1</Data><Data Name='SourceUser'>NT AUTHORITY\SYSTEM</Data><Data Name='TargetUser'>THINKPAD-WIN10\smith</Data></EventData></Event><Event xmlns='http://schemas.microsoft.com/win/2004/08/events/event'><System><Provider Name='Microsoft-Windows-Sysmon' Guid='{5770385f-c22a-43e0-bf4c-06f5698ffbd9}'/><EventID>10</EventID><Version>3</Version><Level>4</Level><Task>10</Task><Opcode>0</Opcode><Keywords>0x8000000000000000</Keywords><TimeCreated SystemTime='2023-04-19T09:12:52.1207296Z'/><EventRecordID>4533</EventRecordID><Correlation/><Execution ProcessID='3388' ThreadID='5444'/><Channel>Microsoft-Windows-Sysmon/Operational</Channel><Computer>ThinkPad-Win10</Computer><Security UserID='S-1-5-18'/></System><EventData><Data Name='RuleName'>-</Data><Data Name='UtcTime'>2023-04-19 09:12:52.120</Data><Data Name='SourceProcessGUID'>{1255fde1-90a2-643f-6700-00000000ee00}</Data><Data Name='SourceProcessId'>4620</Data><Data Name='SourceThreadId'>9028</Data><Data Name='SourceImage'>C:\Program Files\Parallels\Parallels Tools\Services\prl_tools.exe</Data><Data Name='TargetProcessGUID'>{1255fde1-b07c-643f-8a02-00000000ee00}</Data><Data Name='TargetProcessId'>8960</Data><Data Name='TargetImage'>C:\Users\smith\Desktop\Emergency Response\SysmonView.exe</Data><Data Name='GrantedAccess'>0x1410</Data><Data Name='CallTrace'>C:\Windows\SYSTEM32\ntdll.dll+9d524|C:\Windows\System32\KERNELBASE.dll+3053e|C:\Program Files\Parallels\Parallels Tools\Services\Plugins\UserInputEmulation.dll+d8ae|C:\Program Files\Parallels\Parallels Tools\Services\Plugins\UserInputEmulation.dll+e623|C:\Program Files\Parallels\Parallels Tools\Services\Plugins\UserInputEmulation.dll+e3d8|C:\Program Files\Parallels\Parallels Tools\Services\Plugins\UserInputEmulation.dll+eafe|C:\Windows\System32\msvcrt.dll+3af5a|C:\Windows\System32\msvcrt.dll+3b02c|C:\Windows\System32\KERNEL32.DLL+17604|C:\Windows\SYSTEM32\ntdll.dll+526a1</Data><Data Name='SourceUser'>NT AUTHORITY\SYSTEM</Data><Data Name='TargetUser'>THINKPAD-WIN10\smith</Data></EventData></Event><Event xmlns='http://schemas.microsoft.com/win/2004/08/events/event'><System><Provider Name='Microsoft-Windows-Sysmon' Guid='{5770385f-c22a-43e0-bf4c-06f5698ffbd9}'/><EventID>10</EventID><Version>3</Version><Level>4</Level><Task>10</Task><Opcode>0</Opcode><Keywords>0x8000000000000000</Keywords><TimeCreated SystemTime='2023-04-19T09:12:52.1043967Z'/><EventRecordID>4532</EventRecordID><Correlation/><Execution ProcessID='3388' ThreadID='5444'/><Channel>Microsoft-Windows-Sysmon/Operational</Channel><Computer>ThinkPad-Win10</Computer><Security UserID='S-1-5-18'/></System><EventData><Data Name='RuleName'>-</Data><Data Name='UtcTime'>2023-04-19 09:12:52.103</Data><Data Name='SourceProcessGUID'>{1255fde1-90a2-643f-6700-00000000ee00}</Data><Data Name='SourceProcessId'>4620</Data><Data Name='SourceThreadId'>9028</Data><Data Name='SourceImage'>C:\Program Files\Parallels\Parallels Tools\Services\prl_tools.exe</Data><Data Name='TargetProcessGUID'>{1255fde1-b07c-643f-8a02-00000000ee00}</Data><Data Name='TargetProcessId'>8960</Data><Data Name='TargetImage'>C:\Users\smith\Desktop\Emergency Response\SysmonView.exe</Data><Data Name='GrantedAccess'>0x1410</Data><Data Name='CallTrace'>C:\Windows\SYSTEM32\ntdll.dll+9d524|C:\Windows\System32\KERNELBASE.dll+3053e|C:\Program Files\Parallels\Parallels Tools\Services\Plugins\UserInputEmulation.dll+d8ae|C:\Program Files\Parallels\Parallels Tools\Services\Plugins\UserInputEmulation.dll+e623|C:\Program Files\Parallels\Parallels Tools\Services\Plugins\UserInputEmulation.dll+e3d8|C:\Program Files\Parallels\Parallels Tools\Services\Plugins\UserInputEmulation.dll+eafe|C:\Windows\System32\msvcrt.dll+3af5a|C:\Windows\System32\msvcrt.dll+3b02c|C:\Windows\System32\KERNEL32.DLL+17604|C:\Windows\SYSTEM32\ntdll.dll+526a1</Data><Data Name='SourceUser'>NT AUTHORITY\SYSTEM</Data><Data Name='TargetUser'>THINKPAD-WIN10\smith</Data></EventData></Event><Event xmlns='http://schemas.microsoft.com/win/2004/08/events/event'><System><Provider Name='Microsoft-Windows-Sysmon' Guid='{5770385f-c22a-43e0-bf4c-06f5698ffbd9}'/><EventID>10</EventID><Version>3</Version><Level>4</Level><Task>10</Task><Opcode>0</Opcode><Keywords>0x8000000000000000</Keywords><TimeCreated SystemTime='2023-04-19T09:12:52.1041669Z'/><EventRecordID>4531</EventRecordID><Correlation/><Execution ProcessID='3388' ThreadID='5444'/><Channel>Microsoft-Windows-Sysmon/Operational</Channel><Computer>ThinkPad-Win10</Computer><Security UserID='S-1-5-18'/></System><EventData><Data Name='RuleName'>-</Data><Data Name='UtcTime'>2023-04-19 09:12:52.103</Data><Data Name='SourceProcessGUID'>{1255fde1-90a2-643f-6700-00000000ee00}</Data><Data Name='SourceProcessId'>4620</Data><Data Name='SourceThreadId'>9028</Data><Data Name='SourceImage'>C:\Program Files\Parallels\Parallels Tools\Services\prl_tools.exe</Data><Data Name='TargetProcessGUID'>{1255fde1-b07c-643f-8a02-00000000ee00}</Data><Data Name='TargetProcessId'>8960</Data><Data Name='TargetImage'>C:\Users\smith\Desktop\Emergency Response\SysmonView.exe</Data><Data Name='GrantedAccess'>0x1410</Data><Data Name='CallTrace'>C:\Windows\SYSTEM32\ntdll.dll+9d524|C:\Windows\System32\KERNELBASE.dll+3053e|C:\Program Files\Parallels\Parallels Tools\Services\Plugins\UserInputEmulation.dll+d8ae|C:\Program Files\Parallels\Parallels Tools\Services\Plugins\UserInputEmulation.dll+e623|C:\Program Files\Parallels\Parallels Tools\Services\Plugins\UserInputEmulation.dll+e3d8|C:\Program Files\Parallels\Parallels Tools\Services\Plugins\UserInputEmulation.dll+eafe|C:\Windows\System32\msvcrt.dll+3af5a|C:\Windows\System32\msvcrt.dll+3b02c|C:\Windows\System32\KERNEL32.DLL+17604|C:\Windows\SYSTEM32\ntdll.dll+526a1</Data><Data Name='SourceUser'>NT AUTHORITY\SYSTEM</Data><Data Name='TargetUser'>THINKPAD-WIN10\smith</Data></EventData></Event><Event xmlns='http://schemas.microsoft.com/win/2004/08/events/event'><System><Provider Name='Microsoft-Windows-Sysmon' Guid='{5770385f-c22a-43e0-bf4c-06f5698ffbd9}'/><EventID>10</EventID><Version>3</Version><Level>4</Level><Task>10</Task><Opcode>0</Opcode><Keywords>0x8000000000000000</Keywords><TimeCreated SystemTime='2023-04-19T09:12:52.0881505Z'/><EventRecordID>4530</EventRecordID><Correlation/><Execution ProcessID='3388' ThreadID='5444'/><Channel>Microsoft-Windows-Sysmon/Operational</Channel><Computer>ThinkPad-Win10</Computer><Security UserID='S-1-5-18'/></System><EventData><Data Name='RuleName'>-</Data><Data Name='UtcTime'>2023-04-19 09:12:52.087</Data><Data Name='SourceProcessGUID'>{1255fde1-90a2-643f-6700-00000000ee00}</Data><Data Name='SourceProcessId'>4620</Data><Data Name='SourceThreadId'>9028</Data><Data Name='SourceImage'>C:\Program Files\Parallels\Parallels Tools\Services\prl_tools.exe</Data><Data Name='TargetProcessGUID'>{1255fde1-b07c-643f-8a02-00000000ee00}</Data><Data Name='TargetProcessId'>8960</Data><Data Name='TargetImage'>C:\Users\smith\Desktop\Emergency Response\SysmonView.exe</Data><Data Name='GrantedAccess'>0x1410</Data><Data Name='CallTrace'>C:\Windows\SYSTEM32\ntdll.dll+9d524|C:\Windows\System32\KERNELBASE.dll+3053e|C:\Program Files\Parallels\Parallels Tools\Services\Plugins\UserInputEmulation.dll+d8ae|C:\Program Files\Parallels\Parallels Tools\Services\Plugins\UserInputEmulation.dll+e623|C:\Program Files\Parallels\Parallels Tools\Services\Plugins\UserInputEmulation.dll+e3d8|C:\Program Files\Parallels\Parallels Tools\Services\Plugins\UserInputEmulation.dll+eafe|C:\Windows\System32\msvcrt.dll+3af5a|C:\Windows\System32\msvcrt.dll+3b02c|C:\Windows\System32\KERNEL32.DLL+17604|C:\Windows\SYSTEM32\ntdll.dll+526a1</Data><Data Name='SourceUser'>NT AUTHORITY\SYSTEM</Data><Data Name='TargetUser'>THINKPAD-WIN10\smith</Data></EventData></Event><Event xmlns='http://schemas.microsoft.com/win/2004/08/events/event'><System><Provider Name='Microsoft-Windows-Sysmon' Guid='{5770385f-c22a-43e0-bf4c-06f5698ffbd9}'/><EventID>10</EventID><Version>3</Version><Level>4</Level><Task>10</Task><Opcode>0</Opcode><Keywords>0x8000000000000000</Keywords><TimeCreated SystemTime='2023-04-19T09:12:52.0879701Z'/><EventRecordID>4529</EventRecordID><Correlation/><Execution ProcessID='3388' ThreadID='5444'/><Channel>Microsoft-Windows-Sysmon/Operational</Channel><Computer>ThinkPad-Win10</Computer><Security UserID='S-1-5-18'/></System><EventData><Data Name='RuleName'>-</Data><Data Name='UtcTime'>2023-04-19 09:12:52.087</Data><Data Name='SourceProcessGUID'>{1255fde1-90a2-643f-6700-00000000ee00}</Data><Data Name='SourceProcessId'>4620</Data><Data Name='SourceThreadId'>9028</Data><Data Name='SourceImage'>C:\Program Files\Parallels\Parallels Tools\Services\prl_tools.exe</Data><Data Name='TargetProcessGUID'>{1255fde1-b07c-643f-8a02-00000000ee00}</Data><Data Name='TargetProcessId'>8960</Data><Data Name='TargetImage'>C:\Users\smith\Desktop\Emergency Response\SysmonView.exe</Data><Data Name='GrantedAccess'>0x1410</Data><Data Name='CallTrace'>C:\Windows\SYSTEM32\ntdll.dll+9d524|C:\Windows\System32\KERNELBASE.dll+3053e|C:\Program Files\Parallels\Parallels Tools\Services\Plugins\UserInputEmulation.dll+d8ae|C:\Program Files\Parallels\Parallels Tools\Services\Plugins\UserInputEmulation.dll+e623|C:\Program Files\Parallels\Parallels Tools\Services\Plugins\UserInputEmulation.dll+e3d8|C:\Program Files\Parallels\Parallels Tools\Services\Plugins\UserInputEmulation.dll+eafe|C:\Windows\System32\msvcrt.dll+3af5a|C:\Windows\System32\msvcrt.dll+3b02c|C:\Windows\System32\KERNEL32.DLL+17604|C:\Windows\SYSTEM32\ntdll.dll+526a1</Data><Data Name='SourceUser'>NT AUTHORITY\SYSTEM</Data><Data Name='TargetUser'>THINKPAD-WIN10\smith</Data></EventData></Event><Event xmlns='http://schemas.microsoft.com/win/2004/08/events/event'><System><Provider Name='Microsoft-Windows-Sysmon' Guid='{5770385f-c22a-43e0-bf4c-06f5698ffbd9}'/><EventID>10</EventID><Version>3</Version><Level>4</Level><Task>10</Task><Opcode>0</Opcode><Keywords>0x8000000000000000</Keywords><TimeCreated SystemTime='2023-04-19T09:12:52.0724010Z'/><EventRecordID>4528</EventRecordID><Correlation/><Execution ProcessID='3388' ThreadID='5444'/><Channel>Microsoft-Windows-Sysmon/Operational</Channel><Computer>ThinkPad-Win10</Computer><Security UserID='S-1-5-18'/></System><EventData><Data Name='RuleName'>-</Data><Data Name='UtcTime'>2023-04-19 09:12:52.071</Data><Data Name='SourceProcessGUID'>{1255fde1-90a2-643f-6700-00000000ee00}</Data><Data Name='SourceProcessId'>4620</Data><Data Name='SourceThreadId'>9028</Data><Data Name='SourceImage'>C:\Program Files\Parallels\Parallels Tools\Services\prl_tools.exe</Data><Data Name='TargetProcessGUID'>{1255fde1-b07c-643f-8a02-00000000ee00}</Data><Data Name='TargetProcessId'>8960</Data><Data Name='TargetImage'>C:\Users\smith\Desktop\Emergency Response\SysmonView.exe</Data><Data Name='GrantedAccess'>0x1410</Data><Data Name='CallTrace'>C:\Windows\SYSTEM32\ntdll.dll+9d524|C:\Windows\System32\KERNELBASE.dll+3053e|C:\Program Files\Parallels\Parallels Tools\Services\Plugins\UserInputEmulation.dll+d8ae|C:\Program Files\Parallels\Parallels Tools\Services\Plugins\UserInputEmulation.dll+e623|C:\Program Files\Parallels\Parallels Tools\Services\Plugins\UserInputEmulation.dll+e3d8|C:\Program Files\Parallels\Parallels Tools\Services\Plugins\UserInputEmulation.dll+eafe|C:\Windows\System32\msvcrt.dll+3af5a|C:\Windows\System32\msvcrt.dll+3b02c|C:\Windows\System32\KERNEL32.DLL+17604|C:\Windows\SYSTEM32\ntdll.dll+526a1</Data><Data Name='SourceUser'>NT AUTHORITY\SYSTEM</Data><Data Name='TargetUser'>THINKPAD-WIN10\smith</Data></EventData></Event><Event xmlns='http://schemas.microsoft.com/win/2004/08/events/event'><System><Provider Name='Microsoft-Windows-Sysmon' Guid='{5770385f-c22a-43e0-bf4c-06f5698ffbd9}'/><EventID>10</EventID><Version>3</Version><Level>4</Level><Task>10</Task><Opcode>0</Opcode><Keywords>0x8000000000000000</Keywords><TimeCreated SystemTime='2023-04-19T09:12:52.0716670Z'/><EventRecordID>4527</EventRecordID><Correlation/><Execution ProcessID='3388' ThreadID='5444'/><Channel>Microsoft-Windows-Sysmon/Operational</Channel><Computer>ThinkPad-Win10</Computer><Security UserID='S-1-5-18'/></System><EventData><Data Name='RuleName'>-</Data><Data Name='UtcTime'>2023-04-19 09:12:52.070</Data><Data Name='SourceProcessGUID'>{1255fde1-90a2-643f-6700-00000000ee00}</Data><Data Name='SourceProcessId'>4620</Data><Data Name='SourceThreadId'>9028</Data><Data Name='SourceImage'>C:\Program Files\Parallels\Parallels Tools\Services\prl_tools.exe</Data><Data Name='TargetProcessGUID'>{1255fde1-b07c-643f-8a02-00000000ee00}</Data><Data Name='TargetProcessId'>8960</Data><Data Name='TargetImage'>C:\Users\smith\Desktop\Emergency Response\SysmonView.exe</Data><Data Name='GrantedAccess'>0x1410</Data><Data Name='CallTrace'>C:\Windows\SYSTEM32\ntdll.dll+9d524|C:\Windows\System32\KERNELBASE.dll+3053e|C:\Program Files\Parallels\Parallels Tools\Services\Plugins\UserInputEmulation.dll+d8ae|C:\Program Files\Parallels\Parallels Tools\Services\Plugins\UserInputEmulation.dll+e623|C:\Program Files\Parallels\Parallels Tools\Services\Plugins\UserInputEmulation.dll+e3d8|C:\Program Files\Parallels\Parallels Tools\Services\Plugins\UserInputEmulation.dll+eafe|C:\Windows\System32\msvcrt.dll+3af5a|C:\Windows\System32\msvcrt.dll+3b02c|C:\Windows\System32\KERNEL32.DLL+17604|C:\Windows\SYSTEM32\ntdll.dll+526a1</Data><Data Name='SourceUser'>NT AUTHORITY\SYSTEM</Data><Data Name='TargetUser'>THINKPAD-WIN10\smith</Data></EventData></Event><Event xmlns='http://schemas.microsoft.com/win/2004/08/events/event'><System><Provider Name='Microsoft-Windows-Sysmon' Guid='{5770385f-c22a-43e0-bf4c-06f5698ffbd9}'/><EventID>10</EventID><Version>3</Version><Level>4</Level><Task>10</Task><Opcode>0</Opcode><Keywords>0x8000000000000000</Keywords><TimeCreated SystemTime='2023-04-19T09:12:52.0553149Z'/><EventRecordID>4526</EventRecordID><Correlation/><Execution ProcessID='3388' ThreadID='5444'/><Channel>Microsoft-Windows-Sysmon/Operational</Channel><Computer>ThinkPad-Win10</Computer><Security UserID='S-1-5-18'/></System><EventData><Data Name='RuleName'>-</Data><Data Name='UtcTime'>2023-04-19 09:12:52.054</Data><Data Name='SourceProcessGUID'>{1255fde1-90a2-643f-6700-00000000ee00}</Data><Data Name='SourceProcessId'>4620</Data><Data Name='SourceThreadId'>9028</Data><Data Name='SourceImage'>C:\Program Files\Parallels\Parallels Tools\Services\prl_tools.exe</Data><Data Name='TargetProcessGUID'>{1255fde1-b07c-643f-8a02-00000000ee00}</Data><Data Name='TargetProcessId'>8960</Data><Data Name='TargetImage'>C:\Users\smith\Desktop\Emergency Response\SysmonView.exe</Data><Data Name='GrantedAccess'>0x1410</Data><Data Name='CallTrace'>C:\Windows\SYSTEM32\ntdll.dll+9d524|C:\Windows\System32\KERNELBASE.dll+3053e|C:\Program Files\Parallels\Parallels Tools\Services\Plugins\UserInputEmulation.dll+d8ae|C:\Program Files\Parallels\Parallels Tools\Services\Plugins\UserInputEmulation.dll+e623|C:\Program Files\Parallels\Parallels Tools\Services\Plugins\UserInputEmulation.dll+e3d8|C:\Program Files\Parallels\Parallels Tools\Services\Plugins\UserInputEmulation.dll+eafe|C:\Windows\System32\msvcrt.dll+3af5a|C:\Windows\System32\msvcrt.dll+3b02c|C:\Windows\System32\KERNEL32.DLL+17604|C:\Windows\SYSTEM32\ntdll.dll+526a1</Data><Data Name='SourceUser'>NT AUTHORITY\SYSTEM</Data><Data Name='TargetUser'>THINKPAD-WIN10\smith</Data></EventData></Event><Event xmlns='http://schemas.microsoft.com/win/2004/08/events/event'><System><Provider Name='Microsoft-Windows-Sysmon' Guid='{5770385f-c22a-43e0-bf4c-06f5698ffbd9}'/><EventID>10</EventID><Version>3</Version><Level>4</Level><Task>10</Task><Opcode>0</Opcode><Keywords>0x8000000000000000</Keywords><TimeCreated SystemTime='2023-04-19T09:12:52.0548941Z'/><EventRecordID>4525</EventRecordID><Correlation/><Execution ProcessID='3388' ThreadID='5444'/><Channel>Microsoft-Windows-Sysmon/Operational</Channel><Computer>ThinkPad-Win10</Computer><Security UserID='S-1-5-18'/></System><EventData><Data Name='RuleName'>-</Data><Data Name='UtcTime'>2023-04-19 09:12:52.053</Data><Data Name='SourceProcessGUID'>{1255fde1-90a2-643f-6700-00000000ee00}</Data><Data Name='SourceProcessId'>4620</Data><Data Name='SourceThreadId'>9028</Data><Data Name='SourceImage'>C:\Program Files\Parallels\Parallels Tools\Services\prl_tools.exe</Data><Data Name='TargetProcessGUID'>{1255fde1-b07c-643f-8a02-00000000ee00}</Data><Data Name='TargetProcessId'>8960</Data><Data Name='TargetImage'>C:\Users\smith\Desktop\Emergency Response\SysmonView.exe</Data><Data Name='GrantedAccess'>0x1410</Data><Data Name='CallTrace'>C:\Windows\SYSTEM32\ntdll.dll+9d524|C:\Windows\System32\KERNELBASE.dll+3053e|C:\Program Files\Parallels\Parallels Tools\Services\Plugins\UserInputEmulation.dll+d8ae|C:\Program Files\Parallels\Parallels Tools\Services\Plugins\UserInputEmulation.dll+e623|C:\Program Files\Parallels\Parallels Tools\Services\Plugins\UserInputEmulation.dll+e3d8|C:\Program Files\Parallels\Parallels Tools\Services\Plugins\UserInputEmulation.dll+eafe|C:\Windows\System32\msvcrt.dll+3af5a|C:\Windows\System32\msvcrt.dll+3b02c|C:\Windows\System32\KERNEL32.DLL+17604|C:\Windows\SYSTEM32\ntdll.dll+526a1</Data><Data Name='SourceUser'>NT AUTHORITY\SYSTEM</Data><Data Name='TargetUser'>THINKPAD-WIN10\smith</Data></EventData></Event><Event xmlns='http://schemas.microsoft.com/win/2004/08/events/event'><System><Provider Name='Microsoft-Windows-Sysmon' Guid='{5770385f-c22a-43e0-bf4c-06f5698ffbd9}'/><EventID>10</EventID><Version>3</Version><Level>4</Level><Task>10</Task><Opcode>0</Opcode><Keywords>0x8000000000000000</Keywords><TimeCreated SystemTime='2023-04-19T09:12:52.0371044Z'/><EventRecordID>4524</EventRecordID><Correlation/><Execution ProcessID='3388' ThreadID='5444'/><Channel>Microsoft-Windows-Sysmon/Operational</Channel><Computer>ThinkPad-Win10</Computer><Security UserID='S-1-5-18'/></System><EventData><Data Name='RuleName'>-</Data><Data Name='UtcTime'>2023-04-19 09:12:52.036</Data><Data Name='SourceProcessGUID'>{1255fde1-90a2-643f-6700-00000000ee00}</Data><Data Name='SourceProcessId'>4620</Data><Data Name='SourceThreadId'>9028</Data><Data Name='SourceImage'>C:\Program Files\Parallels\Parallels Tools\Services\prl_tools.exe</Data><Data Name='TargetProcessGUID'>{1255fde1-b07c-643f-8a02-00000000ee00}</Data><Data Name='TargetProcessId'>8960</Data><Data Name='TargetImage'>C:\Users\smith\Desktop\Emergency Response\SysmonView.exe</Data><Data Name='GrantedAccess'>0x1410</Data><Data Name='CallTrace'>C:\Windows\SYSTEM32\ntdll.dll+9d524|C:\Windows\System32\KERNELBASE.dll+3053e|C:\Program Files\Parallels\Parallels Tools\Services\Plugins\UserInputEmulation.dll+d8ae|C:\Program Files\Parallels\Parallels Tools\Services\Plugins\UserInputEmulation.dll+e623|C:\Program Files\Parallels\Parallels Tools\Services\Plugins\UserInputEmulation.dll+e3d8|C:\Program Files\Parallels\Parallels Tools\Services\Plugins\UserInputEmulation.dll+eafe|C:\Windows\System32\msvcrt.dll+3af5a|C:\Windows\System32\msvcrt.dll+3b02c|C:\Windows\System32\KERNEL32.DLL+17604|C:\Windows\SYSTEM32\ntdll.dll+526a1</Data><Data Name='SourceUser'>NT AUTHORITY\SYSTEM</Data><Data Name='TargetUser'>THINKPAD-WIN10\smith</Data></EventData></Event><Event xmlns='http://schemas.microsoft.com/win/2004/08/events/event'><System><Provider Name='Microsoft-Windows-Sysmon' Guid='{5770385f-c22a-43e0-bf4c-06f5698ffbd9}'/><EventID>10</EventID><Version>3</Version><Level>4</Level><Task>10</Task><Opcode>0</Opcode><Keywords>0x8000000000000000</Keywords><TimeCreated SystemTime='2023-04-19T09:12:52.0367180Z'/><EventRecordID>4523</EventRecordID><Correlation/><Execution ProcessID='3388' ThreadID='5444'/><Channel>Microsoft-Windows-Sysmon/Operational</Channel><Computer>ThinkPad-Win10</Computer><Security UserID='S-1-5-18'/></System><EventData><Data Name='RuleName'>-</Data><Data Name='UtcTime'>2023-04-19 09:12:52.036</Data><Data Name='SourceProcessGUID'>{1255fde1-90a2-643f-6700-00000000ee00}</Data><Data Name='SourceProcessId'>4620</Data><Data Name='SourceThreadId'>9028</Data><Data Name='SourceImage'>C:\Program Files\Parallels\Parallels Tools\Services\prl_tools.exe</Data><Data Name='TargetProcessGUID'>{1255fde1-b07c-643f-8a02-00000000ee00}</Data><Data Name='TargetProcessId'>8960</Data><Data Name='TargetImage'>C:\Users\smith\Desktop\Emergency Response\SysmonView.exe</Data><Data Name='GrantedAccess'>0x1410</Data><Data Name='CallTrace'>C:\Windows\SYSTEM32\ntdll.dll+9d524|C:\Windows\System32\KERNELBASE.dll+3053e|C:\Program Files\Parallels\Parallels Tools\Services\Plugins\UserInputEmulation.dll+d8ae|C:\Program Files\Parallels\Parallels Tools\Services\Plugins\UserInputEmulation.dll+e623|C:\Program Files\Parallels\Parallels Tools\Services\Plugins\UserInputEmulation.dll+e3d8|C:\Program Files\Parallels\Parallels Tools\Services\Plugins\UserInputEmulation.dll+eafe|C:\Windows\System32\msvcrt.dll+3af5a|C:\Windows\System32\msvcrt.dll+3b02c|C:\Windows\System32\KERNEL32.DLL+17604|C:\Windows\SYSTEM32\ntdll.dll+526a1</Data><Data Name='SourceUser'>NT AUTHORITY\SYSTEM</Data><Data Name='TargetUser'>THINKPAD-WIN10\smith</Data></EventData></Event><Event xmlns='http://schemas.microsoft.com/win/2004/08/events/event'><System><Provider Name='Microsoft-Windows-Sysmon' Guid='{5770385f-c22a-43e0-bf4c-06f5698ffbd9}'/><EventID>10</EventID><Version>3</Version><Level>4</Level><Task>10</Task><Opcode>0</Opcode><Keywords>0x8000000000000000</Keywords><TimeCreated SystemTime='2023-04-19T09:12:52.0213802Z'/><EventRecordID>4522</EventRecordID><Correlation/><Execution ProcessID='3388' ThreadID='5444'/><Channel>Microsoft-Windows-Sysmon/Operational</Channel><Computer>ThinkPad-Win10</Computer><Security UserID='S-1-5-18'/></System><EventData><Data Name='RuleName'>-</Data><Data Name='UtcTime'>2023-04-19 09:12:52.020</Data><Data Name='SourceProcessGUID'>{1255fde1-90a2-643f-6700-00000000ee00}</Data><Data Name='SourceProcessId'>4620</Data><Data Name='SourceThreadId'>9028</Data><Data Name='SourceImage'>C:\Program Files\Parallels\Parallels Tools\Services\prl_tools.exe</Data><Data Name='TargetProcessGUID'>{1255fde1-b07c-643f-8a02-00000000ee00}</Data><Data Name='TargetProcessId'>8960</Data><Data Name='TargetImage'>C:\Users\smith\Desktop\Emergency Response\SysmonView.exe</Data><Data Name='GrantedAccess'>0x1410</Data><Data Name='CallTrace'>C:\Windows\SYSTEM32\ntdll.dll+9d524|C:\Windows\System32\KERNELBASE.dll+3053e|C:\Program Files\Parallels\Parallels Tools\Services\Plugins\UserInputEmulation.dll+d8ae|C:\Program Files\Parallels\Parallels Tools\Services\Plugins\UserInputEmulation.dll+e623|C:\Program Files\Parallels\Parallels Tools\Services\Plugins\UserInputEmulation.dll+e3d8|C:\Program Files\Parallels\Parallels Tools\Services\Plugins\UserInputEmulation.dll+eafe|C:\Windows\System32\msvcrt.dll+3af5a|C:\Windows\System32\msvcrt.dll+3b02c|C:\Windows\System32\KERNEL32.DLL+17604|C:\Windows\SYSTEM32\ntdll.dll+526a1</Data><Data Name='SourceUser'>NT AUTHORITY\SYSTEM</Data><Data Name='TargetUser'>THINKPAD-WIN10\smith</Data></EventData></Event><Event xmlns='http://schemas.microsoft.com/win/2004/08/events/event'><System><Provider Name='Microsoft-Windows-Sysmon' Guid='{5770385f-c22a-43e0-bf4c-06f5698ffbd9}'/><EventID>10</EventID><Version>3</Version><Level>4</Level><Task>10</Task><Opcode>0</Opcode><Keywords>0x8000000000000000</Keywords><TimeCreated SystemTime='2023-04-19T09:12:52.0202602Z'/><EventRecordID>4521</EventRecordID><Correlation/><Execution ProcessID='3388' ThreadID='5444'/><Channel>Microsoft-Windows-Sysmon/Operational</Channel><Computer>ThinkPad-Win10</Computer><Security UserID='S-1-5-18'/></System><EventData><Data Name='RuleName'>-</Data><Data Name='UtcTime'>2023-04-19 09:12:52.019</Data><Data Name='SourceProcessGUID'>{1255fde1-90a2-643f-6700-00000000ee00}</Data><Data Name='SourceProcessId'>4620</Data><Data Name='SourceThreadId'>9028</Data><Data Name='SourceImage'>C:\Program Files\Parallels\Parallels Tools\Services\prl_tools.exe</Data><Data Name='TargetProcessGUID'>{1255fde1-b07c-643f-8a02-00000000ee00}</Data><Data Name='TargetProcessId'>8960</Data><Data Name='TargetImage'>C:\Users\smith\Desktop\Emergency Response\SysmonView.exe</Data><Data Name='GrantedAccess'>0x1410</Data><Data Name='CallTrace'>C:\Windows\SYSTEM32\ntdll.dll+9d524|C:\Windows\System32\KERNELBASE.dll+3053e|C:\Program Files\Parallels\Parallels Tools\Services\Plugins\UserInputEmulation.dll+d8ae|C:\Program Files\Parallels\Parallels Tools\Services\Plugins\UserInputEmulation.dll+e623|C:\Program Files\Parallels\Parallels Tools\Services\Plugins\UserInputEmulation.dll+e3d8|C:\Program Files\Parallels\Parallels Tools\Services\Plugins\UserInputEmulation.dll+eafe|C:\Windows\System32\msvcrt.dll+3af5a|C:\Windows\System32\msvcrt.dll+3b02c|C:\Windows\System32\KERNEL32.DLL+17604|C:\Windows\SYSTEM32\ntdll.dll+526a1</Data><Data Name='SourceUser'>NT AUTHORITY\SYSTEM</Data><Data Name='TargetUser'>THINKPAD-WIN10\smith</Data></EventData></Event><Event xmlns='http://schemas.microsoft.com/win/2004/08/events/event'><System><Provider Name='Microsoft-Windows-Sysmon' Guid='{5770385f-c22a-43e0-bf4c-06f5698ffbd9}'/><EventID>10</EventID><Version>3</Version><Level>4</Level><Task>10</Task><Opcode>0</Opcode><Keywords>0x8000000000000000</Keywords><TimeCreated SystemTime='2023-04-19T09:12:52.0044112Z'/><EventRecordID>4520</EventRecordID><Correlation/><Execution ProcessID='3388' ThreadID='5444'/><Channel>Microsoft-Windows-Sysmon/Operational</Channel><Computer>ThinkPad-Win10</Computer><Security UserID='S-1-5-18'/></System><EventData><Data Name='RuleName'>-</Data><Data Name='UtcTime'>2023-04-19 09:12:52.003</Data><Data Name='SourceProcessGUID'>{1255fde1-90a2-643f-6700-00000000ee00}</Data><Data Name='SourceProcessId'>4620</Data><Data Name='SourceThreadId'>9028</Data><Data Name='SourceImage'>C:\Program Files\Parallels\Parallels Tools\Services\prl_tools.exe</Data><Data Name='TargetProcessGUID'>{1255fde1-b07c-643f-8a02-00000000ee00}</Data><Data Name='TargetProcessId'>8960</Data><Data Name='TargetImage'>C:\Users\smith\Desktop\Emergency Response\SysmonView.exe</Data><Data Name='GrantedAccess'>0x1410</Data><Data Name='CallTrace'>C:\Windows\SYSTEM32\ntdll.dll+9d524|C:\Windows\System32\KERNELBASE.dll+3053e|C:\Program Files\Parallels\Parallels Tools\Services\Plugins\UserInputEmulation.dll+d8ae|C:\Program Files\Parallels\Parallels Tools\Services\Plugins\UserInputEmulation.dll+e623|C:\Program Files\Parallels\Parallels Tools\Services\Plugins\UserInputEmulation.dll+e3d8|C:\Program Files\Parallels\Parallels Tools\Services\Plugins\UserInputEmulation.dll+eafe|C:\Windows\System32\msvcrt.dll+3af5a|C:\Windows\System32\msvcrt.dll+3b02c|C:\Windows\System32\KERNEL32.DLL+17604|C:\Windows\SYSTEM32\ntdll.dll+526a1</Data><Data Name='SourceUser'>NT AUTHORITY\SYSTEM</Data><Data Name='TargetUser'>THINKPAD-WIN10\smith</Data></EventData></Event><Event xmlns='http://schemas.microsoft.com/win/2004/08/events/event'><System><Provider Name='Microsoft-Windows-Sysmon' Guid='{5770385f-c22a-43e0-bf4c-06f5698ffbd9}'/><EventID>10</EventID><Version>3</Version><Level>4</Level><Task>10</Task><Opcode>0</Opcode><Keywords>0x8000000000000000</Keywords><TimeCreated SystemTime='2023-04-19T09:12:52.0040776Z'/><EventRecordID>4519</EventRecordID><Correlation/><Execution ProcessID='3388' ThreadID='5444'/><Channel>Microsoft-Windows-Sysmon/Operational</Channel><Computer>ThinkPad-Win10</Computer><Security UserID='S-1-5-18'/></System><EventData><Data Name='RuleName'>-</Data><Data Name='UtcTime'>2023-04-19 09:12:52.002</Data><Data Name='SourceProcessGUID'>{1255fde1-90a2-643f-6700-00000000ee00}</Data><Data Name='SourceProcessId'>4620</Data><Data Name='SourceThreadId'>9028</Data><Data Name='SourceImage'>C:\Program Files\Parallels\Parallels Tools\Services\prl_tools.exe</Data><Data Name='TargetProcessGUID'>{1255fde1-b07c-643f-8a02-00000000ee00}</Data><Data Name='TargetProcessId'>8960</Data><Data Name='TargetImage'>C:\Users\smith\Desktop\Emergency Response\SysmonView.exe</Data><Data Name='GrantedAccess'>0x1410</Data><Data Name='CallTrace'>C:\Windows\SYSTEM32\ntdll.dll+9d524|C:\Windows\System32\KERNELBASE.dll+3053e|C:\Program Files\Parallels\Parallels Tools\Services\Plugins\UserInputEmulation.dll+d8ae|C:\Program Files\Parallels\Parallels Tools\Services\Plugins\UserInputEmulation.dll+e623|C:\Program Files\Parallels\Parallels Tools\Services\Plugins\UserInputEmulation.dll+e3d8|C:\Program Files\Parallels\Parallels Tools\Services\Plugins\UserInputEmulation.dll+eafe|C:\Windows\System32\msvcrt.dll+3af5a|C:\Windows\System32\msvcrt.dll+3b02c|C:\Windows\System32\KERNEL32.DLL+17604|C:\Windows\SYSTEM32\ntdll.dll+526a1</Data><Data Name='SourceUser'>NT AUTHORITY\SYSTEM</Data><Data Name='TargetUser'>THINKPAD-WIN10\smith</Data></EventData></Event><Event xmlns='http://schemas.microsoft.com/win/2004/08/events/event'><System><Provider Name='Microsoft-Windows-Sysmon' Guid='{5770385f-c22a-43e0-bf4c-06f5698ffbd9}'/><EventID>10</EventID><Version>3</Version><Level>4</Level><Task>10</Task><Opcode>0</Opcode><Keywords>0x8000000000000000</Keywords><TimeCreated SystemTime='2023-04-19T09:12:51.9871575Z'/><EventRecordID>4518</EventRecordID><Correlation/><Execution ProcessID='3388' ThreadID='5444'/><Channel>Microsoft-Windows-Sysmon/Operational</Channel><Computer>ThinkPad-Win10</Computer><Security UserID='S-1-5-18'/></System><EventData><Data Name='RuleName'>-</Data><Data Name='UtcTime'>2023-04-19 09:12:51.986</Data><Data Name='SourceProcessGUID'>{1255fde1-90a2-643f-6700-00000000ee00}</Data><Data Name='SourceProcessId'>4620</Data><Data Name='SourceThreadId'>9028</Data><Data Name='SourceImage'>C:\Program Files\Parallels\Parallels Tools\Services\prl_tools.exe</Data><Data Name='TargetProcessGUID'>{1255fde1-b07c-643f-8a02-00000000ee00}</Data><Data Name='TargetProcessId'>8960</Data><Data Name='TargetImage'>C:\Users\smith\Desktop\Emergency Response\SysmonView.exe</Data><Data Name='GrantedAccess'>0x1410</Data><Data Name='CallTrace'>C:\Windows\SYSTEM32\ntdll.dll+9d524|C:\Windows\System32\KERNELBASE.dll+3053e|C:\Program Files\Parallels\Parallels Tools\Services\Plugins\UserInputEmulation.dll+d8ae|C:\Program Files\Parallels\Parallels Tools\Services\Plugins\UserInputEmulation.dll+e623|C:\Program Files\Parallels\Parallels Tools\Services\Plugins\UserInputEmulation.dll+e3d8|C:\Program Files\Parallels\Parallels Tools\Services\Plugins\UserInputEmulation.dll+eafe|C:\Windows\System32\msvcrt.dll+3af5a|C:\Windows\System32\msvcrt.dll+3b02c|C:\Windows\System32\KERNEL32.DLL+17604|C:\Windows\SYSTEM32\ntdll.dll+526a1</Data><Data Name='SourceUser'>NT AUTHORITY\SYSTEM</Data><Data Name='TargetUser'>THINKPAD-WIN10\smith</Data></EventData></Event>